[02:03:39] Phase CCXX: 方差陷阱验证 — 排除formality + Per-feature因果干预
[02:03:39] Model: GLM4-9B-Chat, bottleneck_layer=30, n_pairs=100
[02:03:39] Loading model...
[02:03:53] Model loaded in 13s
[02:03:53] n_layers=40, d_model=4096, device=cuda:0
[02:03:53] 
============================================================
[02:03:53] S1: 收集瓶颈层L30的差分向量
[02:03:53] ============================================================
[02:03:53]   [1/7] tense (SYN): 100 pairs
[02:05:07]     Collected 100 deltas, mean_norm=22.00
[02:05:07]   [2/7] polarity (SYN): 100 pairs
[02:06:20]     Collected 100 deltas, mean_norm=32.57
[02:06:20]   [3/7] number (SYN): 100 pairs
[02:07:34]     Collected 100 deltas, mean_norm=28.74
[02:07:34]   [4/7] voice (SEM): 100 pairs
[02:08:45]     Collected 100 deltas, mean_norm=60.09
[02:08:45]   [5/7] semantic_valence (SEM): 100 pairs
[02:09:58]     Collected 100 deltas, mean_norm=58.56
[02:09:58]   [6/7] semantic_topic (SEM): 100 pairs
[02:11:11]     Collected 100 deltas, mean_norm=58.73
[02:11:11]   [7/7] formality (SYN): 100 pairs
[02:12:24]     Collected 100 deltas, mean_norm=54.25
[02:12:24] 
  各特征差分范数统计:
[02:12:24]     tense: mean=22.00, std=11.85, max=73.86
[02:12:24]     polarity: mean=32.57, std=9.75, max=56.17
[02:12:24]     number: mean=28.74, std=8.64, max=58.69
[02:12:24]     voice: mean=60.09, std=9.47, max=95.39
[02:12:24]     semantic_valence: mean=58.56, std=21.20, max=98.49
[02:12:24]     semantic_topic: mean=58.73, std=11.08, max=85.33
[02:12:24]     formality: mean=54.25, std=21.02, max=90.87
[02:12:24] 
============================================================
[02:12:24] S2: 方差陷阱验证 — 排除formality vs 包含formality的全局PCA
[02:12:24] ============================================================
[02:12:24]   All features: 700 deltas
[02:12:24]   包含formality的全局PCA:
[02:12:24]     PC1: 5.67%
[02:12:24]     PC2: 2.82%
[02:12:24]     PC3: 1.71%
[02:12:24]     PC4: 1.58%
[02:12:24]     PC5: 1.40%
[02:12:24]   No formality: 600 deltas
[02:12:24]   排除formality的全局PCA:
[02:12:24]     PC1: 5.92%
[02:12:24]     PC2: 3.36%
[02:12:24]     PC3: 1.97%
[02:12:24]     PC4: 1.83%
[02:12:24]     PC5: 1.52%
[02:12:24] 
  ★★★ 关键对比 ★★★
[02:12:24]   PC1方差: 包含formality=5.67%, 排除formality=5.92%
[02:12:24]   PC1方差下降: -0.25% → 方差陷阱不成立
[02:12:24]   → formality对全局PC1影响很小, 瓶颈是真实的
[02:12:24] 
============================================================
[02:12:24] S3: 范数归一化后的全局PCA — 消除formality的范数主导效应
[02:12:24] ============================================================
[02:12:24]   Normalized deltas: 700
[02:12:24]   范数归一化后的全局PCA:
[02:12:24]     PC1: 3.54%
[02:12:24]     PC2: 2.29%
[02:12:24]     PC3: 2.18%
[02:12:24]     PC4: 1.83%
[02:12:24]     PC5: 1.58%
[02:12:24]   排除formality + 范数归一化后的全局PCA:
[02:12:24]     PC1: 3.71%
[02:12:24]     PC2: 2.53%
[02:12:24]     PC3: 2.09%
[02:12:24]     PC4: 1.80%
[02:12:24]     PC5: 1.38%
[02:12:24] 
============================================================
[02:12:24] S4: Per-feature PC1因果干预 — 每个特征的PC1消藻效应
[02:12:24] ============================================================
[02:12:25]   tense: PC1=15.65%, PC2=7.14%
[02:12:25]   polarity: PC1=16.27%, PC2=3.67%
[02:12:25]   number: PC1=6.48%, PC2=4.15%
[02:12:25]   voice: PC1=8.36%, PC2=6.66%
[02:12:25]   semantic_valence: PC1=12.54%, PC2=4.09%
[02:12:25]   semantic_topic: PC1=5.92%, PC2=4.66%
[02:12:25]   formality: PC1=9.29%, PC2=4.47%
[02:12:25] 
  Per-feature PC1消藻干预实验:
[02:12:25]   方法: 对每对句子的第二句, 在瓶颈层消除per-feature PC1分量, 比较logit变化
[02:12:25] 
  [tense] PC1消藻干预 (20 pairs):
[02:12:46]     Baseline logit change: mean=207.0657
[02:12:46]     PC1 projection fraction: mean=0.0572
[02:12:46] 
  [polarity] PC1消藻干预 (20 pairs):
[02:13:07]     Baseline logit change: mean=324.9538
[02:13:07]     PC1 projection fraction: mean=0.1670
[02:13:07] 
  [number] PC1消藻干预 (20 pairs):
[02:13:28]     Baseline logit change: mean=247.5763
[02:13:28]     PC1 projection fraction: mean=0.1373
[02:13:28] 
  [voice] PC1消藻干预 (20 pairs):
[02:13:48]     Baseline logit change: mean=579.4582
[02:13:48]     PC1 projection fraction: mean=0.1725
[02:13:48] 
  [semantic_valence] PC1消藻干预 (20 pairs):
[02:14:09]     Baseline logit change: mean=423.2106
[02:14:09]     PC1 projection fraction: mean=0.0877
[02:14:09] 
  [semantic_topic] PC1消藻干预 (20 pairs):
[02:14:30]     Baseline logit change: mean=655.2137
[02:14:30]     PC1 projection fraction: mean=0.2296
[02:14:30] 
  [formality] PC1消藻干预 (20 pairs):
[02:14:52]     Baseline logit change: mean=468.1974
[02:14:52]     PC1 projection fraction: mean=0.0743
[02:14:52] 
============================================================
[02:14:52] S5: Hook干预实验 — Per-feature PC1消藻 (安全方法)
[02:14:52] ============================================================
[02:14:52]   使用 15 对/特征 做干预实验
[02:15:03] 
  tense (SYN):
[02:15:03]     Per-feat PC1投影比: 0.0678
[02:15:03]     全局PC1投影比:      0.0969
[02:15:03]     排除form PC1投影比: 0.0930
[02:15:03]     随机方向投影比:      0.0131
[02:15:03]     Per-feat PC1/Random:  5.16x
[02:15:03]     全局PC1/Random:       7.37x
[02:15:03]     排除form PC1/Random:  7.08x
[02:15:13] 
  polarity (SYN):
[02:15:13]     Per-feat PC1投影比: 0.1926
[02:15:13]     全局PC1投影比:      0.1182
[02:15:13]     排除form PC1投影比: 0.1169
[02:15:13]     随机方向投影比:      0.0116
[02:15:13]     Per-feat PC1/Random:  16.53x
[02:15:13]     全局PC1/Random:       10.15x
[02:15:13]     排除form PC1/Random:  10.04x
[02:15:24] 
  number (SYN):
[02:15:24]     Per-feat PC1投影比: 0.1555
[02:15:24]     全局PC1投影比:      0.1096
[02:15:24]     排除form PC1投影比: 0.1127
[02:15:24]     随机方向投影比:      0.0136
[02:15:24]     Per-feat PC1/Random:  11.43x
[02:15:24]     全局PC1/Random:       8.05x
[02:15:24]     排除form PC1/Random:  8.29x
[02:15:34] 
  voice (SEM):
[02:15:34]     Per-feat PC1投影比: 0.1781
[02:15:34]     全局PC1投影比:      0.1099
[02:15:34]     排除form PC1投影比: 0.1244
[02:15:34]     随机方向投影比:      0.0133
[02:15:34]     Per-feat PC1/Random:  13.43x
[02:15:34]     全局PC1/Random:       8.29x
[02:15:34]     排除form PC1/Random:  9.38x
[02:15:46] 
  semantic_valence (SEM):
[02:15:46]     Per-feat PC1投影比: 0.0823
[02:15:46]     全局PC1投影比:      0.0995
[02:15:46]     排除form PC1投影比: 0.0997
[02:15:46]     随机方向投影比:      0.0109
[02:15:46]     Per-feat PC1/Random:  7.55x
[02:15:46]     全局PC1/Random:       9.12x
[02:15:46]     排除form PC1/Random:  9.15x
[02:15:56] 
  semantic_topic (SEM):
[02:15:56]     Per-feat PC1投影比: 0.2099
[02:15:56]     全局PC1投影比:      0.1032
[02:15:56]     排除form PC1投影比: 0.1052
[02:15:56]     随机方向投影比:      0.0147
[02:15:56]     Per-feat PC1/Random:  14.24x
[02:15:56]     全局PC1/Random:       7.01x
[02:15:56]     排除form PC1/Random:  7.14x
[02:16:07] 
  formality (SYN):
[02:16:07]     Per-feat PC1投影比: 0.0726
[02:16:07]     全局PC1投影比:      0.0736
[02:16:07]     排除form PC1投影比: 0.0647
[02:16:07]     随机方向投影比:      0.0116
[02:16:07]     Per-feat PC1/Random:  6.27x
[02:16:07]     全局PC1/Random:       6.36x
[02:16:07]     排除form PC1/Random:  5.59x
[02:16:07] 
============================================================
[02:16:07] S6: 跨特征因果迁移 — 特征间PC1方向的对齐与迁移
[02:16:07] ============================================================
[02:16:07] 
  PC1方向对齐矩阵 (|cos|):
[02:16:07] 
  Top-10 最对齐的特征对:
[02:16:07]     semantic_valence (SEM) - formality (SYN): |cos|=0.5670
[02:16:07]     semantic_valence (SEM) - semantic_topic (SEM): |cos|=0.4696
[02:16:07]     voice (SEM) - semantic_topic (SEM): |cos|=0.4560
[02:16:07]     number (SYN) - semantic_valence (SEM): |cos|=0.4097
[02:16:07]     voice (SEM) - semantic_valence (SEM): |cos|=0.4065
[02:16:07]     semantic_topic (SEM) - formality (SYN): |cos|=0.3867
[02:16:07]     number (SYN) - semantic_topic (SEM): |cos|=0.3507
[02:16:07]     voice (SEM) - formality (SYN): |cos|=0.3421
[02:16:07]     number (SYN) - formality (SYN): |cos|=0.3184
[02:16:07]     number (SYN) - voice (SEM): |cos|=0.2752
[02:16:07] 
  Bottom-5 最不对齐的特征对:
[02:16:07]     polarity (SYN) - semantic_topic (SEM): |cos|=0.0664
[02:16:07]     polarity (SYN) - voice (SEM): |cos|=0.0598
[02:16:07]     tense (SYN) - semantic_topic (SEM): |cos|=0.0352
[02:16:07]     tense (SYN) - number (SYN): |cos|=0.0322
[02:16:07]     tense (SYN) - polarity (SYN): |cos|=0.0226
[02:16:07] 
  按类型统计PC1对齐度:
[02:16:07]     SYN-SEM: mean=0.2037, n=7
[02:16:07] 
  formality与其他特征的PC1对齐度:
[02:16:07]     formality - semantic_valence: |cos|=0.5670
[02:16:07]     formality - semantic_topic: |cos|=0.3867
[02:16:07]     formality - voice: |cos|=0.3421
[02:16:07]     formality - number: |cos|=0.3184
[02:16:07]     formality - polarity: |cos|=0.1508
[02:16:07]     formality - tense: |cos|=0.0766
[02:16:07] 
============================================================
[02:16:07] S7: 方差陷阱验证 — 最终汇总
[02:16:07] ============================================================
[02:16:07] 
  === PCA方差对比 ===
[02:16:07]   包含formality PC1: 5.67%
[02:16:07]   排除formality PC1: 5.92%
[02:16:07]   归一化PC1:         3.54%
[02:16:07]   归一化+排除form PC1: 3.71%
[02:16:07]   PC1下降比例: -4.5%
[02:16:07] 
  === Per-feature PC1投影比 ===
[02:16:07]   Feature                Per-feat     Global     NoForm     Random    F/R    G/R
[02:16:07]   ---------------------------------------------------------------------------
[02:16:07]   tense                    0.0678     0.0969     0.0930     0.0131  5.16x  7.37x
[02:16:07]   polarity                 0.1926     0.1182     0.1169     0.0116 16.53x 10.15x
[02:16:07]   number                   0.1555     0.1096     0.1127     0.0136 11.43x  8.05x
[02:16:07]   voice                    0.1781     0.1099     0.1244     0.0133 13.43x  8.29x
[02:16:07]   semantic_valence         0.0823     0.0995     0.0997     0.0109  7.55x  9.12x
[02:16:07]   semantic_topic           0.2099     0.1032     0.1052     0.0147 14.24x  7.01x
[02:16:07]   formality                0.0726     0.0736     0.0647     0.0116  6.27x  6.36x
[02:16:07] 
  === 方差陷阱判断 ===
[02:16:07]   formality PC1与全局PC1对齐度: 0.6928
[02:16:07]   → formality的PC1与全局PC1较强对齐 (部分方差陷阱)
[02:16:07]   → 排除formality后PC1=6% → 瓶颈主要是formality假象!
[02:16:07]   平均per-feat PC1投影比: 0.1370
[02:16:07]   平均随机方向投影比:   0.0127
[02:16:07]   平均F/R比:            10.79x
[02:16:07] 
  === Per-feature PC1方差 ===
[02:16:07]   tense: PC1=15.65%
[02:16:07]   polarity: PC1=16.27%
[02:16:07]   number: PC1=6.48%
[02:16:07]   voice: PC1=8.36%
[02:16:07]   semantic_valence: PC1=12.54%
[02:16:07]   semantic_topic: PC1=5.92%
[02:16:07]   formality: PC1=9.29%
[02:16:07] 
  ======== CCXX 完成 ========
[02:16:07] Results saved to results/causal_fiber/glm4_ccxx/results.json
