=== Phase CCXXXIX: Layer-wise Local Curvature Dynamics ===
Model: GLM4-9B-Chat, n_pairs: 25
Start: 2026-04-24 23:06:52
  Loading: GLM4-9B-Chat (8bit)
Model loaded successfully

--- tense_x_question (tense x question), n=25 ---
  Collecting baseline hidden states...
  Collected 10/25 baseline states
  Collected 20/25 baseline states
  Measuring curvature at 19 layer pairs...
  Done 5/19 layer pairs
  Done 10/19 layer pairs
  Done 15/19 layer pairs

  === Layer Curvature Profile for tense_x_question ===
     Layer |  ||[A,B]|| |   Rel.Curv |   cos(A,B)
  L 1-L2  |    16.8839 |     1.1660 |     0.0328
  L 3-L4  |    24.7912 |     1.5880 |     0.0380
  L 5-L6  |    20.8275 |     1.1882 |    -0.1140
  L 7-L8  |    19.3527 |     1.0710 |    -0.2210
  L 9-L10 |    20.4166 |     0.9740 |     0.0765
  L11-L12 |    21.0746 |     0.8896 |     0.0144
  L13-L14 |    21.4721 |     0.9152 |    -0.0042
  L15-L16 |    43.3297 |     1.4955 |    -0.0037
  L17-L18 |    26.8006 |     0.8476 |    -0.0189
  L19-L20 |    23.8359 |     0.5926 |     0.0135
  L21-L22 |    63.9429 |     1.5627 |    -0.0166
  L23-L24 |    72.5232 |     1.6803 |    -0.1225
  L25-L26 |    29.5542 |     0.6209 |     0.1322
  L27-L28 |    28.3697 |     0.5290 |     0.1743
  L29-L30 |    25.3637 |     0.4583 |     0.1494
  L31-L32 |    28.2361 |     0.4653 |     0.1322
  L33-L34 |    32.4763 |     0.4836 |     0.2078
  L35-L36 |    42.8611 |     0.6884 |     0.2366
  L37-L38 |    52.8514 |     0.7670 |     0.4130

--- tense_x_polarity (tense x polarity), n=25 ---
  Collecting baseline hidden states...
  Collected 10/25 baseline states
  Collected 20/25 baseline states
  Measuring curvature at 19 layer pairs...
  Done 5/19 layer pairs
  Done 10/19 layer pairs
  Done 15/19 layer pairs

  === Layer Curvature Profile for tense_x_polarity ===
     Layer |  ||[A,B]|| |   Rel.Curv |   cos(A,B)
  L 1-L2  |    16.4561 |     1.2403 |     0.0365
  L 3-L4  |    19.5999 |     1.3086 |     0.2250
  L 5-L6  |    23.5026 |     1.2979 |     0.1378
  L 7-L8  |    20.3801 |     0.8129 |     0.1208
  L 9-L10 |    35.1586 |     1.3378 |     0.1800
  L11-L12 |    57.3883 |     2.0733 |    -0.1855
  L13-L14 |    23.0112 |     0.8883 |     0.2090
  L15-L16 |    27.2822 |     0.8728 |    -0.1600
  L17-L18 |    24.6795 |     0.8129 |     0.1372
  L19-L20 |    22.9512 |     0.6390 |     0.1708
  L21-L22 |    60.9800 |     1.5419 |     0.2215
  L23-L24 |    21.4935 |     0.5218 |     0.2741
  L25-L26 |    25.0566 |     0.5786 |     0.2898
  L27-L28 |    24.0481 |     0.4504 |     0.2719
  L29-L30 |    24.2366 |     0.4598 |     0.2818
  L31-L32 |    22.6167 |     0.3972 |     0.2437
  L33-L34 |    23.9354 |     0.4093 |     0.2157
  L35-L36 |    62.0159 |     1.0708 |     0.1731
  L37-L38 |    64.0407 |     1.0406 |     0.2031

--- voice_x_question (voice x question), n=25 ---
  Collecting baseline hidden states...
  Collected 10/25 baseline states
  Collected 20/25 baseline states
  Measuring curvature at 19 layer pairs...
  Done 5/19 layer pairs
  Done 10/19 layer pairs
  Done 15/19 layer pairs

  === Layer Curvature Profile for voice_x_question ===
     Layer |  ||[A,B]|| |   Rel.Curv |   cos(A,B)
  L 1-L2  |    41.7656 |     1.9879 |    -0.0020
  L 3-L4  |    41.8847 |     0.8893 |     0.0354
  L 5-L6  |    44.8233 |     0.7652 |     0.0608
  L 7-L8  |    47.0556 |     0.7935 |    -0.0385
  L 9-L10 |    74.9287 |     1.0838 |     0.0030
  L11-L12 |    55.3767 |     0.7803 |     0.0242
  L13-L14 |   140.5105 |     2.8351 |     0.0649
  L15-L16 |    51.5030 |     0.6661 |    -0.0382
  L17-L18 |    57.3633 |     0.7702 |    -0.0398
  L19-L20 |    54.4593 |     0.6770 |    -0.0295
  L21-L22 |    55.7921 |     0.6961 |    -0.0223
  L23-L24 |   105.4140 |     1.2671 |     0.0018
  L25-L26 |    58.7750 |     0.6824 |     0.0267
  L27-L28 |    59.7195 |     0.6502 |    -0.0119
  L29-L30 |    57.4796 |     0.6237 |    -0.0121
  L31-L32 |    51.5331 |     0.5352 |    -0.0035
  L33-L34 |    60.7045 |     0.5801 |     0.0563
  L35-L36 |    62.6782 |     0.6043 |     0.1270
  L37-L38 |   112.9813 |     1.0481 |     0.1624

======================================================================
SUMMARY: GLM4-9B-Chat
======================================================================

  Pair: tense_x_question
    Avg Rel.Curv: 0.9465
    Peak at Layer: 23 (Rel.Curv=1.6803)
    Early/Mid/Late: 1.1461 / 1.1021 / 0.5653
    Profile: DECREASING (curvature strongest early)

  Pair: tense_x_polarity
    Avg Rel.Curv: 0.9344
    Peak at Layer: 11 (Rel.Curv=2.0733)
    Early/Mid/Late: 1.3451 / 0.8365 / 0.6380
    Profile: DECREASING (curvature strongest early)

  Pair: voice_x_question
    Avg Rel.Curv: 0.9440
    Peak at Layer: 13 (Rel.Curv=2.8351)
    Early/Mid/Late: 1.0500 / 1.0848 / 0.6736
    Profile: INVERTED-U (peak at middle layers)

End: 2026-04-24 23:46:08
