=== Phase CCXXXIX: Layer-wise Local Curvature Dynamics ===
Model: GLM4-9B-Chat, n_pairs: 25
Start: 2026-04-24 23:06:52
Model loaded successfully

======================================================================
SUMMARY: GLM4-9B-Chat
======================================================================

  Pair: tense_x_question
    Avg Rel.Curv: 0.9465
    Peak at Layer: 23 (Rel.Curv=1.6803)
    Early/Mid/Late: 1.1461 / 1.1021 / 0.5653
    Profile: DECREASING (curvature strongest early)

  Pair: tense_x_polarity
    Avg Rel.Curv: 0.9344
    Peak at Layer: 11 (Rel.Curv=2.0733)
    Early/Mid/Late: 1.3451 / 0.8365 / 0.6380
    Profile: DECREASING (curvature strongest early)

  Pair: voice_x_question
    Avg Rel.Curv: 0.9440
    Peak at Layer: 13 (Rel.Curv=2.8351)
    Early/Mid/Late: 1.0500 / 1.0848 / 0.6736
    Profile: INVERTED-U (peak at middle layers)

End: 2026-04-24 23:46:08
