======================================================================
Phase CCXXIX: 特征独立螺旋分析与频分复用验证 — GLM4-9B-Chat
  n_pairs=150, n_test=40, 时间=2026-04-24 00:59:08
======================================================================

--- S1: 加载模型 ---
  加载完成: 14s, n_layers=40, d_model=4096

============================================================
S2: 逐层收集各特征差分向量
============================================================
  采样层 (21层): [0, 2, 4, 6, 8]...[36, 38, 39]
  收集 tense (58对)...
    tense: 50/58
  收集 polarity (59对)...
    polarity: 50/59
  收集 voice (30对)...
  收集 semantic_valence (40对)...
  收集 semantic_topic (38对)...

  计算完成: 105 个(特征,层)组合有PCA结果

============================================================
S3: 各特征独立PC1轨迹SVD分析
============================================================

  --- tense PC1轨迹SVD ---
    前2奇异值占比: 24.8%
    前3奇异值占比: 33.9%
    2D投影旋转: 84.5° (0.23圈)
    半径CV: 61.1%
    类型: 高维曲线

  --- polarity PC1轨迹SVD ---
    前2奇异值占比: 33.7%
    前3奇异值占比: 42.4%
    2D投影旋转: 95.6° (0.27圈)
    半径CV: 29.0%
    类型: 高维曲线

  --- voice PC1轨迹SVD ---
    前2奇异值占比: 34.8%
    前3奇异值占比: 43.1%
    2D投影旋转: 263.0° (0.73圈)
    半径CV: 24.9%
    类型: 高维曲线

  --- semantic_valence PC1轨迹SVD ---
    前2奇异值占比: 31.3%
    前3奇异值占比: 40.2%
    2D投影旋转: -167.2° (-0.46圈)
    半径CV: 42.2%
    类型: 高维曲线

  --- semantic_topic PC1轨迹SVD ---
    前2奇异值占比: 28.4%
    前3奇异值占比: 39.2%
    2D投影旋转: -301.8° (-0.84圈)
    半径CV: 40.9%
    类型: 高维曲线

  --- 各特征螺旋类型汇总 ---
  -------------------- | ------ | ------ | -------- | ----- | ------ | ------------
                 tense |  24.8% |  33.9% |     84.5 |  0.23 |  0.429 |         高维曲线
              polarity |  33.7% |  42.4% |     95.6 |  0.27 |  0.002 |         高维曲线
                 voice |  34.8% |  43.1% |    263.0 |  0.73 |  0.224 |         高维曲线
      semantic_valence |  31.3% |  40.2% |   -167.2 | -0.46 |  0.105 |         高维曲线
        semantic_topic |  28.4% |  39.2% |   -301.8 | -0.84 |  0.740 |         高维曲线

============================================================
S4: 特征间PC1正交性分析 — 频分复用验证
============================================================

  Layer 0 特征间|cos|矩阵:
                       | polarity | semantic | semantic |    tense |    voice
  -------------------- | -------- | -------- | -------- | -------- | --------
              polarity |    1.000 |    0.050 |    0.038 |    0.000 |    0.035
        semantic_topic |    0.050 |    1.000 |    0.008 |    0.010 |    0.001
      semantic_valence |    0.038 |    0.008 |    1.000 |    0.029 |    0.030
                 tense |    0.000 |    0.010 |    0.029 |    1.000 |    0.005
                 voice |    0.035 |    0.001 |    0.030 |    0.005 |    1.000

  Layer 6 特征间|cos|矩阵:
                       | polarity | semantic | semantic |    tense |    voice
  -------------------- | -------- | -------- | -------- | -------- | --------
              polarity |    1.000 |    0.052 |    0.196 |    0.032 |    0.001
        semantic_topic |    0.052 |    1.000 |    0.033 |    0.034 |    0.045
      semantic_valence |    0.196 |    0.033 |    1.000 |    0.028 |    0.023
                 tense |    0.032 |    0.034 |    0.028 |    1.000 |    0.013
                 voice |    0.001 |    0.045 |    0.023 |    0.013 |    1.000

  Layer 12 特征间|cos|矩阵:
                       | polarity | semantic | semantic |    tense |    voice
  -------------------- | -------- | -------- | -------- | -------- | --------
              polarity |    1.000 |    0.034 |    0.404 |    0.002 |    0.052
        semantic_topic |    0.034 |    1.000 |    0.046 |    0.072 |    0.182
      semantic_valence |    0.404 |    0.046 |    1.000 |    0.007 |    0.063
                 tense |    0.002 |    0.072 |    0.007 |    1.000 |    0.051
                 voice |    0.052 |    0.182 |    0.063 |    0.051 |    1.000

  Layer 18 特征间|cos|矩阵:
                       | polarity | semantic | semantic |    tense |    voice
  -------------------- | -------- | -------- | -------- | -------- | --------
              polarity |    1.000 |    0.058 |    0.396 |    0.022 |    0.043
        semantic_topic |    0.058 |    1.000 |    0.003 |    0.122 |    0.169
      semantic_valence |    0.396 |    0.003 |    1.000 |    0.026 |    0.096
                 tense |    0.022 |    0.122 |    0.026 |    1.000 |    0.022
                 voice |    0.043 |    0.169 |    0.096 |    0.022 |    1.000

  Layer 24 特征间|cos|矩阵:
                       | polarity | semantic | semantic |    tense |    voice
  -------------------- | -------- | -------- | -------- | -------- | --------
              polarity |    1.000 |    0.050 |    0.356 |    0.022 |    0.000
        semantic_topic |    0.050 |    1.000 |    0.022 |    0.038 |    0.112
      semantic_valence |    0.356 |    0.022 |    1.000 |    0.020 |    0.041
                 tense |    0.022 |    0.038 |    0.020 |    1.000 |    0.014
                 voice |    0.000 |    0.112 |    0.041 |    0.014 |    1.000

  Layer 30 特征间|cos|矩阵:
                       | polarity | semantic | semantic |    tense |    voice
  -------------------- | -------- | -------- | -------- | -------- | --------
              polarity |    1.000 |    0.008 |    0.238 |    0.021 |    0.003
        semantic_topic |    0.008 |    1.000 |    0.014 |    0.011 |    0.055
      semantic_valence |    0.238 |    0.014 |    1.000 |    0.008 |    0.035
                 tense |    0.021 |    0.011 |    0.008 |    1.000 |    0.023
                 voice |    0.003 |    0.055 |    0.035 |    0.023 |    1.000

  Layer 36 特征间|cos|矩阵:
                       | polarity | semantic | semantic |    tense |    voice
  -------------------- | -------- | -------- | -------- | -------- | --------
              polarity |    1.000 |    0.011 |    0.241 |    0.002 |    0.002
        semantic_topic |    0.011 |    1.000 |    0.021 |    0.023 |    0.030
      semantic_valence |    0.241 |    0.021 |    1.000 |    0.024 |    0.036
                 tense |    0.002 |    0.023 |    0.024 |    1.000 |    0.068
                 voice |    0.002 |    0.030 |    0.036 |    0.068 |    1.000

  Layer 39 特征间|cos|矩阵:
                       | polarity | semantic | semantic |    tense |    voice
  -------------------- | -------- | -------- | -------- | -------- | --------
              polarity |    1.000 |    0.037 |    0.017 |    0.129 |    0.001
        semantic_topic |    0.037 |    1.000 |    0.004 |    0.048 |    0.212
      semantic_valence |    0.017 |    0.004 |    1.000 |    0.614 |    0.115
                 tense |    0.129 |    0.048 |    0.614 |    1.000 |    0.129
                 voice |    0.001 |    0.212 |    0.115 |    0.129 |    1.000

  --- 跨层平均特征间|cos| ---
                                       特征对 |    平均|cos| |    最大|cos| |   层数
  ---------------------------------------- | ---------- | ---------- | ----
                 polarity × semantic_topic |     0.0673 |     0.3932 |   21
               polarity × semantic_valence |     0.2843 |     0.4419 |   21
                          polarity × tense |     0.0541 |     0.4685 |   21
                          polarity × voice |     0.0340 |     0.2779 |   21
         semantic_topic × semantic_valence |     0.0475 |     0.3988 |   21
                    semantic_topic × tense |     0.0724 |     0.4387 |   21
                    semantic_topic × voice |     0.1048 |     0.3170 |   21
                  semantic_valence × tense |     0.0814 |     0.6141 |   21
                  semantic_valence × voice |     0.0654 |     0.2950 |   21
                             tense × voice |     0.0453 |     0.3164 |   21

  ** 所有特征对的平均|cos| = 0.0857 **
  → 特征间PC1高度正交 → ** 频分复用假说成立! **

============================================================
S5: 特征子空间维度分析
============================================================

  Layer 20: 5个特征的PC1子空间分析
  SVD奇异值: [1.1719386577606201, 1.0810909271240234, 1.0011299848556519, 0.899205207824707, 0.8043468594551086]
  前1奇异值占比: 27.5%
  有效维度(σ>0.5σ_max): 5
  前1奇异值累计: 27.5%
  前2奇异值累计: 50.8%
  前3奇异值累计: 70.9%
  前4奇异值累计: 87.1%
  前5奇异值累计: 100.0%
  → 所有特征PC1近似线性独立 → 子空间维度=5

  Layer 39: 5个特征的PC1子空间分析
  SVD奇异值: [1.2940218448638916, 1.0970158576965332, 0.9921152591705322, 0.8744744062423706, 0.6107912659645081]
  前1奇异值占比: 33.5%
  有效维度(σ>0.5σ_max): 4
  前1奇异值累计: 33.5%
  前2奇异值累计: 57.6%
  前3奇异值累计: 77.2%
  前4奇异值累计: 92.5%
  前5奇异值累计: 100.0%
  → 部分特征PC1共面 → 有效维度=4 < 5

  --- 全层特征PC1合并SVD ---
  矩阵shape: (105, 4096)
  前10奇异值: [3.8499999046325684, 3.3529999256134033, 2.6570000648498535, 2.6019999980926514, 2.4660000801086426, 2.259000062942505, 1.8940000534057617, 1.8480000495910645, 1.7719999551773071, 1.7430000305175781]
  前20奇异值: [3.8499999046325684, 3.3529999256134033, 2.6570000648498535, 2.6019999980926514, 2.4660000801086426, 2.259000062942505, 1.8940000534057617, 1.8480000495910645, 1.7719999551773071, 1.7430000305175781, 1.715000033378601, 1.4930000305175781, 1.4140000343322754, 1.3660000562667847, 1.2289999723434448, 1.215999960899353, 1.159000039100647, 1.1039999723434448, 1.055999994277954, 1.0329999923706055]
  前5奇异值累计: 43.8%
  前10奇异值累计: 61.2%
  前15奇异值累计: 71.2%
  前20奇异值累计: 77.2%
  有效维度(σ>0.1σ_max): 67
  有效维度(σ>0.5σ_max): 6

============================================================
S6: 特征子空间重叠度 (Grassmann距离)
============================================================
  在最后一层, 各特征前3PC子空间的重叠度:
                                       特征对 |    Grassmann距离 |        最大主对齐
  ---------------------------------------- | -------------- | ------------
                 polarity × semantic_topic |         1.3764 |       0.3177
               polarity × semantic_valence |         1.3256 |       0.4620
                          polarity × tense |         1.3279 |       0.4855
                          polarity × voice |         1.3961 |       0.2257
         semantic_topic × semantic_valence |         1.3836 |       0.2876
                    semantic_topic × tense |         1.3571 |       0.3965
                    semantic_topic × voice |         1.3865 |       0.2660
                  semantic_valence × tense |         1.2688 |       0.6239
                  semantic_valence × voice |         1.4080 |       0.1319
                             tense × voice |         1.4037 |       0.1583

  ** 平均Grassmann距离 = 1.3634 **
  → 子空间高度分离 → 频分复用强

============================================================
S7: 各特征PC1跨层对齐演化
============================================================

  --- tense vs polarity PC1跨层|cos| ---
    L0: |cos|=0.0001
    L6: |cos|=0.0316
    L12: |cos|=0.0025
    L18: |cos|=0.0216
    L24: |cos|=0.0223
    L30: |cos|=0.0215
    L36: |cos|=0.0023
    L39: |cos|=0.1291
    平均|cos|=0.0541

  --- tense vs voice PC1跨层|cos| ---
    L0: |cos|=0.0052
    L6: |cos|=0.0131
    L12: |cos|=0.0508
    L18: |cos|=0.0217
    L24: |cos|=0.0138
    L30: |cos|=0.0233
    L36: |cos|=0.0683
    L39: |cos|=0.1288
    平均|cos|=0.0453

  --- voice vs semantic_valence PC1跨层|cos| ---
    L0: |cos|=0.0297
    L6: |cos|=0.0229
    L12: |cos|=0.0630
    L18: |cos|=0.0963
    L24: |cos|=0.0412
    L30: |cos|=0.0346
    L36: |cos|=0.0363
    L39: |cos|=0.1145
    平均|cos|=0.0654

  --- semantic_valence vs semantic_topic PC1跨层|cos| ---
    L0: |cos|=0.0077
    L6: |cos|=0.0327
    L12: |cos|=0.0458
    L18: |cos|=0.0026
    L24: |cos|=0.0224
    L30: |cos|=0.0141
    L36: |cos|=0.0211
    L39: |cos|=0.0040
    平均|cos|=0.0475

============================================================
S8: 汇总
============================================================

  1. 各特征PC1轨迹类型:
     tense: 高维曲线 (前2PC=25%, 旋转=85°=0.23圈)
     polarity: 高维曲线 (前2PC=34%, 旋转=96°=0.27圈)
     voice: 高维曲线 (前2PC=35%, 旋转=263°=0.73圈)
     semantic_valence: 高维曲线 (前2PC=31%, 旋转=-167°=-0.46圈)
     semantic_topic: 高维曲线 (前2PC=28%, 旋转=-302°=-0.84圈)

  2. 频分复用验证:
     特征间PC1平均|cos| = 0.0857
     → 高度正交 → 频分复用假说成立

  3. 最后一层特征子空间维度:
     5个特征的PC1有效维度: 4
     奇异值: [1.2940000295639038, 1.097000002861023, 0.9919999837875366, 0.8740000128746033, 0.6110000014305115]

  结果已保存到 results/causal_fiber/glm4_ccxxix/results.json

======================================================================
CCXXIX 完成 — GLM4-9B-Chat
======================================================================
