[model_utils] Loading glm4...
[model_utils] glm4 loaded, device=cuda:0, class=GlmForCausalLM
Model loaded! L=40, H=32, d=4096
Sample layers: [0, 10, 20, 30, 39]
  L0 syntax: a=0.9385, p_attn=0.2910, p_ffn=0.7090, f_pres=0.0501, f_mod=1.0027
  L0 semantic: a=0.9327, p_attn=0.2657, p_ffn=0.7343, f_pres=0.0274, f_mod=1.0047
  L0 polarity: a=0.9309, p_attn=0.3487, p_ffn=0.6513, f_pres=0.0650, f_mod=1.0017
  L10 syntax: a=0.9575, p_attn=0.3361, p_ffn=0.6639, f_pres=0.8508, f_mod=0.9189
  L10 semantic: a=0.9597, p_attn=0.3169, p_ffn=0.6831, f_pres=0.8425, f_mod=0.9051
  L10 polarity: a=0.9627, p_attn=0.3515, p_ffn=0.6485, f_pres=0.8537, f_mod=0.9152
  L20 syntax: a=0.9394, p_attn=0.2631, p_ffn=0.7369, f_pres=0.8224, f_mod=0.8147
  L20 semantic: a=0.9449, p_attn=0.2590, p_ffn=0.7410, f_pres=0.8186, f_mod=0.7999
  L20 polarity: a=0.9413, p_attn=0.2653, p_ffn=0.7347, f_pres=0.8275, f_mod=0.8017
  L30 syntax: a=0.9192, p_attn=0.2921, p_ffn=0.7079, f_pres=0.7470, f_mod=0.7149
  L30 semantic: a=0.9243, p_attn=0.2538, p_ffn=0.7462, f_pres=0.7364, f_mod=0.7358
  L30 polarity: a=0.9121, p_attn=0.2955, p_ffn=0.7045, f_pres=0.7034, f_mod=0.7868
  L39 syntax: a=0.7355, p_attn=0.1200, p_ffn=0.8800, f_pres=0.7562, f_mod=3.4615
  L39 semantic: a=0.7433, p_attn=0.1497, p_ffn=0.8503, f_pres=0.7695, f_mod=3.0722
  L39 polarity: a=0.7111, p_attn=0.1275, p_ffn=0.8725, f_pres=0.7497, f_mod=3.6943

=== Cross-function Summary ===
L0: a_cv=0.0035 a={'syntax': 0.9385100272585669, 'semantic': 0.9326810747663551, 'polarity': 0.9308678933021807} | p_attn={'syntax': 0.29096132268508273, 'semantic': 0.2656787186861038, 'polarity': 0.34872623533010483} p_ffn={'syntax': 0.7090386847654978, 'semantic': 0.7343212763468424, 'polarity': 0.6512737770875295} | f_pres={'syntax': 0.05012006056495011, 'semantic': 0.027448363912602265, 'polarity': 0.06498849345371127} | p_cv=0.1152
L10: a_cv=0.0022 a={'syntax': 0.957542348130841, 'semantic': 0.9596597546728972, 'polarity': 0.9627385124610592} | p_attn={'syntax': 0.3360684812068939, 'semantic': 0.3168959418932597, 'polarity': 0.35145770013332367} p_ffn={'syntax': 0.6639315187931061, 'semantic': 0.683104028304418, 'polarity': 0.6485423048337301} | f_pres={'syntax': 0.8507819076379141, 'semantic': 0.8425145248572031, 'polarity': 0.85374715924263} | p_cv=0.0422
L20: a_cv=0.0024 a={'syntax': 0.9394227024922118, 'semantic': 0.9448987538940811, 'polarity': 0.9413210669781931} | p_attn={'syntax': 0.2630865275859833, 'semantic': 0.2589837908744812, 'polarity': 0.2653307815392812} p_ffn={'syntax': 0.7369134624799093, 'semantic': 0.7410162091255188, 'polarity': 0.7346692184607188} | f_pres={'syntax': 0.8223889867464701, 'semantic': 0.8186145027478536, 'polarity': 0.827530155579249} | p_cv=0.0100
L30: a_cv=0.0055 a={'syntax': 0.9191734813084111, 'semantic': 0.9243453076323987, 'polarity': 0.9120667834890966} | p_attn={'syntax': 0.29205916325251263, 'semantic': 0.25376254816850025, 'polarity': 0.2955228288968404} p_ffn={'syntax': 0.7079408168792725, 'semantic': 0.7462374369303385, 'polarity': 0.7044771711031595} | f_pres={'syntax': 0.7470150887966156, 'semantic': 0.7364043792088827, 'polarity': 0.7034020125865936} | p_cv=0.0675
L39: a_cv=0.0187 a={'syntax': 0.7354702102803738, 'semantic': 0.7432583722741434, 'polarity': 0.7111322040498442} | p_attn={'syntax': 0.1200139323870341, 'semantic': 0.14972267796595892, 'polarity': 0.12745298569401106} p_ffn={'syntax': 0.8799860775470734, 'semantic': 0.8502773145834605, 'polarity': 0.8725470304489136} | f_pres={'syntax': 0.7562133967876434, 'semantic': 0.7694905996322632, 'polarity': 0.7497226993242899} | p_cv=0.0953

Results saved to results\phase_clxxxviii\glm4_results.json
[model_utils] GPU memory released
Phase CLXXXVIII PASSED for glm4
