[model_utils] Loading glm4...
Loading weights:   0%|          | 0/443 [00:00<?, ?it/s]Loading weights: 100%|##########| 443/443 [00:00<00:00, 17900.89it/s]
[model_utils] glm4 loaded, device=cuda:0, class=GlmForCausalLM
Model: glm4, L=40, d=4096
Sample layers (21): [0, 2, 4, 6, 8, 10, 12, 14, 16, 18, 20, 22, 24, 26, 28, 30, 32, 34, 36, 38, 39]

Processing syntax...
  L0: delta=0.14, norm=0.48, sig=0.2870, cos=-0.0005
  L2: delta=0.41, norm=1.12, sig=0.3642, cos=0.1273
  L4: delta=0.90, norm=1.87, sig=0.4787, cos=0.1172
  L6: delta=1.31, norm=2.40, sig=0.5445, cos=0.1354
  L8: delta=1.84, norm=3.29, sig=0.5599, cos=0.1153
  L10: delta=2.13, norm=3.88, sig=0.5496, cos=0.1006
  L12: delta=2.41, norm=4.57, sig=0.5283, cos=0.1041
  L14: delta=2.81, norm=5.67, sig=0.4957, cos=0.1132
  L16: delta=3.86, norm=6.90, sig=0.5594, cos=0.1458
  L18: delta=4.68, norm=9.16, sig=0.5114, cos=0.1654
  L20: delta=5.77, norm=11.72, sig=0.4925, cos=0.1834
  L22: delta=7.30, norm=16.96, sig=0.4307, cos=0.2011
  L24: delta=9.42, norm=26.75, sig=0.3522, cos=0.1444
  L26: delta=11.67, norm=39.01, sig=0.2992, cos=0.0879
  L28: delta=14.32, norm=53.98, sig=0.2652, cos=0.0645
  L30: delta=17.22, norm=68.90, sig=0.2499, cos=0.0633
  L32: delta=19.30, norm=83.03, sig=0.2325, cos=0.0455
  L34: delta=22.41, norm=98.86, sig=0.2267, cos=0.0359
  L36: delta=26.27, norm=128.10, sig=0.2051, cos=0.0263
  L38: delta=50.82, norm=296.94, sig=0.1711, cos=0.0070
  L39: delta=66.99, norm=265.76, sig=0.2521, cos=0.0502

Processing semantic...
  L0: delta=0.20, norm=0.48, sig=0.4249, cos=-0.0227
  L2: delta=0.33, norm=1.10, sig=0.2987, cos=0.0125
  L4: delta=0.90, norm=1.96, sig=0.4604, cos=0.0320
  L6: delta=1.13, norm=2.54, sig=0.4432, cos=0.0226
  L8: delta=1.51, norm=3.52, sig=0.4281, cos=0.0076
  L10: delta=1.89, norm=4.37, sig=0.4313, cos=0.0323
  L12: delta=2.05, norm=4.89, sig=0.4195, cos=0.0362
  L14: delta=2.44, norm=6.21, sig=0.3931, cos=0.0476
  L16: delta=2.74, norm=7.55, sig=0.3632, cos=0.0430
  L18: delta=3.16, norm=9.74, sig=0.3246, cos=0.0453
  L20: delta=3.73, norm=12.12, sig=0.3074, cos=0.0481
  L22: delta=4.67, norm=17.34, sig=0.2694, cos=0.0448
  L24: delta=7.14, norm=26.08, sig=0.2737, cos=0.0243
  L26: delta=10.32, norm=38.12, sig=0.2706, cos=0.0201
  L28: delta=13.39, norm=53.28, sig=0.2513, cos=0.0243
  L30: delta=17.19, norm=67.55, sig=0.2545, cos=0.0187
  L32: delta=20.20, norm=79.75, sig=0.2533, cos=0.0090
  L34: delta=23.57, norm=95.04, sig=0.2480, cos=0.0049
  L36: delta=28.11, norm=121.96, sig=0.2305, cos=-0.0039
  L38: delta=49.02, norm=280.25, sig=0.1749, cos=-0.0177
  L39: delta=60.41, norm=244.87, sig=0.2467, cos=-0.0186

Processing polarity...
  L0: delta=0.22, norm=0.45, sig=0.4802, cos=0.0186
  L2: delta=0.42, norm=1.04, sig=0.4069, cos=0.0056
  L4: delta=0.83, norm=1.85, sig=0.4486, cos=0.0858
  L6: delta=1.11, norm=2.42, sig=0.4605, cos=0.1110
  L8: delta=1.54, norm=3.31, sig=0.4662, cos=0.1432
  L10: delta=1.87, norm=3.97, sig=0.4701, cos=0.1578
  L12: delta=2.10, norm=4.62, sig=0.4544, cos=0.1839
  L14: delta=2.56, norm=5.94, sig=0.4311, cos=0.2236
  L16: delta=2.88, norm=7.02, sig=0.4103, cos=0.2103
  L18: delta=3.65, norm=9.60, sig=0.3800, cos=0.2334
  L20: delta=4.54, norm=12.17, sig=0.3729, cos=0.2233
  L22: delta=6.87, norm=18.00, sig=0.3818, cos=0.2161
  L24: delta=9.81, norm=27.66, sig=0.3547, cos=0.1726
  L26: delta=13.05, norm=38.90, sig=0.3354, cos=0.1342
  L28: delta=16.57, norm=52.32, sig=0.3168, cos=0.1303
  L30: delta=19.62, norm=65.53, sig=0.2994, cos=0.1134
  L32: delta=21.69, norm=77.11, sig=0.2813, cos=0.1033
  L34: delta=23.85, norm=92.32, sig=0.2583, cos=0.1037
  L36: delta=26.38, norm=122.49, sig=0.2153, cos=0.0850
  L38: delta=52.37, norm=301.09, sig=0.1739, cos=0.1005
  L39: delta=66.97, norm=261.99, sig=0.2556, cos=0.1256

=== Phase Transition Analysis ===
syntax: peak_layers=[2, 14, 22, 30], max_change=L2 (0.1144)
semantic: peak_layers=[2, 16, 20, 26], max_change=L2 (0.1617)
polarity: peak_layers=[12, 16, 22, 34], max_change=L38 (0.0817)

=== Normalized Phase Positions ===
syntax: signal peaks at normalized positions ['0.20', '0.40']
syntax: signal troughs at normalized positions ['0.35', '0.95']
semantic: signal peaks at normalized positions ['0.10', '0.25', '0.60', '0.75']
semantic: signal troughs at normalized positions ['0.05', '0.20', '0.55', '0.70', '0.95']
polarity: signal peaks at normalized positions ['0.25', '0.55']
polarity: signal troughs at normalized positions ['0.05', '0.50', '0.95']

=== Cross-Function Summary ===
L0 (0.00): {'syntax': 0.2869838774204254, 'semantic': 0.424928218126297, 'polarity': 0.480214923620224}
L2 (0.05): {'syntax': 0.3642417788505554, 'semantic': 0.2986876964569092, 'polarity': 0.4069157540798187}
L4 (0.10): {'syntax': 0.4786503314971924, 'semantic': 0.46040087938308716, 'polarity': 0.4486142098903656}
L6 (0.15): {'syntax': 0.5445495843887329, 'semantic': 0.4432051181793213, 'polarity': 0.4605392813682556}
L8 (0.20): {'syntax': 0.55987548828125, 'semantic': 0.42807918787002563, 'polarity': 0.4662044942378998}
L10 (0.25): {'syntax': 0.5495564341545105, 'semantic': 0.4313353896141052, 'polarity': 0.4700778126716614}
L12 (0.30): {'syntax': 0.5282628536224365, 'semantic': 0.41949164867401123, 'polarity': 0.45444896817207336}
L14 (0.35): {'syntax': 0.495715469121933, 'semantic': 0.39305830001831055, 'polarity': 0.43109890818595886}
L16 (0.40): {'syntax': 0.5593846440315247, 'semantic': 0.36316928267478943, 'polarity': 0.4102972745895386}
L18 (0.45): {'syntax': 0.5114431381225586, 'semantic': 0.32456761598587036, 'polarity': 0.3799595832824707}
L20 (0.50): {'syntax': 0.492481529712677, 'semantic': 0.3073604106903076, 'polarity': 0.37294426560401917}
L22 (0.55): {'syntax': 0.430719792842865, 'semantic': 0.2694004476070404, 'polarity': 0.3817692697048187}
L24 (0.60): {'syntax': 0.3522058129310608, 'semantic': 0.2737196683883667, 'polarity': 0.35471516847610474}
L26 (0.65): {'syntax': 0.299190491437912, 'semantic': 0.2705807089805603, 'polarity': 0.33536455035209656}
L28 (0.70): {'syntax': 0.265232652425766, 'semantic': 0.25125399231910706, 'polarity': 0.31675955653190613}
L30 (0.75): {'syntax': 0.24993717670440674, 'semantic': 0.25446102023124695, 'polarity': 0.2993636727333069}
L32 (0.80): {'syntax': 0.2324589639902115, 'semantic': 0.25330278277397156, 'polarity': 0.28134047985076904}
L34 (0.85): {'syntax': 0.22673799097537994, 'semantic': 0.24800387024879456, 'polarity': 0.25829288363456726}
L36 (0.90): {'syntax': 0.20511408150196075, 'semantic': 0.2304687201976776, 'polarity': 0.21534232795238495}
L38 (0.95): {'syntax': 0.17112965881824493, 'semantic': 0.17490817606449127, 'polarity': 0.17392878234386444}
L39 (0.97): {'syntax': 0.25208038091659546, 'semantic': 0.24670128524303436, 'polarity': 0.25562426447868347}

=== 7-Chain Mapping Validation ===
Phase 1 (low signal, <20%): L36-L38 (2 layers)
Phase 2 (building, 20-80%): L0-L39 (12 layers)
Phase 3 (high signal, >80%): L4-L16 (7 layers)

7-Segment Mapping:
  Chain 1 (¶ÔĎóµ×ÍĽ): L0-L4 [0.00-0.10], signal=0.4055
  Chain 2 (ľÖ˛ż¸üĐÂ): L6-L10 [0.15-0.25], signal=0.4837
  Chain 3 (ąŘĎµĚáÉý): L12-L16 [0.30-0.40], signal=0.4505
  Chain 4 (¶ÁłöÂ·ÓÉ): L18-L22 [0.45-0.55], signal=0.3856
  Chain 5 (ÍĆŔíŐűşĎ): L24-L28 [0.60-0.70], signal=0.3021
  Chain 6 (˝×¶Î×éÖŻ): L30-L34 [0.75-0.85], signal=0.2560
  Chain 7 (Ç°şóĽĚÔĽĘř): L36-L39 [0.90-0.97], signal=0.2139

Results saved to results\phase_clxxxix\glm4_results.json
[model_utils] GPU memory released
Phase CLXXXIX PASSED for glm4
