Phase CLXXIV: 功能对齐子空间发现 -- glm4
Start time: 2026-04-16 22:43:45
[model_utils] Loading glm4...
[model_utils] glm4 loaded, device=cuda:0, class=GlmForCausalLM
  W_U shape: 151552 x 4096

--- P743: SVD子空间 × 功能投影 ---
  W_U shape: 151552 x 4096
  Computing SVD via eigendecomposition of W_U^T @ W_U ...
    Chunk 1/4 done
    Chunk 2/4 done
    Chunk 3/4 done
    Chunk 4/4 done
  Eigendecomposition on GPU ...
  Top 10 SVs: [66.48664093017578, 16.162124633789062, 12.513212203979492, 10.62917423248291, 10.04052448272705, 9.49709701538086, 8.758058547973633, 8.562018394470215, 8.228626251220703, 8.084833145141602]
  Computing W_U @ Vt[:200] on GPU ...
  Projection matrix shape: (151552, 200)

  功能词在SVD空间中的能量分布:

  syntax:
    noun: top10=28.3%, top50=48.0%, avg_dominant_sv=2
    verb: top10=33.6%, top50=51.9%, avg_dominant_sv=1
    adj: top10=32.3%, top50=52.0%, avg_dominant_sv=2
    adv: top10=35.8%, top50=58.9%, avg_dominant_sv=1
    prep: top10=44.8%, top50=67.1%, avg_dominant_sv=3
    pron: top10=38.8%, top50=61.8%, avg_dominant_sv=3
    det: top10=42.5%, top50=64.6%, avg_dominant_sv=2

  semantic:
    animal: top10=33.4%, top50=49.8%, avg_dominant_sv=0
    food: top10=31.4%, top50=48.3%, avg_dominant_sv=0
    color: top10=31.6%, top50=49.8%, avg_dominant_sv=0
    emotion: top10=31.1%, top50=48.7%, avg_dominant_sv=0
    motion: top10=29.8%, top50=46.2%, avg_dominant_sv=1
    abstract: top10=36.9%, top50=54.5%, avg_dominant_sv=0

  style:
    formal: top10=38.1%, top50=54.8%, avg_dominant_sv=0
    informal: top10=33.6%, top50=52.2%, avg_dominant_sv=1
    literary: top10=25.4%, top50=36.1%, avg_dominant_sv=0
    technical: top10=37.7%, top50=52.8%, avg_dominant_sv=0

  tense:
    past: top10=35.6%, top50=52.5%, avg_dominant_sv=0
    present: top10=41.6%, top50=60.4%, avg_dominant_sv=1
    future: top10=36.4%, top50=55.5%, avg_dominant_sv=1

  number:
    singular: top10=29.9%, top50=50.9%, avg_dominant_sv=2
    plural: top10=36.4%, top50=53.0%, avg_dominant_sv=0

  polarity:
    positive: top10=30.8%, top50=49.8%, avg_dominant_sv=0
    negative: top10=32.1%, top50=46.5%, avg_dominant_sv=0

  topic:
    nature: top10=28.8%, top50=46.3%, avg_dominant_sv=0
    technology: top10=36.1%, top50=55.7%, avg_dominant_sv=1
    society: top10=43.3%, top50=58.5%, avg_dominant_sv=0
    person: top10=33.2%, top50=53.4%, avg_dominant_sv=0

  SVD分量的功能指纹 (前20个分量):
    SV0 (σ=66.49): style=0.59x, semantic=0.53x, topic=0.51x
    SV1 (σ=16.16): syntax=1.66x, tense=1.29x, number=1.10x
    SV2 (σ=12.51): syntax=1.04x, style=0.77x, tense=0.59x
    SV3 (σ=10.63): style=0.37x, polarity=0.30x, number=0.23x
    SV4 (σ=10.04): syntax=10.48x, number=6.17x, tense=5.41x
    SV5 (σ=9.50): syntax=0.70x, tense=0.53x, topic=0.49x
    SV6 (σ=8.76): number=1.35x, semantic=1.12x, style=0.96x
    SV7 (σ=8.56): syntax=3.03x, number=2.41x, tense=1.63x
    SV8 (σ=8.23): polarity=0.39x, number=0.38x, style=0.35x
    SV9 (σ=8.08): style=0.71x, polarity=0.62x, topic=0.56x
    SV10 (σ=8.01): polarity=1.30x, syntax=1.30x, semantic=1.06x
    SV11 (σ=7.69): style=1.24x, number=0.99x, topic=0.82x
    SV12 (σ=7.59): syntax=1.41x, tense=1.15x, style=1.07x
    SV13 (σ=7.43): number=1.55x, syntax=1.13x, topic=1.06x
    SV14 (σ=7.26): topic=1.48x, syntax=1.44x, number=1.23x
    SV15 (σ=7.23): number=1.42x, semantic=1.10x, topic=0.95x
    SV16 (σ=7.17): topic=1.74x, number=1.33x, syntax=1.28x
    SV17 (σ=6.99): syntax=1.12x, number=0.99x, polarity=0.97x
    SV18 (σ=6.92): number=2.51x, syntax=2.50x, semantic=1.81x
    SV19 (σ=6.77): style=1.49x, tense=0.94x, syntax=0.92x

  功能对齐的SVD分量分配:
    syntax: SV4(10.48x), SV7(3.03x), SV18(2.50x), SV30(1.95x), SV1(1.66x)
    semantic: SV4(3.29x), SV173(1.99x), SV46(1.90x), SV94(1.87x), SV18(1.81x)
    style: SV4(4.26x), SV96(2.54x), SV178(2.17x), SV115(2.06x), SV104(1.95x)
    tense: SV4(5.41x), SV30(2.08x), SV61(1.78x), SV7(1.63x), SV168(1.60x)
    number: SV4(6.17x), SV18(2.51x), SV7(2.41x), SV73(2.05x), SV46(1.99x)
    polarity: SV4(2.80x), SV152(2.07x), SV101(2.02x), SV30(1.89x), SV93(1.88x)
    topic: SV4(4.03x), SV106(2.03x), SV46(1.87x), SV127(1.76x), SV16(1.74x)

--- P744: 稀疏子空间发现 ---
  Working in top-100 SVD subspace

  Sparse PCA (n_components=30, alpha=0.5) ...
  Sparse PCA done. Components shape: (30, 100)
    SPCA0: syntax=0.00x, semantic=0.00x, style=0.00x
    SPCA1: style=0.51x, semantic=0.44x, topic=0.41x
    SPCA2: syntax=0.00x, semantic=0.00x, style=0.00x
    SPCA3: style=0.47x, semantic=0.42x, topic=0.41x
    SPCA4: style=0.47x, topic=0.42x, semantic=0.40x
    SPCA5: syntax=0.00x, semantic=0.00x, style=0.00x
    SPCA6: syntax=0.00x, semantic=0.00x, style=0.00x
    SPCA7: style=0.65x, topic=0.52x, semantic=0.51x
    SPCA8: syntax=0.00x, semantic=0.00x, style=0.00x
    SPCA9: style=0.55x, semantic=0.47x, topic=0.47x

  NMF (n_components=30) ...
  NMF done. H shape: (30, 100)
    NMF0: style=0.79x, tense=0.54x, semantic=0.53x
    NMF1: style=0.54x, semantic=0.47x, topic=0.43x
    NMF2: syntax=1.77x, style=1.48x, tense=1.48x
    NMF3: polarity=1.28x, semantic=1.09x, topic=0.95x
    NMF4: number=1.25x, semantic=1.20x, topic=1.20x
    NMF5: number=1.57x, semantic=1.34x, syntax=0.83x
    NMF6: tense=2.01x, syntax=1.77x, polarity=1.32x
    NMF7: semantic=0.94x, style=0.80x, polarity=0.79x
    NMF8: syntax=1.27x, semantic=1.21x, number=1.00x
    NMF9: syntax=1.60x, tense=0.90x, semantic=0.77x
  NMF reconstruction error: 0.1%

  FastICA (n_components=30) ...
  ICA done. Mixing shape: (100, 30), Sources shape: (20241, 30)
    ICA0: style=0.81x, tense=0.74x, polarity=0.68x
    ICA1: style=0.64x, number=0.56x, topic=0.55x
    ICA2: style=0.51x, topic=0.51x, semantic=0.50x
    ICA3: tense=1.19x, number=0.84x, style=0.84x
    ICA4: style=0.60x, semantic=0.59x, tense=0.57x
    ICA5: number=1.82x, semantic=1.01x, syntax=0.80x
    ICA6: style=0.59x, syntax=0.47x, semantic=0.46x
    ICA7: style=0.45x, semantic=0.40x, tense=0.39x
    ICA8: style=0.42x, semantic=0.41x, polarity=0.37x
    ICA9: style=0.42x, semantic=0.36x, topic=0.34x

  方法对比 - 功能富集度 (各类维度最大富集的平均值):
    SVD: 5.21x
    SparsePCA: 0.48x
    NMF: 1.53x
    ICA: 1.02x

--- P745: 功能对齐分层重建 ---
  Sentence 1: done
  Sentence 2: done
  Sentence 3: done
  Sentence 4: done
  Sentence 5: done
  Sentence 6: done
  Sentence 7: done
  Sentence 8: done
  Sentence 9: done
  Sentence 10: done
  Sentence 11: done
  Sentence 12: done
  Sentence 13: done

  分层重建对比 (n_sentences=13):
      k |  SVD-Top1 | Func-Top1 | Hier-Top1 |  SVD-Cos | Func-Cos | Hier-Cos
  ---------------------------------------------------------------------------
      5 |      0.00 |      0.00 |      0.00 |   0.9419 |   0.0917 |   0.7855
     10 |      0.00 |      0.00 |      0.00 |   0.9588 |   0.0987 |   0.9443
     20 |      0.23 |      0.00 |      0.00 |   0.9816 |   0.1020 |   0.9444
     50 |      0.00 |      0.00 |      0.23 |   0.9886 |   0.5362 |   0.9873
    100 |      0.23 |      0.00 |      0.31 |   0.9899 |   0.5589 |   0.9899
    200 |      0.15 |      0.15 |      0.15 |   0.9908 |   0.9908 |   0.9908

Results saved to results\phase_clxxiv\glm4_results.json
End time: 2026-04-16 22:44:16
