Phase CLXXV: 功能路由追踪 — 残差流中的信息选择性传递 -- glm4
Start time: 2026-04-16 22:50:23
[model_utils] Loading glm4...
[model_utils] glm4 loaded, device=cuda:0, class=GlmForCausalLM

--- P751: 残差流的功能梯度 ---

  功能维度: syntax (4 对)

  功能维度: semantic (4 对)

  功能维度: style (4 对)

  功能维度: tense (3 对)

  功能维度: polarity (3 对)

  === 功能方向逐层分析 ===

  syntax:
    Layer 0: diff_norm=0.2628, cos_sim=0.7346
    Layer 1: diff_norm=0.4437, cos_sim=0.7298
    Layer 2: diff_norm=0.6163, cos_sim=0.7351
    Layer 3: diff_norm=0.7801, cos_sim=0.7608
    Layer 4: diff_norm=1.0128, cos_sim=0.7775
    ... (40 layers total)
    最大差异层(norm): 39, 最小余弦层: 1

  semantic:
    Layer 0: diff_norm=0.3947, cos_sim=0.5586
    Layer 1: diff_norm=0.6313, cos_sim=0.6204
    Layer 2: diff_norm=0.8953, cos_sim=0.5896
    Layer 3: diff_norm=1.2058, cos_sim=0.6145
    Layer 4: diff_norm=1.5263, cos_sim=0.6365
    ... (40 layers total)
    最大差异层(norm): 39, 最小余弦层: 0

  style:
    Layer 0: diff_norm=0.6415, cos_sim=0.2497
    Layer 1: diff_norm=1.0016, cos_sim=0.2589
    Layer 2: diff_norm=1.3112, cos_sim=0.3335
    Layer 3: diff_norm=1.5629, cos_sim=0.4357
    Layer 4: diff_norm=2.0049, cos_sim=0.4329
    ... (40 layers total)
    最大差异层(norm): 39, 最小余弦层: 0

  tense:
    Layer 0: diff_norm=0.0419, cos_sim=0.9933
    Layer 1: diff_norm=0.1011, cos_sim=0.9900
    Layer 2: diff_norm=0.1604, cos_sim=0.9880
    Layer 3: diff_norm=0.2424, cos_sim=0.9844
    Layer 4: diff_norm=0.3584, cos_sim=0.9799
    ... (40 layers total)
    最大差异层(norm): 39, 最小余弦层: 12

  polarity:
    Layer 0: diff_norm=0.0523, cos_sim=0.9917
    Layer 1: diff_norm=0.1601, cos_sim=0.9770
    Layer 2: diff_norm=0.3126, cos_sim=0.9509
    Layer 3: diff_norm=0.4167, cos_sim=0.9502
    Layer 4: diff_norm=0.7308, cos_sim=0.9184
    ... (40 layers total)
    最大差异层(norm): 39, 最小余弦层: 12

  === 跨维度: 功能分歧的峰值层 ===
    syntax: 峰值差异层=39 (norm=116.5730), 最低余弦层=1 (cos=0.7298)
    semantic: 峰值差异层=39 (norm=125.7077), 最低余弦层=0 (cos=0.5586)
    style: 峰值差异层=39 (norm=138.1554), 最低余弦层=0 (cos=0.2497)
    tense: 峰值差异层=39 (norm=58.0480), 最低余弦层=12 (cos=0.9515)
    polarity: 峰值差异层=39 (norm=71.0059), 最低余弦层=12 (cos=0.8652)

  === 跨维度功能方向的正交性 ===
    Layer 0:
      polarity_vs_semantic: cos=0.0258
      polarity_vs_style: cos=0.0828
      polarity_vs_syntax: cos=-0.0049
      polarity_vs_tense: cos=-0.0146
      semantic_vs_style: cos=-0.0009
      semantic_vs_syntax: cos=0.0861
      semantic_vs_tense: cos=-0.0158
      style_vs_syntax: cos=0.0873
      style_vs_tense: cos=-0.0104
      syntax_vs_tense: cos=0.0369
    Layer 1:
      polarity_vs_semantic: cos=0.0223
      polarity_vs_style: cos=0.0527
      polarity_vs_syntax: cos=0.0023
      polarity_vs_tense: cos=-0.0677
      semantic_vs_style: cos=0.0286
      semantic_vs_syntax: cos=0.0815
      semantic_vs_tense: cos=-0.0030
      style_vs_syntax: cos=0.0964
      style_vs_tense: cos=-0.0232
      syntax_vs_tense: cos=-0.0096
    Layer 2:
      polarity_vs_semantic: cos=0.0412
      polarity_vs_style: cos=0.0543
      polarity_vs_syntax: cos=0.0283
      polarity_vs_tense: cos=-0.0739
      semantic_vs_style: cos=0.0540
      semantic_vs_syntax: cos=0.1055
      semantic_vs_tense: cos=-0.0244
      style_vs_syntax: cos=0.0912
      style_vs_tense: cos=0.0082
      syntax_vs_tense: cos=-0.0245
    Layer 20:
      polarity_vs_semantic: cos=0.0291
      polarity_vs_style: cos=0.0596
      polarity_vs_syntax: cos=0.0339
      polarity_vs_tense: cos=0.0016
      semantic_vs_style: cos=0.1288
      semantic_vs_syntax: cos=0.0168
      semantic_vs_tense: cos=0.0012
      style_vs_syntax: cos=0.1561
      style_vs_tense: cos=-0.0110
      syntax_vs_tense: cos=0.0511
    Layer 37:
      polarity_vs_semantic: cos=0.0224
      polarity_vs_style: cos=0.0633
      polarity_vs_syntax: cos=0.0477
      polarity_vs_tense: cos=-0.0094
      semantic_vs_style: cos=0.1025
      semantic_vs_syntax: cos=0.0120
      semantic_vs_tense: cos=0.0370
      style_vs_syntax: cos=0.1398
      style_vs_tense: cos=0.0283
      syntax_vs_tense: cos=-0.0203
    Layer 38:
      polarity_vs_semantic: cos=0.0198
      polarity_vs_style: cos=0.0564
      polarity_vs_syntax: cos=0.0404
      polarity_vs_tense: cos=0.0375
      semantic_vs_style: cos=0.1625
      semantic_vs_syntax: cos=-0.0220
      semantic_vs_tense: cos=0.0488
      style_vs_syntax: cos=0.0547
      style_vs_tense: cos=0.0822
      syntax_vs_tense: cos=-0.0330
    Layer 39:
      polarity_vs_semantic: cos=0.0350
      polarity_vs_style: cos=0.0770
      polarity_vs_syntax: cos=-0.0224
      polarity_vs_tense: cos=0.0908
      semantic_vs_style: cos=0.2383
      semantic_vs_syntax: cos=-0.0167
      semantic_vs_tense: cos=0.0822
      style_vs_syntax: cos=0.1316
      style_vs_tense: cos=0.1549
      syntax_vs_tense: cos=-0.0288

--- P752: 注意力头的功能贡献分解 ---
  功能方向维度: ['syntax', 'semantic', 'style', 'tense', 'polarity']

  === 每层注意力输出的功能投影 ===

  polarity:
    峰值层: 38 (avg_proj=-3.6420)

  semantic:
    峰值层: 38 (avg_proj=-5.5483)

  style:
    峰值层: 38 (avg_proj=6.2614)

  syntax:
    峰值层: 38 (avg_proj=7.5228)

  tense:
    峰值层: 38 (avg_proj=-1.4631)

  === 每层的功能指纹(前5层+后5层+中间) ===
    Layer 0: semantic=-0.0092, style=0.0083, syntax=0.0070
    Layer 1: syntax=0.0134, semantic=-0.0092, style=0.0073
    Layer 2: syntax=0.0132, style=0.0089, semantic=-0.0067
    Layer 3: syntax=0.0200, style=0.0144, semantic=-0.0125
    Layer 4: style=0.0233, syntax=0.0203, semantic=-0.0067
    Layer 20: polarity=0.0291, syntax=-0.0277, semantic=0.0237
    Layer 21: style=-0.0862, syntax=-0.0717, semantic=0.0482
    Layer 22: semantic=-0.0825, syntax=0.0760, style=0.0684
    Layer 35: syntax=0.8160, style=0.6343, semantic=-0.6208
    Layer 36: syntax=1.1393, style=0.9584, semantic=-0.7084
    Layer 37: syntax=1.6965, style=1.5635, semantic=-1.2571
    Layer 38: syntax=7.5228, style=6.2614, semantic=-5.5483
    Layer 39: polarity=0.4428, semantic=0.1815, style=-0.1573

--- P753: FFN的功能角色分析 ---

  === FFN输出的功能投影 (逐层平均) ===
    Layer 0: style=0.0186, syntax=0.0173, polarity=-0.0096
    Layer 1: syntax=0.0203, style=0.0191, polarity=-0.0034
    Layer 2: syntax=0.0264, style=0.0167, semantic=0.0051
    Layer 20: style=0.2941, syntax=0.2484, tense=-0.0910
    Layer 21: syntax=0.1959, style=0.1641, semantic=-0.0996
    Layer 37: style=2.2232, syntax=1.9208, semantic=-1.6999
    Layer 38: syntax=7.1047, style=6.2365, semantic=-3.5935
    Layer 39: style=-10.8731, syntax=-10.4076, semantic=9.0765

  === 各功能维度的FFN峰值层 ===
    syntax: 峰值层=39 (proj=-10.4076)
    semantic: 峰值层=39 (proj=9.0765)
    style: 峰值层=39 (proj=-10.8731)
    tense: 峰值层=38 (proj=-2.3239)
    polarity: 峰值层=39 (proj=8.3417)

--- P754: 功能因果干预 ---
  Baseline: The cat sat on the mat and
  Baseline top-5 tokens: [' ate began then I watched']

  功能干预: syntax
    Layer 0, scale=0.5: overlap=0.90, logit_cos=0.9999, L2=18.9244
    Layer 0, scale=1.0: overlap=0.90, logit_cos=0.9994, L2=44.5488
    Layer 0, scale=2.0: overlap=0.90, logit_cos=0.9884, L2=188.9381
    Layer 6, scale=0.5: overlap=1.00, logit_cos=0.9991, L2=54.3810
    Layer 6, scale=1.0: overlap=1.00, logit_cos=0.9956, L2=117.5518
    Layer 6, scale=2.0: overlap=0.50, logit_cos=0.9595, L2=394.0408
    Layer 12, scale=0.5: overlap=0.90, logit_cos=0.9969, L2=97.4428
    Layer 12, scale=1.0: overlap=0.70, logit_cos=0.9728, L2=313.1134
    Layer 12, scale=2.0: overlap=0.00, logit_cos=0.8631, L2=698.0436
    Layer 18, scale=0.5: overlap=0.80, logit_cos=0.9941, L2=142.4063
    Layer 18, scale=1.0: overlap=0.60, logit_cos=0.9615, L2=380.6870
    Layer 18, scale=2.0: overlap=0.00, logit_cos=0.8676, L2=695.4673
    Layer 24, scale=0.5: overlap=0.80, logit_cos=0.9902, L2=176.6937
    Layer 24, scale=1.0: overlap=0.30, logit_cos=0.9551, L2=394.6111
    Layer 24, scale=2.0: overlap=0.10, logit_cos=0.8571, L2=699.5479
    Layer 30, scale=0.5: overlap=0.70, logit_cos=0.9774, L2=272.6992
    Layer 30, scale=1.0: overlap=0.40, logit_cos=0.9240, L2=509.1093
    Layer 30, scale=2.0: overlap=0.20, logit_cos=0.8051, L2=775.7372
    Layer 36, scale=0.5: overlap=0.60, logit_cos=0.9561, L2=367.4590
    Layer 36, scale=1.0: overlap=0.40, logit_cos=0.8525, L2=656.9335
    Layer 36, scale=2.0: overlap=0.00, logit_cos=0.7204, L2=920.4941

  功能干预: semantic
    Layer 0, scale=0.5: overlap=1.00, logit_cos=0.9999, L2=23.4818
    Layer 0, scale=1.0: overlap=1.00, logit_cos=0.9995, L2=41.0785
    Layer 0, scale=2.0: overlap=1.00, logit_cos=0.9956, L2=121.0096
    Layer 6, scale=0.5: overlap=1.00, logit_cos=0.9993, L2=48.1787
    Layer 6, scale=1.0: overlap=1.00, logit_cos=0.9954, L2=122.9388
    Layer 6, scale=2.0: overlap=0.80, logit_cos=0.9605, L2=346.8649
    Layer 12, scale=0.5: overlap=0.90, logit_cos=0.9959, L2=117.3647
    Layer 12, scale=1.0: overlap=0.80, logit_cos=0.9765, L2=274.8399
    Layer 12, scale=2.0: overlap=0.30, logit_cos=0.7966, L2=781.7032
    Layer 18, scale=0.5: overlap=1.00, logit_cos=0.9941, L2=136.2453
    Layer 18, scale=1.0: overlap=0.60, logit_cos=0.9618, L2=347.7947
    Layer 18, scale=2.0: overlap=0.30, logit_cos=0.7580, L2=824.0681
    Layer 24, scale=0.5: overlap=0.90, logit_cos=0.9903, L2=172.5457
    Layer 24, scale=1.0: overlap=0.70, logit_cos=0.9610, L2=352.2631
    Layer 24, scale=2.0: overlap=0.30, logit_cos=0.8569, L2=665.0767
    Layer 30, scale=0.5: overlap=0.80, logit_cos=0.9759, L2=271.8349
    Layer 30, scale=1.0: overlap=0.40, logit_cos=0.9217, L2=489.6425
    Layer 30, scale=2.0: overlap=0.30, logit_cos=0.8014, L2=776.0517
    Layer 36, scale=0.5: overlap=0.90, logit_cos=0.9569, L2=366.0109
    Layer 36, scale=1.0: overlap=0.50, logit_cos=0.8692, L2=640.9551
    Layer 36, scale=2.0: overlap=0.00, logit_cos=0.6731, L2=969.6870

  功能干预: style
    Layer 0, scale=0.5: overlap=0.90, logit_cos=0.9999, L2=22.3275
    Layer 0, scale=1.0: overlap=0.90, logit_cos=0.9993, L2=48.9975
    Layer 0, scale=2.0: overlap=0.90, logit_cos=0.9952, L2=122.6644
    Layer 6, scale=0.5: overlap=0.90, logit_cos=0.9986, L2=67.2940
    Layer 6, scale=1.0: overlap=0.90, logit_cos=0.9958, L2=116.6750
    Layer 6, scale=2.0: overlap=0.80, logit_cos=0.9843, L2=233.8503
    Layer 12, scale=0.5: overlap=0.90, logit_cos=0.9962, L2=115.2853
    Layer 12, scale=1.0: overlap=0.70, logit_cos=0.9824, L2=244.0521
    Layer 12, scale=2.0: overlap=0.50, logit_cos=0.9390, L2=465.9219
    Layer 18, scale=0.5: overlap=0.80, logit_cos=0.9922, L2=160.7096
    Layer 18, scale=1.0: overlap=0.60, logit_cos=0.9666, L2=342.1580
    Layer 18, scale=2.0: overlap=0.50, logit_cos=0.9048, L2=619.7915
    Layer 24, scale=0.5: overlap=0.80, logit_cos=0.9879, L2=195.0860
    Layer 24, scale=1.0: overlap=0.70, logit_cos=0.9555, L2=387.6538
    Layer 24, scale=2.0: overlap=0.40, logit_cos=0.8721, L2=693.4894
    Layer 30, scale=0.5: overlap=0.80, logit_cos=0.9765, L2=278.0633
    Layer 30, scale=1.0: overlap=0.70, logit_cos=0.9175, L2=525.2034
    Layer 30, scale=2.0: overlap=0.20, logit_cos=0.7704, L2=829.6116
    Layer 36, scale=0.5: overlap=0.90, logit_cos=0.9535, L2=375.7909
    Layer 36, scale=1.0: overlap=0.30, logit_cos=0.8264, L2=706.5804
    Layer 36, scale=2.0: overlap=0.00, logit_cos=0.5116, L2=1099.5880

  功能干预: tense
    Layer 0, scale=0.5: overlap=0.90, logit_cos=0.9999, L2=20.8685
    Layer 0, scale=1.0: overlap=0.90, logit_cos=0.9996, L2=37.9691
    Layer 0, scale=2.0: overlap=0.80, logit_cos=0.9927, L2=150.8257
    Layer 6, scale=0.5: overlap=0.80, logit_cos=0.9975, L2=87.7699
    Layer 6, scale=1.0: overlap=0.90, logit_cos=0.9933, L2=143.9279
    Layer 6, scale=2.0: overlap=0.40, logit_cos=0.9448, L2=464.5749
    Layer 12, scale=0.5: overlap=0.90, logit_cos=0.9916, L2=161.7593
    Layer 12, scale=1.0: overlap=0.80, logit_cos=0.9803, L2=246.0871
    Layer 12, scale=2.0: overlap=0.60, logit_cos=0.9326, L2=470.4137
    Layer 18, scale=0.5: overlap=0.90, logit_cos=0.9797, L2=250.4205
    Layer 18, scale=1.0: overlap=0.70, logit_cos=0.9602, L2=356.8261
    Layer 18, scale=2.0: overlap=0.40, logit_cos=0.9151, L2=521.5612
    Layer 24, scale=0.5: overlap=0.90, logit_cos=0.9794, L2=252.7480
    Layer 24, scale=1.0: overlap=0.40, logit_cos=0.9281, L2=484.5241
    Layer 24, scale=2.0: overlap=0.30, logit_cos=0.8218, L2=746.5917
    Layer 30, scale=0.5: overlap=1.00, logit_cos=0.9758, L2=273.3619
    Layer 30, scale=1.0: overlap=0.50, logit_cos=0.9103, L2=532.3147
    Layer 30, scale=2.0: overlap=0.10, logit_cos=0.7794, L2=832.8186
    Layer 36, scale=0.5: overlap=0.80, logit_cos=0.9521, L2=387.0074
    Layer 36, scale=1.0: overlap=0.00, logit_cos=0.6698, L2=1113.8693
    Layer 36, scale=2.0: overlap=0.00, logit_cos=0.6597, L2=1119.8555

  功能干预: polarity
    Layer 0, scale=0.5: overlap=1.00, logit_cos=0.9999, L2=19.4127
    Layer 0, scale=1.0: overlap=0.90, logit_cos=0.9998, L2=25.0384
    Layer 0, scale=2.0: overlap=0.90, logit_cos=0.9979, L2=80.5000
    Layer 6, scale=0.5: overlap=1.00, logit_cos=0.9992, L2=50.1764
    Layer 6, scale=1.0: overlap=1.00, logit_cos=0.9968, L2=100.0672
    Layer 6, scale=2.0: overlap=0.90, logit_cos=0.9898, L2=179.6002
    Layer 12, scale=0.5: overlap=0.90, logit_cos=0.9966, L2=102.7941
    Layer 12, scale=1.0: overlap=0.80, logit_cos=0.9873, L2=209.9427
    Layer 12, scale=2.0: overlap=0.60, logit_cos=0.9480, L2=423.3530
    Layer 18, scale=0.5: overlap=0.90, logit_cos=0.9966, L2=103.5379
    Layer 18, scale=1.0: overlap=0.70, logit_cos=0.9797, L2=256.1559
    Layer 18, scale=2.0: overlap=0.60, logit_cos=0.8887, L2=620.8253
    Layer 24, scale=0.5: overlap=0.80, logit_cos=0.9902, L2=181.5526
    Layer 24, scale=1.0: overlap=0.80, logit_cos=0.9650, L2=355.1239
    Layer 24, scale=2.0: overlap=0.20, logit_cos=0.8975, L2=675.8071
    Layer 30, scale=0.5: overlap=0.90, logit_cos=0.9780, L2=282.9632
    Layer 30, scale=1.0: overlap=0.70, logit_cos=0.9297, L2=546.0134
    Layer 30, scale=2.0: overlap=0.20, logit_cos=0.8398, L2=792.3287
    Layer 36, scale=0.5: overlap=0.80, logit_cos=0.9601, L2=384.4621
    Layer 36, scale=1.0: overlap=0.40, logit_cos=0.8953, L2=646.8923
    Layer 36, scale=2.0: overlap=0.20, logit_cos=0.7586, L2=894.2548

  === 功能干预的敏感层 ===
    syntax: 最敏感层=36 (L2=656.9335)
    semantic: 最敏感层=36 (L2=640.9551)
    style: 最敏感层=36 (L2=706.5804)
    tense: 最敏感层=36 (L2=1113.8693)
    polarity: 最敏感层=36 (L2=646.8923)

Results saved to results\phase_clxxv\glm4_results.json
End time: 2026-04-16 22:50:44
