пїњPhase CLXXVI: пњљпњљпњљпњљпњљпњљпњљ№Ј÷љпњљ пњљпњљ —∞пњљ“±дїїпњљпњљпњљпњљQ -- glm4
Start time: 2026-04-16 23:13:53
[model_utils] Loading glm4...
python : 
жЙАеЬ®дљНзљЃ и°М:1 е≠Чзђ¶: 262
+ ... Lens-main'; python -u phase_clxxvi_orthogonal_functional_decompositio ...
+                 ~~~~~~~~~~~~~~~~~~~~~~~~~~~~~~~~~~~~~~~~~~~~~~~~~~~~~~~~~
    + CategoryInfo          : NotSpecified: (:String) [], RemoteException
    + FullyQualifiedErrorId : NativeCommandError
 
Loading weights:   0%|          | 0/443 [00:00<?, ?it/s]
Loading weights: 100%|пњљпњљпњљпњљпњљпњљпњљпњљпњљпњљпњљпњљпњљпњљпњљпњљпњљпњљпњљпњљ| 443/443 [00:00<00:00, 19856.34it/s]
[model_utils] glm4 loaded, device=cuda:0, class=GlmForCausalLM

--- P761: пњљпњљпњљ№ЈпњљпњљпњљƒЊпњљ»Јпњљпњљ»°пњљпњљпњљпњљпњљпњљпњљпњљ ---
  пњљпњљпњљпњљпњљпњљ: [0, 10, 20, 30, 37, 39]

  === Layer 0 ===

  ‘≠ Љпњљпњљпњљпњљпњљпњљпњљпњљпњљпњљ:
    polarity vs semantic: cos=0.0234
    polarity vs style: cos=0.0899
    polarity vs syntax: cos=-0.0098
    polarity vs tense: cos=0.0071
    semantic vs style: cos=0.0057
    semantic vs syntax: cos=0.0326
    semantic vs tense: cos=-0.0308
    style vs syntax: cos=0.0107
    style vs tense: cos=0.0128
    syntax vs tense: cos=0.0474

  пњљпњљпњљпњљпњљпњљпњљпњљѕҐпњљпњљпњљпњљпњљпњљ:
    polarity: 1.0000
    semantic: 0.9997
    style: 0.9959
    syntax: 0.9993
    tense: 0.9982
    syntax: eff_rank=5.7, top3_SV=64.4%
    semantic: eff_rank=8.5, top3_SV=43.3%
    style: eff_rank=9.5, top3_SV=38.4%
    tense: eff_rank=9.2, top3_SV=40.1%
    polarity: eff_rank=4.1, top3_SV=83.2%

  Rпњљпњљпњљпњљ(пњљпњљпњљпњљпњљпњљ, пњљпњљ Њпњљпњљпњљпњљпњљпњљпњљ–µƒїпњљпњљѕµпњљпњљ):
    polarity: ['1.000', '0.023', '0.090', '-0.010', '0.007']
    semantic: ['0.000', '-1.000', '-0.004', '-0.033', '0.031']
    style: ['0.000', '0.000', '0.996', '0.012', '0.012']
    syntax: ['0.000', '0.000', '0.000', '0.999', '0.048']
    tense: ['0.000', '0.000', '0.000', '0.000', '0.998']

  === Layer 10 ===

  ‘≠ Љпњљпњљпњљпњљпњљпњљпњљпњљпњљпњљ:
    polarity vs semantic: cos=0.0208
    polarity vs style: cos=0.1085
    polarity vs syntax: cos=0.0598
    polarity vs tense: cos=0.0167
    semantic vs style: cos=0.0557
    semantic vs syntax: cos=-0.0323
    semantic vs tense: cos=-0.0053
    style vs syntax: cos=0.0514
    style vs tense: cos=0.0158
    syntax vs tense: cos=0.1662

  пњљпњљпњљпњљпњљпњљпњљпњљѕҐпњљпњљпњљпњљпњљпњљ:
    polarity: 1.0000
    semantic: 0.9998
    style: 0.9927
    syntax: 0.9965
    tense: 0.9860
    syntax: eff_rank=7.8, top3_SV=52.5%
    semantic: eff_rank=9.8, top3_SV=34.4%
    style: eff_rank=9.5, top3_SV=37.7%
    tense: eff_rank=8.8, top3_SV=44.5%
    polarity: eff_rank=9.1, top3_SV=41.3%

  Rпњљпњљпњљпњљ(пњљпњљпњљпњљпњљпњљ, пњљпњљ Њпњљпњљпњљпњљпњљпњљпњљ–µƒїпњљпњљѕµпњљпњљ):
    polarity: ['-1.000', '-0.021', '-0.108', '-0.060', '-0.017']
    semantic: ['0.000', '1.000', '0.053', '-0.034', '-0.006']
    style: ['0.000', '0.000', '0.993', '0.047', '0.014']
    syntax: ['0.000', '0.000', '0.000', '-0.997', '-0.165']
    tense: ['0.000', '0.000', '0.000', '0.000', '0.986']

  === Layer 20 ===

  ‘≠ Љпњљпњљпњљпњљпњљпњљпњљпњљпњљпњљ:
    polarity vs semantic: cos=0.0294
    polarity vs style: cos=0.1044
    polarity vs syntax: cos=0.0514
    polarity vs tense: cos=-0.0056
    semantic vs style: cos=0.0359
    semantic vs syntax: cos=-0.1174
    semantic vs tense: cos=-0.0098
    style vs syntax: cos=0.0605
    style vs tense: cos=0.0135
    syntax vs tense: cos=0.1254

  пњљпњљпњљпњљпњљпњљпњљпњљѕҐпњљпњљпњљпњљпњљпњљ:
    polarity: 1.0000
    semantic: 0.9996
    style: 0.9940
    syntax: 0.9898
    tense: 0.9920
    syntax: eff_rank=7.7, top3_SV=51.8%
    semantic: eff_rank=9.8, top3_SV=34.3%
    style: eff_rank=9.4, top3_SV=38.6%
    tense: eff_rank=9.0, top3_SV=42.8%
    polarity: eff_rank=8.8, top3_SV=42.6%

  Rпњљпњљпњљпњљ(пњљпњљпњљпњљпњљпњљ, пњљпњљ Њпњљпњљпњљпњљпњљпњљпњљ–µƒїпњљпњљѕµпњљпњљ):
    polarity: ['1.000', '0.029', '0.104', '0.051', '-0.006']
    semantic: ['0.000', '-1.000', '-0.033', '0.119', '0.010']
    style: ['0.000', '0.000', '0.994', '0.059', '0.014']
    syntax: ['0.000', '0.000', '0.000', '-0.990', '-0.125']
    tense: ['0.000', '0.000', '0.000', '0.000', '0.992']

  === Layer 30 ===

  ‘≠ Љпњљпњљпњљпњљпњљпњљпњљпњљпњљпњљ:
    polarity vs semantic: cos=0.0353
    polarity vs style: cos=0.1252
    polarity vs syntax: cos=0.0446
    polarity vs tense: cos=-0.0131
    semantic vs style: cos=0.0428
    semantic vs syntax: cos=-0.0378
    semantic vs tense: cos=0.0307
    style vs syntax: cos=0.0408
    style vs tense: cos=0.0483
    syntax vs tense: cos=0.0706

  пњљпњљпњљпњљпњљпњљпњљпњљѕҐпњљпњљпњљпњљпњљпњљ:
    polarity: 1.0000
    semantic: 0.9994
    style: 0.9914
    syntax: 0.9975
    tense: 0.9957
    syntax: eff_rank=6.8, top3_SV=57.5%
    semantic: eff_rank=9.7, top3_SV=34.9%
    style: eff_rank=9.5, top3_SV=38.4%
    tense: eff_rank=8.4, top3_SV=46.6%
    polarity: eff_rank=8.6, top3_SV=44.7%

  Rпњљпњљпњљпњљ(пњљпњљпњљпњљпњљпњљ, пњљпњљ Њпњљпњљпњљпњљпњљпњљпњљ–µƒїпњљпњљѕµпњљпњљ):
    polarity: ['1.000', '0.035', '0.125', '0.045', '-0.013']
    semantic: ['0.000', '-0.999', '-0.038', '0.039', '-0.031']
    style: ['0.000', '0.000', '0.991', '0.037', '0.049']
    syntax: ['0.000', '0.000', '0.000', '-0.998', '-0.071']
    tense: ['0.000', '0.000', '0.000', '0.000', '0.996']

  === Layer 37 ===

  ‘≠ Љпњљпњљпњљпњљпњљпњљпњљпњљпњљпњљ:
    polarity vs semantic: cos=0.0389
    polarity vs style: cos=0.1331
    polarity vs syntax: cos=0.0204
    polarity vs tense: cos=0.0043
    semantic vs style: cos=0.0439
    semantic vs syntax: cos=-0.0385
    semantic vs tense: cos=0.0308
    style vs syntax: cos=0.0044
    style vs tense: cos=0.0157
    syntax vs tense: cos=0.0649

  пњљпњљпњљпњљпњљпњљпњљпњљѕҐпњљпњљпњљпњљпњљпњљ:
    polarity: 1.0000
    semantic: 0.9992
    style: 0.9903
    syntax: 0.9990
    tense: 0.9972
    syntax: eff_rank=7.3, top3_SV=53.5%
    semantic: eff_rank=9.7, top3_SV=35.5%
    style: eff_rank=9.3, top3_SV=40.0%
    tense: eff_rank=8.7, top3_SV=44.4%
    polarity: eff_rank=9.0, top3_SV=42.4%

  Rпњљпњљпњљпњљ(пњљпњљпњљпњљпњљпњљ, пњљпњљ Њпњљпњљпњљпњљпњљпњљпњљ–µƒїпњљпњљѕµпњљпњљ):
    polarity: ['1.000', '0.039', '0.133', '0.020', '0.004']
    semantic: ['0.000', '-0.999', '-0.039', '0.039', '-0.031']
    style: ['0.000', '0.000', '0.990', '0.003', '0.014']
    syntax: ['0.000', '0.000', '0.000', '-0.999', '-0.066']
    tense: ['0.000', '0.000', '0.000', '0.000', '0.997']

  === Layer 39 ===

  ‘≠ Љпњљпњљпњљпњљпњљпњљпњљпњљпњљпњљ:
    polarity vs semantic: cos=0.1604
    polarity vs style: cos=0.1894
    polarity vs syntax: cos=0.0230
    polarity vs tense: cos=0.0800
    semantic vs style: cos=0.1919
    semantic vs syntax: cos=-0.0260
    semantic vs tense: cos=0.0722
    style vs syntax: cos=0.0972
    style vs tense: cos=0.1857
    syntax vs tense: cos=0.0459

  пњљпњљпњљпњљпњљпњљпњљпњљѕҐпњљпњљпњљпњљпњљпњљ:
    polarity: 1.0000
    semantic: 0.9870
    style: 0.9682
    syntax: 0.9942
    tense: 0.9806
    syntax: eff_rank=7.1, top3_SV=52.3%
    semantic: eff_rank=9.7, top3_SV=36.0%
    style: eff_rank=9.2, top3_SV=41.1%
    tense: eff_rank=8.6, top3_SV=44.7%
    polarity: eff_rank=9.0, top3_SV=42.8%

  Rпњљпњљпњљпњљ(пњљпњљпњљпњљпњљпњљ, пњљпњљ Њпњљпњљпњљпњљпњљпњљпњљ–µƒїпњљпњљѕµпњљпњљ):
    polarity: ['1.000', '0.160', '0.189', '0.023', '0.080']
    semantic: ['0.000', '-0.987', '-0.164', '0.030', '-0.060']
    style: ['0.000', '0.000', '0.968', '0.101', '0.166']
    syntax: ['0.000', '0.000', '0.000', '0.994', '0.029']
    tense: ['0.000', '0.000', '0.000', '0.000', '0.981']

--- P762: пњљпњљпњљпњљProcrustesпњљпњљпњљпњљ ---

  === пњљпњљпњљProcrustesпњљпњљпњљпњљ ===
    L0 vs L10: error=1.2734, diag_dominance=14.54x
    L0 vs L20: error=1.3088, diag_dominance=14.93x
    L0 vs L30: error=1.3107, diag_dominance=17.06x
    L0 vs L37: error=1.3421, diag_dominance=13.38x
    L0 vs L39: error=1.3647, diag_dominance=3.86x
    L10 vs L20: error=0.9696, diag_dominance=22.01x
    L10 vs L30: error=1.1681, diag_dominance=20.71x
    L10 vs L37: error=1.2418, diag_dominance=17.72x
    L10 vs L39: error=1.3110, diag_dominance=10.42x
    L20 vs L30: error=0.9919, diag_dominance=22.36x
    L20 vs L37: error=1.1278, diag_dominance=20.33x
    L20 vs L39: error=1.2417, diag_dominance=14.00x
    L30 vs L37: error=0.7027, diag_dominance=23.90x
    L30 vs L39: error=1.0332, diag_dominance=20.61x
    L37 vs L39: error=0.8289, diag_dominance=21.91x

  === пњљ÷∞пњљпњљ»ґпњљпњљпњљпњљпњљ÷§ ===
    Layer 0: avg_consistency=0.1079
      polarity: cos=0.1441
      semantic: cos=-0.0178
      style: cos=0.2012
      syntax: cos=0.1142
      tense: cos=0.0976
    Layer 10: avg_consistency=0.3260
      polarity: cos=0.5091
      semantic: cos=-0.0107
      style: cos=0.4031
      syntax: cos=0.1624
      tense: cos=0.5661
    Layer 20: avg_consistency=0.3527
      polarity: cos=0.5206
      semantic: cos=0.0495
      style: cos=0.4008
      syntax: cos=0.2633
      tense: cos=0.5293

--- P763: пњљпњљпњљпњљпњљ”њ’Љпњљќђпњљ»≤пњљпњљпњљ ---
  ƒњпњљпњљпњљ: 20 (пњљ–Љпњљпњљ)

  syntax:
    пњљпњљ–Іпњљпњљ: 7.1
    90%пњљпњљпњљпњљпњљпњљ 6 ќђ, 95%пњљпњљ 7 ќђ, 99%пњљпњљ 9 ќђ
    Top-5пњљпњљпњљпњљпњљ: ['0.0553', '0.0288', '0.0201', '0.0102', '0.0082']

  semantic:
    пњљпњљ–Іпњљпњљ: 8.9
    90%пњљпњљпњљпњљпњљпњљ 8 ќђ, 95%пњљпњљ 9 ќђ, 99%пњљпњљ 9 ќђ
    Top-5пњљпњљпњљпњљпњљ: ['0.0175', '0.0165', '0.0139', '0.0133', '0.0128']

  style:
    пњљпњљ–Іпњљпњљ: 8.7
    90%пњљпњљпњљпњљпњљпњљ 8 ќђ, 95%пњљпњљ 8 ќђ, 99%пњљпњљ 9 ќђ
    Top-5пњљпњљпњљпњљпњљ: ['0.0216', '0.0164', '0.0150', '0.0137', '0.0126']

  tense:
    пњљпњљ–Іпњљпњљ: 8.3
    90%пњљпњљпњљпњљпњљпњљ 7 ќђ, 95%пњљпњљ 8 ќђ, 99%пњљпњљ 9 ќђ
    Top-5пњљпњљпњљпњљпњљ: ['0.0258', '0.0232', '0.0188', '0.0135', '0.0104']

  polarity:
    пњљпњљ–Іпњљпњљ: 8.4
    90%пњљпњљпњљпњљпњљпњљ 7 ќђ, 95%пњљпњљ 8 ќђ, 99%пњљпњљ 9 ќђ
    Top-5пњљпњљпњљпњљпњљ: ['0.0272', '0.0213', '0.0166', '0.0134', '0.0122']

  === пњљпњљќђпњљпњљпњљ”њ’ЉпњљпњљЎµпњљпњљпњљ ===
    polarity vs semantic: max_cos=0.1210, mean_cos=0.0676
    polarity vs style: max_cos=0.1359, mean_cos=0.0620
    polarity vs syntax: max_cos=0.0944, mean_cos=0.0706
    polarity vs tense: max_cos=0.0687, mean_cos=0.0436
    semantic vs style: max_cos=0.2009, mean_cos=0.1201
    semantic vs syntax: max_cos=0.1018, mean_cos=0.0525
    semantic vs tense: max_cos=0.0985, mean_cos=0.0476
    style vs syntax: max_cos=0.2135, mean_cos=0.1186
    style vs tense: max_cos=0.1015, mean_cos=0.0450
    syntax vs tense: max_cos=0.0825, mean_cos=0.0385

--- P764: пњљпњљпњљпњљпњљпњљ‘§пњљпњљ÷§ ---
  пњљпњљпњљпњљпњљпњљпњљпњљ: ['polarity', 'semantic', 'style', 'syntax', 'tense']
  пњљпњљ‘§пњљпњљ: 36
  пњљпњљ‘§«њпњљпњљ: 1.0

  === пњљпњљпњљпњљпњљпњљ‘§–Іпњљпњљпњљпњљпњљпњљ ===
  (пњљпњљ=пњљпњљ‘§ќђпњљпњљ, пњљпњљ=пњљпњљпњљпњљќђпњљпњљ, ÷µ=logitЌґ”∞пњљдїѓ)
    polarity:   181.20    67.69   129.68   135.91    43.50 
    semantic:    37.66   412.62    19.27    35.90    46.29 
       style:     8.80    29.15    53.57   100.23   118.93 
      syntax:     8.62    15.90    73.68    80.49    95.67 
       tense:   135.60   328.18   413.66   286.99   675.84 

  пњљ‘љпњљпњљпњљ∆љпњљпњљ: 280.7452
  пњљ«ґ‘љпњљпњљпњљ∆љпњљпњљ: 106.5651
  —°пњљпњљпњљпњљ÷Єпњљпњљ(пњљ‘љпњљ/пњљ«ґ‘љпњљ): 2.63x

Results saved to results\phase_clxxvi\glm4_results.json
End time: 2026-04-16 23:14:59
