======================================================================
Phase CCXXXII: 频分复用的来源(训练vs架构) — GLM4-9B-Chat
Phase CCXXXII: 频分复用的来源(训练vs架构) — GLM4-9B-Chat
  n_pairs=80, d_model=4096, n_layers=40
  n_pairs=80, d_model=4096, n_layers=40
  时间=2026-04-24 06:41:54
======================================================================
  时间=2026-04-24 06:41:54
--
======================================================================

--- S1: 加载训练模型 ---
  加载完成: n_layers=40, d_model=4096

============================================================
S2: 训练模型 — 5特征PC1正交性(最后一层)
============================================================
  收集 tense (80对, 类型=SYN)...
  加载完成: n_layers=40, d_model=4096

============================================================
S2: 训练模型 — 5特征PC1正交性(最后一层)
============================================================
  收集 tense (80对, 类型=SYN)...
    PC1解释方差: 0.081, 样本数: 80
  收集 polarity (80对, 类型=SYN)...
    PC1解释方差: 0.081, 样本数: 80
  收集 polarity (80对, 类型=SYN)...
    PC1解释方差: 0.093, 样本数: 78
  收集 voice (80对, 类型=SYN)...
    PC1解释方差: 0.093, 样本数: 78
  收集 voice (80对, 类型=SYN)...
    PC1解释方差: 0.141, 样本数: 80
  收集 semantic_valence (80对, 类型=SEM)...
    PC1解释方差: 0.141, 样本数: 80
  收集 semantic_valence (80对, 类型=SEM)...
    PC1解释方差: 0.057, 样本数: 78
  收集 semantic_topic (80对, 类型=SEM)...
    PC1解释方差: 0.057, 样本数: 78
  收集 semantic_topic (80对, 类型=SEM)...
======================================================================
Phase CCXXXII: 频分复用的来源(训练vs架构) — GLM4-9B-Chat
  n_pairs=80, d_model=4096, n_layers=40
  时间=2026-04-24 07:12:21
======================================================================

--- S1: 加载训练模型 ---
    PC1解释方差: 0.050, 样本数: 77

  训练模型PC1×PC1 |cos|:
    tense × semantic_valence: 0.7342
    tense × semantic_topic: 0.6583
    semantic_valence × semantic_topic: 0.6071
    polarity × semantic_valence: 0.5950
    tense × polarity: 0.5541
    polarity × semantic_topic: 0.4412
    tense × voice: 0.2164
    voice × semantic_valence: 0.1649
    polarity × voice: 0.1132
    voice × semantic_topic: 0.0605
  平均|cos|: 0.4145, 最大|cos|: 0.7342

============================================================
S3: 训练模型残差旋转分量
============================================================
    PC1解释方差: 0.050, 样本数: 77

  训练模型PC1×PC1 |cos|:
    tense × semantic_valence: 0.7342
    tense × semantic_topic: 0.6583
    semantic_valence × semantic_topic: 0.6071
    polarity × semantic_valence: 0.5950
    tense × polarity: 0.5541
    polarity × semantic_topic: 0.4412
    tense × voice: 0.2164
    voice × semantic_valence: 0.1649
    polarity × voice: 0.1132
    voice × semantic_topic: 0.0605
  平均|cos|: 0.4145, 最大|cos|: 0.7342

============================================================
S3: 训练模型残差旋转分量
============================================================
  Δh⊥h平均比例: 0.7814
  训练模型已释放

============================================================
S4: 加载随机初始化模型(同架构)
============================================================
  Δh⊥h平均比例: 0.7814
  训练模型已释放

============================================================
S4: 加载随机初始化模型(同架构)
============================================================
