[00:27:46] Phase CCXVIII: 精细层扫描 + CCA子空间度量 + 跨层旋转追踪
[00:27:46] Model: GLM4-9B-Chat, n_pairs=60
[00:27:46] Loading model...
[00:28:00] Model loaded in 13s
[00:28:00] n_layers=40, n_heads=32, head_dim=128, d_model=4096
[00:28:00] Sampled layers (21): [0, 2, 4, 6, 8, 10, 12, 14, 16, 18, 20, 22, 24, 26, 28, 30, 32, 34, 36, 38, 39]
[00:28:00] 
============================================================
[00:28:00] S1: 全层差分向量收集 (精细每2层扫描)
[00:28:00] ============================================================
[00:28:00]   Registered 24 hooks
[00:28:00]   [1/12] tense (SYN): 60 pairs
[00:28:50]     Collected 1260 valid delta vectors (all layers)
[00:28:50]   [2/12] polarity (SYN): 60 pairs
[00:29:38]     Collected 1260 valid delta vectors (all layers)
[00:29:38]   [3/12] number (SYN): 60 pairs
[00:30:27]     Collected 1260 valid delta vectors (all layers)
[00:30:27]   [4/12] negation (SYN): 60 pairs
[00:31:16]     Collected 1260 valid delta vectors (all layers)
[00:31:16]   [5/12] question (SYN): 60 pairs
[00:32:04]     Collected 1260 valid delta vectors (all layers)
[00:32:04]   [6/12] person (SYN): 60 pairs
[00:32:52]     Collected 1260 valid delta vectors (all layers)
[00:32:52]   [7/12] definiteness (SYN): 60 pairs
[00:33:40]     Collected 1260 valid delta vectors (all layers)
[00:33:40]   [8/12] info_structure (SYN): 60 pairs
[00:34:29]     Collected 1260 valid delta vectors (all layers)
[00:34:29]   [9/12] sentiment (SEM): 60 pairs
[00:35:18]     Collected 1260 valid delta vectors (all layers)
[00:35:18]   [10/12] semantic_topic (SEM): 60 pairs
[00:36:07]     Collected 1260 valid delta vectors (all layers)
[00:36:07]   [11/12] voice (SEM): 60 pairs
[00:36:55]     Collected 1260 valid delta vectors (all layers)
[00:36:55]   [12/12] formality (SEM): 60 pairs
[00:37:44]     Collected 1260 valid delta vectors (all layers)
[00:37:44] 
============================================================
[00:37:44] S2: 精细PCA演变 + 信息瓶颈精确定位
[00:37:44] ============================================================
[00:37:44]   L0: PC1=0.0471, cum5=0.1411, cos=0.8075, CCA=0.2479, CKA=0.0000, norm(S/E)=0/0
[00:37:44]   L2: PC1=0.0545, cum5=0.1792, cos=0.6888, CCA=0.3442, CKA=0.0000, norm(S/E)=1/1
[00:37:44]   L4: PC1=0.0596, cum5=0.1570, cos=0.7833, CCA=0.4001, CKA=0.0000, norm(S/E)=1/2
[00:37:44]   L6: PC1=0.0577, cum5=0.1624, cos=0.7902, CCA=0.4220, CKA=0.0000, norm(S/E)=1/2
[00:37:44]   L8: PC1=0.0512, cum5=0.1535, cos=0.7799, CCA=0.4591, CKA=0.0000, norm(S/E)=2/3
[00:37:44]   L10: PC1=0.0427, cum5=0.1499, cos=0.8559, CCA=0.4944, CKA=0.0000, norm(S/E)=3/3
[00:37:44]   L12: PC1=0.0406, cum5=0.1438, cos=0.8644, CCA=0.4655, CKA=0.0000, norm(S/E)=3/4
[00:37:44]   L14: PC1=0.0466, cum5=0.1454, cos=0.8444, CCA=0.4280, CKA=-0.3825, norm(S/E)=3/5
[00:37:44]   L16: PC1=0.0469, cum5=0.1541, cos=0.8869, CCA=0.4479, CKA=-0.2357, norm(S/E)=4/6
[00:37:44]   L18: PC1=0.0489, cum5=0.1558, cos=0.8717, CCA=0.4484, CKA=0.0000, norm(S/E)=5/7
[00:37:44]   L20: PC1=0.0537, cum5=0.1588, cos=0.8822, CCA=0.4265, CKA=0.0000, norm(S/E)=7/9
[00:37:44]   L22: PC1=0.0574, cum5=0.1640, cos=0.8352, CCA=0.4563, CKA=0.0000, norm(S/E)=9/12
[00:37:44]   L24: PC1=0.0514, cum5=0.1596, cos=0.8084, CCA=0.4339, CKA=0.0000, norm(S/E)=14/20
[00:37:44]   L26: PC1=0.0479, cum5=0.1540, cos=0.8287, CCA=0.4162, CKA=0.0000, norm(S/E)=20/30
[00:37:44]   L28: PC1=0.0511, cum5=0.1520, cos=0.8187, CCA=0.3903, CKA=0.8165, norm(S/E)=28/43
[00:37:44]   L30: PC1=0.0613, cum5=0.1568, cos=0.8224, CCA=0.3787, CKA=0.2887, norm(S/E)=35/55
[00:37:44]   L32: PC1=0.0703, cum5=0.1585, cos=0.8160, CCA=0.3686, CKA=0.0000, norm(S/E)=41/65
[00:37:44]   L34: PC1=0.0764, cum5=0.1601, cos=0.8428, CCA=0.3543, CKA=0.0000, norm(S/E)=46/73
[00:37:45]   L36: PC1=0.0842, cum5=0.1672, cos=0.8137, CCA=0.3230, CKA=0.0000, norm(S/E)=53/83
[00:37:45]   L38: PC1=0.0666, cum5=0.1815, cos=0.7591, CCA=0.3164, CKA=0.0000, norm(S/E)=92/139
[00:37:45]   L39: PC1=0.1314, cum5=0.3291, cos=0.6854, CCA=0.3177, CKA=0.0000, norm(S/E)=130/196
[00:37:45] 
--- Information Bottleneck & Orthogonality ---
[00:37:45]   Information bottleneck: L39 (PC1=0.1314)
[00:37:45]   Most orthogonal (centroid_cos): L39 (cos=0.6854)
[00:37:45]   Most orthogonal (CCA): L0 (CCA=0.2479)
[00:37:45] 
============================================================
[00:37:45] S3: 跨层PC旋转追踪
[00:37:45] ============================================================
[00:37:45]   L0->L2: PC1_rot=0.3932, avg_rot(5PC)=0.1046
[00:37:45]   L2->L4: PC1_rot=0.5395, avg_rot(5PC)=0.5199
[00:37:45]   L4->L6: PC1_rot=0.7387, avg_rot(5PC)=0.7716
[00:37:45]   L6->L8: PC1_rot=0.7502, avg_rot(5PC)=0.7737
[00:37:45]   L8->L10: PC1_rot=0.8004, avg_rot(5PC)=0.7205
[00:37:45]   L10->L12: PC1_rot=0.8383, avg_rot(5PC)=0.6890
[00:37:45]   L12->L14: PC1_rot=0.7990, avg_rot(5PC)=0.7137
[00:37:45]   L14->L16: PC1_rot=0.8474, avg_rot(5PC)=0.6889
[00:37:45]   L16->L18: PC1_rot=0.8353, avg_rot(5PC)=0.7487
[00:37:45]   L18->L20: PC1_rot=0.8693, avg_rot(5PC)=0.5747
[00:37:45]   L20->L22: PC1_rot=0.8163, avg_rot(5PC)=0.7171
[00:37:45]   L22->L24: PC1_rot=0.8619, avg_rot(5PC)=0.5546
[00:37:45]   L24->L26: PC1_rot=0.8861, avg_rot(5PC)=0.8340
[00:37:45]   L26->L28: PC1_rot=0.8506, avg_rot(5PC)=0.8128
[00:37:45]   L28->L30: PC1_rot=0.3763, avg_rot(5PC)=0.6970
[00:37:45]   L30->L32: PC1_rot=0.9737, avg_rot(5PC)=0.9530
[00:37:45]   L32->L34: PC1_rot=0.9826, avg_rot(5PC)=0.9657
[00:37:45]   L34->L36: PC1_rot=0.9777, avg_rot(5PC)=0.8858
[00:37:45]   L36->L38: PC1_rot=0.7214, avg_rot(5PC)=0.5447
[00:37:45]   L38->L39: PC1_rot=0.4650, avg_rot(5PC)=0.4430
[00:37:45]   Max PC1 rotation: L28->L30 (rot=0.6237)
[00:37:45] 
============================================================
[00:37:45] S4: Per-feature Head贡献矩阵
[00:37:45] ============================================================
[00:37:45]   L0: Head-Feature contribution matrix (32x12)
[00:37:45]   Per-feature top Heads:
[00:37:45]     tense: Top Heads=[29, 18, 10], norms=['0.0', '0.0', '0.0']
[00:37:45]     polarity: Top Heads=[29, 18, 10], norms=['0.0', '0.0', '0.0']
[00:37:45]     number: Top Heads=[29, 18, 10], norms=['0.0', '0.0', '0.0']
[00:37:45]     negation: Top Heads=[29, 18, 10], norms=['0.0', '0.0', '0.0']
[00:37:45]     question: Top Heads=[29, 18, 10], norms=['0.0', '0.0', '0.0']
[00:37:45]     person: Top Heads=[29, 18, 10], norms=['0.0', '0.0', '0.0']
[00:37:45]     definiteness: Top Heads=[18, 29, 10], norms=['0.0', '0.0', '0.0']
[00:37:45]     info_structure: Top Heads=[29, 10, 18], norms=['0.0', '0.0', '0.0']
[00:37:45]     sentiment: Top Heads=[29, 18, 10], norms=['0.0', '0.0', '0.0']
[00:37:45]     semantic_topic: Top Heads=[29, 18, 10], norms=['0.0', '0.0', '0.0']
[00:37:45]     voice: Top Heads=[10, 29, 18], norms=['0.0', '0.0', '0.0']
[00:37:45]     formality: Top Heads=[29, 18, 10], norms=['0.0', '0.0', '0.0']
[00:37:45]   Per-head top Features:
[00:37:45]     H0: Top Features=['formality', 'question', 'voice'], norms=['0.0', '0.0', '0.0']
[00:37:45]     H1: Top Features=['formality', 'question', 'voice'], norms=['0.0', '0.0', '0.0']
[00:37:45]     H2: Top Features=['formality', 'question', 'voice'], norms=['0.0', '0.0', '0.0']
[00:37:45]     H3: Top Features=['formality', 'question', 'voice'], norms=['0.0', '0.0', '0.0']
[00:37:45]     H4: Top Features=['formality', 'question', 'voice'], norms=['0.0', '0.0', '0.0']
[00:37:45]     H5: Top Features=['formality', 'question', 'voice'], norms=['0.0', '0.0', '0.0']
[00:37:45]     H6: Top Features=['formality', 'question', 'voice'], norms=['0.0', '0.0', '0.0']
[00:37:45]     H7: Top Features=['formality', 'question', 'voice'], norms=['0.0', '0.0', '0.0']
[00:37:45]     H8: Top Features=['formality', 'question', 'voice'], norms=['0.0', '0.0', '0.0']
[00:37:45]     H9: Top Features=['formality', 'voice', 'question'], norms=['0.0', '0.0', '0.0']
[00:37:45]   L20: Head-Feature contribution matrix (32x12)
[00:37:45]   Per-feature top Heads:
[00:37:45]     tense: Top Heads=[18, 20, 4], norms=['0.2', '0.1', '0.1']
[00:37:45]     polarity: Top Heads=[18, 6, 4], norms=['0.3', '0.2', '0.2']
[00:37:45]     number: Top Heads=[18, 5, 22], norms=['0.2', '0.2', '0.2']
[00:37:45]     negation: Top Heads=[18, 30, 24], norms=['0.2', '0.1', '0.1']
[00:37:45]     question: Top Heads=[18, 29, 8], norms=['0.7', '0.2', '0.2']
[00:37:45]     person: Top Heads=[18, 22, 29], norms=['0.2', '0.1', '0.1']
[00:37:45]     definiteness: Top Heads=[18, 11, 29], norms=['0.2', '0.2', '0.2']
[00:37:45]     info_structure: Top Heads=[18, 22, 19], norms=['0.4', '0.3', '0.3']
[00:37:45]     sentiment: Top Heads=[18, 25, 13], norms=['0.2', '0.1', '0.1']
[00:37:45]     semantic_topic: Top Heads=[18, 2, 29], norms=['0.4', '0.2', '0.2']
[00:37:45]     voice: Top Heads=[18, 7, 12], norms=['0.5', '0.3', '0.3']
[00:37:45]     formality: Top Heads=[18, 29, 4], norms=['0.5', '0.2', '0.2']
[00:37:45]   Per-head top Features:
[00:37:45]     H0: Top Features=['voice', 'info_structure', 'semantic_topic'], norms=['0.3', '0.3', '0.2']
[00:37:45]     H1: Top Features=['voice', 'info_structure', 'question'], norms=['0.3', '0.3', '0.2']
[00:37:45]     H2: Top Features=['voice', 'info_structure', 'semantic_topic'], norms=['0.3', '0.3', '0.2']
[00:37:45]     H3: Top Features=['voice', 'info_structure', 'semantic_topic'], norms=['0.3', '0.3', '0.2']
[00:37:45]     H4: Top Features=['voice', 'info_structure', 'formality'], norms=['0.3', '0.3', '0.2']
[00:37:45]     H5: Top Features=['voice', 'info_structure', 'formality'], norms=['0.3', '0.3', '0.2']
[00:37:45]     H6: Top Features=['voice', 'info_structure', 'formality'], norms=['0.3', '0.3', '0.2']
[00:37:45]     H7: Top Features=['voice', 'info_structure', 'semantic_topic'], norms=['0.3', '0.3', '0.2']
[00:37:45]     H8: Top Features=['voice', 'info_structure', 'semantic_topic'], norms=['0.3', '0.3', '0.2']
[00:37:45]     H9: Top Features=['voice', 'info_structure', 'semantic_topic'], norms=['0.3', '0.3', '0.2']
[00:37:45]   L39: Head-Feature contribution matrix (32x12)
[00:37:45]   Per-feature top Heads:
[00:37:45]     tense: Top Heads=[18, 12, 27], norms=['2.3', '1.1', '1.0']
[00:37:45]     polarity: Top Heads=[18, 27, 12], norms=['3.0', '1.5', '1.4']
[00:37:45]     number: Top Heads=[18, 12, 27], norms=['3.9', '1.6', '1.5']
[00:37:45]     negation: Top Heads=[18, 12, 27], norms=['3.4', '1.5', '1.3']
[00:37:45]     question: Top Heads=[18, 12, 8], norms=['5.5', '3.3', '3.0']
[00:37:45]     person: Top Heads=[18, 12, 27], norms=['4.1', '1.7', '1.7']
[00:37:45]     definiteness: Top Heads=[18, 27, 12], norms=['3.8', '1.5', '1.5']
[00:37:45]     info_structure: Top Heads=[18, 12, 8], norms=['6.4', '2.9', '2.7']
[00:37:45]     sentiment: Top Heads=[18, 12, 11], norms=['4.2', '1.7', '1.4']
[00:37:45]     semantic_topic: Top Heads=[18, 12, 27], norms=['4.2', '2.3', '2.1']
[00:37:45]     voice: Top Heads=[18, 12, 11], norms=['5.2', '2.6', '2.4']
[00:37:45]     formality: Top Heads=[18, 27, 12], norms=['6.1', '3.0', '3.0']
[00:37:45]   Per-head top Features:
[00:37:45]     H0: Top Features=['formality', 'question', 'info_structure'], norms=['2.8', '2.8', '2.4']
[00:37:45]     H1: Top Features=['question', 'formality', 'info_structure'], norms=['2.8', '2.7', '2.3']
[00:37:45]     H2: Top Features=['question', 'formality', 'info_structure'], norms=['2.9', '2.9', '2.4']
[00:37:45]     H3: Top Features=['question', 'formality', 'info_structure'], norms=['2.8', '2.7', '2.3']
[00:37:45]     H4: Top Features=['formality', 'question', 'info_structure'], norms=['2.8', '2.8', '2.5']
[00:37:45]     H5: Top Features=['question', 'formality', 'info_structure'], norms=['2.8', '2.6', '2.3']
[00:37:45]     H6: Top Features=['question', 'formality', 'info_structure'], norms=['2.7', '2.7', '2.3']
[00:37:45]     H7: Top Features=['question', 'formality', 'info_structure'], norms=['3.0', '2.8', '2.4']
[00:37:45]     H8: Top Features=['question', 'info_structure', 'formality'], norms=['3.0', '2.7', '2.7']
[00:37:45]     H9: Top Features=['question', 'formality', 'info_structure'], norms=['2.8', '2.7', '2.4']
[00:37:45] 
============================================================
[00:37:45] S5: Head聚类分析
[00:37:45] ============================================================
[00:37:45]   L0 clusters=2: sizes=[3, 29], syn_prefs=['0.64', '0.74'], max_ratio=1.15
[00:37:45]   L0 clusters=3: sizes=[3, 3, 26], syn_prefs=['0.64', '0.72', '0.74'], max_ratio=1.15
[00:37:45]   L0 clusters=4: sizes=[3, 3, 16, 10], syn_prefs=['0.64', '0.72', '0.74', '0.75'], max_ratio=1.16
[00:37:45]   L0 Best 2-cluster: SYN heads=[0, 1, 2, 3, 4, 5, 6, 7, 8, 9, 11, 12, 13, 14, 15, 16, 17, 19, 20, 21, 22, 23, 24, 25, 26, 27, 28, 30, 31], SEM heads=[10, 18, 29]
[00:37:45]   L0 Cluster quality: intra_syn=0.026, intra_sem=0.015, inter=0.060
[00:37:45]   L20 clusters=2: sizes=[31, 1], syn_prefs=['0.76', '0.74'], max_ratio=1.03
[00:37:45]   L20 clusters=3: sizes=[11, 20, 1], syn_prefs=['0.76', '0.76', '0.74'], max_ratio=1.03
[00:37:45]   L20 clusters=4: sizes=[11, 6, 14, 1], syn_prefs=['0.76', '0.75', '0.76', '0.74'], max_ratio=1.04
[00:37:45]   L20 Best 2-cluster: SYN heads=[0, 1, 2, 3, 4, 5, 6, 7, 8, 9, 10, 11, 12, 13, 14, 15, 16, 17, 19, 20, 21, 22, 23, 24, 25, 26, 27, 28, 29, 30, 31], SEM heads=[18]
[00:37:45]   L20 Cluster quality: intra_syn=0.002, intra_sem=0.000, inter=0.014
[00:37:45]   L39 clusters=2: sizes=[31, 1], syn_prefs=['0.79', '0.82'], max_ratio=1.03
[00:37:45]   L39 clusters=3: sizes=[2, 29, 1], syn_prefs=['0.80', '0.79', '0.82'], max_ratio=1.03
[00:37:45]   L39 clusters=4: sizes=[2, 9, 20, 1], syn_prefs=['0.80', '0.80', '0.79', '0.82'], max_ratio=1.04
[00:37:45]   L39 Best 2-cluster: SYN heads=[18], SEM heads=[0, 1, 2, 3, 4, 5, 6, 7, 8, 9, 10, 11, 12, 13, 14, 15, 16, 17, 19, 20, 21, 22, 23, 24, 25, 26, 27, 28, 29, 30, 31]
[00:37:45]   L39 Cluster quality: intra_syn=0.000, intra_sem=nan, inter=0.010
[00:37:45] 
============================================================
[00:37:45] S6: 因果原子词典 + 统计总结
[00:37:45] ============================================================
[00:37:45]   Growth: syn_mean=51.45x vs sem_mean=55.97x, p=1.0000
[00:37:45] 
  Causal Atom Dictionary (L39, ranked by |PC1 centroid|):
[00:37:45]     question [SYN]: PC1 centroid=-127.518, growth=48.7x
[00:37:45]     formality [SEM]: PC1 centroid=-59.154, growth=45.1x
[00:37:45]     voice [SEM]: PC1 centroid=41.201, growth=63.8x
[00:37:45]     sentiment [SEM]: PC1 centroid=-22.199, growth=44.9x
[00:37:45]     person [SYN]: PC1 centroid=-16.156, growth=47.6x
[00:37:45]     negation [SYN]: PC1 centroid=-15.182, growth=50.3x
[00:37:45]     polarity [SYN]: PC1 centroid=-13.032, growth=45.3x
[00:37:45]     number [SYN]: PC1 centroid=11.392, growth=52.5x
[00:37:45]     definiteness [SYN]: PC1 centroid=-10.482, growth=59.0x
[00:37:45]     info_structure [SYN]: PC1 centroid=8.196, growth=61.7x
[00:37:45]     tense [SYN]: PC1 centroid=5.127, growth=46.6x
[00:37:45]     semantic_topic [SEM]: PC1 centroid=-2.130, growth=70.1x
[00:37:45] 
============================================================
[00:37:45] FINAL: glm4
[00:37:45] ============================================================
[00:37:45] 
--- Delta Norms (sampled layers) ---
[00:37:45]   tense [SYN]: 0, 7, 130
[00:37:45]   polarity [SYN]: 0, 7, 130
[00:37:45]   number [SYN]: 0, 7, 130
[00:37:45]   negation [SYN]: 0, 7, 130
[00:37:45]   question [SYN]: 0, 7, 130
[00:37:45]   person [SYN]: 0, 7, 130
[00:37:45]   definiteness [SYN]: 0, 7, 130
[00:37:45]   info_structure [SYN]: 0, 7, 130
[00:37:45]   sentiment [SEM]: 0, 9, 196
[00:37:45]   semantic_topic [SEM]: 0, 9, 196
[00:37:45]   voice [SEM]: 0, 9, 196
[00:37:45]   formality [SEM]: 0, 9, 196
[00:37:45] 
--- PCA Evolution ---
[00:37:45]   L0: PC1=0.0471, cum5=0.1411, cos=0.8075, CCA=0.2479
[00:37:45]   L2: PC1=0.0545, cum5=0.1792, cos=0.6888, CCA=0.3442
[00:37:45]   L4: PC1=0.0596, cum5=0.1570, cos=0.7833, CCA=0.4001
[00:37:45]   L6: PC1=0.0577, cum5=0.1624, cos=0.7902, CCA=0.4220
[00:37:45]   L8: PC1=0.0512, cum5=0.1535, cos=0.7799, CCA=0.4591
[00:37:45]   L10: PC1=0.0427, cum5=0.1499, cos=0.8559, CCA=0.4944
[00:37:45]   L12: PC1=0.0406, cum5=0.1438, cos=0.8644, CCA=0.4655
[00:37:45]   L14: PC1=0.0466, cum5=0.1454, cos=0.8444, CCA=0.4280
[00:37:45]   L16: PC1=0.0469, cum5=0.1541, cos=0.8869, CCA=0.4479
[00:37:45]   L18: PC1=0.0489, cum5=0.1558, cos=0.8717, CCA=0.4484
[00:37:45]   L20: PC1=0.0537, cum5=0.1588, cos=0.8822, CCA=0.4265
[00:37:45]   L22: PC1=0.0574, cum5=0.1640, cos=0.8352, CCA=0.4563
[00:37:45]   L24: PC1=0.0514, cum5=0.1596, cos=0.8084, CCA=0.4339
[00:37:45]   L26: PC1=0.0479, cum5=0.1540, cos=0.8287, CCA=0.4162
[00:37:45]   L28: PC1=0.0511, cum5=0.1520, cos=0.8187, CCA=0.3903
[00:37:45]   L30: PC1=0.0613, cum5=0.1568, cos=0.8224, CCA=0.3787
[00:37:45]   L32: PC1=0.0703, cum5=0.1585, cos=0.8160, CCA=0.3686
[00:37:45]   L34: PC1=0.0764, cum5=0.1601, cos=0.8428, CCA=0.3543
[00:37:45]   L36: PC1=0.0842, cum5=0.1672, cos=0.8137, CCA=0.3230
[00:37:45]   L38: PC1=0.0666, cum5=0.1815, cos=0.7591, CCA=0.3164
[00:37:45]   L39: PC1=0.1314, cum5=0.3291, cos=0.6854, CCA=0.3177
[00:37:45] 
--- PC Rotation ---
[00:37:45]   L0->L2: PC1_rot=0.3932
[00:37:45]   L2->L4: PC1_rot=0.5395
[00:37:45]   L4->L6: PC1_rot=0.7387
[00:37:45]   L6->L8: PC1_rot=0.7502
[00:37:45]   L8->L10: PC1_rot=0.8004
[00:37:45]   L10->L12: PC1_rot=0.8383
[00:37:45]   L12->L14: PC1_rot=0.7990
[00:37:45]   L14->L16: PC1_rot=0.8474
[00:37:45]   L16->L18: PC1_rot=0.8353
[00:37:45]   L18->L20: PC1_rot=0.8693
[00:37:45]   L20->L22: PC1_rot=0.8163
[00:37:45]   L22->L24: PC1_rot=0.8619
[00:37:45]   L24->L26: PC1_rot=0.8861
[00:37:45]   L26->L28: PC1_rot=0.8506
[00:37:45]   L28->L30: PC1_rot=0.3763
[00:37:45]   L30->L32: PC1_rot=0.9737
[00:37:45]   L32->L34: PC1_rot=0.9826
[00:37:45]   L34->L36: PC1_rot=0.9777
[00:37:45]   L36->L38: PC1_rot=0.7214
[00:37:45]   L38->L39: PC1_rot=0.4650
[00:37:45] 
--- Fiber Growth ---
[00:37:45]   tense [SYN]: growth=46.58x
[00:37:45]   polarity [SYN]: growth=45.28x
[00:37:45]   number [SYN]: growth=52.49x
[00:37:45]   negation [SYN]: growth=50.31x
[00:37:45]   question [SYN]: growth=48.71x
[00:37:45]   person [SYN]: growth=47.59x
[00:37:45]   definiteness [SYN]: growth=58.95x
[00:37:45]   info_structure [SYN]: growth=61.65x
[00:37:45]   sentiment [SEM]: growth=44.88x
[00:37:45]   semantic_topic [SEM]: growth=70.07x
[00:37:45]   voice [SEM]: growth=63.77x
[00:37:45]   formality [SEM]: growth=45.14x
[00:37:45] 
--- Head Feature Matrix (L39) ---
[00:37:45]   tense: Top5 Heads=[18, 12, 27, 11, 4], weights=['2.3', '1.1', '1.0', '1.0', '0.9']
[00:37:45]   polarity: Top5 Heads=[18, 27, 12, 11, 7], weights=['3.0', '1.5', '1.4', '1.4', '1.4']
[00:37:45]   number: Top5 Heads=[18, 12, 27, 11, 2], weights=['3.9', '1.6', '1.5', '1.5', '1.4']
[00:37:45]   negation: Top5 Heads=[18, 12, 27, 11, 8], weights=['3.4', '1.5', '1.3', '1.3', '1.2']
[00:37:45]   question: Top5 Heads=[18, 12, 8, 7, 14], weights=['5.5', '3.3', '3.0', '3.0', '3.0']
[00:37:45]   person: Top5 Heads=[18, 12, 27, 11, 7], weights=['4.1', '1.7', '1.7', '1.6', '1.5']
[00:37:45]   definiteness: Top5 Heads=[18, 27, 12, 0, 17], weights=['3.8', '1.5', '1.5', '1.4', '1.4']
[00:37:45]   info_structure: Top5 Heads=[18, 12, 8, 11, 15], weights=['6.4', '2.9', '2.7', '2.7', '2.6']
[00:37:45]   sentiment: Top5 Heads=[18, 12, 11, 8, 27], weights=['4.2', '1.7', '1.4', '1.4', '1.3']
[00:37:45]   semantic_topic: Top5 Heads=[18, 12, 27, 11, 4], weights=['4.2', '2.3', '2.1', '2.1', '2.0']
[00:37:45]   voice: Top5 Heads=[18, 12, 11, 8, 20], weights=['5.2', '2.6', '2.4', '2.3', '2.3']
[00:37:45]   formality: Top5 Heads=[18, 27, 12, 11, 2], weights=['6.1', '3.0', '3.0', '3.0', '2.9']
[00:37:45] 
DONE! Saved to results/causal_fiber/glm4_ccxviii
