=== Phase CCLI: Activation Spectrum & Information Bottleneck ===
Model: GLM4-9B-Chat
Start: 2026-04-25 05:10:28
  Loading: GLM4-9B-Chat (8bit)
Model loaded successfully
Using 50 sentences total

  === Layer 5 ===
    Participation Ratio: 11.18
    Normalized Entropy: 0.7087
    Top-5 var: 0.5622, Top-10: 0.8681, Top-20: 0.9384
    N nonzero dims: 50, Total var: 116.56
    ||tense_dir||=0.67, ||quest_dir||=0.72, ||h||=1.95
    Tense-PC alignment: top1=0.0633, top5=0.0633, top10=0.0633, weighted=0.0604
    Quest-PC alignment: top1=0.0327, top5=0.0551, top10=0.0833, weighted=0.0718

  === Layer 10 ===
    Participation Ratio: 12.36
    Normalized Entropy: 0.7508
    Top-5 var: 0.5293, Top-10: 0.8084, Top-20: 0.9155
    N nonzero dims: 49, Total var: 467.77
    ||tense_dir||=1.32, ||quest_dir||=1.58, ||h||=3.84
    Tense-PC alignment: top1=0.1521, top5=0.1521, top10=0.1521, weighted=0.0859
    Quest-PC alignment: top1=0.0523, top5=0.0523, top10=0.0603, weighted=0.0716

  === Layer 20 ===
    Participation Ratio: 11.99
    Normalized Entropy: 0.7623
    Top-5 var: 0.5361, Top-10: 0.7646, Top-20: 0.8943
    N nonzero dims: 50, Total var: 2890.23
    ||tense_dir||=3.40, ||quest_dir||=5.05, ||h||=11.40
    Tense-PC alignment: top1=0.1132, top5=0.1132, top10=0.1283, weighted=0.0913
    Quest-PC alignment: top1=0.0483, top5=0.1038, top10=0.1783, weighted=0.0939

  === Layer 30 ===
    Participation Ratio: 11.55
    Normalized Entropy: 0.7591
    Top-5 var: 0.5096, Top-10: 0.7462, Top-20: 0.9054
    N nonzero dims: 50, Total var: 68080.54
    ||tense_dir||=14.47, ||quest_dir||=22.51, ||h||=59.82
    Tense-PC alignment: top1=0.0692, top5=0.0902, top10=0.1114, weighted=0.0886
    Quest-PC alignment: top1=0.0115, top5=0.1198, top10=0.2458, weighted=0.0904

  === Layer 38 ===
    Participation Ratio: 8.72
    Normalized Entropy: 0.7470
    Top-5 var: 0.5236, Top-10: 0.7118, Top-20: 0.8832
    N nonzero dims: 50, Total var: 658820.19
    ||tense_dir||=48.16, ||quest_dir||=82.65, ||h||=266.95
    Tense-PC alignment: top1=0.0980, top5=0.1467, top10=0.1467, weighted=0.0925
    Quest-PC alignment: top1=0.2139, top5=0.3961, top10=0.3961, weighted=0.1325

======================================================================
ANALYSIS
======================================================================

  Depth Correlations:
    Corr(L, participation_ratio) = -0.400 (p=0.5046)
    Corr(L, normalized_entropy) = 0.300 (p=0.6238)
    Corr(L, top5_var_explained) = -0.800 (p=0.1041)
    Corr(L, top10_var_explained) = -1.000 (p=0.0000)

  Feature-PC Alignment Correlations:
    Corr(L, tense_weighted) = 0.900 (p=0.0374)
    Corr(L, quest_weighted) = 0.800 (p=0.1041)
    Corr(L, tense_top10) = 0.300 (p=0.6238)
    Corr(L, quest_top10) = 0.900 (p=0.0374)

  Norm Correlations:
    Corr(L, ||tense_dir||) = 1.000
    Corr(L, ||quest_dir||) = 1.000
    Corr(L, ||h||) = 1.000

  Summary Table:
     L     PR  Entropy   Top5  Top10    T_w    Q_w  T_t10  Q_t10
     5   11.2   0.7087 0.5622 0.8681 0.0604 0.0718 0.0633 0.0833
    10   12.4   0.7508 0.5293 0.8084 0.0859 0.0716 0.1521 0.0603
    20   12.0   0.7623 0.5361 0.7646 0.0913 0.0939 0.1283 0.1783
    30   11.6   0.7591 0.5096 0.7462 0.0886 0.0904 0.1114 0.2458
    38    8.7   0.7470 0.5236 0.7118 0.0925 0.1325 0.1467 0.3961

  IB PREDICTIONS:
    SUPPORTED: PR decreases with depth (Corr=-0.400)
    NOT SUPPORTED: Entropy decreases with depth (Corr=0.300)
    NOT SUPPORTED: Top-5 variance increases with depth (Corr=-0.800)
    Feature-PC alignment increases with depth (tense: Corr=0.900, quest: Corr=0.800)

End: 2026-04-25 05:12:20
Results saved to results/causal_fiber/glm4_ccli/results.json
