=== Phase CCXLIII: Equal-Effect Experiment ===
Model: GLM4-9B-Chat, n_pairs: 20
Start: 2026-04-25 01:22:36
  Loading: GLM4-9B-Chat (8bit)
Model loaded successfully

--- tense_x_question (tense x question), n=20 ---
  L1 positions: [5, 13, 20, 26], L2=30
  Collecting baseline hidden states...

  Calibrating alpha for each L1 position...
    L1=5: A_eff at ”┴=1.0 = 15.68
    L1=13: A_eff at ”┴=1.0 = 20.94
    L1=20: A_eff at ”┴=1.0 = 28.53
    L1=26: A_eff at ”┴=1.0 = 47.82
  Target A_eff = 24.73 (median)
    L1=5: needed ”┴ = 1.578
    L1=13: needed ”┴ = 1.181
    L1=20: needed ”┴ = 0.867
    L1=26: needed ”┴ = 0.517

  Measuring curvature with calibrated alpha...

  === Equal-Effect Curvature for tense_x_question ===
  Target A_eff = 24.73
    L1    ”┴_A Dist    A_eff    B_eff  ||[A,B]||   Rel.Curv
  L 5  1.578   25    20.03    79.66      73.30     1.4706
  L13  1.181   17    23.13    79.66      81.76     1.5908
  L20  0.867   10    24.11    79.66      73.09     1.4088
  L26  0.517    4    25.36    79.66      45.46     0.8657

  Corr(L1, Rel.Curv) = -0.763
  Corr(L1, ||[A,B]||) = -0.709
