
============================================================
Phase CCIX: glm4
Path: D:/develop/model/hub/modelscope_cache/ZhipuAI/glm-4-9b-chat-hf
N_pairs: 200
============================================================
[23:55:22] Loading model...
[23:55:33] Loaded in 11.7s: n_layers=40, device=cuda:0
Resid layers: [0, 5, 11, 16, 22, 27, 33, 39]
Comp layers: [0, 10, 20, 30, 39]

============================================================
S1: Residual畠蚊膝宙
============================================================
  L0 tense: 200... mean=65.6, med=54.6, t=222.1s
  L0 polarity: 200... mean=55.0, med=53.6, t=223.3s
  L0 number: 20... mean=56.0, med=56.0, t=22.8s
  L0 sentiment: 25... mean=377.4, med=433.5, t=28.5s
  L0 semantic_topic: 20... mean=472.5, med=501.2, t=22.5s
  [Saved after L0]
  L5 tense: 200... mean=108.8, med=84.0, t=227.5s
  L5 polarity: 200... mean=94.9, med=79.7, t=228.5s
  L5 number: 20... mean=70.8, med=70.8, t=22.4s
  L5 sentiment: 25... mean=385.4, med=405.0, t=28.6s
  L5 semantic_topic: 20... mean=478.9, med=494.1, t=22.7s
  [Saved after L5]
  L11 tense: 200... mean=127.4, med=110.0, t=227.7s
  L11 polarity: 200... mean=147.7, med=134.3, t=227.7s
  L11 number: 20... mean=105.5, med=100.8, t=22.5s
  L11 sentiment: 25... mean=367.6, med=361.2, t=28.3s
  L11 semantic_topic: 20... mean=497.0, med=481.6, t=22.8s
  [Saved after L11]
  L16 tense: 200... mean=139.9, med=123.5, t=227.3s
  L16 polarity: 200... mean=176.7, med=160.1, t=227.6s
  L16 number: 20... mean=133.4, med=131.6, t=22.8s
  L16 sentiment: 25... mean=353.6, med=336.9, t=28.3s
  L16 semantic_topic: 20... mean=498.0, med=478.9, t=22.5s
  [Saved after L16]
  L22 tense: 200... mean=163.2, med=147.1, t=227.4s
  L22 polarity: 200... mean=209.9, med=196.1, t=224.8s
  L22 number: 20... mean=201.5, med=191.9, t=22.7s
  L22 sentiment: 25... mean=375.5, med=357.0, t=28.4s
  L22 semantic_topic: 20... mean=529.7, med=511.0, t=22.4s
  [Saved after L22]
  L27 tense: 200... mean=173.8, med=155.7, t=223.7s
  L27 polarity: 200... mean=227.5, med=218.6, t=230.7s
  L27 number: 20... mean=224.0, med=219.3, t=22.9s
  L27 sentiment: 25... mean=391.1, med=377.7, t=30.4s
  L27 semantic_topic: 20... mean=549.3, med=525.8, t=22.9s
  [Saved after L27]
  L33 tense: 200... mean=180.0, med=160.7, t=232.8s
  L33 polarity: 200... mean=233.0, med=222.3, t=233.5s
  L33 number: 20... mean=238.0, med=233.5, t=23.2s
  L33 sentiment: 25... mean=398.5, med=392.5, t=28.9s
  L33 semantic_topic: 20... mean=558.9, med=540.5, t=22.7s
  [Saved after L33]
  L39 tense: 200... mean=191.4, med=173.5, t=230.1s
  L39 polarity: 200... mean=250.9, med=240.5, t=222.9s
  L39 number: 20... mean=268.4, med=268.4, t=22.1s
  L39 sentiment: 25... mean=414.0, med=408.6, t=27.6s
  L39 semantic_topic: 20... mean=577.1, med=562.2, t=22.1s
  [Saved after L39]

============================================================
S2: Attn/MLP
============================================================
  attn L0 tense... med=54.3, t=166.4s
  attn L0 polarity... med=53.2, t=166.1s
  attn L0 number... med=56.0, t=22.4s
  attn L10 tense... med=54.6, t=165.3s
  attn L10 polarity... med=55.1, t=166.4s
  attn L10 number... med=54.1, t=22.3s
  attn L20 tense... med=44.2, t=173.5s
  attn L20 polarity... med=47.3, t=172.0s
  attn L20 number... med=49.5, t=23.7s
  attn L30 tense... med=35.7, t=167.9s
  attn L30 polarity... med=40.1, t=165.1s
  attn L30 number... med=43.1, t=22.0s
  attn L39 tense... med=24.3, t=166.0s
  attn L39 polarity... med=32.0, t=167.9s
  attn L39 number... med=33.6, t=21.8s
  mlp L0 tense... med=55.1, t=166.1s
  mlp L0 polarity... med=53.6, t=167.1s
  mlp L0 number... med=55.6, t=22.4s
  mlp L10 tense... med=62.6, t=171.3s
  mlp L10 polarity... med=69.5, t=171.5s
  mlp L10 number... med=60.3, t=22.2s
  mlp L20 tense... med=60.0, t=166.7s
  mlp L20 polarity... med=68.2, t=165.3s
  mlp L20 number... med=60.4, t=22.0s
  mlp L30 tense... med=48.9, t=166.3s
  mlp L30 polarity... med=61.0, t=165.6s
  mlp L30 number... med=58.2, t=21.9s
  mlp L39 tense... med=87.5, t=165.7s
  mlp L39 polarity... med=108.8, t=165.4s
  mlp L39 number... med=113.0, t=22.1s

--- 恒孽曳 ---
  L0 tense: attn=54.3(50%), mlp=55.1(50%)
  L0 polarity: attn=53.2(50%), mlp=53.6(50%)
  L0 number: attn=56.0(50%), mlp=55.6(50%)
  L10 tense: attn=54.6(47%), mlp=62.6(53%)
  L10 polarity: attn=55.1(44%), mlp=69.5(56%)
  L10 number: attn=54.1(47%), mlp=60.3(53%)
  L20 tense: attn=44.2(42%), mlp=60.0(58%)
  L20 polarity: attn=47.3(41%), mlp=68.2(59%)
  L20 number: attn=49.5(45%), mlp=60.4(55%)
  L30 tense: attn=35.7(42%), mlp=48.9(58%)
  L30 polarity: attn=40.1(40%), mlp=61.0(60%)
  L30 number: attn=43.1(43%), mlp=58.2(57%)
  L39 tense: attn=24.3(22%), mlp=87.5(78%)
  L39 polarity: attn=32.0(23%), mlp=108.8(77%)
  L39 number: attn=33.6(23%), mlp=113.0(77%)

============================================================
S3: 囂吶蒙尢
============================================================
  L0 sentiment... med=433.5, t=27.7s
  L0 semantic_topic... med=501.2, t=21.9s
  L5 sentiment... med=405.0, t=27.8s
  L5 semantic_topic... med=494.1, t=21.8s
  L11 sentiment... med=361.2, t=27.6s
  L11 semantic_topic... med=481.6, t=22.1s
  L16 sentiment... med=336.9, t=27.5s
  L16 semantic_topic... med=478.9, t=22.2s
  L22 sentiment... med=357.0, t=27.3s
  L22 semantic_topic... med=511.0, t=22.0s
  L27 sentiment... med=377.7, t=27.4s
  L27 semantic_topic... med=525.8, t=22.0s
  L33 sentiment... med=392.5, t=27.7s
  L33 semantic_topic... med=540.5, t=21.8s
  L39 sentiment... med=408.6, t=27.9s
  L39 semantic_topic... med=562.2, t=21.8s

============================================================
S4: 旗方亭栽
============================================================
