=== Phase CCXL: Propagation Distance Control ===
Model: GLM4-9B-Chat, n_pairs: 25
Start: 2026-04-25 00:08:13
  Loading: GLM4-9B-Chat (8bit)
Model loaded successfully

--- tense_x_question (tense x question), n=25 ---
  L1_fixed=10, l2_values=[12, 16, 20, 24, 28, 32, 36, 38]
  Collecting baseline hidden states...
  Collected 10/25 baseline states
  Collected 20/25 baseline states
  Measuring curvature at 8 l2 values...
  Done 3/8 l2 values
  Done 6/8 l2 values

  === Propagation Profile for tense_x_question (L1=10) ===
    L2 | Dist |  ||[A,B]|| |   Rel.Curv |    A_eff |    B_eff
  L12 |    2 |    25.5884 |     1.1331 |  20.9358 |  24.2280
  L16 |    6 |    52.3232 |     1.8916 |  20.9358 |  34.3864
  L20 |   10 |    66.7009 |     1.8915 |  20.9358 |  49.5929
  L24 |   14 |    65.8548 |     1.6814 |  20.9358 |  57.3954
  L28 |   18 |    71.8554 |     1.6978 |  20.9358 |  63.7079
  L32 |   22 |    80.0952 |     1.7028 |  20.9358 |  73.1386
  L36 |   26 |    82.1856 |     1.5013 |  20.9358 |  88.5472
  L38 |   28 |    49.3870 |     1.3721 |  20.9358 |  51.0504

--- voice_x_question (voice x question), n=25 ---
  L1_fixed=10, l2_values=[12, 16, 20, 24, 28, 32, 36, 38]
  Collecting baseline hidden states...
  Collected 10/25 baseline states
  Collected 20/25 baseline states
  Measuring curvature at 8 l2 values...
  Done 3/8 l2 values
  Done 6/8 l2 values

  === Propagation Profile for voice_x_question (L1=10) ===
    L2 | Dist |  ||[A,B]|| |   Rel.Curv |    A_eff |    B_eff
  L12 |    2 |    60.1596 |     0.8258 | 113.9054 |  31.7899
  L16 |    6 |    79.4293 |     1.0369 | 113.9054 |  39.2978
  L20 |   10 |   103.2025 |     1.2358 | 113.9054 |  53.1186
  L24 |   14 |   105.2302 |     1.2638 | 113.9054 |  52.6186
  L28 |   18 |   148.6676 |     1.6627 | 113.9054 |  64.9172
  L32 |   22 |   177.7237 |     1.8784 | 113.9054 |  75.3253
  L36 |   26 |   176.6815 |     1.8116 | 113.9054 |  81.1541
  L38 |   28 |   149.7390 |     1.8515 | 113.9054 |  47.8391

======================================================================
SUMMARY: GLM4-9B-Chat
======================================================================

  Pair: tense_x_question
    Corr(dist, ||[A,B]||) = 0.6083
    Corr(dist, Rel.Curv) = -0.0689
    Absolute curvature INCREASES with distance ˇú H1: propagation accumulation
    Relative curvature UNCORRELATED with distance

  Pair: voice_x_question
    Corr(dist, ||[A,B]||) = 0.9283
    Corr(dist, Rel.Curv) = 0.9674
    Absolute curvature INCREASES with distance ˇú H1: propagation accumulation
    Relative curvature INCREASES with distance ˇú unusual pattern

End: 2026-04-25 00:20:23
