
============================================================
Phase CCXI: glm4 (n_pairs=150, 5 syn + 5 sem)
Path: D:/develop/model/hub/modelscope_cache/ZhipuAI/glm-4-9b-chat-hf
============================================================
[09:06:27] Loading model...
[09:06:39] Loaded in 12.0s: n_layers=40, device=cuda:0
Resid layers (6): [0, 7, 15, 23, 31, 39]

============================================================
S1: Residual全层扫描 (10 features x 6 layers x 150 pairs)
============================================================
  L0 [1702s]: tense=53(n=150), polarity=54(n=150), number=56(n=150), negation=53(n=150), question=53(n=150), sentiment=310(n=150), semantic_topic=438(n=150), voice=642(n=150), person=52(n=150), formality=391(n=150)
  L7 [1749s]: tense=93(n=150), polarity=96(n=150), number=78(n=150), negation=108(n=150), question=105(n=150), sentiment=336(n=150), semantic_topic=445(n=150), voice=564(n=150), person=85(n=150), formality=331(n=150)
  L15 [1699s]: tense=120(n=150), polarity=159(n=150), number=119(n=150), negation=176(n=150), question=163(n=150), sentiment=308(n=150), semantic_topic=440(n=150), voice=511(n=150), person=151(n=150), formality=362(n=150)
  L23 [1700s]: tense=149(n=150), polarity=207(n=150), number=187(n=150), negation=224(n=150), question=341(n=150), sentiment=328(n=150), semantic_topic=478(n=150), voice=487(n=150), person=236(n=150), formality=414(n=150)
  L31 [1696s]: tense=162(n=150), polarity=228(n=150), number=212(n=150), negation=242(n=150), question=372(n=150), sentiment=345(n=150), semantic_topic=508(n=150), voice=485(n=150), person=257(n=150), formality=448(n=150)
  L39 [1704s]: tense=177(n=150), polarity=248(n=150), number=242(n=150), negation=261(n=150), question=408(n=150), sentiment=362(n=150), semantic_topic=527(n=150), voice=499(n=150), person=288(n=150), formality=457(n=150)

============================================================
S2: Attn vs MLP
============================================================
  L0 tense: attn=53.8(49%), mlp=55.7(51%)
  L0 sentiment: attn=63.0(15%), mlp=366.2(85%)
  L0 voice: attn=74.3(10%), mlp=683.6(90%)
  L0 formality: attn=71.7(14%), mlp=430.9(86%)
  L39 tense: attn=25.5(23%), mlp=87.6(77%)
  L39 sentiment: attn=43.9(23%), mlp=143.9(77%)
  L39 voice: attn=62.4(20%), mlp=255.0(80%)
  L39 formality: attn=59.7(22%), mlp=215.9(78%)

============================================================
S3: 代数拟合 + 对偶验证
============================================================
  tense: power_law R2=0.991, L0=53, L_final=177, growth=3.31x, relative_growth=0.0462 => SYNTACTIC
  polarity: power_law R2=0.978, L0=54, L_final=248, growth=4.61x, relative_growth=0.0765 => SYNTACTIC
  number: linear R2=0.980, L0=56, L_final=242, growth=4.35x, relative_growth=0.1001 => SYNTACTIC
  negation: power_law R2=0.985, L0=53, L_final=261, growth=4.91x, relative_growth=0.0729 => SYNTACTIC
  question: linear R2=0.944, L0=53, L_final=408, growth=7.65x, relative_growth=0.2056 => SYNTACTIC
  sentiment: exponential R2=0.627, L0=310, L_final=362, growth=1.17x, relative_growth=0.0036 => SEMANTIC
  semantic_topic: exponential R2=0.911, L0=438, L_final=527, growth=1.20x, relative_growth=0.0057 => SEMANTIC
  voice: power_law R2=0.959, L0=642, L_final=499, growth=0.78x, relative_growth=-0.0059 => SEMANTIC
  person: linear R2=0.965, L0=52, L_final=288, growth=5.53x, relative_growth=0.1201 => SYNTACTIC
  formality: exponential R2=0.672, L0=391, L_final=457, growth=1.17x, relative_growth=0.0077 => SEMANTIC

============================================================
S4: 对偶假设统计检验 (5 syn vs 5 sem)
============================================================
  Syntactic growth_ratios: ['3.31', '4.61', '4.35', '4.91', '7.65']
  Semantic growth_ratios: ['1.17', '1.20', '0.78', '5.53', '1.17']
  Syntactic L0: ['53', '54', '56', '53', '53']
  Semantic L0: ['310', '438', '642', '52', '391']
  Growth ratio: U=21.0, p=0.0476 (syntactic > semantic?)
  L0 value: U=20.0, p=0.0754 (semantic > syntactic?)

============================================================
FINAL: glm4
============================================================

Residual median_l2:
  L0: tense=53, polarity=54, number=56, negation=53, question=53, sentiment=310, semantic_topic=438, voice=642, person=52, formality=391
  L15: tense=120, polarity=159, number=119, negation=176, question=163, sentiment=308, semantic_topic=440, voice=511, person=151, formality=362
  L23: tense=149, polarity=207, number=187, negation=224, question=341, sentiment=328, semantic_topic=478, voice=487, person=236, formality=414
  L31: tense=162, polarity=228, number=212, negation=242, question=372, sentiment=345, semantic_topic=508, voice=485, person=257, formality=448
  L39: tense=177, polarity=248, number=242, negation=261, question=408, sentiment=362, semantic_topic=527, voice=499, person=288, formality=457
  L7: tense=93, polarity=96, number=78, negation=108, question=105, sentiment=336, semantic_topic=445, voice=564, person=85, formality=331

Duality Classification (5 syn vs 5 sem):
  tense: growth=3.31x, L0=53, best=power_law(R2=0.991) => SYNTACTIC
  polarity: growth=4.61x, L0=54, best=power_law(R2=0.978) => SYNTACTIC
  number: growth=4.35x, L0=56, best=linear(R2=0.980) => SYNTACTIC
  negation: growth=4.91x, L0=53, best=power_law(R2=0.985) => SYNTACTIC
  question: growth=7.65x, L0=53, best=linear(R2=0.944) => SYNTACTIC
  sentiment: growth=1.17x, L0=310, best=exponential(R2=0.627) => SEMANTIC
  semantic_topic: growth=1.20x, L0=438, best=exponential(R2=0.911) => SEMANTIC
  voice: growth=0.78x, L0=642, best=power_law(R2=0.959) => SEMANTIC
  person: growth=5.53x, L0=52, best=linear(R2=0.965) => SYNTACTIC
  formality: growth=1.17x, L0=391, best=exponential(R2=0.672) => SEMANTIC

DONE! Saved to results\causal_fiber\glm4_ccxi
