Loading checkpoint shards:   0%|          | 0/3 [00:00<?, ?it/s]Loading checkpoint shards:  33%|███▎      | 1/3 [00:04<00:09,  4.73s/it]Loading checkpoint shards:  67%|██████▋   | 2/3 [00:09<00:04,  4.73s/it]Loading checkpoint shards: 100%|██████████| 3/3 [00:09<00:00,  2.63s/it]Loading checkpoint shards: 100%|██████████| 3/3 [00:09<00:00,  3.20s/it]
Traceback (most recent call last):
  File "D:\Ai2050\TransformerLens-Project\tests\glm5\phase_ccxxxiv_compression_structure.py", line 774, in <module>
    main()
  File "D:\Ai2050\TransformerLens-Project\tests\glm5\phase_ccxxxiv_compression_structure.py", line 761, in main
    json.dump(results_json, f, indent=2, ensure_ascii=False)
  File "C:\Users\27876\AppData\Local\Programs\Python\Python312\Lib\json\__init__.py", line 179, in dump
    for chunk in iterable:
                 ^^^^^^^^
  File "C:\Users\27876\AppData\Local\Programs\Python\Python312\Lib\json\encoder.py", line 432, in _iterencode
    yield from _iterencode_dict(o, _current_indent_level)
  File "C:\Users\27876\AppData\Local\Programs\Python\Python312\Lib\json\encoder.py", line 406, in _iterencode_dict
    yield from chunks
  File "C:\Users\27876\AppData\Local\Programs\Python\Python312\Lib\json\encoder.py", line 406, in _iterencode_dict
    yield from chunks
  File "C:\Users\27876\AppData\Local\Programs\Python\Python312\Lib\json\encoder.py", line 406, in _iterencode_dict
    yield from chunks
  File "C:\Users\27876\AppData\Local\Programs\Python\Python312\Lib\json\encoder.py", line 439, in _iterencode
    o = _default(o)
        ^^^^^^^^^^^
  File "C:\Users\27876\AppData\Local\Programs\Python\Python312\Lib\json\encoder.py", line 180, in default
    raise TypeError(f'Object of type {o.__class__.__name__} '
TypeError: Object of type float32 is not JSON serializable
