======================================================================
Phase CCXXX: 频分复用容量测试 — GLM4-9B-Chat
  n_features=10, n_pairs=50, n_test=30
  时间=2026-04-24 01:14:21
======================================================================

--- S1: 加载模型 ---
  加载完成: 14s, n_layers=40, d_model=4096

============================================================
S2: 逐层收集10个特征差分向量
============================================================
  采样层 (11层): [0, 4, 8, 12, 16, 20, 24, 28, 32, 36, 39]
  收集 tense (49对, 类型=SYN)...
    tense: 25/49
  收集 polarity (50对, 类型=SYN)...
    polarity: 25/50
    polarity: 50/50
  收集 voice (30对, 类型=SYN)...
    voice: 25/30
  收集 semantic_valence (40对, 类型=SEM)...
    semantic_valence: 25/40
  收集 semantic_topic (37对, 类型=SEM)...
    semantic_topic: 25/37
  收集 number (40对, 类型=SYN)...
    number: 25/40
  收集 negation (40对, 类型=SYN)...
    negation: 25/40
  收集 comparison (40对, 类型=SYN)...
    comparison: 25/40
  收集 modality (40对, 类型=SYN)...
    modality: 25/40
  收集 question (30对, 类型=SYN)...
    question: 25/30

  计算完成: 110 个(特征,层)组合

============================================================
S3: 10特征间正交性分析
============================================================

  --- 最后一层(L39)特征间|cos|矩阵 ---
  有数据的特征: 10/10
                     compar modali negati number polari questi semant semant  tense  voice
          comparison   1.00   0.06   0.05   0.34   0.18   0.03   0.07   0.20   0.17   0.05
            modality   0.06   1.00   0.49   0.09   0.19   0.48   0.03   0.44   0.52   0.25
            negation   0.05   0.49   1.00   0.32   0.17   0.50   0.06   0.46   0.64   0.17
              number   0.34   0.09   0.32   1.00   0.13   0.26   0.12   0.30   0.44   0.01
            polarity   0.18   0.19   0.17   0.13   1.00   0.16   0.01   0.08   0.21   0.04
            question   0.03   0.48   0.50   0.26   0.16   1.00   0.04   0.48   0.64   0.12
      semantic_topic   0.07   0.03   0.06   0.12   0.01   0.04   1.00   0.03   0.07   0.20
    semantic_valence   0.20   0.44   0.46   0.30   0.08   0.48   0.03   1.00   0.61   0.11
               tense   0.17   0.52   0.64   0.44   0.21   0.64   0.07   0.61   1.00   0.14
               voice   0.05   0.25   0.17   0.01   0.04   0.12   0.20   0.11   0.14   1.00

  统计:
    平均|cos| = 0.2262
    中位数|cos| = 0.1739
    最大|cos| = 0.6418
    |cos|>0.3的比例 = 31.1%

  最正交的5对:
    polarity × semantic_topic: |cos|=0.0104
    semantic_topic × polarity: |cos|=0.0104
    number × voice: |cos|=0.0137
    voice × number: |cos|=0.0137
    semantic_topic × semantic_valence: |cos|=0.0283
  最重叠的5对:
    tense × semantic_valence: |cos|=0.6100
    negation × tense: |cos|=0.6350
    tense × negation: |cos|=0.6350
    question × tense: |cos|=0.6418
    tense × question: |cos|=0.6418

============================================================
S4: SYN vs SEM正交性对比
============================================================
  SYN特征: ['tense', 'polarity', 'voice', 'number', 'negation', 'comparison', 'modality', 'question']
  SEM特征: ['semantic_valence', 'semantic_topic']

  句法特征间(SYN×SYN): n=56, 平均|cos|=0.2451
  语义特征间(SEM×SEM): n=2, 平均|cos|=0.0283
  句法×语义(SYN×SEM): n=32, 平均|cos|=0.2055

============================================================
S5: 10特征子空间维度分析
============================================================
  10特征PC1的SVD奇异值:
    σ1 = 1.8555 (累计方差: 34.4%)
    σ2 = 1.2074 (累计方差: 49.0%)
    σ3 = 1.0406 (累计方差: 59.8%)
    σ4 = 0.9621 (累计方差: 69.1%)
    σ5 = 0.8763 (累计方差: 76.8%)
    σ6 = 0.8081 (累计方差: 83.3%)
    σ7 = 0.7047 (累计方差: 88.3%)
    σ8 = 0.6801 (累计方差: 92.9%)
    σ9 = 0.6649 (累计方差: 97.3%)
    σ10 = 0.5182 (累计方差: 100.0%)

  有效维度(σ>0.5σ_max): 4
  有效维度(σ>0.3σ_max): 9

  --- 随机基准对比 ---
  随机10方向在d=4096中:
    平均有效维度: 10.0 ± 0.0
    平均|cos|: 0.0125 ± 0.0013
  实际10特征:
    有效维度: 4
    平均|cos|: 0.2262
  → 实际正交性显著低于随机 → 语义特征有意对齐!

============================================================
S6: 跨层正交性演化
============================================================
     层 |    平均|cos| |  特征数
  ---- | ---------- | ----
  L  0 |     0.0848 |   10
  L  4 |     0.0625 |   10
  L  8 |     0.0509 |   10
  L 12 |     0.0566 |   10
  L 16 |     0.0637 |   10
  L 20 |     0.0592 |   10
  L 24 |     0.0588 |   10
  L 28 |     0.0547 |   10
  L 32 |     0.0531 |   10
  L 36 |     0.1051 |   10
  L 39 |     0.2262 |   10

============================================================
S7: 频分复用容量估计
============================================================
  d_model = 4096
  随机期望|cos| ≈ 1/√d = 0.0156
  实际10特征平均|cos| = 0.2262
  → 实际正交性与随机相当

  理论上限: d_model=4096维空间中最多4096个完全正交方向
  实际测试: 10个特征平均|cos|=0.2262

============================================================
S8: 汇总
============================================================

  1. 10特征正交性:
     平均|cos| = 0.2262
     最大|cos| = 0.6418
     随机期望 = 0.0156

  2. 子空间维度:
     有效维度(σ>0.5σ_max) = 4

  3. SYN vs SEM:
     SYN×SYN |cos| = 0.2451
     SEM×SEM |cos| = 0.0283
     SYN×SEM |cos| = 0.2055

  4. 容量估计:
     d_model = 4096
     理论最大正交方向 = 4096
     估计可用特征数 ≈ √d = 64

  结果已保存到 results/causal_fiber/glm4_ccxxx/results.json

======================================================================
CCXXX 完成 — GLM4-9B-Chat
======================================================================
