Phase CCLVII: Critical Validation Experiments
Model: glm4, Experiments: ['1', '2', '3']
Start: 2026-04-25 22:52:41
Loading model...
Loaded: GLM4-9B-Chat, 40L, d=4096, dev=cuda:0, bf16=False
Layers: [6, 16, 27, 38]

======================================================================
EXPERIMENT 1: True Jacobian SVD via Large Sampling (200)
======================================================================

--- TENSE ---
  L6 P1: feat=45.8125 ||J||_2=52.1250 SA=0.879
  L6 P2: feat=53.3125 ||J||_2=62.6562 SA=0.851
  L6 P3: feat=56.0938 ||J||_2=68.4375 SA=0.820
  => L6: feat=51.7396 ||J||_2=61.0729 SA=0.847 NOT>1
  L16 P1: feat=44.2188 ||J||_2=45.1562 SA=0.979
  L16 P2: feat=48.1250 ||J||_2=52.8438 SA=0.911
  L16 P3: feat=55.7500 ||J||_2=52.2500 SA=1.067
  => L16: feat=49.3646 ||J||_2=50.0833 SA=0.986 NOT>1
  L27 P1: feat=49.9688 ||J||_2=29.2031 SA=1.711
  L27 P2: feat=51.1875 ||J||_2=31.5156 SA=1.624
  L27 P3: feat=54.7188 ||J||_2=33.3438 SA=1.641
  => L27: feat=51.9583 ||J||_2=31.3542 SA=1.657 GENUINE
  L38 P1: feat=55.8750 ||J||_2=15.4453 SA=3.618
  L38 P2: feat=63.1562 ||J||_2=16.6719 SA=3.788
  L38 P3: feat=63.8438 ||J||_2=15.2109 SA=4.197
  => L38: feat=60.9583 ||J||_2=15.7760 SA=3.864 GENUINE

--- QUESTION ---
  L6 P1: feat=43.6562 ||J||_2=54.1562 SA=0.806
  L6 P2: feat=51.1562 ||J||_2=61.4375 SA=0.833
  L6 P3: feat=55.2188 ||J||_2=66.3125 SA=0.833
  => L6: feat=50.0104 ||J||_2=60.6354 SA=0.825 NOT>1
  L16 P1: feat=41.5312 ||J||_2=46.8750 SA=0.886
  L16 P2: feat=51.3438 ||J||_2=52.1562 SA=0.984
  L16 P3: feat=49.8750 ||J||_2=50.8438 SA=0.981
  => L16: feat=47.5833 ||J||_2=49.9583 SA=0.952 NOT>1
  L27 P1: feat=48.8438 ||J||_2=28.5000 SA=1.714
  L27 P2: feat=55.5938 ||J||_2=33.1250 SA=1.678
  L27 P3: feat=61.9688 ||J||_2=33.1250 SA=1.871
  => L27: feat=55.4688 ||J||_2=31.5833 SA=1.756 GENUINE
  L38 P1: feat=50.8125 ||J||_2=14.5938 SA=3.482
  L38 P2: feat=81.3750 ||J||_2=16.3438 SA=4.979
  L38 P3: feat=83.8750 ||J||_2=14.8750 SA=5.639
  => L38: feat=72.0208 ||J||_2=15.2708 SA=4.716 GENUINE

  EXP1 SUMMARY: SA > 1.0 means feat_eff > ||J||_2 (genuine encoding)
      Feat    L   feat_eff    ||J||_2       SA  Verdict
     tense    6    51.7396    61.0729    0.847    NOT>1
     tense   16    49.3646    50.0833    0.986    NOT>1
     tense   27    51.9583    31.3542    1.657  GENUINE
     tense   38    60.9583    15.7760    3.864  GENUINE
  question    6    50.0104    60.6354    0.825    NOT>1
  question   16    47.5833    49.9583    0.952    NOT>1
  question   27    55.4688    31.5833    1.756  GENUINE
  question   38    72.0208    15.2708    4.716  GENUINE

======================================================================
EXPERIMENT 2: Task Subspace Projection (PCA)
======================================================================
  PCA sentences: 45
  Max PCA components: 44, testing k=[10]

  Layer 6:
    Shape: (45, 4096), Top10 var: 0.587, Top50: 1.000, Top100: 1.000
    tense: E/R in PCA: k=10=1.02
    tense: feat_eff_residual / feat_eff_PCA = 0.981 (<1: PCA dominates, >1: residual dominates)
    question: E/R in PCA: k=10=1.01
    question: feat_eff_residual / feat_eff_PCA = 0.951 (<1: PCA dominates, >1: residual dominates)

  Layer 16:
    Shape: (45, 4096), Top10 var: 0.569, Top50: 1.000, Top100: 1.000
    tense: E/R in PCA: k=10=1.04
    tense: feat_eff_residual / feat_eff_PCA = 0.951 (<1: PCA dominates, >1: residual dominates)
    question: E/R in PCA: k=10=0.95
    question: feat_eff_residual / feat_eff_PCA = 1.043 (<1: PCA dominates, >1: residual dominates)

  Layer 27:
    Shape: (45, 4096), Top10 var: 0.571, Top50: 1.000, Top100: 1.000
    tense: E/R in PCA: k=10=1.01
    tense: feat_eff_residual / feat_eff_PCA = 1.076 (<1: PCA dominates, >1: residual dominates)
    question: E/R in PCA: k=10=0.99
    question: feat_eff_residual / feat_eff_PCA = 1.090 (<1: PCA dominates, >1: residual dominates)

  Layer 38:
    Shape: (45, 4096), Top10 var: 0.607, Top50: 1.000, Top100: 1.000
    tense: E/R in PCA: k=10=0.98
    tense: feat_eff_residual / feat_eff_PCA = 0.999 (<1: PCA dominates, >1: residual dominates)
    question: E/R in PCA: k=10=1.02
    question: feat_eff_residual / feat_eff_PCA = 1.096 (<1: PCA dominates, >1: residual dominates)

======================================================================
EXPERIMENT 3: Epsilon Sweep (Linearity Check)
======================================================================

--- TENSE ---
  L6:
       eps      E/R       SA   feat_eff      meanR   feat/eps   rand/eps
        1%     1.01    0.901    48.6094    48.4394    4860.94    4843.94
        3%     1.02    0.899    48.6719    47.9819    1622.40    1599.40
        5%     1.00    0.886    49.5625    49.7156     991.25     994.31
       10%     0.98    0.873    49.9219    50.9256     499.22     509.26
    Linearity: feat/eps CV=0.854, rand/eps CV=0.853, E/R CV=0.015 => NONLINEAR
  L16:
       eps      E/R       SA   feat_eff      meanR   feat/eps   rand/eps
        1%     1.04    0.941    43.6250    42.2819    4362.50    4228.19
        3%     0.98    0.863    42.4531    43.4869    1415.10    1449.56
        5%     1.01    0.875    46.1719    45.8419     923.44     916.84
       10%     1.07    0.933    54.9531    51.6363     549.53     516.36
    Linearity: feat/eps CV=0.830, rand/eps CV=0.817, E/R CV=0.033 => NONLINEAR
  L27:
       eps      E/R       SA   feat_eff      meanR   feat/eps   rand/eps
        1%     1.06    0.984    28.2031    26.7788    2820.31    2677.88
        3%     1.12    1.015    37.5625    33.5881    1252.08    1119.60
        5%     1.21    1.053    50.5781    42.0025    1011.56     840.05
       10%     1.33    1.174    85.4375    64.6944     854.38     646.94
    Linearity: feat/eps CV=0.528, rand/eps CV=0.606, E/R CV=0.087 => NONLINEAR
  L38:
       eps      E/R       SA   feat_eff      meanR   feat/eps   rand/eps
        1%     0.94    0.853    12.4727    13.1814    1247.27    1318.14
        3%     0.95    0.904    35.5781    37.3644    1185.94    1245.48
        5%     0.96    0.893    59.5156    61.9869    1190.31    1239.74
       10%     0.97    0.901   119.1250   123.3050    1191.25    1233.05
    Linearity: feat/eps CV=0.021, rand/eps CV=0.027, E/R CV=0.008 => LINEAR

--- QUESTION ---
  L6:
       eps      E/R       SA   feat_eff      meanR   feat/eps   rand/eps
        1%     0.99    0.881    47.1875    48.0325    4718.75    4803.25
        3%     1.05    0.941    52.3125    49.2725    1743.75    1642.42
        5%     0.96    0.858    47.4062    49.4456     948.12     988.91
       10%     1.03    0.878    52.5938    50.9331     525.94     509.33
    Linearity: feat/eps CV=0.826, rand/eps CV=0.844, E/R CV=0.037 => NONLINEAR
  L16:
       eps      E/R       SA   feat_eff      meanR   feat/eps   rand/eps
        1%     0.99    0.879    42.0938    42.3725    4209.38    4237.25
        3%     1.02    0.916    44.2812    43.4106    1476.04    1447.02
        5%     1.04    0.872    46.4375    44.7263     928.75     894.52
       10%     1.13    0.999    57.4375    50.7519     574.38     507.52
    Linearity: feat/eps CV=0.795, rand/eps CV=0.825, E/R CV=0.051 => NONLINEAR
  L27:
       eps      E/R       SA   feat_eff      meanR   feat/eps   rand/eps
        1%     0.99    0.909    26.4297    26.6512    2642.97    2665.12
        3%     1.15    1.072    38.3438    33.3100    1278.12    1110.33
        5%     1.26    1.171    52.2188    41.5019    1044.38     830.04
       10%     1.46    1.297    94.2500    64.6737     942.50     646.74
    Linearity: feat/eps CV=0.463, rand/eps CV=0.608, E/R CV=0.141 => NONLINEAR
  L38:
       eps      E/R       SA   feat_eff      meanR   feat/eps   rand/eps
        1%     1.04    0.920    13.8672    13.1913    1386.72    1319.12
        3%     1.06    0.981    39.9531    37.3744    1331.77    1245.81
        5%     1.06    1.003    66.0938    61.6744    1321.88    1233.49
       10%     1.10    1.028   135.4062   122.5325    1354.06    1225.32
    Linearity: feat/eps CV=0.018, rand/eps CV=0.030, E/R CV=0.020 => LINEAR

  EXP3 SUMMARY:
      Feat    L   E/R@1%   E/R@3%   E/R@5%  E/R@10%  feat_cv  rand_cv  Linear?
     tense    6     1.01     1.02     1.00     0.98    0.854    0.853       NO
     tense   16     1.04     0.98     1.01     1.07    0.830    0.817       NO
     tense   27     1.06     1.12     1.21     1.33    0.528    0.606       NO
     tense   38     0.94     0.95     0.96     0.97    0.021    0.027      YES
  question    6     0.99     1.05     0.96     1.03    0.826    0.844       NO
  question   16     0.99     1.02     1.04     1.13    0.795    0.825       NO
  question   27     0.99     1.15     1.26     1.46    0.463    0.608       NO
  question   38     1.04     1.06     1.06     1.10    0.018    0.030      YES

All experiments done: 2026-04-26 00:23:22
