=== Phase CCXXXVI: Causal Intervention Experiment ===
Model: GLM4-9B-Chat, n_pairs: 50
Start: 2026-04-24 13:03:16
  Loading: GLM4-9B-Chat (8bit)
Model loaded successfully

--- tense_x_question (tense x question), n=50 ---
  Collected 10/50 4-way hidden states
  Collected 20/50 4-way hidden states
  Collected 30/50 4-way hidden states
  Collected 40/50 4-way hidden states
  Collected 50/50 4-way hidden states
  PC1_A var: last=0.107, mid=0.070
  PC1_B var: last=0.155, mid=0.110
  cos(PC1_A, PC1_B) at last: 0.5741
  Interventions done for 10/50 samples
  Interventions done for 20/50 samples
  Interventions done for 30/50 samples
  Interventions done for 40/50 samples
  Interventions done for 50/50 samples

  Causal Intervention Results for tense_x_question:
   Alpha |  A¡úB cos |  A¡úA cos |  B¡úA cos |  B¡úB cos |  Cross/Own
     0.5 |   0.1099 |   0.0469 |  -0.3674 |  -0.2233 |     2.3434
     1.0 |   0.1486 |   0.0608 |  -0.4130 |  -0.2333 |     2.4455
     2.0 |   0.1332 |   0.0428 |  -0.4197 |  -0.2359 |     3.1127
     5.0 |   0.0594 |   0.0378 |  -0.2736 |  -0.2262 |     1.5714

--- tense_x_polarity (tense x polarity), n=50 ---
  Collected 10/50 4-way hidden states
  Collected 20/50 4-way hidden states
  Collected 30/50 4-way hidden states
  Collected 40/50 4-way hidden states
  Collected 50/50 4-way hidden states
  PC1_A var: last=0.120, mid=0.085
  PC1_B var: last=0.116, mid=0.129
  cos(PC1_A, PC1_B) at last: 0.6761
  Interventions done for 10/50 samples
  Interventions done for 20/50 samples
  Interventions done for 30/50 samples
  Interventions done for 40/50 samples
  Interventions done for 50/50 samples

  Causal Intervention Results for tense_x_polarity:
   Alpha |  A¡úB cos |  A¡úA cos |  B¡úA cos |  B¡úB cos |  Cross/Own
     0.5 |  -0.0896 |  -0.1841 |   0.0886 |   0.0533 |     0.4868
     1.0 |  -0.1057 |  -0.2009 |   0.0832 |   0.0501 |     0.5260
     2.0 |  -0.1492 |  -0.2499 |   0.0929 |   0.0777 |     0.5971
     5.0 |  -0.1802 |  -0.2639 |   0.2155 |   0.2423 |     0.6828

--- voice_x_question (voice x question), n=50 ---
  Collected 10/50 4-way hidden states
  Collected 20/50 4-way hidden states
  Collected 30/50 4-way hidden states
  Collected 40/50 4-way hidden states
  Collected 50/50 4-way hidden states
  PC1_A var: last=0.206, mid=0.133
  PC1_B var: last=0.185, mid=0.131
  cos(PC1_A, PC1_B) at last: 0.2887
  Interventions done for 10/50 samples
  Interventions done for 20/50 samples
  Interventions done for 30/50 samples
  Interventions done for 40/50 samples
  Interventions done for 50/50 samples

  Causal Intervention Results for voice_x_question:
   Alpha |  A¡úB cos |  A¡úA cos |  B¡úA cos |  B¡úB cos |  Cross/Own
     0.5 |  -0.3164 |  -0.1588 |  -0.1657 |  -0.4195 |     1.9923
     1.0 |  -0.2846 |  -0.1696 |  -0.1570 |  -0.4164 |     1.6779
     2.0 |  -0.1499 |  -0.1088 |  -0.1220 |  -0.3725 |     1.3776
     5.0 |   0.0505 |   0.0666 |  -0.0271 |  -0.2337 |     0.7582

============================================================
SUMMARY: GLM4-9B-Chat
============================================================

 Alpha |  A¡úB (cross) |    A¡úA (own) |  B¡úA (cross) |    B¡úB (own) |   Leak Ratio
   0.5 |      -0.0987 |      -0.0987 |      -0.1482 |      -0.1965 |       0.8364
   1.0 |      -0.0806 |      -0.1032 |      -0.1623 |      -0.1999 |       0.8012
   2.0 |      -0.0553 |      -0.1053 |      -0.1496 |      -0.1769 |       0.7260
   5.0 |      -0.0234 |      -0.0531 |      -0.0284 |      -0.0725 |       0.4122

VERDICT:
  H2_REDUNDANCY SUPPORTED: Weak cross-feature leakage (cross_leak=0.0645)

End: 2026-04-24 13:16:42
