
============================================================
Phase CCXIII: glm4 (n_pairs=100, Vector Geometry)
Path: D:/develop/model/hub/modelscope_cache/ZhipuAI/glm-4-9b-chat-hf
============================================================
[05:48:19] Loading model...
[05:48:31] Loaded in 12.2s: n_layers=40, device=cuda:0
Sample layers (4): [0, 13, 26, 39]

============================================================
S1: 收集差分向量 (12 features x 4 layers x 100 pairs)
============================================================
  L0 [994s]: tense=0(n=100,d=4096), polarity=0(n=100,d=4096), number=0(n=100,d=4096), negation=0(n=100,d=4096), question=0(n=100,d=4096), person=0(n=100,d=4096), definiteness=0(n=100,d=4096), info_structure=0(n=100,d=4096), sentiment=0(n=100,d=4096), semantic_topic=1(n=100,d=4096), voice=0(n=100,d=4096), formality=0(n=100,d=4096)
  L13 [994s]: tense=1(n=100,d=4096), polarity=2(n=100,d=4096), number=2(n=100,d=4096), negation=2(n=100,d=4096), question=2(n=100,d=4096), person=2(n=100,d=4096), definiteness=1(n=100,d=4096), info_structure=2(n=100,d=4096), sentiment=3(n=100,d=4096), semantic_topic=5(n=100,d=4096), voice=5(n=100,d=4096), formality=4(n=100,d=4096)
  L26 [993s]: tense=8(n=100,d=4096), polarity=12(n=100,d=4096), number=10(n=100,d=4096), negation=13(n=100,d=4096), question=13(n=100,d=4096), person=15(n=100,d=4096), definiteness=9(n=100,d=4096), info_structure=15(n=100,d=4096), sentiment=14(n=100,d=4096), semantic_topic=27(n=100,d=4096), voice=30(n=100,d=4096), formality=27(n=100,d=4096)
  L39 [994s]: tense=54(n=100,d=4096), polarity=71(n=100,d=4096), number=68(n=100,d=4096), negation=77(n=100,d=4096), question=104(n=100,d=4096), person=110(n=100,d=4096), definiteness=63(n=100,d=4096), info_structure=104(n=100,d=4096), sentiment=95(n=100,d=4096), semantic_topic=152(n=100,d=4096), voice=151(n=100,d=4096), formality=154(n=100,d=4096)

Saved delta vectors to results\causal_fiber\glm4_ccxiii\delta_vectors.npz

============================================================
S2: PCA分析
============================================================
  L0: top5 var=[0.048, 0.037, 0.034, 0.032, 0.029], cumvar50 at PC22, PC1 Cohen d=0.54
  L13: top5 var=[0.059, 0.026, 0.021, 0.019, 0.018], cumvar50 at PC53, PC1 Cohen d=-0.67
  L26: top5 var=[0.050, 0.034, 0.026, 0.023, 0.021], cumvar50 at PC47, PC1 Cohen d=0.46
  L39: top5 var=[0.098, 0.063, 0.049, 0.047, 0.027], cumvar50 at PC22, PC1 Cohen d=0.28

============================================================
S3: 余弦相似度分析
============================================================
  L0: syn_within=0.049+-0.208, sem_within=0.041+-0.084, cross=-0.007+-0.051
  L13: syn_within=0.107+-0.201, sem_within=0.053+-0.047, cross=0.032+-0.110
  L26: syn_within=0.140+-0.232, sem_within=0.017+-0.071, cross=0.024+-0.124
  L39: syn_within=0.115+-0.312, sem_within=0.034+-0.101, cross=0.056+-0.209

============================================================
S4: 子空间正交性
============================================================
  L0: cross_overlap(k=5)=0.000, syn_self=0.037, sem_self=0.280
  L13: cross_overlap(k=5)=0.000, syn_self=0.204, sem_self=0.194
  L26: cross_overlap(k=5)=0.000, syn_self=0.183, sem_self=0.200
  L39: cross_overlap(k=5)=0.000, syn_self=0.159, sem_self=0.194

============================================================
S5: 纤维轨迹分析 (层间旋转/缩放)
============================================================
  tense [SYN]: rotation=0.315, growth=11.39x
  polarity [SYN]: rotation=0.329, growth=17.54x
  number [SYN]: rotation=0.259, growth=16.47x
  negation [SYN]: rotation=0.327, growth=19.88x
  question [SYN]: rotation=0.238, growth=23.54x
  person [SYN]: rotation=0.236, growth=22.40x
  definiteness [SYN]: rotation=0.201, growth=18.48x
  info_structure [SYN]: rotation=0.265, growth=14.26x
  sentiment [SEM]: rotation=0.355, growth=8.92x
  semantic_topic [SEM]: rotation=0.361, growth=7.78x
  voice [SEM]: rotation=0.375, growth=8.69x
  formality [SEM]: rotation=0.407, growth=7.89x

============================================================
S6: 语法vs语义纤维差异统计检验
============================================================
  Rotation (syn < sem?): U=0.0, p=0.0020
  Growth (syn > sem): U=32.0, p=0.0020
  Syn rotation: [0.3147249420483907, 0.32874394208192825, 0.259047438390553, 0.3267504746715228, 0.23814576988418898, 0.23637429252266884, 0.20081914526720843, 0.2652214964230855]
  Sem rotation: [0.3553876429796219, 0.3610801299413045, 0.37499040365219116, 0.4066609541575114]
  Syn growth: ['11.39', '17.54', '16.47', '19.88', '23.54', '22.40', '18.48', '14.26']
  Sem growth: ['8.92', '7.78', '8.69', '7.89']

============================================================
FINAL: glm4
============================================================

--- PCA: Variance Explained (top 5 PCs) ---
  L0: ['0.048', '0.037', '0.034', '0.032', '0.029'], PC1 Cohen d=0.54
  L13: ['0.059', '0.026', '0.021', '0.019', '0.018'], PC1 Cohen d=-0.67
  L26: ['0.050', '0.034', '0.026', '0.023', '0.021'], PC1 Cohen d=0.46
  L39: ['0.098', '0.063', '0.049', '0.047', '0.027'], PC1 Cohen d=0.28

--- Cosine Similarity ---
  L0: syn_within=0.049, sem_within=0.041, cross=-0.007
  L13: syn_within=0.107, sem_within=0.053, cross=0.032
  L26: syn_within=0.140, sem_within=0.017, cross=0.024
  L39: syn_within=0.115, sem_within=0.034, cross=0.056

--- Subspace Overlap ---
  L0: cross(k=5)=0.000, syn_self=0.037
  L13: cross(k=5)=0.000, syn_self=0.204
  L26: cross(k=5)=0.000, syn_self=0.183
  L39: cross(k=5)=0.000, syn_self=0.159

--- Fiber Trajectories ---
  tense [SYN]: rotation=0.315, growth=11.39x
  polarity [SYN]: rotation=0.329, growth=17.54x
  number [SYN]: rotation=0.259, growth=16.47x
  negation [SYN]: rotation=0.327, growth=19.88x
  question [SYN]: rotation=0.238, growth=23.54x
  person [SYN]: rotation=0.236, growth=22.40x
  definiteness [SYN]: rotation=0.201, growth=18.48x
  info_structure [SYN]: rotation=0.265, growth=14.26x
  sentiment [SEM]: rotation=0.355, growth=8.92x
  semantic_topic [SEM]: rotation=0.361, growth=7.78x
  voice [SEM]: rotation=0.375, growth=8.69x
  formality [SEM]: rotation=0.407, growth=7.89x

DONE! Saved to results\causal_fiber\glm4_ccxiii
