=== Phase CCLV: Residual Distance Control Analysis ===
Model: GLM4-9B-Chat
Start: 2026-04-25 13:14:15
Model loaded successfully
Testing layers: [1, 4, 7, 10, 13, 16, 19, 22, 25, 28, 31, 34, 37, 38]

=== Layer 1 (remaining: 39) ===
  tense: eff=0.196, rand=0.183, E/R=1.07
  question: eff=0.066, rand=0.068, E/R=0.96
  Independence: cos(pred,actual)=0.614, norm_ratio=0.602

=== Layer 4 (remaining: 36) ===
  tense: eff=0.224, rand=0.189, E/R=1.19
  question: eff=0.052, rand=0.071, E/R=0.73
  Independence: cos(pred,actual)=0.630, norm_ratio=0.586

=== Layer 7 (remaining: 33) ===
  tense: eff=0.329, rand=0.185, E/R=1.78
  question: eff=0.110, rand=0.077, E/R=1.43
  Independence: cos(pred,actual)=0.681, norm_ratio=0.649

=== Layer 10 (remaining: 30) ===
  tense: eff=0.372, rand=0.168, E/R=2.21
  question: eff=0.146, rand=0.064, E/R=2.28
  Independence: cos(pred,actual)=0.707, norm_ratio=0.689

=== Layer 13 (remaining: 27) ===
  tense: eff=0.389, rand=0.170, E/R=2.29
  question: eff=0.139, rand=0.065, E/R=2.13
  Independence: cos(pred,actual)=0.716, norm_ratio=0.714

=== Layer 16 (remaining: 24) ===
  tense: eff=0.422, rand=0.147, E/R=2.86
  question: eff=0.184, rand=0.062, E/R=2.97
  Independence: cos(pred,actual)=0.750, norm_ratio=0.761

=== Layer 19 (remaining: 21) ===
  tense: eff=0.446, rand=0.150, E/R=2.98
  question: eff=0.191, rand=0.072, E/R=2.67
  Independence: cos(pred,actual)=0.775, norm_ratio=0.811

=== Layer 22 (remaining: 18) ===
  tense: eff=0.445, rand=0.099, E/R=4.47
  question: eff=0.213, rand=0.069, E/R=3.08
  Independence: cos(pred,actual)=0.823, norm_ratio=0.867

=== Layer 25 (remaining: 15) ===
  tense: eff=0.415, rand=0.101, E/R=4.10
  question: eff=0.198, rand=0.071, E/R=2.79
  Independence: cos(pred,actual)=0.874, norm_ratio=0.879

=== Layer 28 (remaining: 12) ===
  tense: eff=0.424, rand=0.076, E/R=5.60
  question: eff=0.265, rand=0.069, E/R=3.87
  Independence: cos(pred,actual)=0.917, norm_ratio=0.913

=== Layer 31 (remaining: 9) ===
  tense: eff=0.412, rand=0.065, E/R=6.31
  question: eff=0.363, rand=0.065, E/R=5.57
  Independence: cos(pred,actual)=0.948, norm_ratio=0.945

=== Layer 34 (remaining: 6) ===
  tense: eff=0.373, rand=0.051, E/R=7.29
  question: eff=0.434, rand=0.052, E/R=8.27
  Independence: cos(pred,actual)=0.960, norm_ratio=0.965

=== Layer 37 (remaining: 3) ===
  tense: eff=0.370, rand=0.040, E/R=9.37
  question: eff=0.528, rand=0.054, E/R=9.77
  Independence: cos(pred,actual)=0.988, norm_ratio=0.992

=== Layer 38 (remaining: 2) ===
  tense: eff=0.359, rand=0.039, E/R=9.21
  question: eff=0.540, rand=0.053, E/R=10.19
  Independence: cos(pred,actual)=0.995, norm_ratio=1.001

======================================================================
ANALYSIS
======================================================================

  Data table:
     L  rem   ER_T   ER_Q  cos_ind     nr
     1   39   1.07   0.96    0.614  0.602
     4   36   1.19   0.73    0.630  0.586
     7   33   1.78   1.43    0.681  0.649
    10   30   2.21   2.28    0.707  0.689
    13   27   2.29   2.13    0.716  0.714
    16   24   2.86   2.97    0.750  0.761
    19   21   2.98   2.67    0.775  0.811
    22   18   4.47   3.08    0.823  0.867
    25   15   4.10   2.79    0.874  0.879
    28   12   5.60   3.87    0.917  0.913
    31    9   6.31   5.57    0.948  0.945
    34    6   7.29   8.27    0.960  0.965
    37    3   9.37   9.77    0.988  0.992
    38    2   9.21  10.19    0.995  1.001

  Model comparison (R-squared):
                           Model    Tense Question
          1/remaining (distance)    0.788    0.863
               Linear with depth    0.932    0.823
          Exponential with depth    0.974    0.946

  Distance model residuals (actual - predicted):
     L  rem  resid_T  resid_Q
     1   39   -1.621   -1.151
     4   36   -1.551   -1.440
     7   33   -1.014   -0.807
    10   30   -0.651   -0.029
    13   27   -0.652   -0.280
    16   24   -0.179   +0.446
    19   21   -0.188   -0.006
    22   18   +1.138   +0.204
    25   15   +0.534   -0.352
    28   12   +1.681   +0.312
    31    9   +1.828   +1.349
    34    6   +1.712   +2.765
    37    3   +0.842   +0.791
    38    2   -1.880   -1.802

  Residual-depth correlation:
    Corr(L, residual_tense)    = +0.534
    Corr(L, residual_question) = +0.481

  KEY PREDICTIONS:
  => E/R increase is SUPER-LINEAR (faster than distance predicts)
  => Deep layers have GENUINE feature encoding advantage!

  FEATURE INDEPENDENCE:
    Mean cos(predicted, actual): 0.813
    Mean norm_ratio: 0.812
    Corr(L, cos_independence) = +1.000
    Corr(L, norm_ratio) = +0.996
  => Features are PARTIALLY independent
  => Some interference between tense and question directions

End: 2026-04-25 13:38:15
Results saved to results/causal_fiber/glm4_cclv/results.json
