[22:05:06] Phase CCXVI: Direct Head Hook Causal Analysis
[22:05:06] Model: GLM4-9B-Chat, n_pairs=60
[22:05:06] Loading model...
[22:05:19] Model loaded in 13s
[22:05:19] Config: n_layers=40, n_heads=32, head_dim=128, d_model=4096
[22:05:19] Layer indices: [0, 20, 39]
[22:05:19] 
============================================================
[22:05:19] S1: 差分向量收集 + Head Hook
[22:05:19] ============================================================
[22:05:19]   [1/12] tense (SYN): 39 pairs
[22:06:49]     Collected 117 valid delta vectors
[22:06:49]   [2/12] polarity (SYN): 40 pairs
[22:08:16]     Collected 120 valid delta vectors
[22:08:16]   [3/12] number (SYN): 40 pairs
[22:09:45]     Collected 120 valid delta vectors
[22:09:45]   [4/12] negation (SYN): 40 pairs
[22:11:16]     Collected 120 valid delta vectors
[22:11:16]   [5/12] question (SYN): 40 pairs
[22:12:43]     Collected 120 valid delta vectors
[22:12:43]   [6/12] person (SYN): 40 pairs
[22:14:10]     Collected 120 valid delta vectors
[22:14:10]   [7/12] definiteness (SYN): 40 pairs
[22:15:37]     Collected 120 valid delta vectors
[22:15:37]   [8/12] info_structure (SYN): 40 pairs
[22:17:05]     Collected 120 valid delta vectors
[22:17:05]   [9/12] sentiment (SEM): 40 pairs
[22:18:34]     Collected 120 valid delta vectors
[22:18:34]   [10/12] semantic_topic (SEM): 40 pairs
[22:20:03]     Collected 120 valid delta vectors
[22:20:03]   [11/12] voice (SEM): 40 pairs
[22:21:31]     Collected 120 valid delta vectors
[22:21:31]   [12/12] formality (SEM): 40 pairs
[22:22:58]     Collected 120 valid delta vectors
[22:22:58] 
--- Delta Norms ---
[22:22:58]   tense [SYN]: 0, 4, 78
[22:22:58]   polarity [SYN]: 0, 6, 106
[22:22:58]   number [SYN]: 0, 5, 98
[22:22:58]   negation [SYN]: 0, 8, 149
[22:22:58]   question [SYN]: 0, 10, 251
[22:22:58]   person [SYN]: 0, 6, 112
[22:22:58]   definiteness [SYN]: 0, 4, 90
[22:22:58]   info_structure [SYN]: 0, 8, 176
[22:22:58]   sentiment [SEM]: 0, 8, 177
[22:22:58]   semantic_topic [SEM]: 0, 8, 150
[22:22:58]   voice [SEM]: 0, 9, 234
[22:22:58]   formality [SEM]: 0, 9, 184
[22:22:58] 
============================================================
[22:22:58] S2: Head输出差分贡献 (直接Hook)
[22:22:58] ============================================================
[22:22:58]   L0: SYN=0, SEM=0, MIXED=32
[22:22:58]     Top SEM: [10, 18, 11, 3, 14] spec=[-0.101, -0.1, -0.095, -0.093, -0.085]
[22:22:58]     Per-feature Head contributions:
[22:22:58]       question: Top Heads=[29, 18, 10] norms=[0.1, 0.0, 0.0]
[22:22:58]       tense: Top Heads=[29, 18, 10] norms=[0.0, 0.0, 0.0]
[22:22:58]       definiteness: Top Heads=[18, 29, 10] norms=[0.0, 0.0, 0.0]
[22:22:58]       sentiment: Top Heads=[29, 18, 10] norms=[0.0, 0.0, 0.0]
[22:22:58]       semantic_topic: Top Heads=[29, 18, 10] norms=[0.0, 0.0, 0.0]
[22:22:58]   L20: SYN=0, SEM=0, MIXED=32
[22:22:58]     Top SEM: [16, 24, 23, 30, 10] spec=[-0.157, -0.154, -0.153, -0.152, -0.151]
[22:22:58]     Per-feature Head contributions:
[22:22:58]       question: Top Heads=[18, 29, 8] norms=[0.8, 0.3, 0.2]
[22:22:58]       tense: Top Heads=[18, 11, 7] norms=[0.1, 0.1, 0.1]
[22:22:58]       definiteness: Top Heads=[18, 20, 3] norms=[0.2, 0.2, 0.2]
[22:22:58]       sentiment: Top Heads=[18, 10, 29] norms=[0.3, 0.2, 0.2]
[22:22:58]       semantic_topic: Top Heads=[18, 17, 7] norms=[0.3, 0.2, 0.2]
[22:22:58]   L39: SYN=0, SEM=0, MIXED=32
[22:22:58]     Top SEM: [28, 0, 8, 20, 6] spec=[-0.101, -0.101, -0.1, -0.1, -0.099]
[22:22:58]     Per-feature Head contributions:
[22:22:58]       question: Top Heads=[18, 12, 8] norms=[5.8, 3.2, 3.0]
[22:22:58]       tense: Top Heads=[18, 12, 27] norms=[2.6, 1.1, 1.0]
[22:22:58]       definiteness: Top Heads=[18, 12, 27] norms=[4.5, 1.6, 1.5]
[22:22:58]       sentiment: Top Heads=[18, 12, 11] norms=[4.1, 1.8, 1.7]
[22:22:58]       semantic_topic: Top Heads=[18, 12, 27] norms=[4.3, 1.9, 1.9]
[22:22:58] 
============================================================
[22:22:58] S3: PCA原子分解 + 跨层PC追踪
[22:22:58] ============================================================
[22:22:58]   L0: 479 vectors (SYN=319, SEM=160), d=4096
[22:22:58]   L0 PCA: PC1=0.0459, PC2=0.0333, cum5=0.1583, cum10=0.2464
[22:22:58]   L0 Cohen_d=0.085, centroid_cos=0.5079
[22:22:58]   L0 Best PC: PC1 (t=-4.81, p=0.0000)
[22:22:58]   L20: 479 vectors (SYN=319, SEM=160), d=4096
[22:22:58]   L20 PCA: PC1=0.0519, PC2=0.0340, cum5=0.1618, cum10=0.2359
[22:22:58]   L20 Cohen_d=0.331, centroid_cos=0.1537
[22:22:58]   L20 Best PC: PC1 (t=12.00, p=0.0000)
[22:22:58]   L39: 479 vectors (SYN=319, SEM=160), d=4096
[22:22:58]   L39 PCA: PC1=0.1413, PC2=0.0846, cum5=0.3360, cum10=0.4342
[22:22:58]   L39 Cohen_d=0.005, centroid_cos=0.5412
[22:22:58]   L39 Best PC: PC6 (t=-9.91, p=0.0000)
[22:22:58] 
--- Cross-layer PC Tracking ---
[22:22:58]   PC1(L0) vs PC1(L39): cos=0.0220
[22:22:58]   PC1(L0) projected onto L39 PC space: top3 PCs=[3, 12, 7]
[22:22:58]   Cross-projection matrix (early→late PC1-5):
[22:22:58]     PC0(early) → [-0.022, 0.030, -0.041, -0.095, 0.028]
[22:22:58]     PC1(early) → [-0.050, -0.111, 0.052, 0.140, -0.111]
[22:22:58]     PC2(early) → [0.004, -0.095, -0.005, 0.208, -0.135]
[22:22:58]     PC3(early) → [0.012, 0.002, 0.064, 0.122, -0.006]
[22:22:58]     PC4(early) → [0.012, -0.009, 0.001, -0.008, 0.037]
[22:22:58]   Diagonal mean=0.0594, Off-diagonal max=0.2077
[22:22:58]   → PC consistency: LOW
[22:22:58] 
============================================================
[22:22:58] S4: 因果原子发现 + 条件互信息
[22:22:58] ============================================================
[22:22:58]   L0: PC1 syn_spread=0.058, sem_spread=0.013
[22:22:58]   L0: SYN/SEM separability on PC1 = 0.147
[22:22:58]   L0: Feature separability ranking:
[22:22:58]     negation [SYN]: 3.159
[22:22:58]     number [SYN]: 0.885
[22:22:58]     tense [SYN]: 0.573
[22:22:58]     polarity [SYN]: 0.477
[22:22:58]     definiteness [SYN]: 0.392
[22:22:58]     info_structure [SYN]: 0.387
[22:22:58]     sentiment [SEM]: 0.376
[22:22:58]     voice [SEM]: 0.315
[22:22:58]     semantic_topic [SEM]: 0.280
[22:22:58]     formality [SEM]: 0.174
[22:22:58]     person [SYN]: 0.140
[22:22:58]     question [SYN]: 0.088
[22:22:58]   L20: PC1 syn_spread=1.039, sem_spread=2.286
[22:22:58]   L20: SYN/SEM separability on PC1 = 0.415
[22:22:58]   L20: Feature separability ranking:
[22:22:58]     voice [SEM]: 2.751
[22:22:58]     question [SYN]: 1.368
[22:22:58]     person [SYN]: 0.716
[22:22:58]     tense [SYN]: 0.610
[22:22:58]     semantic_topic [SEM]: 0.588
[22:22:58]     formality [SEM]: 0.566
[22:22:58]     definiteness [SYN]: 0.537
[22:22:58]     number [SYN]: 0.531
[22:22:58]     sentiment [SEM]: 0.489
[22:22:58]     info_structure [SYN]: 0.317
[22:22:58]     negation [SYN]: 0.297
[22:22:58]     polarity [SYN]: 0.102
[22:22:58]   L39: PC1 syn_spread=52.062, sem_spread=42.485
[22:22:58]   L39: SYN/SEM separability on PC1 = 0.009
[22:22:58]   L39: Feature separability ranking:
[22:22:58]     question [SYN]: 2.524
[22:22:58]     voice [SEM]: 1.483
[22:22:58]     number [SYN]: 0.829
[22:22:58]     info_structure [SYN]: 0.755
[22:22:58]     definiteness [SYN]: 0.726
[22:22:58]     semantic_topic [SEM]: 0.687
[22:22:58]     tense [SYN]: 0.632
[22:22:58]     person [SYN]: 0.508
[22:22:58]     sentiment [SEM]: 0.502
[22:22:58]     polarity [SYN]: 0.350
[22:22:58]     formality [SEM]: 0.272
[22:22:58]     negation [SYN]: 0.257
[22:22:58] 
--- Conditional Mutual Information ---
[22:22:58]   L0: Intra-SYN dist=0.056, Intra-SEM dist=0.018, Cross dist=0.036
[22:22:58]   L0: → Syntax/Semantic MIXED (cross <= intra)
[22:22:58]   L20: Intra-SYN dist=1.186, Intra-SEM dist=2.691, Cross dist=1.725
[22:22:58]   L20: → Syntax/Semantic MIXED (cross <= intra)
[22:22:58]   L39: Intra-SYN dist=56.371, Intra-SEM dist=55.139, Cross dist=47.080
[22:22:58]   L39: → Syntax/Semantic MIXED (cross <= intra)
[22:22:58] 
============================================================
[22:22:58] S5: 统计检验
[22:22:58] ============================================================
[22:22:58]   Growth: syn_mean=794.16 vs sem_mean=527.56, p=0.3414
[22:22:58]   PC1 Cohen's d: ['0.085', '0.331', '0.005']
[22:22:58]   Mean |Cohen's d|: 0.140
[22:22:58]   Subspace overlaps: ['0.5079', '0.1537', '0.5412']
[22:22:58]   Mean overlap: 0.4009
[22:22:58] 
============================================================
[22:22:58] FINAL: glm4
[22:22:58] ============================================================
[22:22:58] 
--- Delta Norms ---
[22:22:58]   tense [SYN]: 0, 4, 78
[22:22:58]   polarity [SYN]: 0, 6, 106
[22:22:58]   number [SYN]: 0, 5, 98
[22:22:58]   negation [SYN]: 0, 8, 149
[22:22:58]   question [SYN]: 0, 10, 251
[22:22:58]   person [SYN]: 0, 6, 112
[22:22:58]   definiteness [SYN]: 0, 4, 90
[22:22:58]   info_structure [SYN]: 0, 8, 176
[22:22:58]   sentiment [SEM]: 0, 8, 177
[22:22:58]   semantic_topic [SEM]: 0, 8, 150
[22:22:58]   voice [SEM]: 0, 9, 234
[22:22:58]   formality [SEM]: 0, 9, 184
[22:22:58] 
--- PCA ---
[22:22:58]   L0: PC1=0.0459, cum5=0.1583, Cohen_d=0.085, overlap=0.5079
[22:22:58]   L20: PC1=0.0519, cum5=0.1618, Cohen_d=0.331, overlap=0.1537
[22:22:58]   L39: PC1=0.1413, cum5=0.3360, Cohen_d=0.005, overlap=0.5412
[22:22:58] 
--- Head Specialization (Direct Hook) ---
[22:22:58]   L0: SYN=0, SEM=0, MIXED=32
[22:22:58]     spec range: [-0.101, -0.043], std=0.014
[22:22:58]   L20: SYN=0, SEM=0, MIXED=32
[22:22:58]     spec range: [-0.157, -0.002], std=0.025
[22:22:58]   L39: SYN=0, SEM=0, MIXED=32
[22:22:58]     spec range: [-0.101, -0.044], std=0.011
[22:22:58] 
--- Fiber Growth ---
[22:22:58]   tense [SYN]: growth=309.95x
[22:22:58]   polarity [SYN]: growth=756.84x
[22:22:58]   number [SYN]: growth=280.24x
[22:22:58]   negation [SYN]: growth=273.31x
[22:22:58]   question [SYN]: growth=549.64x
[22:22:58]   person [SYN]: growth=644.58x
[22:22:58]   definiteness [SYN]: growth=2750.97x
[22:22:58]   info_structure [SYN]: growth=787.77x
[22:22:58]   sentiment [SEM]: growth=352.84x
[22:22:58]   semantic_topic [SEM]: growth=269.36x
[22:22:58]   voice [SEM]: growth=1068.33x
[22:22:58]   formality [SEM]: growth=419.71x
[22:22:58] 
DONE! Saved to results/causal_fiber/glm4_ccxvi
