======================================================================
Phase CCXXXI: 句法特征重叠机制与高阶PC分离分析 — GLM4-9B-Chat
  n_features=6, n_pairs=80, n_test=40
  时间=2026-04-24 01:34:23
======================================================================

--- S1: 加载模型 ---
  加载完成: 14s, n_layers=40, d_model=4096

============================================================
S2: 逐层收集6个特征差分向量(PC1-PC5)
============================================================
  采样层 (21层): [0, 2, 4, 6, 8, 10, 12, 14, 16, 18]...[32, 34, 36, 38, 39]
  收集 tense (80对, 类型=SYN)...
    tense: 40/80
    tense: 80/80
  收集 question (77对, 类型=SYN)...
    question: 40/77
  收集 voice (77对, 类型=SYN)...
    voice: 40/77
  收集 polarity (76对, 类型=SYN)...
    polarity: 40/76
  收集 negation (77对, 类型=SYN)...
    negation: 40/77
  收集 semantic_valence (75对, 类型=SEM)...
    semantic_valence: 40/75

  计算完成: 126 个(特征,层)组合

============================================================
S3: tense×question重叠的PC1-PC5分析
============================================================

  --- tense × question ---
  PC交叉对齐矩阵 (所有层平均|cos|):
            quesPC1  quesPC2  quesPC3  quesPC4  quesPC5
  tensPC1   0.148   0.118   0.108   0.088   0.096
  tensPC2   0.137   0.115   0.224   0.082   0.065
  tensPC3   0.113   0.058   0.109   0.063   0.034
  tensPC4   0.123   0.075   0.094   0.053   0.045
  tensPC5   0.110   0.050   0.090   0.060   0.066

  关键指标:
    PC1×PC1 |cos| = 0.1483
    tense_PC1在question_PC1-5子空间投影 = 0.0644
    question_PC1在tense_PC1-5子空间投影 = 0.0808

  跨层PC1×PC1变化:
    早期层: |cos|=0.0611
    中间层: |cos|=0.0766
    晚期层: |cos|=0.2783

  --- voice × semantic_valence ---
  PC交叉对齐矩阵 (所有层平均|cos|):
            semaPC1  semaPC2  semaPC3  semaPC4  semaPC5
  voicPC1   0.092   0.037   0.085   0.061   0.043
  voicPC2   0.032   0.034   0.077   0.038   0.043
  voicPC3   0.072   0.059   0.047   0.038   0.047
  voicPC4   0.078   0.052   0.044   0.034   0.041
  voicPC5   0.074   0.066   0.037   0.051   0.053

  关键指标:
    PC1×PC1 |cos| = 0.0922
    voice_PC1在semantic_valence_PC1-5子空间投影 = 0.0228
    semantic_valence_PC1在voice_PC1-5子空间投影 = 0.0263
    → PC1高度正交

  跨层PC1×PC1变化:
    早期层: |cos|=0.0392
    中间层: |cos|=0.0352
    晚期层: |cos|=0.1814

  --- tense × polarity ---
  PC交叉对齐矩阵 (所有层平均|cos|):
            polaPC1  polaPC2  polaPC3  polaPC4  polaPC5
  tensPC1   0.129   0.066   0.087   0.088   0.046
  tensPC2   0.111   0.126   0.123   0.096   0.047
  tensPC3   0.045   0.086   0.068   0.099   0.057
  tensPC4   0.055   0.091   0.069   0.075   0.064
  tensPC5   0.067   0.051   0.069   0.086   0.040

  关键指标:
    PC1×PC1 |cos| = 0.1290
    tense_PC1在polarity_PC1-5子空间投影 = 0.0384
    polarity_PC1在tense_PC1-5子空间投影 = 0.0385

  跨层PC1×PC1变化:
    早期层: |cos|=0.0311
    中间层: |cos|=0.0499
    晚期层: |cos|=0.2740

  --- negation × polarity ---
  PC交叉对齐矩阵 (所有层平均|cos|):
            polaPC1  polaPC2  polaPC3  polaPC4  polaPC5
  negaPC1   0.098   0.101   0.095   0.107   0.064
  negaPC2   0.087   0.109   0.087   0.073   0.057
  negaPC3   0.089   0.073   0.065   0.052   0.051
  negaPC4   0.057   0.054   0.076   0.073   0.055
  negaPC5   0.062   0.032   0.051   0.079   0.053

  关键指标:
    PC1×PC1 |cos| = 0.0983
    negation_PC1在polarity_PC1-5子空间投影 = 0.0445
    polarity_PC1在negation_PC1-5子空间投影 = 0.0322
    → PC1高度正交

  跨层PC1×PC1变化:
    早期层: |cos|=0.0265
    中间层: |cos|=0.0264
    晚期层: |cos|=0.2150

  --- question × negation ---
  PC交叉对齐矩阵 (所有层平均|cos|):
            negaPC1  negaPC2  negaPC3  negaPC4  negaPC5
  quesPC1   0.114   0.097   0.042   0.089   0.087
  quesPC2   0.081   0.112   0.086   0.050   0.045
  quesPC3   0.107   0.095   0.028   0.046   0.032
  quesPC4   0.074   0.029   0.036   0.043   0.046
  quesPC5   0.079   0.047   0.036   0.030   0.034

  关键指标:
    PC1×PC1 |cos| = 0.1141
    question_PC1在negation_PC1-5子空间投影 = 0.0398
    negation_PC1在question_PC1-5子空间投影 = 0.0428

  跨层PC1×PC1变化:
    早期层: |cos|=0.0346
    中间层: |cos|=0.0365
    晚期层: |cos|=0.2419

============================================================
S4: 子空间重叠度(Grassmann距离)
============================================================

  --- tense × question Grassmann距离 ---
    L10: Grassmann=1.7033, max_SVD=0.2726 (n_pc1=3, n_pc2=3)
    L20: Grassmann=1.6593, max_SVD=0.4641 (n_pc1=3, n_pc2=3)
    L30: Grassmann=1.6517, max_SVD=0.4371 (n_pc1=3, n_pc2=3)
    L39: Grassmann=1.4468, max_SVD=0.7781 (n_pc1=3, n_pc2=3)

  --- voice × semantic_valence Grassmann距离 ---
    L10: Grassmann=1.7166, max_SVD=0.2249 (n_pc1=3, n_pc2=3)
    L20: Grassmann=1.7184, max_SVD=0.1886 (n_pc1=3, n_pc2=3)
    L30: Grassmann=1.7275, max_SVD=0.1090 (n_pc1=3, n_pc2=3)
    L39: Grassmann=1.6769, max_SVD=0.3910 (n_pc1=3, n_pc2=3)

  --- tense × polarity Grassmann距离 ---
    L10: Grassmann=1.7269, max_SVD=0.1301 (n_pc1=3, n_pc2=3)
    L20: Grassmann=1.7064, max_SVD=0.2825 (n_pc1=3, n_pc2=3)
    L30: Grassmann=1.6807, max_SVD=0.4081 (n_pc1=3, n_pc2=3)
    L39: Grassmann=1.4884, max_SVD=0.8135 (n_pc1=3, n_pc2=3)

  --- negation × polarity Grassmann距离 ---
    L10: Grassmann=1.7137, max_SVD=0.2102 (n_pc1=3, n_pc2=3)
    L20: Grassmann=1.7122, max_SVD=0.2296 (n_pc1=3, n_pc2=3)
    L30: Grassmann=1.6897, max_SVD=0.3750 (n_pc1=3, n_pc2=3)
    L39: Grassmann=1.5718, max_SVD=0.6817 (n_pc1=3, n_pc2=3)

  --- question × negation Grassmann距离 ---
    L10: Grassmann=1.6989, max_SVD=0.3274 (n_pc1=3, n_pc2=3)
    L20: Grassmann=1.7261, max_SVD=0.1260 (n_pc1=3, n_pc2=3)
    L30: Grassmann=1.6905, max_SVD=0.3486 (n_pc1=3, n_pc2=3)
    L39: Grassmann=1.5367, max_SVD=0.6590 (n_pc1=3, n_pc2=3)

============================================================
S5: 重叠特征的信息互补性
============================================================

  --- tense × question 信息互补性 ---
    L39: tense差分能量分配:
      在question子空间内: 10.2%
      在question子空间外: 89.8%
      → tense信息的89.8%独立于question
    L39: question差分能量分配:
      在tense子空间内: 12.5%
      在tense子空间外: 87.5%
      → question信息的87.5%独立于tense

  --- voice × semantic_valence 信息互补性 ---
    L39: voice差分能量分配:
      在semantic_valence子空间内: 4.4%
      在semantic_valence子空间外: 95.6%
      → voice信息的95.6%独立于semantic_valence
    L39: semantic_valence差分能量分配:
      在voice子空间内: 2.7%
      在voice子空间外: 97.3%
      → semantic_valence信息的97.3%独立于voice

============================================================
S6: 跨层重叠演化
============================================================

  --- tense × question 跨层PC1×PC1 |cos| ---
     层 |  PC1×PC1 |cos| | 趋势
  ---- | -------------- | ----
  L 0 |         0.0202 | 
  L 2 |         0.1030 | ####
  L 4 |         0.0330 | #
  L 6 |         0.1845 | #######
  L 8 |         0.0275 | #
  L10 |         0.0282 | #
  L12 |         0.0312 | #
  L14 |         0.0461 | #
  L16 |         0.0524 | ##
  L18 |         0.0482 | #
  L20 |         0.0587 | ##
  L22 |         0.1696 | ######
  L24 |         0.0843 | ###
  L26 |         0.0926 | ###
  L28 |         0.0049 | 
  L30 |         0.0969 | ###
  L32 |         0.1189 | ####
  L34 |         0.2156 | ########
  L36 |         0.3095 | ############
  L38 |         0.7355 | #############################
  L39 |         0.6526 | ##########################
  早期平均: 0.0611, 晚期平均: 0.3048

  --- voice × semantic_valence 跨层PC1×PC1 |cos| ---
     层 |  PC1×PC1 |cos| | 趋势
  ---- | -------------- | ----
  L 0 |         0.0062 | 
  L 2 |         0.0031 | 
  L 4 |         0.1122 | ####
  L 6 |         0.0139 | 
  L 8 |         0.0167 | 
  L10 |         0.0606 | ##
  L12 |         0.0614 | ##
  L14 |         0.0348 | #
  L16 |         0.0389 | #
  L18 |         0.0830 | ###
  L20 |         0.0287 | #
  L22 |         0.0006 | 
  L24 |         0.0252 | #
  L26 |         0.0195 | 
  L28 |         0.0155 | 
  L30 |         0.0697 | ##
  L32 |         0.1551 | ######
  L34 |         0.2171 | ########
  L36 |         0.3488 | #############
  L38 |         0.5253 | #####################
  L39 |         0.1006 | ####
  早期平均: 0.0392, 晚期平均: 0.2046

============================================================
S7: 6特征全部PC1×PC1对齐(最后一层)
============================================================
  有数据的特征: 6/6
                     negati polari questi semant  tense  voice
            negation   1.00   0.57   0.45   0.56   0.58   0.01
            polarity   0.57   1.00   0.44   0.64   0.70   0.03
            question   0.45   0.44   1.00   0.59   0.65   0.16
    semantic_valence   0.56   0.64   0.59   1.00   0.72   0.10
               tense   0.58   0.70   0.65   0.72   1.00   0.10
               voice   0.01   0.03   0.16   0.10   0.10   1.00

============================================================
S8: 重叠对的PC2分离验证
============================================================

  --- tense vs question: PC2方向是否正交? ---
    L39:
      tense_PC1 vs question_PC1: |cos|=0.6526
      tense_PC2 vs question_PC1: |cos|=0.1980
      tense_PC2 vs tense_PC1: |cos|=0.0000 (应≈0)
      → PC1不重叠
      question_PC2 vs tense_PC1: |cos|=0.4069
      question_PC2 vs question_PC1: |cos|=0.0000 (应≈0)

    tense差分被question_PC1-5解释: 10.2%
    tense差分独立于question: 89.8%

  --- negation vs polarity: PC2方向是否正交? ---
    L39:
      negation_PC1 vs polarity_PC1: |cos|=0.5741
      negation_PC2 vs polarity_PC1: |cos|=0.0211
      negation_PC2 vs negation_PC1: |cos|=0.0000 (应≈0)
      → PC1重叠但PC2正交: 高阶PC能分离!
      polarity_PC2 vs negation_PC1: |cos|=0.2859
      polarity_PC2 vs polarity_PC1: |cos|=0.0000 (应≈0)

    negation差分被polarity_PC1-5解释: 7.2%
    negation差分独立于polarity: 92.8%

============================================================
S9: 解释方差比(PC1-5)
============================================================
               tense: PC1:9.8% PC2:6.7% PC3:4.5% PC4:4.3% PC5:3.6%
            question: PC1:11.2% PC2:6.6% PC3:5.3% PC4:4.2% PC5:3.1%
               voice: PC1:17.2% PC2:7.3% PC3:4.9% PC4:3.7% PC5:2.8%
            polarity: PC1:11.3% PC2:6.6% PC3:5.7% PC4:3.7% PC5:3.2%
            negation: PC1:7.9% PC2:5.5% PC3:4.6% PC4:4.1% PC5:3.2%
    semantic_valence: PC1:5.7% PC2:3.8% PC3:3.4% PC4:3.2% PC5:2.9%

============================================================
S10: 总结
============================================================

  关键问题答案:
  1. tense×question PC1重叠(|cos|>0.3)时, PC2是否正交?
  2. 重叠对的信息有多少是互补(独立)的?
  3. 正交对(voice×semantic_valence)在高阶PC是否也正交?

  结果已保存: results/causal_fiber/glm4_ccxxxi/results.json

  GPU内存已释放
