=== Phase CCXLIX: Feature-Aligned Curvature ===
Model: GLM4-9B-Chat, n_random: 10, eps_rel: 0.05
Start: 2026-04-25 03:59:07
Model loaded successfully

  === Layer 5 ===
         tense: curv=13.1777, dir_norm=0.59
      question: curv=12.1692, dir_norm=0.65
        number: curv=13.0466, dir_norm=0.63
        random: curv=16.8181
         tense ratio: 0.784x random
      question ratio: 0.724x random
        number ratio: 0.776x random

  === Layer 10 ===
         tense: curv=3.9243, dir_norm=1.15
      question: curv=3.7836, dir_norm=1.50
        number: curv=4.0948, dir_norm=1.44
        random: curv=4.2425
         tense ratio: 0.925x random
      question ratio: 0.892x random
        number ratio: 0.965x random

  === Layer 20 ===
         tense: curv=1.2051, dir_norm=3.00
      question: curv=1.2126, dir_norm=4.87
        number: curv=1.2292, dir_norm=4.02
        random: curv=1.2765
         tense ratio: 0.944x random
      question ratio: 0.950x random
        number ratio: 0.963x random

  === Layer 30 ===
         tense: curv=0.1969, dir_norm=13.97
      question: curv=0.1794, dir_norm=22.27
        number: curv=0.1942, dir_norm=17.06
        random: curv=0.2476
         tense ratio: 0.795x random
      question ratio: 0.724x random
        number ratio: 0.784x random

  === Layer 38 ===
         tense: curv=0.0320, dir_norm=48.61
      question: curv=0.0299, dir_norm=81.06
        number: curv=0.0296, dir_norm=60.07
        random: curv=0.0308
         tense ratio: 1.039x random
      question ratio: 0.972x random
        number ratio: 0.964x random

======================================================================
ANALYSIS
======================================================================

  Feature Alignment Ratios (feature_curv / random_curv):
     L    tense   question   number   random
     5     0.78x       0.72x     0.78x  16.8181
    10     0.92x       0.89x     0.97x   4.2425
    20     0.94x       0.95x     0.96x   1.2765
    30     0.80x       0.72x     0.78x   0.2476
    38     1.04x       0.97x     0.96x   0.0308

  Correlation with Depth:
         tense: Corr(L, ratio)=  0.502, Corr(L, curv)= -0.814, Corr(L, dir_norm)=  0.856
      question: Corr(L, ratio)=  0.366, Corr(L, curv)= -0.821, Corr(L, dir_norm)=  0.853
        number: Corr(L, ratio)=  0.224, Corr(L, curv)= -0.821, Corr(L, dir_norm)=  0.856
        random: Corr(L, curv)= -0.789

  KEY COMPARISON:
  If feature alignment ratio DECREASES with depth =>
  Shallow high-curvature directions are MORE feature-aligned
  => Shallow anisotropy IS semantically structured!
         tense: ratio increases/constant with depth (0.78x -> 1.04x) => NOT feature aligned
      question: ratio increases/constant with depth (0.72x -> 0.97x) => NOT feature aligned
        number: ratio increases/constant with depth (0.78x -> 0.96x) => NOT feature aligned

  Absolute Curvature by Feature Type:
     L    tense   question   number   random
     5  13.1777    12.1692  13.0466  16.8181
    10   3.9243     3.7836   4.0948   4.2425
    20   1.2051     1.2126   1.2292   1.2765
    30   0.1969     0.1794   0.1942   0.2476
    38   0.0320     0.0299   0.0296   0.0308

  Feature Direction Norms (||h_pos - h_neg||):
     L    tense   question   number
     5     0.59       0.65     0.63
    10     1.15       1.50     1.44
    20     3.00       4.87     4.02
    30    13.97      22.27    17.06
    38    48.61      81.06    60.07
    Corr(L, ||tense_dir||) = 0.856
    Corr(L, ||question_dir||) = 0.853
    Corr(L, ||number_dir||) = 0.856

  INTERPRETATION:
  No consistent pattern of decreasing alignment ratio.
  Shallow anisotropy may NOT be primarily feature-driven.

End: 2026-04-25 04:02:28
