=== Phase CCXLIV: Local Perturbation Normalization ===
Model: GLM4-9B-Chat, n_pairs: 20
Start: 2026-04-25 01:51:56
  Loading: GLM4-9B-Chat (8bit)
Model loaded successfully

--- tense_x_question (tense x question), n=20 ---
  L1 positions: [5, 13, 20, 26], L2=30
  Collecting baseline hidden states...

  === Local Perturbation Norms (||delta_L1|| at alpha=1) ===
  This reveals J_{in->L1} profile!
    L1  ||delta_A||  ||delta_B|| Position
  L 5       0.5277       0.5537    L/8.0
  L13       1.4956       1.8404    L/3.1
  L20       2.9333       4.3420    L/2.0
  L26       7.4462      11.6472    L/1.5
  L30      12.1760      18.8875 L2(fixed)

  Target local perturbation norm: 3.1007
    L1=5: ||delta||=0.5277, alpha_local=5.000
    L1=13: ||delta||=1.4956, alpha_local=2.073
    L1=20: ||delta||=2.9333, alpha_local=1.057
    L1=26: ||delta||=7.4462, alpha_local=0.416

  Measuring curvature (natural + fixed local)...

  ==========================================================================================
  COMPREHENSIVE RESULTS: tense_x_question
  ==========================================================================================

  --- Natural Perturbation (alpha=1) ---
    L1  ||dL1||    A_eff    B_eff  ||[A,B]||     C_norm     H_intr    J_fwd
  L 5    0.528    16.74    79.73     254.39   0.190624   6.046704   31.721
  L13    1.496    20.96    79.73     254.03   0.151980   2.130323   14.017
  L20    2.933    26.77    79.73     147.24   0.068995   0.629590    9.125
  L26    7.446    45.97    79.73      55.81   0.015226   0.094004    6.174

  --- Fixed Local Perturbation (||delta_L1|| = 3.101) ---
    L1  alpha  ||dL1||    A_eff    B_eff  ||[A,B]||     C_norm     H_intr    J_fwd
  L 5  5.000    2.638    62.14    79.73     256.12   0.051694   1.217594   23.554
  L13  2.073    3.101    36.14    79.73     255.98   0.088849   1.035440   11.654
  L20  1.057    3.101    28.14    79.73     147.79   0.065885   0.597831    9.074
  L26  0.416    3.101    20.92    79.73      53.95   0.032342   0.218227    6.748

  === CORRELATION ANALYSIS ===
  (Negative = shallow layers have higher values)
  Corr(L1,     ||delta_L1||_nat) =   0.913
  Corr(L1,            A_eff_nat) =   0.912
  Corr(L1,        J_forward_nat) =  -0.942
  Corr(L1,        ||[A,B]||_nat) =  -0.928
  Corr(L1,           C_norm_nat) =  -0.986
  Corr(L1,      H_intrinsic_nat) =  -0.950  <-- SHALLOW INTRINSIC NON-COMMUTATIVITY STRONGER
  ---
  Corr(L1,            A_eff_fix) =  -0.963
  Corr(L1,        J_forward_fix) =  -0.937
  Corr(L1,        ||[A,B]||_fix) =  -0.927
  Corr(L1,           C_norm_fix) =  -0.384
  Corr(L1,      H_intrinsic_fix) =  -0.978  <-- SHALLOW INTRINSIC NON-COMMUTATIVITY STRONGER

  === THE DECISIVE COMPARISON ===
  H_intrinsic_nat: Corr(L1, H) = -0.950
  H_intrinsic_fix: Corr(L1, H) = -0.978

  VERDICT: 'Shallow seeding' is GENUINE
    After fixing local perturbation, intrinsic non-commutativity
    is STILL stronger at shallow layers. The 'shallow advantage'
    is not just a propagation artifact.

  J_forward (A_eff / ||delta_L1||): Corr(L1, J) = -0.942
    Forward gain DECREASES with depth °˙ shallow perturbations propagate more efficiently

======================================================================
SUMMARY: GLM4-9B-Chat
======================================================================

  Pair: tense_x_question
  Target ||delta_L1|| = 3.1007

  Natural perturbation:
    L1=5: ||dL1||=0.5277, A_eff=16.74, ||[A,B]||=254.39, C_norm=0.190624, H_intr=6.046704
    L1=13: ||dL1||=1.4956, A_eff=20.96, ||[A,B]||=254.03, C_norm=0.151980, H_intr=2.130323
    L1=20: ||dL1||=2.9333, A_eff=26.77, ||[A,B]||=147.24, C_norm=0.068995, H_intr=0.629590
    L1=26: ||dL1||=7.4462, A_eff=45.97, ||[A,B]||=55.81, C_norm=0.015226, H_intr=0.094004

  Fixed local perturbation:
    L1=5: alpha=5.000, ||dL1||=2.6383, A_eff=62.14, ||[A,B]||=256.12, C_norm=0.051694, H_intr=1.217594
    L1=13: alpha=2.073, ||dL1||=3.1007, A_eff=36.14, ||[A,B]||=255.98, C_norm=0.088849, H_intr=1.035440
    L1=20: alpha=1.057, ||dL1||=3.1007, A_eff=28.14, ||[A,B]||=147.79, C_norm=0.065885, H_intr=0.597831
    L1=26: alpha=0.416, ||dL1||=3.1007, A_eff=20.92, ||[A,B]||=53.95, C_norm=0.032342, H_intr=0.218227

  KEY CORRELATIONS:
    Corr(L1, C_norm_nat)      = -0.986
    Corr(L1, C_norm_fix)      = -0.384
    Corr(L1, H_intrinsic_nat) = -0.950
    Corr(L1, H_intrinsic_fix) = -0.978
    Corr(L1, J_forward)       = -0.942
  VERDICT: 'Shallow seeding' is GENUINE

End: 2026-04-25 01:57:19
