=== Phase CCXLIV: Local Perturbation Normalization ===
Model: GLM4-9B-Chat, n_pairs: 20
Start: 2026-04-25 01:51:56
Model loaded successfully

======================================================================
SUMMARY: GLM4-9B-Chat
======================================================================

  Pair: tense_x_question
  Target ||delta_L1|| = 3.1007

  Natural perturbation:
    L1=5: ||dL1||=0.5277, A_eff=16.74, ||[A,B]||=254.39, C_norm=0.190624, H_intr=6.046704
    L1=13: ||dL1||=1.4956, A_eff=20.96, ||[A,B]||=254.03, C_norm=0.151980, H_intr=2.130323
    L1=20: ||dL1||=2.9333, A_eff=26.77, ||[A,B]||=147.24, C_norm=0.068995, H_intr=0.629590
    L1=26: ||dL1||=7.4462, A_eff=45.97, ||[A,B]||=55.81, C_norm=0.015226, H_intr=0.094004

  Fixed local perturbation:
    L1=5: alpha=5.000, ||dL1||=2.6383, A_eff=62.14, ||[A,B]||=256.12, C_norm=0.051694, H_intr=1.217594
    L1=13: alpha=2.073, ||dL1||=3.1007, A_eff=36.14, ||[A,B]||=255.98, C_norm=0.088849, H_intr=1.035440
    L1=20: alpha=1.057, ||dL1||=3.1007, A_eff=28.14, ||[A,B]||=147.79, C_norm=0.065885, H_intr=0.597831
    L1=26: alpha=0.416, ||dL1||=3.1007, A_eff=20.92, ||[A,B]||=53.95, C_norm=0.032342, H_intr=0.218227

  KEY CORRELATIONS:
    Corr(L1, C_norm_nat)      = -0.986
    Corr(L1, C_norm_fix)      = -0.384
    Corr(L1, H_intrinsic_nat) = -0.950
    Corr(L1, H_intrinsic_fix) = -0.978
    Corr(L1, J_forward)       = -0.942
  VERDICT: 'Shallow seeding' is GENUINE

End: 2026-04-25 01:57:19
