============================================================
Phase CCXV: 因果原子分解 (差分向量+PCA+W_o投影)
Model: GLM4-9B-Chat, n_pairs=120
Time: 2026-04-22 12:34:21
============================================================
Loading model...
Model loaded in 13s
Layers: ['L0', 'L10', 'L20', 'L30', 'L39']

============================================================
S1: 差分向量收集
============================================================
  tense [SYN] [106s]: norms=0, 2, 4, 18, 68
  polarity [SYN] [104s]: norms=0, 2, 5, 23, 91
  number [SYN] [104s]: norms=0, 1, 4, 17, 74
  negation [SYN] [105s]: norms=0, 3, 7, 31, 115
  question [SYN] [104s]: norms=0, 4, 12, 61, 241
  person [SYN] [105s]: norms=0, 2, 5, 19, 83
  definiteness [SYN] [105s]: norms=0, 1, 4, 16, 74
  info_structure [SYN] [105s]: norms=0, 3, 9, 38, 141
  sentiment [SEM] [105s]: norms=1, 3, 8, 31, 106
  semantic_topic [SEM] [105s]: norms=0, 4, 9, 39, 141
  voice [SEM] [106s]: norms=1, 4, 11, 47, 172
  formality [SEM] [105s]: norms=1, 4, 10, 45, 174

============================================================
S2: PCA原子分解 + 子空间正交性
============================================================
  L0: 360 vectors (SYN=240, SEM=120), d=4096
  L0 PCA: PC1=0.0374, PC2=0.0291, cum5=0.1462, cum10=0.2414
  L0 centroid_cos_sim(PC1-5): 0.2019
  L10: 360 vectors (SYN=240, SEM=120), d=4096
  L10 PCA: PC1=0.0469, PC2=0.0401, cum5=0.1506, cum10=0.2199
  L10 centroid_cos_sim(PC1-5): 0.3256
  L20: 360 vectors (SYN=240, SEM=120), d=4096
  L20 PCA: PC1=0.0742, PC2=0.0400, cum5=0.1764, cum10=0.2513
  L20 centroid_cos_sim(PC1-5): 0.3581
  L30: 360 vectors (SYN=240, SEM=120), d=4096
  L30 PCA: PC1=0.1041, PC2=0.0304, cum5=0.1884, cum10=0.2559
  L30 centroid_cos_sim(PC1-5): 0.3268
  L39: 360 vectors (SYN=240, SEM=120), d=4096
  L39 PCA: PC1=0.1433, PC2=0.0755, cum5=0.3325, cum10=0.4269
  L39 centroid_cos_sim(PC1-5): 0.2195

============================================================
S3: W_o Head贡献分解
============================================================
  L0: W_o is 8bit quantized, dequantizing...
  L0: SYN=0, SEM=0, MIXED=32
    Top SYN: [1, 20, 11] spec=[0.074, 0.063, 0.039]
    Top SEM: [19, 18, 27] spec=[-0.121, -0.086, -0.047]
  L10: W_o is 8bit quantized, dequantizing...
  L10: SYN=0, SEM=0, MIXED=32
    Top SYN: [13, 11, 25] spec=[0.25, 0.204, 0.116]
    Top SEM: [20, 29, 23] spec=[-0.222, -0.191, -0.131]
  L20: W_o is 8bit quantized, dequantizing...
  L20: SYN=0, SEM=0, MIXED=32
    Top SYN: [7, 11, 6] spec=[0.127, 0.095, 0.094]
    Top SEM: [4, 14, 1] spec=[-0.192, -0.133, -0.124]
  L30: W_o is 8bit quantized, dequantizing...
  L30: SYN=0, SEM=0, MIXED=32
    Top SYN: [3, 13, 10] spec=[0.12, 0.114, 0.114]
    Top SEM: [20, 30, 16] spec=[-0.138, -0.117, -0.088]
  L39: W_o is 8bit quantized, dequantizing...
  L39: W_o unavailable (aten::dequantize.self: attempted to run this operator with Meta tensors, but there was no fake impl or Meta kernel registered. You may have run into this message while using an operator with PT2 compilation APIs (torch.compile/torch.export); in order to use this operator with those APIs you'll need to add a fake impl. Please see the following for next steps:  https://pytorch.org/tutorials/advanced/custom_ops_landing_page.html)

============================================================
S4: 因果原子发现
============================================================
  L0: PC1 syn_spread=0.039, sem_spread=0.047
  L0: Feature separability ranking:
    question [SYN]: 1.002
    semantic_topic [SEM]: 0.954
    formality [SEM]: 0.518
    sentiment [SEM]: 0.357
    info_structure [SYN]: 0.248
    voice [SEM]: 0.241
  L10: PC1 syn_spread=0.715, sem_spread=0.249
  L10: Feature separability ranking:
    question [SYN]: 3.965
    semantic_topic [SEM]: 1.529
    number [SYN]: 1.017
    formality [SEM]: 1.009
    person [SYN]: 0.997
    tense [SYN]: 0.922
  L20: PC1 syn_spread=2.448, sem_spread=0.522
  L20: Feature separability ranking:
    question [SYN]: 6.016
    semantic_topic [SEM]: 1.879
    person [SYN]: 1.265
    sentiment [SEM]: 1.194
    definiteness [SYN]: 0.903
    tense [SYN]: 0.901
  L30: PC1 syn_spread=13.194, sem_spread=1.165
  L30: Feature separability ranking:
    question [SYN]: 5.002
    semantic_topic [SEM]: 1.884
    sentiment [SEM]: 1.805
    formality [SEM]: 1.339
    voice [SEM]: 1.049
    number [SYN]: 0.619
  L39: PC1 syn_spread=56.611, sem_spread=13.663
  L39: Feature separability ranking:
    question [SYN]: 5.832
    semantic_topic [SEM]: 1.324
    formality [SEM]: 1.186
    sentiment [SEM]: 0.988
    definiteness [SYN]: 0.620
    info_structure [SYN]: 0.350

============================================================
S5: 统计检验
============================================================
  Growth: syn_mean=700.24 vs sem_mean=268.26, p=0.0040
  PC1 Cohen's d: ['-0.178', '0.262', '0.319', '0.471', '0.459']
  Mean |Cohen's d|: 0.338
  Subspace overlaps: ['0.2019', '0.3256', '0.3581', '0.3268', '0.2195']
  Mean overlap: 0.2864

============================================================
FINAL: glm4
============================================================

--- Delta Norms ---
  tense [SYN]: 0, 2, 4, 18, 68
  polarity [SYN]: 0, 2, 5, 23, 91
  number [SYN]: 0, 1, 4, 17, 74
  negation [SYN]: 0, 3, 7, 31, 115
  question [SYN]: 0, 4, 12, 61, 241
  person [SYN]: 0, 2, 5, 19, 83
  definiteness [SYN]: 0, 1, 4, 16, 74
  info_structure [SYN]: 0, 3, 9, 38, 141
  sentiment [SEM]: 1, 3, 8, 31, 106
  semantic_topic [SEM]: 0, 4, 9, 39, 141
  voice [SEM]: 1, 4, 11, 47, 172
  formality [SEM]: 1, 4, 10, 45, 174

--- PCA ---
  L0: PC1=0.0374, cum5=0.1462, Cohen_d=-0.178, overlap=0.201853945851326
  L10: PC1=0.0469, cum5=0.1506, Cohen_d=0.262, overlap=0.3256215453147888
  L20: PC1=0.0742, cum5=0.1764, Cohen_d=0.319, overlap=0.3580795228481293
  L30: PC1=0.1041, cum5=0.1884, Cohen_d=0.471, overlap=0.3268375098705292
  L39: PC1=0.1433, cum5=0.3325, Cohen_d=0.459, overlap=0.21951988339424133

--- Head Specialization ---
  L0: SYN=0, SEM=0, MIXED=32
  L10: SYN=0, SEM=0, MIXED=32
  L20: SYN=0, SEM=0, MIXED=32
  L30: SYN=0, SEM=0, MIXED=32

--- Fiber Growth ---
  tense [SYN]: growth=399.76x
  polarity [SYN]: growth=766.16x
  number [SYN]: growth=515.09x
  negation [SYN]: growth=722.93x
  question [SYN]: growth=534.08x
  person [SYN]: growth=784.23x
  definiteness [SYN]: growth=1544.44x
  info_structure [SYN]: growth=335.24x
  sentiment [SEM]: growth=171.11x
  semantic_topic [SEM]: growth=339.73x
  voice [SEM]: growth=237.21x
  formality [SEM]: growth=324.97x

DONE! Saved to results/causal_fiber/glm4_ccxv
