Phase CCXXXIII: 语义引力定量验证 — GLM4-9B-Chat
时间: 2026-04-24 11:05:09
特征对数: 6, 每对句子数: 40
======================================================================

S1: 加载模型
  模型加载完成: n_layers=40, d_model=4096

S2: 收集4路最小对的隐藏状态

--- 特征对: tense_x_question ---
  Feature A: tense, Feature B: question
  Expected |cos|: HIGH
  已处理 10/40 句
  已处理 20/40 句
  已处理 30/40 句
  已处理 40/40 句
  完成: 40 句, 每句4个变体

S3: 交互分析 (2×2因子设计)

  最后一层(L40)交互分析:
    交互比: 0.6444 ± 0.1115
    加法预测误差: 0.6444 ± 0.1115
    交互×A方向cos: -0.5080
    交互×B方向cos: -0.2601

S4: 条件PCA分析

  最后一层(L40)条件PCA:
    tense|B=0 vs tense|B=1:
      PC1 cos = 0.2783, angle = 73.8°
      PC1方差解释: B0=0.0368, B1=0.0553
    question|A=0 vs question|A=1:
      PC1 cos = 0.8766, angle = 28.8°
      PC1方差解释: A0=0.0372, A1=0.0662

S5: 特征间PC1|cos|基线
  PC1(tense) × PC1(question): |cos| = 0.1568

--- 特征对: tense_x_voice ---
  Feature A: tense, Feature B: voice
  Expected |cos|: MODERATE
  已处理 10/40 句
  已处理 20/40 句
  已处理 30/40 句
  已处理 40/40 句
  完成: 40 句, 每句4个变体

S3: 交互分析 (2×2因子设计)

  最后一层(L40)交互分析:
    交互比: 0.4621 ± 0.1134
    加法预测误差: 0.4621 ± 0.1134
    交互×A方向cos: -0.5028
    交互×B方向cos: -0.2030

S4: 条件PCA分析

  最后一层(L40)条件PCA:
    tense|B=0 vs tense|B=1:
      PC1 cos = 0.5358, angle = 57.6°
      PC1方差解释: B0=0.0614, B1=0.1013
    voice|A=0 vs voice|A=1:
      PC1 cos = 0.9565, angle = 17.0°
      PC1方差解释: A0=0.0807, A1=0.0766

S5: 特征间PC1|cos|基线
  PC1(tense) × PC1(voice): |cos| = 0.0615

--- 特征对: tense_x_polarity ---
  Feature A: tense, Feature B: polarity
  Expected |cos|: VARIABLE
  已处理 10/40 句
  已处理 20/40 句
  已处理 30/40 句
  已处理 40/40 句
  完成: 40 句, 每句4个变体

S3: 交互分析 (2×2因子设计)

  最后一层(L40)交互分析:
    交互比: 0.5742 ± 0.1184
    加法预测误差: 0.5742 ± 0.1184
    交互×A方向cos: -0.5970
    交互×B方向cos: -0.2369

S4: 条件PCA分析

  最后一层(L40)条件PCA:
    tense|B=0 vs tense|B=1:
      PC1 cos = 0.8441, angle = 32.4°
      PC1方差解释: B0=0.0394, B1=0.0227
    polarity|A=0 vs polarity|A=1:
      PC1 cos = 0.9616, angle = 15.9°
      PC1方差解释: A0=0.0755, A1=0.0964

S5: 特征间PC1|cos|基线
  PC1(tense) × PC1(polarity): |cos| = 0.2050

--- 特征对: voice_x_polarity ---
  Feature A: voice, Feature B: polarity
  Expected |cos|: LOW
  已处理 10/40 句
  已处理 20/40 句
  已处理 30/40 句
  已处理 40/40 句
  完成: 40 句, 每句4个变体

S3: 交互分析 (2×2因子设计)

  最后一层(L40)交互分析:
    交互比: 0.6355 ± 0.1595
    加法预测误差: 0.6355 ± 0.1595
    交互×A方向cos: -0.5159
    交互×B方向cos: -0.4707

S4: 条件PCA分析

  最后一层(L40)条件PCA:
    voice|B=0 vs voice|B=1:
      PC1 cos = 0.8401, angle = 32.8°
      PC1方差解释: B0=0.1245, B1=0.0560
    polarity|A=0 vs polarity|A=1:
      PC1 cos = 0.7155, angle = 44.3°
      PC1方差解释: A0=0.0513, A1=0.1522

S5: 特征间PC1|cos|基线
  PC1(voice) × PC1(polarity): |cos| = 0.0832

--- 特征对: voice_x_question ---
  Feature A: voice, Feature B: question
  Expected |cos|: LOW
  已处理 10/40 句
  已处理 20/40 句
  已处理 30/40 句
  已处理 40/40 句
  完成: 40 句, 每句4个变体

S3: 交互分析 (2×2因子设计)

  最后一层(L40)交互分析:
    交互比: 0.8196 ± 0.2119
    加法预测误差: 0.8196 ± 0.2119
    交互×A方向cos: -0.4176
    交互×B方向cos: -0.4367

S4: 条件PCA分析

  最后一层(L40)条件PCA:
    voice|B=0 vs voice|B=1:
      PC1 cos = 0.5883, angle = 54.0°
      PC1方差解释: B0=0.0897, B1=0.0774
    question|A=0 vs question|A=1:
      PC1 cos = 0.3831, angle = 67.5°
      PC1方差解释: A0=0.0665, A1=0.1186

S5: 特征间PC1|cos|基线
  PC1(voice) × PC1(question): |cos| = 0.2020

--- 特征对: question_x_polarity ---
  Feature A: question, Feature B: polarity
  Expected |cos|: LOW-MODERATE
  已处理 10/40 句
  已处理 20/40 句
  已处理 30/40 句
  已处理 40/40 句
  完成: 40 句, 每句4个变体

S3: 交互分析 (2×2因子设计)

  最后一层(L40)交互分析:
    交互比: 0.8657 ± 0.1629
    加法预测误差: 0.8657 ± 0.1629
    交互×A方向cos: -0.5310
    交互×B方向cos: -0.7281

S4: 条件PCA分析

  最后一层(L40)条件PCA:
    question|B=0 vs question|B=1:
      PC1 cos = 0.8232, angle = 34.6°
      PC1方差解释: B0=0.0204, B1=0.0601
    polarity|A=0 vs polarity|A=1:
      PC1 cos = 0.3634, angle = 68.7°
      PC1方差解释: A0=0.0755, A1=0.0283

S5: 特征间PC1|cos|基线
  PC1(question) × PC1(polarity): |cos| = 0.0326

======================================================================
S6: 汇总分析 — 语义引力验证
======================================================================

6个特征对汇总:
特征对                         PC1|cos|        交互比       加法误差       条件PCA角度A       条件PCA角度B
------------------------------------------------------------------------------------------
tense_x_question              0.1568     0.6444     0.6444           73.8           28.8
tense_x_voice                 0.0615     0.4621     0.4621           57.6           17.0
tense_x_polarity              0.2050     0.5742     0.5742           32.4           15.9
voice_x_polarity              0.0832     0.6355     0.6355           32.8           44.3
voice_x_question              0.2020     0.8196     0.8196           54.0           67.5
question_x_polarity           0.0326     0.8657     0.8657           34.6           68.7

相关性分析 (Pearson r):
  PC1|cos| × 交互比: r = -0.0076
  PC1|cos| × 条件PCA角度: r = -0.0245
  交互比 × 条件PCA角度: r = 0.7340

语义引力模型验证:
  [REJECTED] PC1|cos|与交互比无正相关(r=-0.01) -> 语义引力假设不被支持
  [REJECTED] PC1|cos|与条件PCA角度无正相关(r=-0.02) -> 特征表示独立

结果已保存: results/causal_fiber/glm4_ccxxxiii/results.json
完成时间: 2026-04-24 11:11:50
模型已释放
