[23:23:28] Phase CCXVII: Per-feature Head贡献矩阵 + 全层PCA扫描
[23:23:28] Model: GLM4-9B-Chat, n_pairs=40
[23:23:28] Loading model...
[23:23:52] Model loaded in 14s
[23:23:52] n_layers=40, n_heads=32, head_dim=128, d_model=4096
[23:23:52] Sampled layers: [0, 4, 8, 12, 16, 20, 24, 28, 32, 36, 39]
[23:23:52] 
============================================================
[23:23:52] S1: 全层差分向量收集 (逐对Hook方式, 避免OOM)
[23:23:52] ============================================================
[23:23:52]   Registered 14 hooks
[23:23:52]   [1/12] tense (SYN): 39 pairs
[23:24:24]     Collected 429 valid delta vectors (all layers)
[23:24:24]   [2/12] polarity (SYN): 40 pairs
[23:24:57]     Collected 440 valid delta vectors (all layers)
[23:24:57]   [3/12] number (SYN): 40 pairs
[23:25:30]     Collected 440 valid delta vectors (all layers)
[23:25:30]   [4/12] negation (SYN): 40 pairs
[23:26:03]     Collected 440 valid delta vectors (all layers)
[23:26:03]   [5/12] question (SYN): 40 pairs
[23:26:36]     Collected 440 valid delta vectors (all layers)
[23:26:36]   [6/12] person (SYN): 40 pairs
[23:27:09]     Collected 440 valid delta vectors (all layers)
[23:27:09]   [7/12] definiteness (SYN): 40 pairs
[23:27:41]     Collected 440 valid delta vectors (all layers)
[23:27:41]   [8/12] info_structure (SYN): 40 pairs
[23:28:14]     Collected 440 valid delta vectors (all layers)
[23:28:14]   [9/12] sentiment (SEM): 40 pairs
[23:28:46]     Collected 440 valid delta vectors (all layers)
[23:28:46]   [10/12] semantic_topic (SEM): 40 pairs
[23:29:19]     Collected 440 valid delta vectors (all layers)
[23:29:19]   [11/12] voice (SEM): 40 pairs
[23:29:52]     Collected 440 valid delta vectors (all layers)
[23:29:52]   [12/12] formality (SEM): 40 pairs
[23:30:24]     Collected 440 valid delta vectors (all layers)
[23:30:24] 
============================================================
[23:30:24] S2: 全层PCA扫描
[23:30:24] ============================================================
[23:30:25]   L0: PC1=0.0386, cum5=0.1429, cos=0.7753, norm(S/E)=0/0
[23:30:25]   L4: PC1=0.0404, cum5=0.1282, cos=0.3530, norm(S/E)=1/2
[23:30:25]   L8: PC1=0.0424, cum5=0.1439, cos=0.3517, norm(S/E)=2/3
[23:30:25]   L12: PC1=0.0450, cum5=0.1455, cos=0.3645, norm(S/E)=3/4
[23:30:25]   L16: PC1=0.0379, cum5=0.1580, cos=0.2822, norm(S/E)=4/6
[23:30:25]   L20: PC1=0.0411, cum5=0.1615, cos=0.2180, norm(S/E)=7/9
[23:30:25]   L24: PC1=0.0495, cum5=0.1605, cos=0.1539, norm(S/E)=13/20
[23:30:25]   L28: PC1=0.0500, cum5=0.1481, cos=0.0915, norm(S/E)=26/39
[23:30:25]   L32: PC1=0.0671, cum5=0.1592, cos=0.0624, norm(S/E)=38/58
[23:30:25]   L36: PC1=0.0780, cum5=0.1653, cos=0.1903, norm(S/E)=49/74
[23:30:25]   L39: PC1=0.1323, cum5=0.3486, cos=0.3504, norm(S/E)=123/184
[23:30:25] 
--- Layer-by-Layer Evolution ---
[23:30:25]   Information bottleneck: L39 (PC1=0.1323)
[23:30:25]   Most orthogonal layer: L32 (cos=0.0624)
[23:30:25] 
============================================================
[23:30:25] S3: Per-feature Head贡献矩阵
[23:30:25] ============================================================
[23:30:25]   L0: Head-Feature contribution matrix (32x12)
[23:30:25]   Per-feature top Heads:
[23:30:25]     tense: Top Heads=[29, 18, 10], norms=['0.0', '0.0', '0.0']
[23:30:25]     polarity: Top Heads=[29, 18, 10], norms=['0.0', '0.0', '0.0']
[23:30:25]     number: Top Heads=[29, 18, 10], norms=['0.0', '0.0', '0.0']
[23:30:25]     negation: Top Heads=[10, 4, 18], norms=['0.0', '0.0', '0.0']
[23:30:25]     question: Top Heads=[29, 18, 10], norms=['0.0', '0.0', '0.0']
[23:30:25]     person: Top Heads=[29, 18, 10], norms=['0.0', '0.0', '0.0']
[23:30:25]     definiteness: Top Heads=[18, 29, 10], norms=['0.0', '0.0', '0.0']
[23:30:25]     info_structure: Top Heads=[4, 13, 27], norms=['0.0', '0.0', '0.0']
[23:30:25]     sentiment: Top Heads=[29, 18, 10], norms=['0.0', '0.0', '0.0']
[23:30:25]     semantic_topic: Top Heads=[29, 18, 10], norms=['0.0', '0.0', '0.0']
[23:30:25]     voice: Top Heads=[18, 29, 10], norms=['0.0', '0.0', '0.0']
[23:30:25]     formality: Top Heads=[29, 18, 10], norms=['0.0', '0.0', '0.0']
[23:30:25]   Per-head top Features:
[23:30:25]     H0: Top Features=['formality', 'question', 'polarity'], norms=['0.0', '0.0', '0.0']
[23:30:25]     H1: Top Features=['question', 'formality', 'voice'], norms=['0.0', '0.0', '0.0']
[23:30:25]     H2: Top Features=['question', 'formality', 'voice'], norms=['0.0', '0.0', '0.0']
[23:30:25]     H3: Top Features=['formality', 'question', 'voice'], norms=['0.0', '0.0', '0.0']
[23:30:25]     H4: Top Features=['formality', 'question', 'polarity'], norms=['0.0', '0.0', '0.0']
[23:30:25]     H5: Top Features=['formality', 'question', 'polarity'], norms=['0.0', '0.0', '0.0']
[23:30:25]     H6: Top Features=['formality', 'question', 'polarity'], norms=['0.0', '0.0', '0.0']
[23:30:25]     H7: Top Features=['formality', 'question', 'polarity'], norms=['0.0', '0.0', '0.0']
[23:30:25]     H8: Top Features=['formality', 'question', 'polarity'], norms=['0.0', '0.0', '0.0']
[23:30:25]     H9: Top Features=['formality', 'question', 'voice'], norms=['0.0', '0.0', '0.0']
[23:30:25]   L20: Head-Feature contribution matrix (32x12)
[23:30:25]   Per-feature top Heads:
[23:30:25]     tense: Top Heads=[18, 24, 7], norms=['0.1', '0.1', '0.1']
[23:30:25]     polarity: Top Heads=[18, 6, 4], norms=['0.2', '0.2', '0.2']
[23:30:25]     number: Top Heads=[18, 5, 20], norms=['0.2', '0.2', '0.2']
[23:30:25]     negation: Top Heads=[18, 6, 24], norms=['0.2', '0.1', '0.1']
[23:30:25]     question: Top Heads=[18, 29, 20], norms=['0.7', '0.3', '0.2']
[23:30:25]     person: Top Heads=[18, 12, 4], norms=['0.2', '0.1', '0.1']
[23:30:25]     definiteness: Top Heads=[18, 20, 4], norms=['0.2', '0.2', '0.2']
[23:30:25]     info_structure: Top Heads=[18, 20, 2], norms=['0.4', '0.3', '0.3']
[23:30:25]     sentiment: Top Heads=[18, 12, 3], norms=['0.3', '0.2', '0.2']
[23:30:25]     semantic_topic: Top Heads=[18, 11, 22], norms=['0.3', '0.2', '0.2']
[23:30:25]     voice: Top Heads=[18, 19, 29], norms=['0.4', '0.3', '0.3']
[23:30:25]     formality: Top Heads=[18, 29, 2], norms=['0.4', '0.2', '0.2']
[23:30:25]   Per-head top Features:
[23:30:25]     H0: Top Features=['voice', 'info_structure', 'question'], norms=['0.3', '0.2', '0.2']
[23:30:25]     H1: Top Features=['voice', 'info_structure', 'question'], norms=['0.3', '0.2', '0.2']
[23:30:25]     H2: Top Features=['voice', 'info_structure', 'question'], norms=['0.3', '0.3', '0.2']
[23:30:25]     H3: Top Features=['voice', 'info_structure', 'question'], norms=['0.3', '0.3', '0.2']
[23:30:25]     H4: Top Features=['voice', 'info_structure', 'question'], norms=['0.3', '0.3', '0.2']
[23:30:25]     H5: Top Features=['voice', 'info_structure', 'question'], norms=['0.3', '0.2', '0.2']
[23:30:25]     H6: Top Features=['voice', 'info_structure', 'question'], norms=['0.3', '0.2', '0.2']
[23:30:25]     H7: Top Features=['voice', 'info_structure', 'question'], norms=['0.3', '0.3', '0.2']
[23:30:25]     H8: Top Features=['voice', 'info_structure', 'question'], norms=['0.3', '0.2', '0.2']
[23:30:25]     H9: Top Features=['voice', 'info_structure', 'question'], norms=['0.3', '0.3', '0.2']
[23:30:25]   L39: Head-Feature contribution matrix (32x12)
[23:30:25]   Per-feature top Heads:
[23:30:25]     tense: Top Heads=[18, 12, 27], norms=['2.5', '1.2', '1.1']
[23:30:25]     polarity: Top Heads=[18, 12, 27], norms=['3.6', '1.6', '1.5']
[23:30:25]     number: Top Heads=[18, 27, 12], norms=['4.2', '1.8', '1.7']
[23:30:25]     negation: Top Heads=[18, 12, 27], norms=['4.1', '1.8', '1.5']
[23:30:25]     question: Top Heads=[18, 12, 14], norms=['5.9', '3.3', '2.9']
[23:30:25]     person: Top Heads=[18, 12, 21], norms=['3.5', '1.7', '1.6']
[23:30:25]     definiteness: Top Heads=[18, 12, 27], norms=['5.4', '1.7', '1.5']
[23:30:25]     info_structure: Top Heads=[18, 12, 27], norms=['4.5', '2.3', '2.1']
[23:30:25]     sentiment: Top Heads=[18, 12, 11], norms=['3.7', '1.7', '1.6']
[23:30:25]     semantic_topic: Top Heads=[18, 11, 12], norms=['4.8', '1.8', '1.8']
[23:30:25]     voice: Top Heads=[18, 8, 12], norms=['5.5', '2.6', '2.6']
[23:30:25]     formality: Top Heads=[18, 12, 27], norms=['7.4', '3.3', '3.2']
[23:30:25]   Per-head top Features:
[23:30:25]     H0: Top Features=['formality', 'question', 'voice'], norms=['2.9', '2.7', '2.4']
[23:30:25]     H1: Top Features=['question', 'formality', 'voice'], norms=['2.8', '2.6', '2.3']
[23:30:25]     H2: Top Features=['question', 'formality', 'voice'], norms=['2.9', '2.9', '2.3']
[23:30:25]     H3: Top Features=['formality', 'question', 'voice'], norms=['2.7', '2.7', '2.4']
[23:30:25]     H4: Top Features=['formality', 'question', 'voice'], norms=['2.8', '2.7', '2.4']
[23:30:25]     H5: Top Features=['question', 'formality', 'voice'], norms=['2.8', '2.6', '2.3']
[23:30:25]     H6: Top Features=['question', 'formality', 'voice'], norms=['2.6', '2.6', '2.3']
[23:30:25]     H7: Top Features=['question', 'formality', 'voice'], norms=['2.9', '2.7', '2.4']
[23:30:25]     H8: Top Features=['question', 'formality', 'voice'], norms=['2.9', '2.8', '2.6']
[23:30:25]     H9: Top Features=['question', 'formality', 'voice'], norms=['2.7', '2.6', '2.3']
[23:30:25] 
============================================================
[23:30:25] S4: Head聚类分析
[23:30:25] ============================================================
[23:30:25]   L0 clusters=2: sizes=[3, 29], syn_prefs=['0.62', '0.78'], max_ratio=1.27
[23:30:25]   L0 clusters=3: sizes=[3, 18, 11], syn_prefs=['0.62', '0.79', '0.77'], max_ratio=1.28
[23:30:25]   L0 clusters=4: sizes=[3, 18, 5, 6], syn_prefs=['0.62', '0.79', '0.78', '0.77'], max_ratio=1.28
[23:30:25]   L0 Best 2-cluster: SYN heads=[0, 1, 2, 3, 4, 5, 6, 7, 8, 9, 11, 12, 13, 14, 15, 16, 17, 19, 20, 21, 22, 23, 24, 25, 26, 27, 28, 30, 31], SEM heads=[10, 18, 29]
[23:30:25]   L0 Cluster quality: intra_syn=0.008, intra_sem=0.016, inter=0.047
[23:30:25]   L20 clusters=2: sizes=[31, 1], syn_prefs=['0.76', '0.88'], max_ratio=1.16
[23:30:25]   L20 clusters=3: sizes=[13, 18, 1], syn_prefs=['0.76', '0.75', '0.88'], max_ratio=1.17
[23:30:25]   L20 clusters=4: sizes=[13, 11, 7, 1], syn_prefs=['0.76', '0.75', '0.75', '0.88'], max_ratio=1.17
[23:30:25]   L20 Best 2-cluster: SYN heads=[18], SEM heads=[0, 1, 2, 3, 4, 5, 6, 7, 8, 9, 10, 11, 12, 13, 14, 15, 16, 17, 19, 20, 21, 22, 23, 24, 25, 26, 27, 28, 29, 30, 31]
[23:30:25]   L20 Cluster quality: intra_syn=0.000, intra_sem=nan, inter=0.020
[23:30:25]   L39 clusters=2: sizes=[31, 1], syn_prefs=['0.78', '0.79'], max_ratio=1.01
[23:30:25]   L39 clusters=3: sizes=[30, 1, 1], syn_prefs=['0.78', '0.83', '0.79'], max_ratio=1.06
[23:30:25]   L39 clusters=4: sizes=[17, 13, 1, 1], syn_prefs=['0.78', '0.78', '0.83', '0.79'], max_ratio=1.06
[23:30:25]   L39 Best 2-cluster: SYN heads=[18], SEM heads=[0, 1, 2, 3, 4, 5, 6, 7, 8, 9, 10, 11, 12, 13, 14, 15, 16, 17, 19, 20, 21, 22, 23, 24, 25, 26, 27, 28, 29, 30, 31]
[23:30:25]   L39 Cluster quality: intra_syn=0.000, intra_sem=nan, inter=0.015
[23:30:25] 
============================================================
[23:30:25] S5: 因果原子词典 + 统计总结
[23:30:25] ============================================================
[23:30:25]   Growth: syn_mean=71.32x vs sem_mean=62.53x, p=0.2303
[23:30:25] 
  Causal Atom Dictionary (L39, ranked by |PC1 centroid|):
[23:30:25]     question [SYN]: PC1 centroid=-128.825, growth=64.1x
[23:30:25]     voice [SEM]: PC1 centroid=-71.881, growth=85.3x
[23:30:25]     info_structure [SYN]: PC1 centroid=-55.153, growth=86.2x
[23:30:25]     negation [SYN]: PC1 centroid=-26.742, growth=64.2x
[23:30:25]     formality [SEM]: PC1 centroid=-26.622, growth=53.2x
[23:30:25]     polarity [SYN]: PC1 centroid=-17.642, growth=57.3x
[23:30:25]     number [SYN]: PC1 centroid=15.770, growth=62.3x
[23:30:25]     definiteness [SYN]: PC1 centroid=13.472, growth=110.4x
[23:30:25]     sentiment [SEM]: PC1 centroid=-6.443, growth=65.4x
[23:30:25]     semantic_topic [SEM]: PC1 centroid=3.637, growth=46.2x
[23:30:25]     person [SYN]: PC1 centroid=-2.718, growth=65.7x
[23:30:25]     tense [SYN]: PC1 centroid=-1.880, growth=60.4x
[23:30:25] 
============================================================
[23:30:25] FINAL: glm4
[23:30:25] ============================================================
[23:30:25] 
--- Delta Norms (sampled layers) ---
[23:30:25]   tense [SYN]: 0, 7, 123
[23:30:25]   polarity [SYN]: 0, 7, 123
[23:30:25]   number [SYN]: 0, 7, 123
[23:30:25]   negation [SYN]: 0, 7, 123
[23:30:25]   question [SYN]: 0, 7, 123
[23:30:25]   person [SYN]: 0, 7, 123
[23:30:25]   definiteness [SYN]: 0, 7, 123
[23:30:25]   info_structure [SYN]: 0, 7, 123
[23:30:25]   sentiment [SEM]: 0, 9, 184
[23:30:25]   semantic_topic [SEM]: 0, 9, 184
[23:30:25]   voice [SEM]: 0, 9, 184
[23:30:25]   formality [SEM]: 0, 9, 184
[23:30:25] 
--- PCA Evolution ---
[23:30:25]   L0: PC1=0.0386, cum5=0.1429, cos=0.7753
[23:30:25]   L4: PC1=0.0404, cum5=0.1282, cos=0.3530
[23:30:25]   L8: PC1=0.0424, cum5=0.1439, cos=0.3517
[23:30:25]   L12: PC1=0.0450, cum5=0.1455, cos=0.3645
[23:30:25]   L16: PC1=0.0379, cum5=0.1580, cos=0.2822
[23:30:25]   L20: PC1=0.0411, cum5=0.1615, cos=0.2180
[23:30:25]   L24: PC1=0.0495, cum5=0.1605, cos=0.1539
[23:30:25]   L28: PC1=0.0500, cum5=0.1481, cos=0.0915
[23:30:25]   L32: PC1=0.0671, cum5=0.1592, cos=0.0624
[23:30:25]   L36: PC1=0.0780, cum5=0.1653, cos=0.1903
[23:30:25]   L39: PC1=0.1323, cum5=0.3486, cos=0.3504
[23:30:25] 
--- Fiber Growth ---
[23:30:25]   tense [SYN]: growth=60.44x
[23:30:25]   polarity [SYN]: growth=57.29x
[23:30:25]   number [SYN]: growth=62.35x
[23:30:25]   negation [SYN]: growth=64.16x
[23:30:25]   question [SYN]: growth=64.07x
[23:30:25]   person [SYN]: growth=65.68x
[23:30:25]   definiteness [SYN]: growth=110.36x
[23:30:25]   info_structure [SYN]: growth=86.19x
[23:30:25]   sentiment [SEM]: growth=65.43x
[23:30:25]   semantic_topic [SEM]: growth=46.22x
[23:30:25]   voice [SEM]: growth=85.26x
[23:30:25]   formality [SEM]: growth=53.20x
[23:30:25] 
--- Head Feature Matrix (L39) ---
[23:30:25]   tense: Top5 Heads=[18, 12, 27, 11, 26], weights=['2.5', '1.2', '1.1', '1.1', '1.1']
[23:30:25]   polarity: Top5 Heads=[18, 12, 27, 11, 7], weights=['3.6', '1.6', '1.5', '1.4', '1.4']
[23:30:25]   number: Top5 Heads=[18, 27, 12, 11, 2], weights=['4.2', '1.8', '1.7', '1.7', '1.6']
[23:30:25]   negation: Top5 Heads=[18, 12, 27, 20, 11], weights=['4.1', '1.8', '1.5', '1.5', '1.5']
[23:30:25]   question: Top5 Heads=[18, 12, 14, 7, 8], weights=['5.9', '3.3', '2.9', '2.9', '2.9']
[23:30:25]   person: Top5 Heads=[18, 12, 21, 27, 0], weights=['3.5', '1.7', '1.6', '1.6', '1.5']
[23:30:25]   definiteness: Top5 Heads=[18, 12, 27, 8, 17], weights=['5.4', '1.7', '1.5', '1.5', '1.5']
[23:30:25]   info_structure: Top5 Heads=[18, 12, 27, 11, 23], weights=['4.5', '2.3', '2.1', '2.1', '2.0']
[23:30:25]   sentiment: Top5 Heads=[18, 12, 11, 27, 7], weights=['3.7', '1.7', '1.6', '1.5', '1.5']
[23:30:25]   semantic_topic: Top5 Heads=[18, 11, 12, 27, 4], weights=['4.8', '1.8', '1.8', '1.8', '1.8']
[23:30:25]   voice: Top5 Heads=[18, 8, 12, 11, 27], weights=['5.5', '2.6', '2.6', '2.6', '2.6']
[23:30:25]   formality: Top5 Heads=[18, 12, 27, 11, 0], weights=['7.4', '3.3', '3.2', '2.9', '2.9']
[23:30:25] 
DONE! Saved to results/causal_fiber/glm4_ccxvii
