Phase CCLVI: Jacobian Norm Control
Model: glm4, n_rand=40, n_sent=6, eps=0.05
Start: 2026-04-25 14:52:40
Loading model...
  Loading: GLM4-9B-Chat (8bit)
Loaded: GLM4-9B-Chat, 40L, d=4096, dev=cuda:0
Layers: [1, 6, 11, 16, 22, 27, 32, 38]

=== TENSE ===
  Pair 1: 'She walks to the park...'
    L1: feat=49.3125 meanR=47.1063 maxR=54.4062 E/R=1.05 SA=0.906 effR=3071
    L6: feat=45.8125 meanR=45.6313 maxR=50.7188 E/R=1.00 SA=0.903 effR=3315
    L11: feat=44.7500 meanR=42.7289 maxR=47.5000 E/R=1.05 SA=0.942 effR=3314
    L16: feat=44.2188 meanR=41.6844 maxR=49.5312 E/R=1.06 SA=0.893 effR=2901
    L22: feat=48.7812 meanR=41.6008 maxR=44.2500 E/R=1.17 SA=1.102 effR=3620
    L27: feat=49.9688 meanR=38.3430 maxR=42.6875 E/R=1.30 SA=1.171 effR=3305
    L32: feat=52.5312 meanR=39.7094 maxR=43.8125 E/R=1.32 SA=1.199 effR=3365
    L38: feat=55.8750 meanR=58.9813 maxR=63.7188 E/R=0.95 SA=0.877 effR=3510
  Pair 2: 'He reads books in the library...'
    L1: feat=56.1250 meanR=54.0289 maxR=64.7500 E/R=1.04 SA=0.867 effR=2852
    L6: feat=53.3125 meanR=53.3445 maxR=58.9688 E/R=1.00 SA=0.904 effR=3352
    L11: feat=45.9062 meanR=52.2125 maxR=58.0938 E/R=0.88 SA=0.790 effR=3309
    L16: feat=48.1250 meanR=48.2297 maxR=58.8438 E/R=1.00 SA=0.818 effR=2752
    L22: feat=50.0938 meanR=47.2375 maxR=52.0000 E/R=1.06 SA=0.963 effR=3380
    L27: feat=51.1875 meanR=44.9422 maxR=48.9062 E/R=1.14 SA=1.047 effR=3459
    L32: feat=50.3750 meanR=45.2031 maxR=48.4375 E/R=1.11 SA=1.040 effR=3567
    L38: feat=63.1562 meanR=64.7281 maxR=69.1875 E/R=0.98 SA=0.913 effR=3585
  Pair 3: 'They play soccer after school...'
    L1: feat=58.1250 meanR=58.1906 maxR=68.9375 E/R=1.00 SA=0.843 effR=2918
    L6: feat=56.0938 meanR=53.6398 maxR=62.1875 E/R=1.05 SA=0.902 effR=3047
    L11: feat=50.5625 meanR=51.0461 maxR=60.9062 E/R=0.99 SA=0.830 effR=2877
    L16: feat=55.7500 meanR=47.3023 maxR=51.7188 E/R=1.18 SA=1.078 effR=3426
    L22: feat=57.8750 meanR=47.3422 maxR=54.2812 E/R=1.22 SA=1.066 effR=3116
    L27: feat=54.7188 meanR=44.7797 maxR=50.8750 E/R=1.22 SA=1.076 effR=3173
    L32: feat=54.0625 meanR=41.8727 maxR=45.3438 E/R=1.29 SA=1.192 effR=3493
    L38: feat=63.8438 meanR=60.8516 maxR=71.5625 E/R=1.05 SA=0.892 effR=2962
  Pair 4: 'The cat sleeps on the sofa...'
    L1: feat=51.2188 meanR=52.2797 maxR=57.5312 E/R=0.98 SA=0.890 effR=3382
    L6: feat=47.3750 meanR=50.1000 maxR=61.8750 E/R=0.95 SA=0.766 effR=2685
    L11: feat=45.9375 meanR=45.2797 maxR=51.8438 E/R=1.01 SA=0.886 effR=3124
    L16: feat=43.7188 meanR=42.6203 maxR=46.1562 E/R=1.03 SA=0.947 effR=3492
    L22: feat=48.0625 meanR=41.7086 maxR=49.0625 E/R=1.15 SA=0.980 effR=2960
    L27: feat=49.9062 meanR=41.7023 maxR=45.7500 E/R=1.20 SA=1.091 effR=3403
    L32: feat=45.9062 meanR=41.6016 maxR=45.4062 E/R=1.10 SA=1.011 effR=3438
    L38: feat=51.7188 meanR=58.8984 maxR=65.1875 E/R=0.88 SA=0.793 effR=3344
  Pair 5: 'We cook dinner together...'
    L1: feat=41.7188 meanR=43.5281 maxR=50.8125 E/R=0.96 SA=0.821 effR=3006
    L6: feat=44.9688 meanR=41.0133 maxR=47.8750 E/R=1.10 SA=0.939 effR=3006
    L11: feat=36.3438 meanR=37.1406 maxR=41.5312 E/R=0.98 SA=0.875 effR=3276
    L16: feat=37.5312 meanR=35.4766 maxR=39.6250 E/R=1.06 SA=0.947 effR=3283
    L22: feat=43.2812 meanR=33.9738 maxR=41.5312 E/R=1.27 SA=1.042 effR=2741
    L27: feat=40.8750 meanR=33.3969 maxR=38.5625 E/R=1.22 SA=1.060 effR=3072
    L32: feat=36.7812 meanR=32.3789 maxR=35.4375 E/R=1.14 SA=1.038 effR=3419
    L38: feat=48.3750 meanR=56.8797 maxR=63.8438 E/R=0.85 SA=0.758 effR=3251
  Pair 6: 'I think about this problem...'
    L1: feat=40.8125 meanR=41.3711 maxR=50.7188 E/R=0.99 SA=0.805 effR=2725
    L6: feat=39.9375 meanR=40.8297 maxR=47.8438 E/R=0.98 SA=0.835 effR=2983
    L11: feat=39.5312 meanR=37.9570 maxR=41.6875 E/R=1.04 SA=0.948 effR=3396
    L16: feat=40.1250 meanR=36.4578 maxR=40.6875 E/R=1.10 SA=0.986 effR=3289
    L22: feat=45.5312 meanR=34.5012 maxR=40.7500 E/R=1.32 SA=1.117 effR=2936
    L27: feat=42.0625 meanR=34.2117 maxR=36.7188 E/R=1.23 SA=1.146 effR=3556
    L32: feat=40.4688 meanR=34.8672 maxR=39.7500 E/R=1.16 SA=1.018 effR=3152
    L38: feat=54.7500 meanR=56.8609 maxR=67.0625 E/R=0.96 SA=0.816 effR=2945

=== QUESTION ===
  Pair 1: 'She walks to the park...'
    L1: feat=48.1562 meanR=47.7750 maxR=54.2812 E/R=1.01 SA=0.887 effR=3173
    L6: feat=43.6562 meanR=45.8953 maxR=51.6875 E/R=0.95 SA=0.845 effR=3229
    L11: feat=46.2812 meanR=42.4906 maxR=47.8125 E/R=1.09 SA=0.968 effR=3235
    L16: feat=41.5312 meanR=42.0367 maxR=46.9375 E/R=0.99 SA=0.885 effR=3285
    L22: feat=49.1875 meanR=41.3828 maxR=48.4062 E/R=1.19 SA=1.016 effR=2994
    L27: feat=48.8438 meanR=38.0523 maxR=43.1875 E/R=1.28 SA=1.131 effR=3180
    L32: feat=46.5938 meanR=39.2156 maxR=45.5000 E/R=1.19 SA=1.024 effR=3043
    L38: feat=50.8125 meanR=59.5281 maxR=66.2500 E/R=0.85 SA=0.767 effR=3307
  Pair 2: 'He reads books in the library...'
    L1: feat=52.3438 meanR=54.8898 maxR=77.1875 E/R=0.95 SA=0.678 effR=2071
    L6: feat=51.1562 meanR=54.0922 maxR=64.2500 E/R=0.95 SA=0.796 effR=2903
    L11: feat=48.8750 meanR=51.8047 maxR=66.3125 E/R=0.94 SA=0.737 effR=2500
    L16: feat=51.3438 meanR=49.0758 maxR=57.8125 E/R=1.05 SA=0.888 effR=2952
    L22: feat=56.7500 meanR=47.9656 maxR=52.7500 E/R=1.18 SA=1.076 effR=3387
    L27: feat=55.5938 meanR=44.9891 maxR=48.6250 E/R=1.24 SA=1.143 effR=3506
    L32: feat=57.4688 meanR=45.2305 maxR=47.5625 E/R=1.27 SA=1.208 effR=3704
    L38: feat=81.3750 meanR=64.3727 maxR=68.4375 E/R=1.26 SA=1.189 effR=3624
  Pair 3: 'They play soccer after school...'
    L1: feat=56.8750 meanR=57.9336 maxR=69.7500 E/R=0.98 SA=0.815 effR=2826
    L6: feat=55.2188 meanR=54.4008 maxR=66.6250 E/R=1.02 SA=0.829 effR=2731
    L11: feat=55.3438 meanR=50.9656 maxR=59.7500 E/R=1.09 SA=0.926 effR=2980
    L16: feat=49.8750 meanR=47.4703 maxR=53.4062 E/R=1.05 SA=0.934 effR=3236
    L22: feat=60.1250 meanR=47.5703 maxR=53.8125 E/R=1.26 SA=1.117 effR=3201
    L27: feat=61.9688 meanR=44.1641 maxR=49.4375 E/R=1.40 SA=1.253 effR=3269
    L32: feat=53.9062 meanR=41.6008 maxR=45.1562 E/R=1.30 SA=1.194 effR=3476
    L38: feat=83.8750 meanR=60.7805 maxR=64.0625 E/R=1.38 SA=1.309 effR=3687
  Pair 4: 'The cat sleeps on the sofa...'
    L1: feat=54.1875 meanR=51.5672 maxR=58.0312 E/R=1.05 SA=0.934 effR=3234
    L6: feat=47.2188 meanR=49.6422 maxR=56.0000 E/R=0.95 SA=0.843 effR=3219
    L11: feat=45.3750 meanR=45.0250 maxR=52.2188 E/R=1.01 SA=0.869 effR=3045
    L16: feat=44.4062 meanR=42.6906 maxR=46.6562 E/R=1.04 SA=0.952 effR=3429
    L22: feat=46.3125 meanR=42.1930 maxR=49.3438 E/R=1.10 SA=0.939 effR=2995
    L27: feat=45.5625 meanR=41.6484 maxR=45.7188 E/R=1.09 SA=0.997 effR=3399
    L32: feat=45.1250 meanR=41.5219 maxR=44.5000 E/R=1.09 SA=1.014 effR=3566
    L38: feat=61.8750 meanR=58.4805 maxR=62.9688 E/R=1.06 SA=0.983 effR=3533
  Pair 5: 'We cook dinner together...'
    L1: feat=45.6250 meanR=42.1523 maxR=48.4062 E/R=1.08 SA=0.943 effR=3106
    L6: feat=40.7812 meanR=40.5977 maxR=46.0625 E/R=1.00 SA=0.885 effR=3182
    L11: feat=39.7188 meanR=37.1812 maxR=41.1250 E/R=1.07 SA=0.966 effR=3348
    L16: feat=36.8438 meanR=35.0938 maxR=38.6562 E/R=1.05 SA=0.953 effR=3376
    L22: feat=36.9062 meanR=33.3887 maxR=38.8125 E/R=1.11 SA=0.951 effR=3031
    L27: feat=38.0000 meanR=33.3000 maxR=36.4062 E/R=1.14 SA=1.044 effR=3427
    L32: feat=35.5000 meanR=32.2379 maxR=35.1250 E/R=1.10 SA=1.011 effR=3450
    L38: feat=56.8438 meanR=56.6141 maxR=63.6875 E/R=1.00 SA=0.893 effR=3237
  Pair 6: 'She is happy today...'
    L1: feat=48.7188 meanR=45.0297 maxR=50.3125 E/R=1.08 SA=0.968 effR=3281
    L6: feat=45.5312 meanR=43.5617 maxR=48.4375 E/R=1.05 SA=0.940 effR=3313
    L11: feat=40.0000 meanR=42.9781 maxR=52.3438 E/R=0.93 SA=0.764 effR=2761
    L16: feat=41.7188 meanR=39.4805 maxR=44.8438 E/R=1.06 SA=0.930 effR=3175
    L22: feat=53.4062 meanR=38.2234 maxR=42.6250 E/R=1.40 SA=1.253 effR=3294
    L22: feat=53.4062 meanR=38.2234 maxR=42.6250 E/R=1.40 SA=1.253 effR=3294
Phase CCLVI: Jacobian Norm Control
Model: glm4, n_rand=30, n_sent=6, eps=0.05
Start: 2026-04-25 21:45:13
Loading model...
Loaded: GLM4-9B-Chat, 40L, d=4096, dev=cuda:0
Layers: [1, 6, 11, 16, 22, 27, 32, 38]

=== TENSE ===
  Pair 1: 'She walks to the park...'
    L1: feat=49.3125 meanR=47.9500 maxR=55.8750 E/R=1.03 SA=0.883 effR=3016
    L6: feat=45.8125 meanR=45.6010 maxR=51.3438 E/R=1.00 SA=0.892 effR=3231
    L11: feat=44.7500 meanR=42.6167 maxR=45.8750 E/R=1.05 SA=0.975 effR=3535
    L16: feat=44.2188 meanR=42.5760 maxR=48.5938 E/R=1.04 SA=0.910 effR=3144
    L22: feat=48.7812 meanR=41.0719 maxR=47.0625 E/R=1.19 SA=1.037 effR=3120
    L27: feat=49.9688 meanR=37.9583 maxR=41.4062 E/R=1.32 SA=1.207 effR=3442
    L32: feat=52.5312 meanR=39.3667 maxR=45.8438 E/R=1.33 SA=1.146 effR=3020
    L38: feat=55.8750 meanR=59.6750 maxR=66.1250 E/R=0.94 SA=0.845 effR=3336
  Pair 2: 'He reads books in the library...'
    L1: feat=56.1250 meanR=54.3167 maxR=62.3750 E/R=1.03 SA=0.900 effR=3106
    L6: feat=53.3125 meanR=52.9062 maxR=60.3125 E/R=1.01 SA=0.884 effR=3152
    L11: feat=45.9062 meanR=52.0260 maxR=60.9688 E/R=0.88 SA=0.753 effR=2983
    L16: feat=48.1250 meanR=47.8104 maxR=54.6875 E/R=1.01 SA=0.880 effR=3131
    L22: feat=50.0938 meanR=47.4083 maxR=52.0000 E/R=1.06 SA=0.963 effR=3405
    L27: feat=51.1875 meanR=45.5927 maxR=49.2500 E/R=1.12 SA=1.039 effR=3510
    L32: feat=50.3750 meanR=45.5823 maxR=48.2188 E/R=1.11 SA=1.045 effR=3660
    L38: feat=63.1562 meanR=63.9729 maxR=66.3750 E/R=0.99 SA=0.952 effR=3805
  Pair 3: 'They play soccer after school...'
    L1: feat=58.1250 meanR=57.2771 maxR=70.3125 E/R=1.01 SA=0.827 effR=2718
    L6: feat=56.0938 meanR=53.8135 maxR=62.9062 E/R=1.04 SA=0.892 effR=2997
    L11: feat=50.5625 meanR=51.0521 maxR=60.0312 E/R=0.99 SA=0.842 effR=2962
    L16: feat=55.7500 meanR=47.0323 maxR=51.7188 E/R=1.19 SA=1.078 effR=3387
    L22: feat=57.8750 meanR=47.2198 maxR=52.6875 E/R=1.23 SA=1.098 effR=3290
    L27: feat=54.7188 meanR=44.8125 maxR=50.2188 E/R=1.22 SA=1.090 effR=3262
    L32: feat=54.0625 meanR=42.1667 maxR=45.8125 E/R=1.28 SA=1.180 effR=3470
    L38: feat=63.8438 meanR=60.6667 maxR=64.2500 E/R=1.05 SA=0.994 effR=3652
  Pair 4: 'The cat sleeps on the sofa...'
    L1: feat=51.2188 meanR=51.3719 maxR=60.7188 E/R=1.00 SA=0.844 effR=2932
    L6: feat=47.3750 meanR=49.2000 maxR=56.6562 E/R=0.96 SA=0.836 effR=3089
    L11: feat=45.9375 meanR=44.5063 maxR=47.3438 E/R=1.03 SA=0.970 effR=3620
    L16: feat=43.7188 meanR=42.5365 maxR=48.0000 E/R=1.03 SA=0.911 effR=3217
    L22: feat=48.0625 meanR=41.7833 maxR=47.5000 E/R=1.15 SA=1.012 effR=3169
    L27: feat=49.9062 meanR=41.8698 maxR=44.5312 E/R=1.19 SA=1.121 effR=3621
    L32: feat=45.9062 meanR=41.4417 maxR=46.3438 E/R=1.11 SA=0.991 effR=3275
    L38: feat=51.7188 meanR=58.8229 maxR=67.0625 E/R=0.88 SA=0.771 effR=3151
  Pair 5: 'We cook dinner together...'
    L1: feat=41.7188 meanR=42.3323 maxR=49.0625 E/R=0.99 SA=0.850 effR=3049
    L6: feat=44.9688 meanR=39.7635 maxR=42.7500 E/R=1.13 SA=1.052 effR=3544
    L11: feat=36.3438 meanR=37.0510 maxR=41.3125 E/R=0.98 SA=0.880 effR=3295
    L16: feat=37.5312 meanR=35.0229 maxR=40.5625 E/R=1.07 SA=0.925 effR=3054
    L22: feat=43.2812 meanR=33.3219 maxR=36.7500 E/R=1.30 SA=1.178 effR=3367
    L27: feat=40.8750 meanR=33.3229 maxR=36.0000 E/R=1.23 SA=1.135 effR=3509
    L32: feat=36.7812 meanR=32.2609 maxR=34.6875 E/R=1.14 SA=1.060 effR=3543
    L38: feat=48.3750 meanR=56.4594 maxR=59.1250 E/R=0.86 SA=0.818 effR=3735
  Pair 6: 'I think about this problem...'
    L1: feat=40.8125 meanR=42.0865 maxR=47.7812 E/R=0.97 SA=0.854 effR=3178
    L6: feat=39.9375 meanR=41.3219 maxR=50.2500 E/R=0.97 SA=0.795 effR=2770
    L11: feat=39.5312 meanR=38.2573 maxR=42.6875 E/R=1.03 SA=0.926 effR=3290
    L16: feat=40.1250 meanR=36.8333 maxR=43.4688 E/R=1.09 SA=0.923 effR=2941
    L22: feat=45.5312 meanR=34.8630 maxR=38.7500 E/R=1.31 SA=1.175 effR=3315
    L27: feat=42.0625 meanR=34.1021 maxR=36.1250 E/R=1.23 SA=1.164 effR=3650
    L32: feat=40.4688 meanR=34.6708 maxR=37.1250 E/R=1.17 SA=1.090 effR=3572
    L38: feat=54.7500 meanR=56.9031 maxR=61.9688 E/R=0.96 SA=0.884 effR=3454

=== QUESTION ===
  Pair 1: 'She walks to the park...'
    L1: feat=48.1562 meanR=47.4615 maxR=52.8125 E/R=1.01 SA=0.912 effR=3308
    L6: feat=43.6562 meanR=45.3781 maxR=50.9062 E/R=0.96 SA=0.858 effR=3255
    L11: feat=46.2812 meanR=43.2667 maxR=47.0938 E/R=1.07 SA=0.983 effR=3457
    L16: feat=41.5312 meanR=41.4625 maxR=46.5625 E/R=1.00 SA=0.892 effR=3248
    L22: feat=49.1875 meanR=40.8740 maxR=44.8750 E/R=1.20 SA=1.096 effR=3398
    L27: feat=48.8438 meanR=38.5844 maxR=43.0000 E/R=1.27 SA=1.136 effR=3298
    L32: feat=46.5938 meanR=39.4750 maxR=42.9688 E/R=1.18 SA=1.084 effR=3457
    L38: feat=50.8125 meanR=59.3438 maxR=67.5625 E/R=0.86 SA=0.752 effR=3160
  Pair 2: 'He reads books in the library...'
    L1: feat=52.3438 meanR=55.9365 maxR=63.2500 E/R=0.94 SA=0.828 effR=3204
    L6: feat=51.1562 meanR=53.4573 maxR=61.0000 E/R=0.96 SA=0.839 effR=3146
    L11: feat=48.8750 meanR=53.0812 maxR=59.9062 E/R=0.92 SA=0.816 effR=3216
    L16: feat=51.3438 meanR=49.1333 maxR=54.0625 E/R=1.04 SA=0.950 effR=3383
    L22: feat=56.7500 meanR=47.1958 maxR=50.7812 E/R=1.20 SA=1.118 effR=3538
    L27: feat=55.5938 meanR=45.3021 maxR=49.8125 E/R=1.23 SA=1.116 effR=3388
    L32: feat=57.4688 meanR=45.4000 maxR=48.0312 E/R=1.27 SA=1.196 effR=3660
    L38: feat=81.3750 meanR=64.4865 maxR=67.1875 E/R=1.26 SA=1.211 effR=3773
  Pair 3: 'They play soccer after school...'
    L1: feat=56.8750 meanR=56.6427 maxR=69.6250 E/R=1.00 SA=0.817 effR=2711
    L6: feat=55.2188 meanR=54.1094 maxR=66.8125 E/R=1.02 SA=0.826 effR=2687
    L11: feat=55.3438 meanR=49.4844 maxR=55.0938 E/R=1.12 SA=1.005 effR=3304
    L16: feat=49.8750 meanR=47.3771 maxR=52.8438 E/R=1.05 SA=0.944 effR=3292
    L22: feat=60.1250 meanR=47.5510 maxR=52.5312 E/R=1.26 SA=1.145 effR=3356
    L27: feat=61.9688 meanR=44.6677 maxR=50.0938 E/R=1.39 SA=1.237 effR=3257
    L32: feat=53.9062 meanR=41.8271 maxR=48.0000 E/R=1.29 SA=1.123 effR=3110
    L38: feat=83.8750 meanR=60.7219 maxR=63.6875 E/R=1.38 SA=1.317 effR=3723
  Pair 4: 'The cat sleeps on the sofa...'
    L1: feat=54.1875 meanR=51.3167 maxR=54.7812 E/R=1.06 SA=0.989 effR=3594
    L6: feat=47.2188 meanR=49.8240 maxR=54.7500 E/R=0.95 SA=0.862 effR=3392
    L11: feat=45.3750 meanR=44.9594 maxR=49.4062 E/R=1.01 SA=0.918 effR=3392
    L16: feat=44.4062 meanR=42.4385 maxR=44.8438 E/R=1.05 SA=0.990 effR=3668
    L22: feat=46.3125 meanR=42.1802 maxR=45.5312 E/R=1.10 SA=1.017 effR=3515
    L27: feat=45.5625 meanR=41.5146 maxR=44.2188 E/R=1.10 SA=1.030 effR=3610
    L32: feat=45.1250 meanR=41.5812 maxR=48.2812 E/R=1.09 SA=0.935 effR=3038
    L38: feat=61.8750 meanR=58.9937 maxR=67.0000 E/R=1.05 SA=0.924 effR=3176
  Pair 5: 'We cook dinner together...'
    L1: feat=45.6250 meanR=43.1177 maxR=48.3438 E/R=1.06 SA=0.944 effR=3258
    L6: feat=40.7812 meanR=40.9927 maxR=43.8125 E/R=0.99 SA=0.931 effR=3586
    L11: feat=39.7188 meanR=37.9635 maxR=42.6250 E/R=1.05 SA=0.932 effR=3249
    L16: feat=36.8438 meanR=34.8188 maxR=39.4062 E/R=1.06 SA=0.935 effR=3198
    L22: feat=36.9062 meanR=33.5036 maxR=39.2812 E/R=1.10 SA=0.940 effR=2980
    L27: feat=38.0000 meanR=33.4073 maxR=36.3750 E/R=1.14 SA=1.045 effR=3455
    L32: feat=35.5000 meanR=32.4495 maxR=35.0312 E/R=1.09 SA=1.013 effR=3515
    L38: feat=56.8438 meanR=56.6594 maxR=60.5938 E/R=1.00 SA=0.938 effR=3581
  Pair 6: 'She is happy today...'
    L1: feat=48.7188 meanR=44.6594 maxR=50.4688 E/R=1.09 SA=0.965 effR=3207
    L6: feat=45.5312 meanR=43.6208 maxR=51.2500 E/R=1.04 SA=0.888 effR=2967
    L11: feat=40.0000 meanR=43.4531 maxR=52.9375 E/R=0.92 SA=0.756 effR=2760
    L16: feat=41.7188 meanR=39.8302 maxR=43.9062 E/R=1.05 SA=0.950 effR=3371
    L22: feat=53.4062 meanR=37.6313 maxR=41.2812 E/R=1.42 SA=1.294 effR=3404
    L27: feat=46.3750 meanR=36.9625 maxR=38.9688 E/R=1.25 SA=1.190 effR=3685
    L32: feat=45.6250 meanR=37.4292 maxR=39.8750 E/R=1.22 SA=1.144 effR=3609
    L38: feat=64.2500 meanR=61.5917 maxR=65.5625 E/R=1.04 SA=0.980 effR=3615

======================================================================
AGGREGATE ANALYSIS
======================================================================

--- TENSE ---
     L     feat    meanR     maxR    E/R    SA  effR  conc
     1  49.5521  49.2224  57.6875   1.00 0.860  3000  1.17
     6  47.9167  47.1010  54.0365   1.02 0.892  3130  1.15
    11  43.8385  44.2516  49.7031   0.99 0.891  3281  1.12
    16  44.9115  41.9686  47.8385   1.07 0.938  3146  1.14
    22  48.9375  40.9447  45.7917   1.20 1.077  3278  1.12
    27  48.1198  39.6097  42.9219   1.22 1.126  3499  1.08
    32  46.6875  39.2482  43.0052   1.19 1.085  3424  1.10
    38  56.2865  59.4167  64.1510   0.95 0.877  3522  1.08

  Exponential growth rates (log(y) = alpha * layer_index + c):
                             Quantity    alpha    Corr    R-sq
                             feat_eff   0.0134   0.434   0.189
          mean_rand (||J||_F/sqrt(d))   0.0006   0.010   0.000
                   max_rand (||J||_2)  -0.0105  -0.179   0.032
                                  E/R   0.0128   0.316   0.100
                       spectral_align   0.0234   0.518   0.269
                              ||J||_F   0.0006   0.010   0.000
                              ||J||_2  -0.0105  -0.179   0.032

  KEY COMPARISON:
  alpha_feat - alpha_mean = +0.0128
    (>0: features grow faster than average -> E/R grows)
  alpha_feat - alpha_max  = +0.0239
    (>0: features beat ALL directions -> GENUINE encoding!)
  alpha_max  - alpha_mean = -0.0111
    (>0: Jacobian concentrating)
  alpha_feat / alpha_mean = 23.254 (1.0=no special; >1.0=genuine)
  alpha_feat / alpha_max  = -1.278 (>1.0=GENUINE encoding)
  alpha_max  / alpha_mean = -18.193 (>1.0=Jacobian concentrating)

  CONCLUSION for tense:
  >>> GENUINE FEATURE ENCODING <<<
  Features grow FASTER than max random! Not just Jacobian growth.

--- QUESTION ---
     L     feat    meanR     maxR    E/R    SA  effR  conc
     1  50.9844  49.8557  56.5469   1.03 0.909  3214  1.13
     6  47.2604  47.8970  54.7552   0.99 0.867  3172  1.14
    11  45.9323  45.3681  51.1771   1.01 0.901  3230  1.13
    16  44.2865  42.5101  46.9375   1.04 0.943  3360  1.10
    22  50.4479  41.4893  45.7135   1.21 1.101  3365  1.10
    27  49.3906  40.0731  43.7448   1.23 1.126  3449  1.09
    32  47.3698  39.6937  43.6979   1.19 1.083  3398  1.10
    38  66.5052  60.2995  65.2656   1.10 1.020  3505  1.08

  Exponential growth rates (log(y) = alpha * layer_index + c):
                             Quantity    alpha    Corr    R-sq
                             feat_eff   0.0264   0.516   0.267
          mean_rand (||J||_F/sqrt(d))  -0.0001  -0.001   0.000
                   max_rand (||J||_2)  -0.0074  -0.127   0.016
                                  E/R   0.0254   0.709   0.502
                       spectral_align   0.0326   0.784   0.614
                              ||J||_F  -0.0001  -0.001   0.000
                              ||J||_2  -0.0074  -0.127   0.016

  KEY COMPARISON:
  alpha_feat - alpha_mean = +0.0265
    (>0: features grow faster than average -> E/R grows)
  alpha_feat - alpha_max  = +0.0338
    (>0: features beat ALL directions -> GENUINE encoding!)
  alpha_max  - alpha_mean = -0.0073
    (>0: Jacobian concentrating)
  alpha_feat / alpha_mean = -483.039 (1.0=no special; >1.0=genuine)
  alpha_feat / alpha_max  = -3.573 (>1.0=GENUINE encoding)
  alpha_max  / alpha_mean = 135.184 (>1.0=Jacobian concentrating)

  CONCLUSION for question:
  >>> GENUINE FEATURE ENCODING <<<
  Features grow FASTER than max random! Not just Jacobian growth.

Done: 2026-04-25 22:25:27
