======================================================================
Phase CCXXV: PC1因果解码 — GLM4-9B-Chat
  n_pairs=200, n_test=50, 时间=2026-04-23 23:30:57
======================================================================

--- 加载模型 ---
  加载完成: 13s
  n_layers=40, d_model=4096, vocab_size=151343, device=cuda:0

============================================================
S2: 收集差分向量 → PC1方向
============================================================
  tense: PC1方差=15.2%
  polarity: PC1方差=10.3%
  voice: PC1方差=15.3%
  semantic_valence: PC1方差=7.3%
  semantic_topic: PC1方差=5.8%

  全局PC1方差=7.8%

============================================================
S3: lm_head权重 → PC1 logit指纹
============================================================
  从model.lm_head提取失败: Cannot copy out of meta tensor; no data!
  尝试从safetensors加载...
    加载 model-00004-of-00004.safetensors (含lm_head)...
    找到权重: lm_head.weight, shape=torch.Size([151552, 4096]), dtype=torch.bfloat16
  lm_head权重形状: (151552, 4096)

============================================================
S4: PC1 logit指纹分析
============================================================

  tense PC1 logit指纹:
    正方向 (logit增加) Top-20:
      ' докум' → 0.088 [CYRILLIC]
      ' spéci' → 0.085 [OTHER]
      'tiver' → 0.085 [OTHER]
      ' результ' → 0.084 [CYRILLIC]
      'spra' → 0.083 [OTHER]
      'tudio' → 0.083 [OTHER]
      ' cober' → 0.080 [OTHER]
      ' proyec' → 0.079 [OTHER]
      ' ragaz' → 0.079 [OTHER]
      ' estruc' → 0.078 [OTHER]
      'eiter' → 0.077 [OTHER]
      'compag' → 0.077 [OTHER]
      ' técn' → 0.077 [OTHER]
      'demás' → 0.077 [OTHER]
      ' hozz' → 0.076 [OTHER]
      'ebote' → 0.076 [OTHER]
      ' profission' → 0.075 [OTHER]
      ' compé' → 0.075 [OTHER]
      ' собы' → 0.075 [CYRILLIC]
    负方向 (logit减少) Top-20:
      '_CHAN' → -0.080 [CODE]
      'même' → -0.079 [OTHER]
      ' vri' → -0.078 [OTHER]
      '塗' → -0.073 [SHORT_FUNC,CJK]
      ' concep' → -0.073 [OTHER]
      ' conviv' → -0.073 [OTHER]
      ' tenden' → -0.072 [OTHER]
      ' orta' → -0.070 [OTHER]
      'ショ' → -0.070 [SHORT_FUNC]
      '_PAD' → -0.069 [CODE]
      '_RADIUS' → -0.069 [CODE]
      ' desar' → -0.069 [OTHER]
      '_DISK' → -0.069 [CODE]
      ' azon' → -0.068 [OTHER]
      ' irrespective' → -0.068 [OTHER]
      ' habitu' → -0.068 [OTHER]
      '_bitmap' → -0.068 [CODE]
      ' invis' → -0.067 [OTHER]
    语义类别统计:
      正方向: {'OTHER': 16, 'CYRILLIC': 3, 'CJK': 1}
      负方向: {'OTHER': 13, 'CODE': 5, 'SHORT_FUNC': 2, 'CJK': 1}
    频率排名: 正方向P50=168/151343, 负方向P50=28268/151343

  polarity PC1 logit指纹:
    正方向 (logit增加) Top-20:
      'знаком' → 0.064 [CYRILLIC]
      '不及待' → 0.063 [CJK]
      'dendo' → 0.063 [OTHER]
      'спонд' → 0.062 [CYRILLIC]
      'BootTest' → 0.061 [OTHER]
      'отеки' → 0.061 [CYRILLIC]
      'tible' → 0.061 [OTHER]
      'eboten' → 0.061 [OTHER]
      '|RF' → 0.060 [OTHER]
      ' addCriterion' → 0.060 [OTHER]
      '迎刃' → 0.060 [SHORT_FUNC,CJK]
      'ribunal' → 0.060 [OTHER]
      'denti' → 0.059 [OTHER]
      ' LENG' → 0.059 [OTHER]
      ' escen' → 0.059 [OTHER]
      ' результ' → 0.058 [CYRILLIC]
      ' ziem' → 0.058 [OTHER]
      'spra' → 0.058 [OTHER]
      ' élé' → 0.058 [OTHER]
      'WithURL' → 0.058 [OTHER]
    负方向 (logit减少) Top-20:
      ' except' → -0.072 [OTHER]
      ',' → -0.065 [OTHER]
      ';' → -0.058 [OTHER]
      ' until' → -0.055 [OTHER]
      '.' → -0.054 [OTHER]
      '.
' → -0.054 [OTHER]
      'except' → -0.053 [OTHER]
      '，' → -0.053 [CJK]
      ' till' → -0.053 [OTHER]
      ' but' → -0.050 [OTHER]
      ' unless' → -0.050 [OTHER]
      ' and' → -0.049 [OTHER]
      '直到' → -0.047 [SHORT_FUNC,CJK]
      '."' → -0.047 [OTHER]
      '和' → -0.046 [SHORT_FUNC,CJK]
      ' though' → -0.046 [OTHER]
      '虽然' → -0.045 [SHORT_FUNC,CJK]
      '但' → -0.044 [SHORT_FUNC,CJK]
      '尽管' → -0.044 [SHORT_FUNC,CJK]
      '除了' → -0.044 [SHORT_FUNC,CJK]
    语义类别统计:
      正方向: {'OTHER': 14, 'CYRILLIC': 4, 'CJK': 2, 'SHORT_FUNC': 1}
      负方向: {'OTHER': 13, 'CJK': 7, 'SHORT_FUNC': 6}
    频率排名: 正方向P50=429/151343, 负方向P50=133021/151343

  voice PC1 logit指纹:
    正方向 (logit增加) Top-20:
      ' addCriterion' → 0.064 [OTHER]
      ' confron' → 0.062 [OTHER]
      ' Ersatz' → 0.062 [OTHER]
      ' younger' → 0.061 [OTHER]
      ' Grün' → 0.061 [OTHER]
      '_CALC' → 0.061 [CODE]
      ' friend' → 0.059 [OTHER]
      ' Nachbar' → 0.057 [OTHER]
      '_CHAIN' → 0.057 [CODE]
      ' brother' → 0.056 [OTHER]
      '莅' → 0.056 [SHORT_FUNC,CJK]
      'бычно' → 0.056 [CYRILLIC]
      '.Relative' → 0.056 [OTHER]
      ' maid' → 0.056 [OTHER]
      '祖母' → 0.055 [SHORT_FUNC,CJK]
      ' compag' → 0.055 [OTHER]
      '_OVERRIDE' → 0.055 [CODE]
    负方向 (logit减少) Top-20:
      '.' → -0.050 [OTHER]
      ' selves' → -0.048 [OTHER]
      '
' → -0.048 [OTHER]
      '.
' → -0.047 [OTHER]
      ' (' → -0.041 [OTHER]
      ',' → -0.041 [OTHER]
      '-' → -0.040 [OTHER]
      'tel' → -0.039 [OTHER]
      'ark' → -0.038 [OTHER]
      ' -' → -0.035 [OTHER]
      'ukt' → -0.035 [OTHER]
      '去年' → -0.035 [SHORT_FUNC,CJK]
      ' all' → -0.035 [OTHER]
      '报' → -0.035 [SHORT_FUNC,CJK]
      '换' → -0.034 [SHORT_FUNC,CJK]
      'all' → -0.034 [OTHER]
      ':' → -0.034 [OTHER]
      'ans' → -0.034 [OTHER]
      ' –' → -0.034 [OTHER]
    语义类别统计:
      正方向: {'OTHER': 13, 'CODE': 3, 'SHORT_FUNC': 3, 'CJK': 2, 'CYRILLIC': 1}
      负方向: {'OTHER': 16, 'CJK': 4, 'SHORT_FUNC': 3}
    频率排名: 正方向P50=18763/151343, 负方向P50=64586/151343

  semantic_valence PC1 logit指纹:
    正方向 (logit增加) Top-20:
      '<|endoftext|>' → 0.073 [OTHER]
      '…
' → 0.071 [OTHER]
      ' (' → 0.069 [OTHER]
      '轻' → 0.068 [SHORT_FUNC,CJK]
      '…' → 0.068 [OTHER]
      ' ' → 0.066 [OTHER]
      '.' → 0.064 [OTHER]
      '
' → 0.058 [OTHER]
      ' técn' → 0.058 [OTHER]
      ' 联络' → 0.058 [SHORT_FUNC,CJK]
      '...
' → 0.057 [OTHER]
      ',' → 0.057 [OTHER]
      ' safezone' → 0.057 [OTHER]
      'compag' → 0.056 [OTHER]
      'DonaldTrump' → 0.054 [OTHER]
      '—' → 0.052 [OTHER]
      '(' → 0.052 [OTHER]
      ' fancy' → 0.050 [OTHER]
      'naio' → 0.050 [OTHER]
    负方向 (logit减少) Top-20:
      ' compag' → -0.092 [OTHER]
      '_BUFF' → -0.089 [CODE]
      'NAMESPACE' → -0.086 [OTHER]
      '_CHAIN' → -0.082 [CODE]
      ' escen' → -0.082 [OTHER]
      '_BITS' → -0.082 [CODE]
      'formulario' → -0.080 [OTHER]
      '子供' → -0.080 [SHORT_FUNC,CJK]
      '_SCOPE' → -0.079 [CODE]
      '_CHANNEL' → -0.078 [CODE]
      '_IMPLEMENT' → -0.077 [CODE]
      '_PHASE' → -0.077 [CODE]
      '_ALLOC' → -0.077 [CODE]
      '_PORTS' → -0.076 [CODE]
      ' testim' → -0.075 [OTHER]
      'ランキング' → -0.075 [OTHER]
      '_SCRIPT' → -0.075 [CODE]
      ' Rencontres' → -0.075 [OTHER]
    语义类别统计:
      正方向: {'OTHER': 17, 'CJK': 3, 'SHORT_FUNC': 2}
      负方向: {'CODE': 10, 'OTHER': 9, 'SHORT_FUNC': 1, 'CJK': 1}
    频率排名: 正方向P50=50816/151343, 负方向P50=22820/151343

  semantic_topic PC1 logit指纹:
    正方向 (logit增加) Top-20:
      ' ' → 0.121 [OTHER]
      '<|endoftext|>' → 0.105 [OTHER]
      '…
' → 0.087 [OTHER]
      ' результ' → 0.085 [CYRILLIC]
      '.' → 0.084 [OTHER]
      '…' → 0.083 [OTHER]
      ' (' → 0.083 [OTHER]
      ' докум' → 0.075 [CYRILLIC]
      ' 联络' → 0.072 [SHORT_FUNC,CJK]
      ' técn' → 0.065 [OTHER]
      ' Munici' → 0.065 [OTHER]
      '...
' → 0.065 [OTHER]
      '_' → 0.063 [CODE]
      'cipl' → 0.063 [OTHER]
      ' estruc' → 0.062 [OTHER]
      'compag' → 0.062 [OTHER]
      ' чере' → 0.061 [CYRILLIC]
      ' принима' → 0.061 [CYRILLIC]
    负方向 (logit减少) Top-20:
      ' compag' → -0.129 [OTHER]
      ' escen' → -0.117 [OTHER]
      ' discrepan' → -0.113 [OTHER]
      ' discu' → -0.111 [OTHER]
      '_BOUND' → -0.111 [CODE]
      'BYTES' → -0.109 [OTHER]
      ' matéria' → -0.109 [OTHER]
      '_SLOT' → -0.109 [CODE]
      ' preoc' → -0.109 [OTHER]
      '_HOOK' → -0.109 [CODE]
      ' centrum' → -0.106 [OTHER]
      ' anál' → -0.105 [OTHER]
      ' conquista' → -0.105 [OTHER]
      ' narra' → -0.105 [OTHER]
      'PLUGIN' → -0.105 [OTHER]
      ' prezen' → -0.104 [OTHER]
      ' pione' → -0.103 [OTHER]
      '入り' → -0.103 [SHORT_FUNC,CJK]
      ' Krie' → -0.102 [OTHER]
    语义类别统计:
      正方向: {'OTHER': 14, 'CYRILLIC': 4, 'SHORT_FUNC': 1, 'CJK': 1, 'CODE': 1}
      负方向: {'OTHER': 16, 'CODE': 3, 'SHORT_FUNC': 1, 'CJK': 1}
    频率排名: 正方向P50=3335/151343, 负方向P50=15090/151343

  global PC1 logit指纹:
    正方向 (logit增加) Top-20:
      ' councill' → 0.059 [OTHER]
      '<|endoftext|>' → 0.057 [OTHER]
      ' 导出到' → 0.056 [CJK]
      ' 深圳市' → 0.055 [CJK]
      'self' → 0.054 [OTHER]
      ' 周边' → 0.053 [SHORT_FUNC,CJK]
      'cipl' → 0.051 [OTHER]
      ' conh' → 0.050 [OTHER]
      '下载原图' → 0.049 [CJK]
      ' prome' → 0.049 [OTHER]
      ' 带着' → 0.048 [SHORT_FUNC,CJK]
      ' 笔者' → 0.048 [SHORT_FUNC,CJK]
      ' któr' → 0.047 [OTHER]
      '.IsNullOr' → 0.047 [OTHER]
      '…
' → 0.047 [OTHER]
      ' jewe' → 0.047 [OTHER]
      'panic' → 0.045 [OTHER]
    负方向 (logit减少) Top-20:
      'ネット' → -0.059 [OTHER]
      ' itself' → -0.059 [OTHER]
      'USAGE' → -0.058 [OTHER]
      'NAMESPACE' → -0.058 [OTHER]
      '_EMIT' → -0.057 [CODE]
      ' bearing' → -0.057 [OTHER]
      ' herself' → -0.057 [OTHER]
      '(pdf' → -0.057 [OTHER]
      ' fora' → -0.056 [OTHER]
      ' preoc' → -0.056 [OTHER]
      '_DIAG' → -0.056 [CODE]
      '_BUFF' → -0.056 [CODE]
      ' ofre' → -0.055 [OTHER]
      ' preocupa' → -0.055 [OTHER]
      ' implic' → -0.054 [OTHER]
      ' of' → -0.054 [SHORT_FUNC]
      ' backwards' → -0.054 [OTHER]
      ' informat' → -0.054 [OTHER]
    语义类别统计:
      正方向: {'OTHER': 13, 'CJK': 7, 'SHORT_FUNC': 3}
      负方向: {'OTHER': 16, 'CODE': 3, 'SHORT_FUNC': 1}
    频率排名: 正方向P50=1340/151343, 负方向P50=34712/151343

============================================================
S5: 因果Perturbation验证
============================================================

  --- tense PC1 perturbation (||PC1||=1.00) ---
    δ=0.5 (50个句子):
      平均|logit shift|=0.0067, max=0.0438, min=-0.0398
      正方向最常增加的token: [(' докум', 50), (' spéci', 50), ('tiver', 50), (' результ', 50), ('spra', 50)]
      正方向增加的语义类别: {'OTHER': 150, 'CYRILLIC': 100}
      正方向减少的语义类别: {'OTHER': 150, 'CODE': 50, 'SHORT_FUNC': 50, 'CJK': 50}
    δ=1.0 (50个句子):
      平均|logit shift|=0.0134, max=0.0875, min=-0.0796
      正方向最常增加的token: [(' докум', 50), (' spéci', 50), ('tiver', 50), (' результ', 50), ('spra', 50)]
      正方向增加的语义类别: {'OTHER': 150, 'CYRILLIC': 100}
      正方向减少的语义类别: {'OTHER': 150, 'CODE': 50, 'SHORT_FUNC': 50, 'CJK': 50}
    δ=2.0 (50个句子):
      平均|logit shift|=0.0269, max=0.1750, min=-0.1592
      正方向最常增加的token: [(' докум', 50), (' spéci', 50), ('tiver', 50), (' результ', 50), ('spra', 50)]
      正方向增加的语义类别: {'OTHER': 150, 'CYRILLIC': 100}
      正方向减少的语义类别: {'OTHER': 150, 'CODE': 50, 'SHORT_FUNC': 50, 'CJK': 50}

  --- polarity PC1 perturbation (||PC1||=1.00) ---
    δ=0.5 (50个句子):
      平均|logit shift|=0.0065, max=0.0322, min=-0.0358
      正方向最常增加的token: [('знаком', 50), ('不及待', 50), ('dendo', 50), ('спонд', 50), ('BootTest', 50)]
      正方向最常减少的token: [(' except', 50), (',', 50), (';', 50), (' until', 50), ('.', 50)]
      正方向增加的语义类别: {'CYRILLIC': 100, 'OTHER': 100, 'CJK': 50}
      正方向减少的语义类别: {'OTHER': 250}
    δ=1.0 (50个句子):
      平均|logit shift|=0.0130, max=0.0645, min=-0.0716
      正方向最常增加的token: [('знаком', 50), ('不及待', 50), ('dendo', 50), ('спонд', 50), ('BootTest', 50)]
      正方向最常减少的token: [(' except', 50), (',', 50), (';', 50), (' until', 50), ('.', 50)]
      正方向增加的语义类别: {'CYRILLIC': 100, 'OTHER': 100, 'CJK': 50}
      正方向减少的语义类别: {'OTHER': 250}
    δ=2.0 (50个句子):
      平均|logit shift|=0.0260, max=0.1289, min=-0.1432
      正方向最常增加的token: [('знаком', 50), ('不及待', 50), ('dendo', 50), ('спонд', 50), ('BootTest', 50)]
      正方向最常减少的token: [(' except', 50), (',', 50), (';', 50), (' until', 50), ('.', 50)]
      正方向增加的语义类别: {'CYRILLIC': 100, 'OTHER': 100, 'CJK': 50}
      正方向减少的语义类别: {'OTHER': 250}

  --- voice PC1 perturbation (||PC1||=1.00) ---
    δ=0.5 (50个句子):
      平均|logit shift|=0.0060, max=0.0318, min=-0.0250
      正方向最常增加的token: [(' addCriterion', 50), (' Ersatz', 50), (' confron', 50), (' younger', 50), (' Grün', 50)]
      正方向增加的语义类别: {'OTHER': 250}
      正方向减少的语义类别: {'OTHER': 200, 'CJK': 50}
    δ=1.0 (50个句子):
      平均|logit shift|=0.0120, max=0.0635, min=-0.0501
      正方向最常增加的token: [(' addCriterion', 50), (' Ersatz', 50), (' confron', 50), (' younger', 50), (' Grün', 50)]
      正方向增加的语义类别: {'OTHER': 250}
      正方向减少的语义类别: {'OTHER': 200, 'CJK': 50}
    δ=2.0 (50个句子):
      平均|logit shift|=0.0241, max=0.1270, min=-0.1002
      正方向最常增加的token: [(' addCriterion', 50), (' confron', 50), (' Ersatz', 50), (' younger', 50), (' Grün', 50)]
      正方向增加的语义类别: {'OTHER': 250}
      正方向减少的语义类别: {'OTHER': 200, 'CJK': 50}

  --- semantic_valence PC1 perturbation (||PC1||=1.00) ---
    δ=0.5 (50个句子):
      平均|logit shift|=0.0087, max=0.0363, min=-0.0459
      正方向最常增加的token: [('<|endoftext|>', 50), ('…\n', 50), (' (', 50), ('轻', 50), ('…', 50)]
      正方向增加的语义类别: {'OTHER': 200, 'SHORT_FUNC': 50, 'CJK': 50}
      正方向减少的语义类别: {'OTHER': 150, 'CODE': 100}
    δ=1.0 (50个句子):
      平均|logit shift|=0.0174, max=0.0725, min=-0.0917
      正方向最常增加的token: [('<|endoftext|>', 50), ('…\n', 50), (' (', 50), ('轻', 50), ('…', 50)]
      正方向增加的语义类别: {'OTHER': 200, 'SHORT_FUNC': 50, 'CJK': 50}
      正方向减少的语义类别: {'OTHER': 150, 'CODE': 100}
    δ=2.0 (50个句子):
      平均|logit shift|=0.0349, max=0.1451, min=-0.1834
      正方向最常增加的token: [('<|endoftext|>', 50), ('…\n', 50), (' (', 50), ('轻', 50), ('…', 50)]
      正方向增加的语义类别: {'OTHER': 200, 'SHORT_FUNC': 50, 'CJK': 50}
      正方向减少的语义类别: {'OTHER': 150, 'CODE': 100}

  --- semantic_topic PC1 perturbation (||PC1||=1.00) ---
    δ=0.5 (50个句子):
      平均|logit shift|=0.0124, max=0.0605, min=-0.0645
      正方向最常增加的token: [(' ', 50), ('<|endoftext|>', 50), ('…\n', 50), (' результ', 50), ('.', 50)]
      正方向增加的语义类别: {'OTHER': 200, 'CYRILLIC': 50}
      正方向减少的语义类别: {'OTHER': 250}
    δ=1.0 (50个句子):
      平均|logit shift|=0.0248, max=0.1210, min=-0.1291
      正方向最常增加的token: [(' ', 50), ('<|endoftext|>', 50), ('…\n', 50), (' результ', 50), ('.', 50)]
      正方向增加的语义类别: {'OTHER': 200, 'CYRILLIC': 50}
      正方向减少的语义类别: {'OTHER': 250}
    δ=2.0 (50个句子):
      平均|logit shift|=0.0496, max=0.2420, min=-0.2582
      正方向最常增加的token: [(' ', 50), ('<|endoftext|>', 50), ('…\n', 50), (' результ', 50), ('.', 50)]
      正方向增加的语义类别: {'OTHER': 200, 'CYRILLIC': 50}
      正方向减少的语义类别: {'OTHER': 250}

  --- global PC1 perturbation (||PC1||=1.00) ---
    δ=0.5 (50个句子):
      平均|logit shift|=0.0057, max=0.0295, min=-0.0297
      正方向最常增加的token: [(' councill', 50), ('<|endoftext|>', 50), (' 导出到', 50), (' 深圳市', 50), ('self', 50)]
      正方向最常减少的token: [('ネット', 50), (' itself', 50), ('USAGE', 50), ('NAMESPACE', 50), ('_EMIT', 50)]
      正方向增加的语义类别: {'OTHER': 150, 'CJK': 100}
      正方向减少的语义类别: {'OTHER': 200, 'CODE': 50}
    δ=1.0 (50个句子):
      平均|logit shift|=0.0113, max=0.0591, min=-0.0594
      正方向最常增加的token: [(' councill', 50), ('<|endoftext|>', 50), (' 导出到', 50), (' 深圳市', 50), ('self', 50)]
      正方向最常减少的token: [('ネット', 50), (' itself', 50), ('USAGE', 50), ('NAMESPACE', 50), ('_EMIT', 50)]
      正方向增加的语义类别: {'OTHER': 150, 'CJK': 100}
      正方向减少的语义类别: {'OTHER': 200, 'CODE': 50}
    δ=2.0 (50个句子):
      平均|logit shift|=0.0227, max=0.1181, min=-0.1188
      正方向最常增加的token: [(' councill', 50), ('<|endoftext|>', 50), (' 导出到', 50), (' 深圳市', 50), ('self', 50)]
      正方向最常减少的token: [('ネット', 50), (' itself', 50), ('USAGE', 50), ('NAMESPACE', 50), ('_EMIT', 50)]
      正方向增加的语义类别: {'OTHER': 150, 'CJK': 100}
      正方向减少的语义类别: {'OTHER': 200, 'CODE': 50}

============================================================
S6: PC1 vs SVD perturbation对比
============================================================

  PC1_global (||dir||=1.00, δ=1.0):
    平均|logit shift|=0.0113
    增加的语义类别: {'OTHER': 90, 'CJK': 60}
    减少的语义类别: {'OTHER': 120, 'CODE': 30}

  SVD[0] (||dir||=1.00, δ=1.0):
    平均|logit shift|=0.1538
    增加的语义类别: {'OTHER': 150}
    减少的语义类别: {'OTHER': 90, 'CJK': 60}

  SVD[1] (||dir||=1.00, δ=1.0):
    平均|logit shift|=0.0292
    增加的语义类别: {'OTHER': 120, 'CYRILLIC': 30}
    减少的语义类别: {'OTHER': 150}

============================================================
S7: 汇总与判断
============================================================

  === PC1 Perturbation效应总结 ===
  tense:
    δ=0.5: |shift|=0.0067, INC类别={'OTHER': 150, 'CYRILLIC': 100}, DEC类别={'OTHER': 150, 'CODE': 50, 'SHORT_FUNC': 50, 'CJK': 50}
    δ=1.0: |shift|=0.0134, INC类别={'OTHER': 150, 'CYRILLIC': 100}, DEC类别={'OTHER': 150, 'CODE': 50, 'SHORT_FUNC': 50, 'CJK': 50}
    δ=2.0: |shift|=0.0269, INC类别={'OTHER': 150, 'CYRILLIC': 100}, DEC类别={'OTHER': 150, 'CODE': 50, 'SHORT_FUNC': 50, 'CJK': 50}
  polarity:
    δ=0.5: |shift|=0.0065, INC类别={'CYRILLIC': 100, 'OTHER': 100, 'CJK': 50}, DEC类别={'OTHER': 250}
    δ=1.0: |shift|=0.0130, INC类别={'CYRILLIC': 100, 'OTHER': 100, 'CJK': 50}, DEC类别={'OTHER': 250}
    δ=2.0: |shift|=0.0260, INC类别={'CYRILLIC': 100, 'OTHER': 100, 'CJK': 50}, DEC类别={'OTHER': 250}
  voice:
    δ=0.5: |shift|=0.0060, INC类别={'OTHER': 250}, DEC类别={'OTHER': 200, 'CJK': 50}
    δ=1.0: |shift|=0.0120, INC类别={'OTHER': 250}, DEC类别={'OTHER': 200, 'CJK': 50}
    δ=2.0: |shift|=0.0241, INC类别={'OTHER': 250}, DEC类别={'OTHER': 200, 'CJK': 50}
  semantic_valence:
    δ=0.5: |shift|=0.0087, INC类别={'OTHER': 200, 'SHORT_FUNC': 50, 'CJK': 50}, DEC类别={'OTHER': 150, 'CODE': 100}
    δ=1.0: |shift|=0.0174, INC类别={'OTHER': 200, 'SHORT_FUNC': 50, 'CJK': 50}, DEC类别={'OTHER': 150, 'CODE': 100}
    δ=2.0: |shift|=0.0349, INC类别={'OTHER': 200, 'SHORT_FUNC': 50, 'CJK': 50}, DEC类别={'OTHER': 150, 'CODE': 100}
  semantic_topic:
    δ=0.5: |shift|=0.0124, INC类别={'OTHER': 200, 'CYRILLIC': 50}, DEC类别={'OTHER': 250}
    δ=1.0: |shift|=0.0248, INC类别={'OTHER': 200, 'CYRILLIC': 50}, DEC类别={'OTHER': 250}
    δ=2.0: |shift|=0.0496, INC类别={'OTHER': 200, 'CYRILLIC': 50}, DEC类别={'OTHER': 250}
  global:
    δ=0.5: |shift|=0.0057, INC类别={'OTHER': 150, 'CJK': 100}, DEC类别={'OTHER': 200, 'CODE': 50}
    δ=1.0: |shift|=0.0113, INC类别={'OTHER': 150, 'CJK': 100}, DEC类别={'OTHER': 200, 'CODE': 50}
    δ=2.0: |shift|=0.0227, INC类别={'OTHER': 150, 'CJK': 100}, DEC类别={'OTHER': 200, 'CODE': 50}

  === 关键判断 ===
  PC1 logit指纹分析:
    global: 正→{'OTHER': 21, 'CJK': 9, 'SHORT_FUNC': 3}, 负→{'OTHER': 20, 'CODE': 7, 'SHORT_FUNC': 3}
    semantic_valence: 正→{'OTHER': 24, 'CJK': 5, 'SHORT_FUNC': 3}, 负→{'CODE': 17, 'OTHER': 12, 'SHORT_FUNC': 1}
    tense: 正→{'OTHER': 22, 'CYRILLIC': 7, 'CJK': 1}, 负→{'OTHER': 18, 'CODE': 10, 'SHORT_FUNC': 2}
    polarity: 正→{'OTHER': 19, 'CYRILLIC': 5, 'CJK': 5}, 负→{'OTHER': 18, 'SHORT_FUNC': 11, 'CJK': 10}

  logit指纹效应强度:
    PC1_global: |fp|均值=0.0113
    SVD[0]:     |fp|均值=0.1538
    SVD[1]:     |fp|均值=0.0292
    PC1/SVD[0]比值: 0.074

  ★ 结论: PC1因果解码完成, 基于perturbation效应判断PC1编码的语义方向

结果已保存到 results/causal_fiber/glm4_ccxxv/results.json
完成时间: 2026-04-23 23:42:37
