======================================================================
Phase CCXXIV: 语义主方向解码 — GLM4-9B-Chat
  n_pairs=200, 时间=2026-04-23 13:41:05
======================================================================

--- 加载模型 ---
  加载完成: 13s
  n_layers=40, d_model=4096, vocab_size=151343, device=cuda:0

============================================================
S1: 提取lm_head权重矩阵并做截断SVD
============================================================
  正在提取lm_head权重...
  lm_head权重是meta tensor, 从safetensors加载...
    找到权重: lm_head.weight in model-00004-of-00004.safetensors
    从safetensors加载: shape=(151552, 4096)
  lm_head权重形状: (151552, 4096)
  截断SVD完成: 5s
  前30个奇异值:
    S[0] = 66.5
    S[1] = 16.2
    S[2] = 12.5
    S[3] = 10.6
    S[4] = 10.0
    S[5] = 9.5
    S[6] = 8.8
    S[7] = 8.6
    S[8] = 8.2
    S[9] = 8.1
    S[10] = 8.0
    S[11] = 7.7
    S[12] = 7.6
    S[13] = 7.4
    S[14] = 7.2
    S[15] = 7.2
    S[16] = 7.1
    S[17] = 6.8
    S[18] = 6.8
    S[19] = 6.7
    S[20] = 6.6
    S[21] = 6.5
    S[22] = 6.5
    S[23] = 6.4
    S[24] = 6.3
    S[25] = 6.1
    S[26] = 6.1
    S[27] = 6.0
    S[28] = 5.9
    S[29] = 5.9

============================================================
S2: SVD方向解码 — 沿SVD[k]移动, logit变化最大的token
============================================================
  计算 W @ Vt (logit敏感度矩阵)...
  logit_sensitivity形状: (151552, 30)

  SVD[0] (σ=66.5):
    正方向 (logit增加) Top-15:
      '' → 0.49
      ',' → 0.43
      '(' → 0.41
      '-' → 0.41
      '.' → 0.39
      '' → 0.38
      '(' → 0.37
      '/' → 0.35
      '1' → 0.34
      '-' → 0.34
      ':' → 0.33
      '"' → 0.32
      '"' → 0.31
      '2' → 0.30
      '...' → 0.30
    负方向 (logit减少) Top-15:
      ':semicolon' → -0.71
      ')' → -0.69
      'знаком' → -0.68
      'TokenName' → -0.66
      'iNdEx' → -0.66
      'eboten' → -0.66
      'sourceMapping' → -0.65
      'profission' → -0.65
    --- 频率分析 ---
    最敏感500个token: 平均排名=3174/151552, 中位排名=459
    前1000高频词占比: 66.6%, 后50%低频词占比: 0.0%
    正方向高频词占比: 0.0%, 负方向高频词占比: 66.6%
    频率排名分位数: P10=52, P25=151, P50=459, P75=1932, P90=10344

  SVD[1] (σ=16.2):
    正方向 (logit增加) Top-15:
      'знаком' → 0.48
      'Intialized' → 0.45
      'eboten' → 0.44
      'tieg' → 0.44
      'регистриров' → 0.44
      'GuidId' → 0.43
      'Итал' → 0.43
      'ticia' → 0.43
      '););' → 0.42
      'зарубеж' → 0.42
    负方向 (logit减少) Top-15:
      'conquista' → -0.12
      'mooie' → -0.12
      'compag' → -0.11
      'pione' → -0.11
      'corrup' → -0.11
      'acom' → -0.11
      'habitu' → -0.11
      'espe' → -0.11
      'concep' → -0.11
      'plais' → -0.11
      'sacrific' → -0.11
      'umfang' → -0.11
      'vieille' → -0.11
    --- 频率分析 ---
    最敏感500个token: 平均排名=3850/151552, 中位排名=605
    前1000高频词占比: 61.2%, 后50%低频词占比: 0.0%
    正方向高频词占比: 61.2%, 负方向高频词占比: 0.2%
    频率排名分位数: P10=59, P25=173, P50=605, P75=2996, P90=13545

  SVD[2] (σ=12.5):
    正方向 (logit增加) Top-15:
      '与' → 0.16
      '大' → 0.15
      '和' → 0.15
      'TML' → 0.15
      '有' → 0.15
      '――' → 0.14
      '"w' → 0.14
      '从' → 0.14
      '在' → 0.14
      '无' → 0.14
      '新' → 0.14
      '对' → 0.14
      '中' → 0.13
      '生' → 0.13
      '不' → 0.13
    负方向 (logit减少) Top-15:
      '季后' → -0.23
      '出不穷' → -0.22
      '迎刃' → -0.22
      '保驾' → -0.21
      '熟虑' → -0.21
      '是一种怎么样的' → -0.21
      '冰淇' → -0.20
      '日日夜' → -0.20
      '潜移' → -0.20
      '利物' → -0.19
      '扮演角色' → -0.19
      '需要如何' → -0.19
      '照时间' → -0.19
      '担任职务' → -0.19
      '名副' → -0.19
    --- 频率分析 ---
    最敏感500个token: 平均排名=46518/151552, 中位排名=40938
    前1000高频词占比: 7.8%, 后50%低频词占比: 20.8%
    正方向高频词占比: 7.6%, 负方向高频词占比: 6.8%
    频率排名分位数: P10=1315, P25=9811, P50=40938, P75=70384, P90=101398

  SVD[3] (σ=10.6):
    正方向 (logit增加) Top-15:
      'abier' → 0.22
      'dikke' → 0.20
      'verschill' → 0.20
      'ajus' → 0.18
      'gamle' → 0.18
      'costru' → 0.18
      'nabíd' → 0.17
      'iedere' → 0.17
      'migli' → 0.17
      'souha' → 0.17
      'fkk' → 0.17
    负方向 (logit减少) Top-15:
      'reg' → -0.17
      'im' → -0.16
      'r' → -0.16
      'v' → -0.16
      'log' → -0.16
      're' → -0.15
      'd' → -0.15
      'g' → -0.15
      'pr' → -0.15
      'f' → -0.15
      'tr' → -0.15
      'mod' → -0.15
      'b' → -0.15
      'ver' → -0.15
      'm' → -0.15
    --- 频率分析 ---
    最敏感500个token: 平均排名=55159/151552, 中位排名=44614
    前1000高频词占比: 6.6%, 后50%低频词占比: 33.0%
    正方向高频词占比: 9.0%, 负方向高频词占比: 0.0%

  SVD[4] (σ=10.0):
    正方向 (logit增加) Top-15:
      'знаком' → 0.32
      'регистриров' → 0.29
      'рубеж' → 0.28
      'писк' → 0.25
      'отеки' → 0.25
      'жду' → 0.25
      '下载原图' → 0.25
      'schien' → 0.24
      'torno' → 0.23
    负方向 (logit减少) Top-15:
      'einen' → -0.16
      'moins' → -0.14
      '欢迎使用' → -0.13
      'même' → -0.13
      'gratis' → -0.13
      'trom' → -0.13
      'aliser' → -0.12
      'vanished' → -0.12
      'près' → -0.12
      'Haunted' → -0.12
      'frauen' → -0.12
    --- 频率分析 ---
    最敏感500个token: 平均排名=27759/151552, 中位排名=9920
    前1000高频词占比: 34.0%, 后50%低频词占比: 10.6%
    正方向高频词占比: 33.6%, 负方向高频词占比: 7.4%

  SVD[5] (σ=9.5):
    正方向 (logit增加) Top-15:
      '_' → 0.16
      '=' → 0.16
      '+' → 0.14
      'profission' → 0.13
      '__' → 0.13
      ':' → 0.13
      '==' → 0.12
      '=>' → 0.12
      '()' → 0.12
      '/*' → 0.12
      '->' → 0.12
      '_id' → 0.12
      '>' → 0.12
      '_type' → 0.12
      '_info' → 0.12
    负方向 (logit减少) Top-15:
      '"):' → -0.22
      ''):' → -0.22
      '"},' → -0.22
      ';")' → -0.21
      '%";' → -0.21
      '"' → -0.21
      '()")' → -0.21
      '':' → -0.21
      '?";' → -0.21
      ''' → -0.21
      '",' → -0.20
      '"]];' → -0.20
      '']' → -0.20
      '"],' → -0.20
      '":' → -0.20
    --- 频率分析 ---
    最敏感500个token: 平均排名=121825/151552, 中位排名=135946
    前1000高频词占比: 0.0%, 后50%低频词占比: 88.0%
    正方向高频词占比: 16.2%, 负方向高频词占比: 0.0%

  SVD[6] (σ=8.8):
    正方向 (logit增加) Top-15:
      'porr' → 0.16
      'dynami' → 0.15
      'sperma' → 0.13
      'ín' → 0.13
      'fras' → 0.13
      'klu' → 0.13
      '' → 0.12
      'spiritu' → 0.12
      'palav' → 0.12
      'menti' → 0.12
      'amat' → 0.12
      'spek' → 0.12
      'fitte' → 0.12
      'oppon' → 0.11
    负方向 (logit减少) Top-15:
      'tieten' → -0.17
      'przeb' → -0.16
      'pracow' → -0.14
      'costru' → -0.14
      'wykor' → -0.13
      'dikke' → -0.13
      'ragaz' → -0.13
      'meille' → -0.13
    --- 频率分析 ---
    最敏感500个token: 平均排名=33591/151552, 中位排名=15450
    前1000高频词占比: 16.8%, 后50%低频词占比: 16.4%
    正方向高频词占比: 2.8%, 负方向高频词占比: 17.8%

  SVD[7] (σ=8.6):
    正方向 (logit增加) Top-15:
      'STANCE' → 0.17
      'CRET' → 0.16
      'STRU' → 0.15
      'conséqu' → 0.14
      'czego' → 0.14
      'ciem' → 0.13
      'STALL' → 0.13
      'Vorauss' → 0.13
      'CLUDING' → 0.13
      'fache' → 0.12
      'millenn' → 0.12
      'ENTO' → 0.12
      'szym' → 0.12
    负方向 (logit减少) Top-15:
      'SBN' → -0.15
      'TML' → -0.15
      'WSC' → -0.14
      'PPO' → -0.13
      'GPC' → -0.13
      'BCM' → -0.13
      'PSS' → -0.12
      'HCM' → -0.12
      'EIF' → -0.12
      'DCF' → -0.12
      'APO' → -0.12
      'EFR' → -0.12
      '->___' → -0.11
      'Ral' → -0.11
      'ADX' → -0.11
    --- 频率分析 ---
    最敏感500个token: 平均排名=17486/151552, 中位排名=6540
    前1000高频词占比: 16.2%, 后50%低频词占比: 5.2%
    正方向高频词占比: 17.8%, 负方向高频词占比: 4.4%

  SVD[8] (σ=8.2):
    正方向 (logit增加) Top-15:
      '、' → 0.12
      '_c' → 0.12
      '_p' → 0.12
      '_f' → 0.11
      ''' → 0.11
      '_re' → 0.11
      '_m' → 0.11
      '';' → 0.11
      '_s' → 0.11
      '’.' → 0.11
      '】：' → 0.11
      '_' → 0.11
      '_b' → 0.11
      '%' → 0.11
    负方向 (logit减少) Top-15:
      'FunctionFlags' → -0.15
      'localctx' → -0.14
      'lpVtbl' → -0.14
      '多义词' → -0.13
      '义项' → -0.13
      'matchCondition' → -0.13
      'результ' → -0.13
      'tolua' → -0.13
      '););' → -0.13
      'sourceMapping' → -0.12
      '.ISupportInitialize' → -0.12
      ')' → -0.12
      '+#+' → -0.12
      '.ComponentPlacement' → -0.12
      'yyval' → -0.12
    --- 频率分析 ---
    最敏感500个token: 平均排名=58009/151552, 中位排名=27328
    前1000高频词占比: 20.4%, 后50%低频词占比: 37.2%
    正方向高频词占比: 2.2%, 负方向高频词占比: 27.4%

  SVD[9] (σ=8.1):
    正方向 (logit增加) Top-15:
      '”' → 0.16
      'Geile' → 0.14
      'helicopt' → 0.13
      '_______,' → 0.13
      'cuckold' → 0.13
      'Erotische' → 0.13
      '————————————————' → 0.13
      'enthusi' → 0.13
      'lawy' → 0.13
      'pergun' → 0.12
      'BDSM' → 0.12
      'bureaucr' → 0.11
      'UnderTest' → 0.11
      'breat' → 0.11
    负方向 (logit减少) Top-15:
      'Poten' → -0.18
      'GuidId' → -0.16
      'FilterWhere' → -0.14
      'Produc' → -0.14
      'URLException' → -0.14
      'HeaderCode' → -0.14
      'actionDate' → -0.13
      'Fantas' → -0.13
      'Opport' → -0.13
      'Constru' → -0.13
      'matchCondition' → -0.13
      '存储' → -0.12
      'UsageId' → -0.12
      '确保' → -0.12
      'PostalCodes' → -0.12
    --- 频率分析 ---
    最敏感500个token: 平均排名=37633/151552, 中位排名=21913
    前1000高频词占比: 14.4%, 后50%低频词占比: 17.4%
    正方向高频词占比: 4.4%, 负方向高频词占比: 16.8%

  ★ W_full已释放, 节省内存

============================================================
S3: (已合并到S2)
============================================================

============================================================
S4: PC1方向的logit解码 — PC1编码了什么语义?
============================================================
  收集 tense (200对)...
    tense: 50/200
    tense: 100/200
    tense: 150/200
    tense: 200/200
  收集 polarity (200对)...
    polarity: 50/200
    polarity: 100/200
    polarity: 150/200
    polarity: 200/200
  收集 voice (189对)...
    voice: 50/189
    voice: 100/189
    voice: 150/189
  收集 semantic_valence (178对)...
    semantic_valence: 50/178
    semantic_valence: 100/178
    semantic_valence: 150/178
  收集 semantic_topic (174对)...
    semantic_topic: 50/174
    semantic_topic: 100/174
    semantic_topic: 150/174
  tense: PC1方差=9.4%
  polarity: PC1方差=7.8%
  voice: PC1方差=14.7%
  semantic_valence: PC1方差=7.6%
  semantic_topic: PC1方差=5.4%

  全局PC1方差=9.0%

  --- PC1方向在SVD空间上的投影分析 ---

  PC1_tense:
    PC1方差: 9.4%
    SVD投影系数: SVD[0]=0.1005, SVD[1]=0.2891, SVD[2]=0.0146, SVD[3]=-0.0107, SVD[4]=0.0209, SVD[5]=0.0444, SVD[6]=0.0694, SVD[7]=0.0051, SVD[8]=0.1547, SVD[9]=-0.0046
    主导分量: SVD[1] (cos=0.2891)
    前5分量能量: 0.0944, 前10分量能量: 0.1252
    语义标签: INDEPENDENT_SEMANTIC (超出SVD前10方向)

  PC1_polarity:
    PC1方差: 7.8%
    SVD投影系数: SVD[0]=0.1222, SVD[1]=0.3562, SVD[2]=-0.0054, SVD[3]=-0.0085, SVD[4]=0.0235, SVD[5]=0.0566, SVD[6]=0.0770, SVD[7]=0.0086, SVD[8]=0.1903, SVD[9]=0.0005
    主导分量: SVD[1] (cos=0.3562)
    前5分量能量: 0.1425, 前10分量能量: 0.1879
    语义标签: INDEPENDENT_SEMANTIC (超出SVD前10方向)

  PC1_voice:
    PC1方差: 14.7%
    SVD投影系数: SVD[0]=-0.0403, SVD[1]=-0.0922, SVD[2]=-0.0328, SVD[3]=-0.0209, SVD[4]=-0.0237, SVD[5]=0.0059, SVD[6]=-0.0035, SVD[7]=-0.0216, SVD[8]=0.0167, SVD[9]=-0.0535
    主导分量: SVD[1] (cos=-0.0922)
    前5分量能量: 0.0122, 前10分量能量: 0.0159
    语义标签: INDEPENDENT_SEMANTIC (超出SVD前10方向)

  PC1_semantic_valence:
    PC1方差: 7.6%
    SVD投影系数: SVD[0]=0.0893, SVD[1]=0.2772, SVD[2]=0.0189, SVD[3]=-0.0049, SVD[4]=0.0480, SVD[5]=0.0357, SVD[6]=0.0655, SVD[7]=-0.0192, SVD[8]=0.1826, SVD[9]=0.0007
    主导分量: SVD[1] (cos=0.2772)
    前5分量能量: 0.0875, 前10分量能量: 0.1268
    语义标签: INDEPENDENT_SEMANTIC (超出SVD前10方向)

  PC1_semantic_topic:
    PC1方差: 5.4%
    SVD投影系数: SVD[0]=0.0218, SVD[1]=0.1006, SVD[2]=-0.0071, SVD[3]=-0.0036, SVD[4]=0.0226, SVD[5]=0.0283, SVD[6]=-0.0013, SVD[7]=0.0298, SVD[8]=0.0002, SVD[9]=0.0529
    主导分量: SVD[1] (cos=0.1006)
    前5分量能量: 0.0112, 前10分量能量: 0.0157
    语义标签: INDEPENDENT_SEMANTIC (超出SVD前10方向)

  PC1_global:
    (全局PC1)
    SVD投影系数: SVD[0]=-0.0325, SVD[1]=-0.0836, SVD[2]=-0.0296, SVD[3]=-0.0153, SVD[4]=-0.0207, SVD[5]=0.0119, SVD[6]=-0.0048, SVD[7]=-0.0065, SVD[8]=-0.0038, SVD[9]=-0.0345
    主导分量: SVD[1] (cos=-0.0836)
    前5分量能量: 0.0096, 前10分量能量: 0.0110
    语义标签: INDEPENDENT_SEMANTIC (超出SVD前10方向)

============================================================
S5: SVD方向间的语义独立性 + PC1→SVD间接对比
============================================================

  SVD方向间的token集Jaccard (前5个方向):

  PC1→SVD语义对比 (基于cosine投影系数):
  如果PC1与SVD[k]的cosine高 → PC1编码类似SVD[k]的语义

  PC1_tense:

  PC1_polarity:

  PC1_voice:
    #2 SVD[9] (cos=-0.0535): 正→” Geile helicopt _______, cuckold, 负→Poten GuidId FilterWhere Produc URLException

  PC1_semantic_valence:

  PC1_semantic_topic:
    #2 SVD[9] (cos=0.0529): 正→” Geile helicopt _______, cuckold, 负→Poten GuidId FilterWhere Produc URLException

  PC1_global:
    #2 SVD[9] (cos=-0.0345): 正→” Geile helicopt _______, cuckold, 负→Poten GuidId FilterWhere Produc URLException

============================================================
S6: SVD方向语义标签总结
============================================================

  基于top token的语义标签推测:
  (需要人工确认, 以下为自动推测)
  SVD[0] (σ=66.5): SPECIAL_TOKENS/PUNCT
    正方向示例:  , ( - .
  SVD[1] (σ=16.2): CHECK_MANUALLY
    负方向示例: conquista mooie compag pione corrup
  SVD[2] (σ=12.5): CHECK_MANUALLY
    正方向示例: 与 大 和 TML 有
    负方向示例: 季后 出不穷 迎刃 保驾 熟虑
  SVD[3] (σ=10.6): CHECK_MANUALLY
    负方向示例: reg im r v log
  SVD[4] (σ=10.0): CHECK_MANUALLY
  SVD[5] (σ=9.5): CHECK_MANUALLY
    正方向示例: _ = + profission __
    负方向示例: "): '): "}, ;") %";
  SVD[6] (σ=8.8): CHECK_MANUALLY
    正方向示例: porr dynami sperma ín fras
  SVD[7] (σ=8.6): CHECK_MANUALLY
    负方向示例: SBN TML WSC PPO GPC
  SVD[8] (σ=8.2): CHECK_MANUALLY
    负方向示例: FunctionFlags localctx lpVtbl 多义词 义项
  SVD[9] (σ=8.1): CHECK_MANUALLY
    正方向示例: ” Geile helicopt _______, cuckold
    负方向示例: Poten GuidId FilterWhere Produc URLException

============================================================
S7: 汇总与判断
============================================================

  === PC1→SVD对齐度 ===
  tense: 最对齐SVD[1] (cos=0.2891), SVD[0] cos=0.1005
  polarity: 最对齐SVD[1] (cos=0.3562), SVD[0] cos=0.1222
  voice: 最对齐SVD[1] (cos=0.0922), SVD[0] cos=0.0403
  semantic_valence: 最对齐SVD[1] (cos=0.2772), SVD[0] cos=0.0893
  semantic_topic: 最对齐SVD[1] (cos=0.1006), SVD[0] cos=0.0218

  === 关键判断 ===
  平均PC1→SVD[0]对齐度: 0.0748
  ★ PC1与SVD[0]低对齐 → 1D流形独立于频率方向 → 纯语义方向
