
============================================================
Phase CCXIV v3: glm4 (n_pairs=80)
Path: D:/develop/model/hub/modelscope_cache/ZhipuAI/glm-4-9b-chat-hf
============================================================
[09:11:16] Loading model...
[09:11:28] Loaded in 11.8s: n_layers=40, n_heads=32, device=cuda:0
Sample layers (4): [0, 13, 26, 39]

============================================================
S1: 뀌롸蕨좆 + W_o Head롸썩
============================================================
  L0 [732s] W_o=Y: tense=0(n=80), sentiment=0(n=80), voice=0(n=80)
  L13 [731s] W_o=Y: tense=1(n=80), sentiment=3(n=80), voice=5(n=80)
  L26 [733s] W_o=Y: tense=7(n=80), sentiment=14(n=80), voice=29(n=80)
  L39 [732s] W_o=N: tense=48(n=80), sentiment=103(n=80), voice=149(n=80)

============================================================
S2: Head Specialization
============================================================
  L0: W_o unavailable, skipping
  L13: W_o unavailable, skipping
  L26: W_o unavailable, skipping
  L39: W_o unavailable, skipping

============================================================
S3: 욜꿔Head묘콘寧鈴昑
============================================================
  H0: spec=[-0.01, -0.252, 0.079, 0]
  H1: spec=[0.206, 0.069, 0.043, 0]
  H2: spec=[-0.137, -0.419, -0.147, 0]
  H3: spec=[-0.167, -0.214, -0.055, 0]
  H4: spec=[-0.075, 0.038, -0.021, 0]
  H5: spec=[-0.036, 0.006, -0.01, 0]
  H6: spec=[-0.208, 0.011, -0.08, 0]
  H7: spec=[-0.007, -0.392, 0.026, 0]

============================================================
S4: 固셕쇱駱
============================================================

============================================================
FINAL: glm4
============================================================

--- Delta Norms ---
  tense [SYN]: 0.0, 1.0, 7.0, 48.0
  polarity [SYN]: 0.0, 2.0, 11.0, 68.0
  number [SYN]: 0.0, 2.0, 10.0, 73.0
  negation [SYN]: 0.0, 2.0, 13.0, 76.0
  question [SYN]: 0.0, 2.0, 13.0, 106.0
  person [SYN]: 0.0, 2.0, 14.0, 107.0
  definiteness [SYN]: 0.0, 1.0, 9.0, 66.0
  info_structure [SYN]: 0.0, 2.0, 14.0, 104.0
  sentiment [SEM]: 0.0, 3.0, 14.0, 103.0
  semantic_topic [SEM]: 0.0, 5.0, 27.0, 150.0
  voice [SEM]: 0.0, 5.0, 29.0, 149.0
  formality [SEM]: 0.0, 4.0, 28.0, 155.0

DONE! Saved to results\causal_fiber\glm4_ccxiv
