Phase CCXXXIV: Compression Structure Analysis - GLM4-9B-Chat
Time: 2026-04-24 11:32:10
Pairs: 6, sentences/pair: 40
======================================================================
Key layers: [0, 1, 10, 20, 30, 40]

S1: Loading model
  Loading: GLM4-9B-Chat (8bit)
  Model loaded: n_layers=40, d_model=4096

S2: Collecting 4-way minimal pair hidden states

--- Pair: tense_x_question ---
  Processed 10/40
  Processed 20/40
  Processed 30/40
  Processed 40/40
  Done: 40 sentences

--- Pair: tense_x_voice ---
  Processed 10/40
  Processed 20/40
  Processed 30/40
  Processed 40/40
  Done: 40 sentences

--- Pair: tense_x_polarity ---
  Processed 10/40
  Processed 20/40
  Processed 30/40
  Processed 40/40
  Done: 40 sentences

--- Pair: voice_x_polarity ---
  Processed 10/40
  Processed 20/40
  Processed 30/40
  Processed 40/40
  Done: 40 sentences

--- Pair: voice_x_question ---
  Processed 10/40
  Processed 20/40
  Processed 30/40
  Processed 40/40
  Done: 40 sentences

--- Pair: question_x_polarity ---
  Processed 10/40
  Processed 20/40
  Processed 30/40
  Processed 40/40
  Done: 40 sentences

======================================================================
S3: SVD Analysis - Interaction vs Main Effects
======================================================================

--- tense_x_question ---
  Layer L40:
    Effective rank: A=36.2, B=32.3, AB=31.9, int=35.5
    CumVar(A): k1=0.090, k3=0.184, k5=0.258
    CumVar(int): k1=0.107, k3=0.197, k5=0.268
    Int ratio: 0.6444
    cos(int, dhA)=-0.5080, cos(int, dhB)=-0.2601

--- tense_x_voice ---
  Layer L40:
    Effective rank: A=33.1, B=34.0, AB=33.8, int=36.3
    CumVar(A): k1=0.090, k3=0.218, k5=0.305
    CumVar(int): k1=0.073, k3=0.178, k5=0.258
    Int ratio: 0.4621
    cos(int, dhA)=-0.5028, cos(int, dhB)=-0.2030

--- tense_x_polarity ---
  Layer L40:
    Effective rank: A=35.6, B=35.2, AB=35.1, int=37.3
    CumVar(A): k1=0.087, k3=0.189, k5=0.268
    CumVar(int): k1=0.056, k3=0.154, k5=0.231
    Int ratio: 0.5742
    cos(int, dhA)=-0.5970, cos(int, dhB)=-0.2369

--- voice_x_polarity ---
  Layer L40:
    Effective rank: A=34.3, B=34.5, AB=34.3, int=35.6
    CumVar(A): k1=0.101, k3=0.227, k5=0.305
    CumVar(int): k1=0.085, k3=0.197, k5=0.281
    Int ratio: 0.6355
    cos(int, dhA)=-0.5159, cos(int, dhB)=-0.4707

--- voice_x_question ---
  Layer L40:
    Effective rank: A=34.3, B=31.6, AB=33.4, int=33.7
    CumVar(A): k1=0.100, k3=0.219, k5=0.304
    CumVar(int): k1=0.119, k3=0.226, k5=0.307
    Int ratio: 0.8196
    cos(int, dhA)=-0.4176, cos(int, dhB)=-0.4367

--- question_x_polarity ---
  Layer L40:
    Effective rank: A=31.8, B=35.2, AB=33.6, int=35.7
    CumVar(A): k1=0.153, k3=0.256, k5=0.332
    CumVar(int): k1=0.092, k3=0.188, k5=0.266
    Int ratio: 0.8627
    cos(int, dhA)=-0.5367, cos(int, dhB)=-0.7210

======================================================================
S4: Cross-pair Grassmann Distance - Shared Compression Subspace?
======================================================================
  tense_x_question x tense_x_voice: mean_angle=73.0 deg, overlap=0.114
  tense_x_question x tense_x_polarity: mean_angle=73.1 deg, overlap=0.118
  tense_x_question x voice_x_polarity: mean_angle=71.1 deg, overlap=0.134
  tense_x_question x voice_x_question: mean_angle=69.7 deg, overlap=0.167
  tense_x_question x question_x_polarity: mean_angle=75.5 deg, overlap=0.094
  tense_x_voice x tense_x_polarity: mean_angle=75.5 deg, overlap=0.084
  tense_x_voice x voice_x_polarity: mean_angle=73.6 deg, overlap=0.117
  tense_x_voice x voice_x_question: mean_angle=69.6 deg, overlap=0.152
  tense_x_voice x question_x_polarity: mean_angle=67.6 deg, overlap=0.176
  tense_x_polarity x voice_x_polarity: mean_angle=71.0 deg, overlap=0.153
  tense_x_polarity x voice_x_question: mean_angle=73.9 deg, overlap=0.113
  tense_x_polarity x question_x_polarity: mean_angle=77.8 deg, overlap=0.065
  voice_x_polarity x voice_x_question: mean_angle=71.7 deg, overlap=0.133
  voice_x_polarity x question_x_polarity: mean_angle=74.8 deg, overlap=0.104
  voice_x_question x question_x_polarity: mean_angle=73.1 deg, overlap=0.134

  Main effect vs interaction subspace overlap:
    tense_x_question: A vs int overlap=0.117, angle=72.8
    tense_x_voice: A vs int overlap=0.092, angle=74.8
    tense_x_polarity: A vs int overlap=0.143, angle=71.6
    voice_x_polarity: A vs int overlap=0.141, angle=69.7
    voice_x_question: A vs int overlap=0.113, angle=73.5
    question_x_polarity: A vs int overlap=0.140, angle=72.0

======================================================================
S5: Layer Dynamics - Where is compression strongest?
======================================================================

  tense_x_question:
    L0: erank_A=0.0, erank_int=0.0, ratio=0.00, int_ratio=nan, cos_int_A=0.000
    L1: erank_A=35.3, erank_int=36.3, ratio=1.03, int_ratio=1.264, cos_int_A=-0.841
    L10: erank_A=37.8, erank_int=38.9, ratio=1.03, int_ratio=0.766, cos_int_A=-0.692
    L20: erank_A=37.2, erank_int=38.5, ratio=1.04, int_ratio=0.685, cos_int_A=-0.553
    L30: erank_A=36.8, erank_int=38.5, ratio=1.05, int_ratio=0.634, cos_int_A=-0.478
    L40: erank_A=36.2, erank_int=35.5, ratio=0.98, int_ratio=0.644, cos_int_A=-0.508

  tense_x_voice:
    L0: erank_A=0.0, erank_int=0.0, ratio=0.00, int_ratio=0.000, cos_int_A=0.000
    L1: erank_A=35.6, erank_int=37.4, ratio=1.05, int_ratio=0.206, cos_int_A=-0.863
    L10: erank_A=35.4, erank_int=38.1, ratio=1.08, int_ratio=0.315, cos_int_A=-0.609
    L20: erank_A=34.0, erank_int=37.9, ratio=1.12, int_ratio=0.391, cos_int_A=-0.531
    L30: erank_A=33.5, erank_int=37.3, ratio=1.11, int_ratio=0.361, cos_int_A=-0.538
    L40: erank_A=33.1, erank_int=36.3, ratio=1.10, int_ratio=0.462, cos_int_A=-0.503

  tense_x_polarity:
    L0: erank_A=0.0, erank_int=0.0, ratio=0.00, int_ratio=nan, cos_int_A=0.000
    L1: erank_A=36.0, erank_int=37.1, ratio=1.03, int_ratio=0.944, cos_int_A=-0.882
    L10: erank_A=37.4, erank_int=39.1, ratio=1.05, int_ratio=0.578, cos_int_A=-0.589
    L20: erank_A=37.3, erank_int=38.8, ratio=1.04, int_ratio=0.569, cos_int_A=-0.582
    L30: erank_A=37.1, erank_int=38.5, ratio=1.04, int_ratio=0.543, cos_int_A=-0.587
    L40: erank_A=35.6, erank_int=37.3, ratio=1.05, int_ratio=0.574, cos_int_A=-0.597

  voice_x_polarity:
    L0: erank_A=35.8, erank_int=0.0, ratio=0.00, int_ratio=0.000, cos_int_A=0.000
    L1: erank_A=36.0, erank_int=37.9, ratio=1.05, int_ratio=0.221, cos_int_A=-0.209
    L10: erank_A=35.8, erank_int=37.2, ratio=1.04, int_ratio=0.419, cos_int_A=-0.290
    L20: erank_A=35.2, erank_int=37.5, ratio=1.07, int_ratio=0.519, cos_int_A=-0.321
    L30: erank_A=35.8, erank_int=36.9, ratio=1.03, int_ratio=0.501, cos_int_A=-0.409
    L40: erank_A=34.3, erank_int=35.6, ratio=1.04, int_ratio=0.635, cos_int_A=-0.516

  voice_x_question:
    L0: erank_A=35.3, erank_int=0.0, ratio=0.00, int_ratio=0.000, cos_int_A=0.000
    L1: erank_A=36.3, erank_int=37.5, ratio=1.03, int_ratio=0.234, cos_int_A=-0.259
    L10: erank_A=36.1, erank_int=36.5, ratio=1.01, int_ratio=0.474, cos_int_A=-0.291
    L20: erank_A=35.5, erank_int=37.0, ratio=1.04, int_ratio=0.613, cos_int_A=-0.345
    L30: erank_A=35.7, erank_int=36.1, ratio=1.01, int_ratio=0.611, cos_int_A=-0.346
    L40: erank_A=34.3, erank_int=33.7, ratio=0.98, int_ratio=0.820, cos_int_A=-0.418

  question_x_polarity:
    L0: erank_A=0.0, erank_int=0.0, ratio=0.00, int_ratio=nan, cos_int_A=0.000
    L1: erank_A=33.4, erank_int=34.4, ratio=1.03, int_ratio=0.835, cos_int_A=-0.822
    L10: erank_A=36.4, erank_int=36.9, ratio=1.01, int_ratio=0.973, cos_int_A=-0.677
    L20: erank_A=36.2, erank_int=37.2, ratio=1.03, int_ratio=1.064, cos_int_A=-0.667
    L30: erank_A=34.7, erank_int=36.9, ratio=1.07, int_ratio=0.938, cos_int_A=-0.627
    L40: erank_A=31.8, erank_int=35.7, ratio=1.12, int_ratio=0.863, cos_int_A=-0.537

======================================================================
S6: Summary - Compression Structure
======================================================================

Last layer (L40) across 6 pairs:
  Effective rank A: 34.2 +/- 1.5
  Effective rank int: 35.7 +/- 1.1
  Rank ratio (int/A): 1.04 +/- 0.05
  CumVar(int) k=1: 0.089
  CumVar(int) k=3: 0.190
  Interaction ratio: 0.666
  cos(int, dhA): -0.513

  Cross-pair Grassmann (k=5):
    Mean overlap: 0.124 +/- 0.030
    Mean angle: 72.7 +/- 2.6 deg

  Low-rank hypothesis:
    [REJECTED] Interaction is NOT low-rank
    -> Compression uses many dimensions

  Shared compression subspace hypothesis:
    [REJECTED] Low overlap (0.12) -> pair-specific compression
