Loading checkpoint shards:   0%|          | 0/4 [00:00<?, ?it/s]Loading checkpoint shards:  25%|██▌       | 1/4 [00:02<00:07,  2.66s/it]Loading checkpoint shards:  50%|█████     | 2/4 [00:05<00:05,  2.56s/it]Loading checkpoint shards:  75%|███████▌  | 3/4 [00:07<00:02,  2.48s/it]Loading checkpoint shards: 100%|██████████| 4/4 [00:10<00:00,  2.58s/it]Loading checkpoint shards: 100%|██████████| 4/4 [00:10<00:00,  2.57s/it]
Some parameters are on the meta device because they were offloaded to the cpu.
Traceback (most recent call last):
  File "D:\Ai2050\TransformerLens-Project\tests\glm5\phase_ccxxxiv_compression_structure.py", line 774, in <module>
    main()
  File "D:\Ai2050\TransformerLens-Project\tests\glm5\phase_ccxxxiv_compression_structure.py", line 761, in main
    json.dump(results_json, f, indent=2, ensure_ascii=False)
  File "C:\Users\27876\AppData\Local\Programs\Python\Python312\Lib\json\__init__.py", line 179, in dump
    for chunk in iterable:
                 ^^^^^^^^
  File "C:\Users\27876\AppData\Local\Programs\Python\Python312\Lib\json\encoder.py", line 432, in _iterencode
    yield from _iterencode_dict(o, _current_indent_level)
  File "C:\Users\27876\AppData\Local\Programs\Python\Python312\Lib\json\encoder.py", line 406, in _iterencode_dict
    yield from chunks
  File "C:\Users\27876\AppData\Local\Programs\Python\Python312\Lib\json\encoder.py", line 406, in _iterencode_dict
    yield from chunks
  File "C:\Users\27876\AppData\Local\Programs\Python\Python312\Lib\json\encoder.py", line 406, in _iterencode_dict
    yield from chunks
  File "C:\Users\27876\AppData\Local\Programs\Python\Python312\Lib\json\encoder.py", line 439, in _iterencode
    o = _default(o)
        ^^^^^^^^^^^
  File "C:\Users\27876\AppData\Local\Programs\Python\Python312\Lib\json\encoder.py", line 180, in default
    raise TypeError(f'Object of type {o.__class__.__name__} '
TypeError: Object of type float32 is not JSON serializable
