=== Phase CCLIII: Causal Direction Geometry Analysis ===
Model: GLM4-9B-Chat
n_tense: 25, n_question: 25, n_test: 15
Start: 2026-04-25 10:59:51
  Loading: GLM4-9B-Chat (8bit)
Model loaded successfully

=== Layer 5 ===
  Part 1: Collecting tense pair activations...
    Tense CR: 0.2278, mean alignment: 0.4856
  Part 2: Collecting question pair activations...
    Question CR: 0.3629, mean alignment: 0.6048
    Tense-Quest cos: 0.0314, per-sample cross: 0.0087
  Part 4: SVD of causal directions...
    Causal dim(50%): 8, dim(90%): 26, PR: 14.63
    Tense PR: 19.47, dim90: 20
    Quest PR: 20.03, dim90: 20
  Part 6: Causal efficacy analysis...
    Mean efficacy: 0.2300, mean alignment: 0.3390
    Corr(alignment, efficacy): 0.132
    Random efficacy: 0.2133, Feat/Rand ratio: 1.079

=== Layer 10 ===
  Part 1: Collecting tense pair activations...
    Tense CR: 0.2051, mean alignment: 0.4614
  Part 2: Collecting question pair activations...
    Question CR: 0.3841, mean alignment: 0.6217
    Tense-Quest cos: -0.0000, per-sample cross: 0.0011
  Part 4: SVD of causal directions...
    Causal dim(50%): 8, dim(90%): 26, PR: 13.18
    Tense PR: 19.46, dim90: 20
    Quest PR: 19.60, dim90: 20
  Part 6: Causal efficacy analysis...
    Mean efficacy: 0.3444, mean alignment: 0.3339
    Corr(alignment, efficacy): 0.461
    Random efficacy: 0.2105, Feat/Rand ratio: 1.637

=== Layer 20 ===
  Part 1: Collecting tense pair activations...
    Tense CR: 0.2055, mean alignment: 0.4655
  Part 2: Collecting question pair activations...
    Question CR: 0.4339, mean alignment: 0.6603
    Tense-Quest cos: 0.0252, per-sample cross: 0.0109
  Part 4: SVD of causal directions...
    Causal dim(50%): 6, dim(90%): 25, PR: 10.77
    Tense PR: 18.41, dim90: 19
    Quest PR: 17.94, dim90: 20
  Part 6: Causal efficacy analysis...
    Mean efficacy: 0.4520, mean alignment: 0.3248
    Corr(alignment, efficacy): 0.696
    Random efficacy: 0.1289, Feat/Rand ratio: 3.507

=== Layer 30 ===
  Part 1: Collecting tense pair activations...
    Tense CR: 0.2141, mean alignment: 0.4793
  Part 2: Collecting question pair activations...
    Question CR: 0.4130, mean alignment: 0.6488
    Tense-Quest cos: -0.0035, per-sample cross: -0.0022
  Part 4: SVD of causal directions...
    Causal dim(50%): 5, dim(90%): 23, PR: 10.47
    Tense PR: 14.06, dim90: 19
    Quest PR: 16.09, dim90: 19
  Part 6: Causal efficacy analysis...
    Mean efficacy: 0.3914, mean alignment: 0.3569
    Corr(alignment, efficacy): 0.593
    Random efficacy: 0.0618, Feat/Rand ratio: 6.333

=== Layer 38 ===
  Part 1: Collecting tense pair activations...
    Tense CR: 0.2109, mean alignment: 0.4727
  Part 2: Collecting question pair activations...
    Question CR: 0.4613, mean alignment: 0.6860
    Tense-Quest cos: 0.0189, per-sample cross: 0.0023
  Part 4: SVD of causal directions...
    Causal dim(50%): 4, dim(90%): 23, PR: 8.78
    Tense PR: 15.62, dim90: 19
    Quest PR: 13.86, dim90: 19
  Part 6: Causal efficacy analysis...
    Mean efficacy: 0.3438, mean alignment: 0.3602
    Corr(alignment, efficacy): 0.814
    Random efficacy: 0.0223, Feat/Rand ratio: 15.423

======================================================================
ANALYSIS
======================================================================

  Summary Table:
     L   CR_T   CR_Q  Cos_TQ   PR_c dim90    Eff    E/R   Corr
     5  0.228  0.363  0.0314  14.63    26  0.230   1.08  0.132
    10  0.205  0.384 -0.0000  13.18    26  0.344   1.64  0.461
    20  0.206  0.434  0.0252  10.77    25  0.452   3.51  0.696
    30  0.214  0.413 -0.0035  10.47    23  0.391   6.33  0.593
    38  0.211  0.461  0.0189   8.78    23  0.344  15.42  0.814

  Depth Correlations:
    Corr(L, CR_tense)     = -0.100  ~
    Corr(L, CR_quest)     = +0.900  ˇü
    Corr(L, cos_TQ)       = -0.500  ˇúorth
    Corr(L, PR_causal)    = -1.000  ˇýfewer dims
    Corr(L, dim_90)       = -0.949  ˇýfewer dims
    Corr(L, efficacy)     = +0.300  ~
    Corr(L, eff_ratio)    = +1.000  ˇü
    Corr(L, PR_tense)     = -0.900
    Corr(L, PR_quest)     = -1.000

  PREDICTIONS:
    NOT SUPPORTED: CR_tense increases with depth (Corr=-0.100)
    SUPPORTED: CR_quest increases with depth (Corr=+0.900)
    SUPPORTED: Tense-Quest become more orthogonal with depth (Corr=-0.500)
    SUPPORTED: Causal efficacy ratio increases with depth (Corr=+1.000)

  INTERPRETATION:
  => Causal Direction Standardization model STRONGLY SUPPORTED!
  => Deep layers have more consistent, orthogonal, and effective causal directions

End: 2026-04-25 11:06:54
Results saved to results/causal_fiber/glm4_ccliii/results.json
