======================================================================
Phase CCXXIII: 输出汇聚验证 — GLM4-9B-Chat
  n_pairs=150, 时间=2026-04-23 10:24:34
======================================================================

--- 加载模型 ---
  加载完成: 13s
  n_layers=40, d_model=4096, device=cuda:0
  分析层: [20, 37, 38, 39]

============================================================
S1: 提取lm_head权重矩阵并做SVD
============================================================
======================================================================
Phase CCXXIII: 输出汇聚验证 — GLM4-9B-Chat
  n_pairs=150, 时间=2026-04-23 10:41:31
======================================================================

--- 加载模型 ---
  加载完成: 9s
  n_layers=40, d_model=4096, device=cuda:0
  分析层: [20, 37, 38, 39]

============================================================
S1: 提取lm_head权重矩阵并做SVD
============================================================
======================================================================
Phase CCXXIII: 输出汇聚验证 — GLM4-9B-Chat
  n_pairs=150, 时间=2026-04-23 11:49:58
======================================================================

--- 加载模型 ---
  加载完成: 13s
  n_layers=40, d_model=4096, device=cuda:0
  分析层: [20, 37, 38, 39]

============================================================
S1: 提取lm_head权重矩阵并做SVD
============================================================
  正在提取lm_head权重...
  !!! lm_head权重提取/SVD失败: Cannot copy out of meta tensor; no data!

============================================================
S2: 收集差分向量并做PCA (150对/特征 × 4层)
============================================================
  收集 tense (150对)...
    tense: 30/150
    tense: 60/150
    tense: 90/150
    tense: 120/150
    tense: 150/150
  收集 polarity (145对)...
    polarity: 30/145
    polarity: 60/145
    polarity: 90/145
    polarity: 120/145
  收集 voice (149对)...
    voice: 30/149
    voice: 60/149
    voice: 90/149
    voice: 120/149
  收集 semantic_valence (144对)...
    semantic_valence: 30/144
    semantic_valence: 60/144
    semantic_valence: 90/144
