=== Phase CCXLV: Local Geometry Direct Measurement ===
Model: GLM4-9B-Chat, n_samples: 10, n_dirs: 5, eps: 1.0
Start: 2026-04-25 02:27:20
  Loading: GLM4-9B-Chat (8bit)
Model loaded successfully

=== Phase CCXLV: Local Geometry Direct Measurement ===
Model: GLM4-9B-Chat, n_layers=40, d_model=4096

--- Part 1: Weight Matrix Spectral Analysis ---

  Layer  MaxSpectral  MeanSpectral  MeanFrobenius   MeanCond
  L   0      1974.42       1171.73      125487.65   117172.9
  L   1      2126.84       1489.33      148601.09   148933.0
  L   2      2121.77       1517.09      150251.27   151709.2
  L   3      2128.99       1513.83      150199.06   151382.8
  L   4      2104.25       1513.24      149558.74   151324.0
  L   5      2094.16       1495.39      148195.80   149538.9
  L   6      2102.08       1476.87      146918.64   147687.2
  L   7      2096.10       1516.27      149220.73   151626.6
  L   8      2099.62       1502.95      148481.64   150295.4
  L   9      2101.30       1483.15      147008.77   148314.7
  L  10      2106.17       1497.87      148216.25   149787.0
  L  11      2101.25       1513.95      149126.66   151395.3
  L  12      2104.40       1504.26      148637.62   150426.0
  L  13      2097.43       1486.48      147363.78   148648.5
  L  14      2085.55       1501.51      147957.21   150150.7
  L  15      2083.97       1501.36      147883.73   150135.9
  L  16      2082.73       1463.53      145252.43   146352.8
  L  17      2082.62       1478.26      146267.37   147826.0
  L  18      2077.54       1476.23      146058.67   147622.5
  L  19      2083.36       1496.89      147465.03   149688.7
  L  20      2083.09       1515.86      148595.46   151586.4
  L  21      2077.88       1506.57      147881.00   150657.5
  L  22      2068.05       1493.08      147037.48   149308.3
  L  23      2079.00       1489.25      147105.90   148924.8
  L  24      2088.98       1476.13      146456.82   147613.1
  L  25      2098.62       1516.64      149053.38   151663.8
  L  26      2115.20       1499.47      148395.52   149946.6
  L  27      2117.32       1498.66      148322.60   149866.0
  L  28      2122.58       1505.79      148953.81   150578.9
  L  29      2134.86       1500.03      148926.96   150003.1
  L  30      2132.84       1528.43      150668.56   152842.8
  L  31      2130.31       1492.71      148377.24   149271.1
  L  32      2132.90       1499.83      149023.77   149982.5
  L  33      2133.75       1495.13      148742.81   149512.7
  L  34      2131.77       1497.27      148787.32   149727.4
  L  35      2131.17       1477.09      147161.19   147709.3
  L  36         0.00          0.00           0.00        0.0
  L  37         0.00          0.00           0.00        0.0
  L  38         0.00          0.00           0.00        0.0
  L  39         0.00          0.00           0.00        0.0

  Weight-Depth Correlations:
    Corr(layer, max_spectral)  =  -0.504
    Corr(layer, mean_spectral) =  -0.491
    Corr(layer, mean_frobenius)=  -0.500
    Corr(layer, mean_condition)=  -0.491

--- Part 2: Local Jacobian & Hessian Measurement ---
  (Perturbing layer INPUT, measuring layer OUTPUT ˇŞ NO cross-layer propagation!)
  n_samples=10, n_dirs=5, eps=1.0
  Layer  1: ||H||=0.725695, ||J||=1.0035, ||h||=0.62, kappa=H/J=0.723178
  Layer  4: ||H||=0.728892, ||J||=1.0440, ||h||=1.54, kappa=H/J=0.698176
  Layer  5: ||H||=0.555836, ||J||=0.9929, ||h||=1.96, kappa=H/J=0.559800
  Layer  7: ||H||=0.544850, ||J||=0.9842, ||h||=2.53, kappa=H/J=0.553574
  Layer 10: ||H||=0.361146, ||J||=0.9515, ||h||=3.96, kappa=H/J=0.379540
  Layer 13: ||H||=0.402196, ||J||=0.9935, ||h||=4.83, kappa=H/J=0.404835
  Layer 16: ||H||=0.431411, ||J||=1.0120, ||h||=6.65, kappa=H/J=0.426295
  Layer 19: ||H||=0.492932, ||J||=1.0227, ||h||=9.84, kappa=H/J=0.482012
  Layer 20: ||H||=0.484002, ||J||=1.0317, ||h||=10.76, kappa=H/J=0.469131
  Layer 22: ||H||=0.718718, ||J||=1.0560, ||h||=14.14, kappa=H/J=0.680634
  Layer 25: ||H||=1.024518, ||J||=1.1408, ||h||=25.78, kappa=H/J=0.898076
  Layer 26: ||H||=0.914554, ||J||=1.1186, ||h||=31.19, kappa=H/J=0.817592
  Layer 28: ||H||=1.135086, ||J||=1.1434, ||h||=42.54, kappa=H/J=0.992720
  Layer 31: ||H||=1.085384, ||J||=1.1270, ||h||=60.73, kappa=H/J=0.963038
  Layer 34: ||H||=1.223674, ||J||=1.1438, ||h||=74.67, kappa=H/J=1.069869
  Layer 37: ||H||=1.454429, ||J||=1.1926, ||h||=109.87, kappa=H/J=1.219566

  Layer        ||H||      ||J||    ||h||  kappa=H/J    Pos
  L   1     0.725695     1.0035     0.62   0.723178 L/20.0
  L   4     0.728892     1.0440     1.54   0.698176  L/8.0
  L   5     0.555836     0.9929     1.96   0.559800  L/6.7
  L   7     0.544850     0.9842     2.53   0.553574  L/5.0
  L  10     0.361146     0.9515     3.96   0.379540  L/3.6
  L  13     0.402196     0.9935     4.83   0.404835  L/2.9
  L  16     0.431411     1.0120     6.65   0.426295  L/2.4
  L  19     0.492932     1.0227     9.84   0.482012  L/2.0
  L  20     0.484002     1.0317    10.76   0.469131  L/1.9
  L  22     0.718718     1.0560    14.14   0.680634  L/1.7
  L  25     1.024518     1.1408    25.78   0.898076  L/1.5
  L  26     0.914554     1.1186    31.19   0.817592  L/1.5
  L  28     1.135086     1.1434    42.54   0.992720  L/1.4
  L  31     1.085384     1.1270    60.73   0.963038  L/1.2
  L  34     1.223674     1.1438    74.67   1.069869  L/1.1
  L  37     1.454429     1.1926   109.87   1.219566  L/1.1

  LOCAL GEOMETRY-DEPTH CORRELATIONS:
    Corr(layer, ||H||)     =   0.754  Hessian (curvature)      
    Corr(layer, ||J||)     =   0.868  Jacobian (sensitivity)   
    Corr(layer, ||h||)     =   0.862  Activation norm          
    Corr(layer, kappa=H/J) =   0.713  Curvature density        

  INTERPRETATION:
    ||H|| INCREASES with depth -> Deep layers more nonlinear!
    ||J|| INCREASES with depth -> Opposite of CCXLIV finding!
    kappa=H/J INCREASES with depth -> Deep layers have higher curvature density!

--- Part 3: Decomposing the 'Shallow Advantage' ---
  Local ||H_l|| profile (Hessian at each layer):
    L 1: ||H||=0.725695
    L 4: ||H||=0.728892
    L 5: ||H||=0.555836
    L 7: ||H||=0.544850
    L10: ||H||=0.361146
    L13: ||H||=0.402196
    L16: ||H||=0.431411
    L19: ||H||=0.492932
    L20: ||H||=0.484002
    L22: ||H||=0.718718
    L25: ||H||=1.024518
    L26: ||H||=0.914554
    L28: ||H||=1.135086
    L31: ||H||=1.085384
    L34: ||H||=1.223674
    L37: ||H||=1.454429

  Local ||J_l|| profile (Jacobian at each layer):
    L 1: ||J||=1.0035
    L 4: ||J||=1.0440
    L 5: ||J||=0.9929
    L 7: ||J||=0.9842
    L10: ||J||=0.9515
    L13: ||J||=0.9935
    L16: ||J||=1.0120
    L19: ||J||=1.0227
    L20: ||J||=1.0317
    L22: ||J||=1.0560
    L25: ||J||=1.1408
    L26: ||J||=1.1186
    L28: ||J||=1.1434
    L31: ||J||=1.1270
    L34: ||J||=1.1438
    L37: ||J||=1.1926

  CRITICAL QUESTION: Does ||H_l|| explain H_true from CCXLIV?
  If ||H_l|| is roughly constant, then H_true variation with L1
  must come from Jacobian directional structure (not captured by norms).
  If ||H_l|| varies with depth in the same direction as H_true,
  then part of the 'shallow advantage' is genuine local nonlinearity.

======================================================================
FINAL SUMMARY: GLM4-9B-Chat
======================================================================

  Weight Matrix Correlations with Depth:
    Corr(layer, max_spectral)  = -0.504
    Corr(layer, mean_spectral) = -0.491
    Corr(layer, mean_frobenius)= -0.500
    Corr(layer, mean_condition)= -0.491

  Local Geometry Correlations with Depth:
    Corr(layer, ||H||)     = 0.754  [Hessian/curvature]
    Corr(layer, ||J||)     = 0.868  [Jacobian/sensitivity]
    Corr(layer, ||h||)     = 0.862  [Activation norm]
    Corr(layer, kappa=H/J) = 0.713  [Curvature density]

  FINAL VERDICT:
    Local Hessian INCREASES with depth -> Deep layers more curved
    Curvature DENSITY increases with depth -> Deep layers intrinsically more nonlinear
    Local Jacobian INCREASES with depth -> Opposite of CCXLIV!

End: 2026-04-25 02:39:26
