=== Phase CCXLV: Local Geometry Direct Measurement ===
Model: GLM4-9B-Chat, n_samples: 10, n_dirs: 5, eps: 1.0
Start: 2026-04-25 02:25:17
Model loaded successfully
=== Phase CCXLV: Local Geometry Direct Measurement ===
Model: GLM4-9B-Chat, n_samples: 10, n_dirs: 5, eps: 1.0
Start: 2026-04-25 02:27:20
Model loaded successfully

======================================================================
FINAL SUMMARY: GLM4-9B-Chat
======================================================================

  Weight Matrix Correlations with Depth:
    Corr(layer, max_spectral)  = -0.504
    Corr(layer, mean_spectral) = -0.491
    Corr(layer, mean_frobenius)= -0.500
    Corr(layer, mean_condition)= -0.491

  Local Geometry Correlations with Depth:
    Corr(layer, ||H||)     = 0.754  [Hessian/curvature]
    Corr(layer, ||J||)     = 0.868  [Jacobian/sensitivity]
    Corr(layer, ||h||)     = 0.862  [Activation norm]
    Corr(layer, kappa=H/J) = 0.713  [Curvature density]

  FINAL VERDICT:
    Local Hessian INCREASES with depth -> Deep layers more curved
    Curvature DENSITY increases with depth -> Deep layers intrinsically more nonlinear
    Local Jacobian INCREASES with depth -> Opposite of CCXLIV!

End: 2026-04-25 02:39:26
