[01:20:13] Phase CCXIX: 因果干预实验 — 瓶颈层PC1因果效应验证
[01:20:13] Model: GLM4-9B-Chat, bottleneck_layer=30, n_pairs=80
[01:20:13] Loading model...
[01:20:27] Model loaded in 13s
[01:20:27] n_layers=40, d_model=4096, device=cuda:0
[01:20:27] 
============================================================
[01:20:27] S1: 收集瓶颈层L30+关键层的差分向量
[01:20:27] ============================================================
[01:20:27] Sampled layers (12): [0, 4, 8, 12, 16, 20, 24, 28, 30, 32, 36, 39]
[01:20:27]   [1/9] tense (SYN): 80 pairs
[01:21:31]     Collected 80 deltas at bottleneck layer
[01:21:31]   [2/9] polarity (SYN): 80 pairs
[01:22:35]     Collected 80 deltas at bottleneck layer
[01:22:35]   [3/9] number (SYN): 80 pairs
[01:23:39]     Collected 80 deltas at bottleneck layer
[01:23:39]   [4/9] question (SYN): 80 pairs
[01:24:44]     Collected 80 deltas at bottleneck layer
[01:24:44]   [5/9] info_structure (SYN): 80 pairs
[01:25:41]     Collected 80 deltas at bottleneck layer
[01:25:41]   [6/9] formality (SEM): 80 pairs
[01:26:48]     Collected 80 deltas at bottleneck layer
[01:26:48]   [7/9] semantic_valence (SEM): 80 pairs
[01:27:53]     Collected 80 deltas at bottleneck layer
[01:27:53]   [8/9] semantic_topic (SEM): 80 pairs
[01:28:58]     Collected 80 deltas at bottleneck layer
[01:28:58]   [9/9] voice (SEM): 80 pairs
[01:29:55]     Collected 80 deltas at bottleneck layer
[01:29:55] 
============================================================
[01:29:55] S2: PCA分析 — 全局 + Per-feature
[01:29:55] ============================================================
[01:29:55]   Bottleneck layer deltas: (720, 4096)
[01:29:55]   Global PC variance (top 10): [0.0572 0.0375 0.0173 0.0149 0.0132 0.0127 0.0113 0.0111 0.0105 0.01  ]
[01:29:55]     PC1: 5.72%
[01:29:55]     PC2: 3.75%
[01:29:55]     PC3: 1.73%
[01:29:55]     PC4: 1.49%
[01:29:55]     PC5: 1.32%
[01:29:55] 
  Per-feature PCA at bottleneck layer:
[01:29:55]     tense: PC1=11.99%, PC2=8.70%
[01:29:55]     polarity: PC1=17.38%, PC2=3.98%
[01:29:55]     number: PC1=6.59%, PC2=5.87%
[01:29:55]     question: PC1=13.50%, PC2=4.55%
[01:29:55]     info_structure: PC1=6.47%, PC2=5.15%
[01:29:55]     formality: PC1=9.56%, PC2=4.96%
[01:29:55]     semantic_valence: PC1=13.52%, PC2=4.42%
[01:29:55]     semantic_topic: PC1=5.38%, PC2=3.79%
[01:29:55]     voice: PC1=8.51%, PC2=6.03%
[01:29:55] 
============================================================
[01:29:55] S3: PC投影比例分析 — 差分信号在PC1 vs PC2-5上的承载
[01:29:55] ============================================================
[01:29:55] 
  投影比例汇总:
[01:29:55]   Feature               PC1_ratio  PC2-5_ratio  Random_ratio  PC1/PC2-5_per  PC1/Random
[01:29:55]   --------------------------------------------------------------------------------
[01:29:55]   tense                    0.0910       0.1903        0.0142           1.91x       6.39x
[01:29:55]   polarity                 0.1224       0.3027        0.0129           1.62x       9.50x
[01:29:55]   number                   0.1144       0.2028        0.0131           2.26x       8.73x
[01:29:55]   question                 0.1596       0.3472        0.0128           1.84x      12.49x
[01:29:55]   info_structure           0.2401       0.6386        0.0120           1.50x      19.98x
[01:29:55]   formality                0.1296       0.3324        0.0147           1.56x       8.79x
[01:29:55]   semantic_valence         0.1652       0.2714        0.0139           2.43x      11.85x
[01:29:55]   semantic_topic           0.1033       0.3280        0.0124           1.26x       8.31x
[01:29:55]   voice                    0.2499       0.6489        0.0119           1.54x      21.06x
[01:29:55] 
  === 全局 ===
[01:29:55]   PC1投影比: 0.1529
[01:29:55]   PC2-5投影比(总): 0.3627, (per PC): 0.0907
[01:29:55]   Random投影比: 0.0131
[01:29:55]   PC1/PC2-5_per: 1.69x
[01:29:55]   PC1/Random: 11.66x
[01:29:55]   t-test PC1 vs PC2-5_per: t=12.373, p=0.000000
[01:29:55]   t-test PC1 vs Random: t=30.431, p=0.000000
[01:29:55] 
============================================================
[01:29:55] S4: PC1跨特征一致性 — 不同特征的PC1方向是否对齐?
[01:29:55] ============================================================
[01:29:55]   Features with PC1: 9
[01:29:55]   PC1方向对齐度 (|cos|):
[01:29:55]     SYN-SYN: mean=0.0746, std=0.0808, n=10
[01:29:55]     SEM-SEM: mean=0.4868, std=0.0686, n=6
[01:29:55]     SYN-SEM: mean=0.1781, std=0.1126, n=20
[01:29:55] 
  各特征PC1与全局PC1的对齐度:
[01:29:55]     tense: |cos|=0.0316
[01:29:55]     polarity: |cos|=0.2333
[01:29:55]     number: |cos|=0.2229
[01:29:55]     question: |cos|=0.2725
[01:29:55]     info_structure: |cos|=0.3950
[01:29:55]     formality: |cos|=0.6287
[01:29:55]     semantic_valence: |cos|=0.7542
[01:29:55]     semantic_topic: |cos|=0.5706
[01:29:55]     voice: |cos|=0.6935
[01:29:55] 
============================================================
[01:29:55] S5: 残差分析 — 消除PC1后, 差分信号是否仍可区分语法/语义?
[01:29:55] ============================================================
[01:29:55]   tense:
[01:29:55]     原始范数: mean=20.9869, std=9.9698
[01:29:55]     残差范数: mean=20.8486, std=9.9206
[01:29:55]     信号保留比: mean=0.9936 (99.4%保留)
[01:29:55]     PC1解释方差: 1.3%
[01:29:55]   polarity:
[01:29:55]     原始范数: mean=33.0726, std=9.7141
[01:29:55]     残差范数: mean=32.6620, std=9.4007
[01:29:55]     信号保留比: mean=0.9891 (98.9%保留)
[01:29:55]     PC1解释方差: 2.2%
[01:29:55]   number:
[01:29:55]     原始范数: mean=27.1396, std=8.9849
[01:29:55]     残差范数: mean=26.8534, std=8.8862
[01:29:55]     信号保留比: mean=0.9776 (97.8%保留)
[01:29:55]     PC1解释方差: 3.2%
[01:29:55]   question:
[01:29:55]     原始范数: mean=35.0193, std=12.7433
[01:29:55]     残差范数: mean=34.3122, std=12.3115
[01:29:55]     信号保留比: mean=0.9818 (98.2%保留)
[01:29:55]     PC1解释方差: 3.6%
[01:29:55]   info_structure:
[01:29:55]     原始范数: mean=55.8928, std=6.6621
[01:29:55]     残差范数: mean=53.7745, std=6.7644
[01:29:55]     信号保留比: mean=0.9620 (96.2%保留)
[01:29:55]     PC1解释方差: 7.3%
[01:29:55]   formality:
[01:29:55]     原始范数: mean=54.6849, std=20.3198
[01:29:55]     残差范数: mean=53.6550, std=19.4041
[01:29:55]     信号保留比: mean=0.9852 (98.5%保留)
[01:29:55]     PC1解释方差: 2.9%
[01:29:55] 
  语法/语义可分性测试 (logistic regression):
[01:29:56]     Original: accuracy=0.5681 ± 0.1558
[01:29:56]     No PC1: accuracy=0.5694 ± 0.1665
[01:29:56]     Only PC1: accuracy=0.5611 ± 0.0068
[01:29:56]     No PC1-5: accuracy=0.5806 ± 0.0961
[01:29:56] 
============================================================
[01:29:56] S6: Hook干预 — PC1消藻对输出logit的因果效应
[01:29:56] ============================================================
[01:29:56]   [1/6] tense: 15 pairs for hook test
[01:30:21]   [2/6] polarity: 15 pairs for hook test
[01:30:46]   [3/6] number: 15 pairs for hook test
[01:31:10]   [4/6] question: 15 pairs for hook test
[01:31:34]   [5/6] info_structure: 15 pairs for hook test
[01:31:59]   [6/6] formality: 15 pairs for hook test
[01:32:23] 
  Hook干预结果汇总:
[01:32:23]   Feature                Baseline  PC1_ablate  PC2-5_ablate  Causal_ratio
[01:32:23]   ----------------------------------------------------------------------
[01:32:23]   tense                  216.7712     46.2517       33.5968         5.51x
[01:32:23]   polarity               328.5494     49.9883       36.8229         5.43x
[01:32:23]   number                 261.2293     48.0776       35.2928         5.45x
[01:32:23]   question               449.4676     50.5556       37.0266         5.46x
[01:32:23]   info_structure         599.6898     46.5434       40.6373         4.58x
[01:32:23]   formality              474.4215     39.9913       27.9120         5.73x
[01:32:23] 
  === 全局因果效应 ===
[01:32:23]   Baseline logit diff: 388.3548
[01:32:23]   PC1 ablation effect: 46.9013 (12.1% of baseline)
[01:32:23]   PC2-5 ablation effect: 35.2147 (9.1% of baseline)
[01:32:23]   PC2-5 per PC: 8.8037
[01:32:23]   Causal ratio (PC1/PC2-5_per): 5.33x
[01:32:23]   t-test: t=29.526, p=0.000000
[01:32:23]   *** PC1因果效应显著大于PC2-5 (p<0.01) ***
[01:32:23] 
Results saved to results/causal_fiber/glm4_ccxix/
[01:32:23] Phase CCXIX complete!
