======================================================================
Phase CCXXVII: PC1旋转结构分解与语义汇聚层解码 — GLM4-9B-Chat
  n_pairs=150, n_test=40, 时间=2026-04-24 00:25:57
======================================================================

--- S1: 加载模型 ---
  加载完成: 13s, n_layers=40, d_model=4096

============================================================
S2: 逐层PC1收集 (密集采样)
============================================================
  采样层 (21层): [0, 2, 4, 6, 8]...[36, 38, 39]
  收集 tense (59对)...
    tense: 50/59
  收集 polarity (59对)...
    polarity: 50/59
  收集 voice (59对)...
    voice: 50/59
  收集 semantic_valence (59对)...
    semantic_valence: 50/59
  收集 semantic_topic (58对)...
    semantic_topic: 50/58

  全局PC1方差峰值层: L38 (11.7%)
  最后一层: L39 (7.6%)

============================================================
S3: PC1旋转结构分析
============================================================

  --- 相邻层PC1旋转分析 ---
    L0→L2: cos=+0.3297, θ=70.7°, sign=+, scale=0.919
    L2→L4: cos=-0.7994, θ=36.9°, sign=-, scale=1.160
    L4→L6: cos=+0.7482, θ=41.6°, sign=+, scale=1.128
    L6→L8: cos=+0.7615, θ=40.4°, sign=+, scale=1.073
    L8→L10: cos=-0.8189, θ=35.0°, sign=-, scale=1.002
    L10→L12: cos=+0.8774, θ=28.7°, sign=+, scale=0.962
    L12→L14: cos=+0.8986, θ=26.0°, sign=+, scale=0.992
    L14→L16: cos=-0.8845, θ=27.8°, sign=-, scale=1.029
    L16→L18: cos=+0.8645, θ=30.2°, sign=+, scale=1.088
    L18→L20: cos=-0.8859, θ=27.6°, sign=-, scale=0.995
    L20→L22: cos=-0.8717, θ=29.3°, sign=-, scale=0.976
    L22→L24: cos=-0.8542, θ=31.3°, sign=-, scale=0.987
    L24→L26: cos=+0.8890, θ=27.3°, sign=+, scale=0.937
    L26→L28: cos=+0.9071, θ=24.9°, sign=+, scale=0.982
    L28→L30: cos=+0.9020, θ=25.6°, sign=+, scale=1.014
    L30→L32: cos=+0.9408, θ=19.8°, sign=+, scale=0.988
    L32→L34: cos=+0.9419, θ=19.6°, sign=+, scale=1.029
    L34→L36: cos=+0.9377, θ=20.3°, sign=+, scale=1.032
    L36→L38: cos=+0.8924, θ=26.8°, sign=+, scale=1.120
    L38→L39: cos=+0.4859, θ=60.9°, sign=+, scale=0.805

  --- 旋转统计 ---
    旋转角θ: 均值=32.5°, 中位数=28.2°, 标准差=12.7°
    旋转角范围: [19.6°, 70.7°]
    符号翻转次数: 6 / 20
    缩放因子: 均值=1.011, 范围=[0.805, 1.160]

  --- 旋转规律性检验 ---
    累积旋转角: 650.9° (=1.81圈)
    每层平均旋转: 32.5°

  --- PC1-PC2平面旋转分析 ---
    L0→L2: cos(PC1_L1, PC1_L2)=+0.3297, cos(PC2_L1, PC1_L2)=-0.0842
    L2→L4: cos(PC1_L1, PC1_L2)=-0.7994, cos(PC2_L1, PC1_L2)=+0.1142
    L4→L6: cos(PC1_L1, PC1_L2)=+0.7482, cos(PC2_L1, PC1_L2)=+0.0104
    L6→L8: cos(PC1_L1, PC1_L2)=+0.7615, cos(PC2_L1, PC1_L2)=-0.0347
    L8→L10: cos(PC1_L1, PC1_L2)=-0.8189, cos(PC2_L1, PC1_L2)=+0.0336

============================================================
S4: 语义汇聚层(L38)PC1解码
============================================================
  从model.lm_head提取失败: Cannot copy out of meta tensor; no data!
    加载 model-00004-of-00004.safetensors...
  lm_head权重: (151552, 4096)

  --- 峰值层 vs 最后一层 PC1 logit指纹 ---

  峰值层(L38) PC1 (方差=11.7%):
    |logit_fp|均值=0.0301, max=0.1381, /SVD[0]=0.1957
    正方向Top-10:
      ' ' → 0.121
      '<|endoftext|>' → 0.116
      '.' → 0.110
      ' (' → 0.106
      '…' → 0.105
      '…
' → 0.103
      '(' → 0.094
      ' "' → 0.093
      '
' → 0.092
      ',' → 0.085
    负方向Top-10:
      ' Krie' → -0.131
      '_DECLARE' → -0.125
      ' escen' → -0.125
      '_BLOCKS' → -0.125
      ' compag' → -0.123
      'カラー' → -0.123
      ' priva' → -0.121
      '_RATIO' → -0.121

  最后一层(L39) PC1 (方差=7.6%):
    |logit_fp|均值=0.0080, max=0.0715, /SVD[0]=0.0519
    正方向Top-10:
      ' of' → 0.063
      ' itself' → 0.055
      ' bearing' → 0.046
      ' wt' → 0.046
      ' fora' → 0.044
      'ungeons' → 0.043
      ' behind' → 0.043
      '(pdf' → 0.042
      ' like' → 0.041
      ' backwards' → 0.041
    负方向Top-10:
      ' friend' → -0.072
      ' brother' → -0.070
      ' own' → -0.068
      ' mother' → -0.065
      ' husband' → -0.063
      ' father' → -0.062
      ' younger' → -0.058
      ' grandfather' → -0.057
      ' Majesty' → -0.056
      ' older' → -0.056

  --- 特征PC1在峰值层(L38)的logit指纹 ---
    semantic_topic: var=5.7%, |fp|=0.0326, /SVD[0]=0.212, pos=['', '.', '…'], neg=['compag', 'escen', 'preoc']

============================================================
S5: 峰值层 vs 最后一层 Perturbation对比
============================================================
  峰值层(L38): |logit shift|=0.0301, PC1方差=11.7%
  最后一层(L39): |logit shift|=0.0080, PC1方差=7.6%

  ★ 峰值层/最后一层 logit效应比: 3.77x
  → 峰值层PC1的logit效应显著强于最后一层!

============================================================
S6: PC1旋转结构 — 是否是子空间内的旋转?
============================================================

  --- 子空间包含性检验 ---
    L0→L2: L1前3PC对L2-PC1的包含度=0.1180 (1.0=完全包含)
    L2→L4: L1前3PC对L2-PC1的包含度=0.6548 (1.0=完全包含)
    L4→L6: L1前3PC对L2-PC1的包含度=0.5601 (1.0=完全包含)
    L6→L8: L1前3PC对L2-PC1的包含度=0.5811 (1.0=完全包含)
    L8→L10: L1前3PC对L2-PC1的包含度=0.6720 (1.0=完全包含)
    L10→L12: L1前3PC对L2-PC1的包含度=0.7741 (1.0=完全包含)
    L12→L14: L1前3PC对L2-PC1的包含度=0.8083 (1.0=完全包含)
    L14→L16: L1前3PC对L2-PC1的包含度=0.7859 (1.0=完全包含)

============================================================
S7: 汇总与判断
============================================================

  === 旋转结构汇总 ===
  总旋转角: 650.9° (1.81圈)
  平均层间旋转: 32.5°
  旋转角标准差: 12.7°
  符号翻转率: 6/20 = 30%
  → PC1旋转高度规律(接近恒定角速度), 可能是螺旋结构

  === 峰值层解码汇总 ===
  峰值层(L38): PC1方差=11.7%, logit效应=0.0301
  最后一层(L39): PC1方差=7.6%, logit效应=0.0080

  === 关键判断 ===
  2. 峰值层PC1 logit效应是否更强: 峰值/末层=3.77x
  3. 1D流形本质: 螺旋结构

结果已保存到 results/causal_fiber/glm4_ccxxvii/results.json
完成时间: 2026-04-24 00:30:34
