[03:57:20] Phase CCXXI: Interchange Intervention — 1D流形因果效应验证
[03:57:20] Model: GLM4-9B-Chat, bottleneck_layer=30, n_pairs=120
[03:57:20] Loading model...
[03:57:35] Model loaded in 14s
[03:57:35] n_layers=40, d_model=4096, device=cuda:0
[03:57:35] 
============================================================
[03:57:35] S1: 收集瓶颈层L30的差分向量
[03:57:35] ============================================================
[03:57:35]   [1/5] tense (SYN): 120 pairs
[03:58:58]     Collected 120 pairs
[03:58:58]   [2/5] polarity (SYN): 120 pairs
[04:00:20]     Collected 120 pairs
[04:00:20]   [3/5] voice (SEM): 120 pairs
[04:01:41]     Collected 120 pairs
[04:01:41]   [4/5] semantic_valence (SEM): 120 pairs
[04:03:03]     Collected 120 pairs
[04:03:03]   [5/5] semantic_topic (SEM): 120 pairs
[04:04:25]     Collected 120 pairs
[04:04:25] 
============================================================
[04:04:25] S2: PCA分析 — Per-feature + 排除formality全局
[04:04:25] ============================================================
[04:04:26]   tense: PC1=13.81%, PC2=6.33%
[04:04:26]   polarity: PC1=14.86%, PC2=4.04%
[04:04:26]   voice: PC1=10.10%, PC2=6.15%
[04:04:26]   semantic_valence: PC1=11.30%, PC2=3.72%
[04:04:26]   semantic_topic: PC1=6.28%, PC2=4.66%
[04:04:26] 
  排除formality全局PCA: PC1=5.58%
[04:04:26] 
============================================================
[04:04:26] S3: Interchange Intervention — 差分投影比 + Top-k logit效应
[04:04:26] ============================================================
[04:04:26] 
  === 差分投影比 ===
[04:04:26]   Feature               PC1_proj%  PC2_proj% Rand_proj%    PC1/R    PC2/R
[04:04:26]   ----------------------------------------------------------------------
[04:04:26]   tense                     5.22%      5.69%      1.40%    3.73x    4.06x
[04:04:26]   polarity                 17.63%     15.11%      1.31%   13.50x   11.57x
[04:04:26]   voice                    24.81%     18.38%      1.22%   20.25x   15.00x
[04:04:26]   semantic_valence         17.28%     12.73%      1.38%   12.51x    9.21x
[04:04:26]   semantic_topic           17.60%     15.64%      1.29%   13.65x   12.13x
[04:04:26] 
  === Top-50 logit效应 (lm_head线性近似) ===
[04:04:26]   lm_head计算失败: Cannot copy out of meta tensor; no data!
[04:04:26]   (使用差分投影比作为替代)
[04:04:26] 
============================================================
[04:04:26] S4: 排除formality的全局PC1干预 — 验证共享方向
[04:04:26] ============================================================
[04:04:26]   Feature              NoFormPC1_proj% PerFeatPC1_proj%    Ratio
[04:04:26]   ------------------------------------------------------------
[04:04:26]   tense                          9.53%            5.22%    1.82
[04:04:26]   polarity                      13.13%           17.63%    0.75
[04:04:26]   voice                         20.41%           24.81%    0.82
[04:04:26]   semantic_valence              16.58%           17.28%    0.96
[04:04:26]   semantic_topic                11.89%           17.60%    0.68
[04:04:26] 
============================================================
[04:04:26] S5: 跨特征Interchange — PC1方向的迁移效应
[04:04:26] ============================================================
[04:04:26] 
  对每个目标特征, 其他特征PC1方向的干预效应:
[04:04:26]   Target                  Best_source  Best_effect%  Self_effect%  Transfer_ratio
[04:04:26]   ---------------------------------------------------------------------------
