======================================================================
Phase CCXXVIII: 螺旋轴分析与3D流形结构 — GLM4-9B-Chat
  n_pairs=150, n_test=40, 时间=2026-04-24 00:44:38
======================================================================

--- S1: 加载模型 ---
  加载完成: 13s, n_layers=40, d_model=4096
  从model.lm_head提取失败: Cannot copy out of meta tensor; no data!
    加载 model-00004-of-00004.safetensors...
  lm_head: shape=(151552, 4096), SVD[0]方差=1.2%

============================================================
S2: 逐层PC1/PC2/PC3收集 (密集采样)
============================================================
  采样层 (21层): [0, 2, 4, 6, 8]...[36, 38, 39]
  收集 tense (58对)...
    tense: 50/58
  收集 polarity (59对)...
    polarity: 50/59
  收集 voice (30对)...
  收集 semantic_valence (40对)...
  收集 semantic_topic (38对)...

  全局PC1方差峰值层: L20 (6.7%)

============================================================
S3: 螺旋轴分析 — PC1轨迹的SVD分解
============================================================

  --- S3a: PC1轨迹矩阵SVD ---
  PC1轨迹矩阵: shape=(21, 4096)
  前10个奇异值: [3.3323256969451904, 1.8754496574401855, 1.2577654123306274, 1.0026520490646362, 0.95292067527771, 0.7931070923805237, 0.6651487350463867, 0.6262860298156738, 0.5303457975387573, 0.48714980483055115]
  前3个奇异值占比: [22.882812 12.878563  8.636974]
  前2奇异值累计: 35.8%
  前3奇异值累计: 44.4%
  → PC1轨迹在高维空间 → 复杂空间曲线

  --- S3b: PC1在螺旋平面上的2D投影 ---
     层 |       V1投影 |       V2投影 |         半径 |        角度°
  ---- | ---------- | ---------- | ---------- | ----------
  L  0 |    -0.0317 |     0.0135 |     0.0345 |      156.8
  L  2 |    -0.3344 |     0.2383 |     0.4106 |      144.5
  L  4 |    -0.5672 |     0.2373 |     0.6149 |      157.3
  L  6 |    -0.6890 |     0.3391 |     0.7680 |      153.8
  L  8 |     0.7368 |    -0.4194 |     0.8479 |      -29.7
  L 10 |     0.7868 |    -0.4422 |     0.9026 |      -29.3
  L 12 |     0.7939 |    -0.4591 |     0.9171 |      -30.0
  L 14 |     0.8144 |    -0.4032 |     0.9088 |      -26.3
  L 16 |     0.8289 |    -0.3601 |     0.9038 |      -23.5
  L 18 |     0.8113 |    -0.3398 |     0.8795 |      -22.7
  L 20 |     0.8460 |    -0.2304 |     0.8768 |      -15.2
  L 22 |     0.8422 |    -0.1925 |     0.8639 |      -12.9
  L 24 |     0.8866 |     0.0562 |     0.8883 |        3.6
  L 26 |     0.8863 |     0.2211 |     0.9134 |       14.0
  L 28 |     0.8537 |     0.3874 |     0.9375 |       24.4
  L 30 |    -0.8325 |    -0.4523 |     0.9474 |     -151.5
  L 32 |    -0.8047 |    -0.5039 |     0.9495 |     -147.9
  L 34 |    -0.7536 |    -0.5914 |     0.9580 |     -141.9
  L 36 |    -0.6799 |    -0.6606 |     0.9479 |     -135.8
  L 38 |    -0.3967 |    -0.6665 |     0.7757 |     -120.8
  L 39 |    -0.3750 |    -0.5640 |     0.6773 |     -123.6

  半径: 均值=0.8059, 标准差=0.2164, CV=26.9%
  展开角度: [156.8° → 236.4°]
  总旋转角: 79.5° (=0.22圈)

  --- S3c: 螺旋轴方向 ---
  螺旋轴(V3): ||V3||=1.0000
  V3的SVD奇异值: 1.2578 (vs V1=3.3323, V2=1.8754)
  V3轴logit指纹 Top-5正: idx=[11, 13, 220, 624, 138923], val=[0.07599999755620956, 0.07100000232458115, 0.061000000685453415, 0.052000001072883606, 0.04899999871850014]
  V3轴logit指纹 Top-5负: idx=[97218, 68642, 130751, 94306, 129789], val=[-0.07900000363588333, -0.07699999958276749, -0.07699999958276749, -0.07599999755620956, -0.07500000298023224]

  --- S3d: 3D轨迹投影 ---
     层 |       V1 |       V2 |       V3 |     3D半径
  ---- | -------- | -------- | -------- | --------
  L  0 |  -0.0317 |   0.0135 |   0.1472 |   0.1512
  L  2 |  -0.3344 |   0.2383 |   0.6605 |   0.7777
  L  4 |  -0.5672 |   0.2373 |   0.6706 |   0.9098
  L  6 |  -0.6890 |   0.3391 |   0.4373 |   0.8837
  L  8 |   0.7368 |  -0.4194 |  -0.2176 |   0.8753
  L 10 |   0.7868 |  -0.4422 |  -0.0487 |   0.9039
  L 12 |   0.7939 |  -0.4591 |   0.0544 |   0.9187
  L 14 |   0.8144 |  -0.4032 |   0.0929 |   0.9135
  L 16 |   0.8289 |  -0.3601 |   0.1859 |   0.9227
  L 18 |   0.8113 |  -0.3398 |   0.2830 |   0.9239
  L 20 |   0.8460 |  -0.2304 |   0.2742 |   0.9187
  L 22 |   0.8422 |  -0.1925 |   0.2807 |   0.9084
  L 24 |   0.8866 |   0.0562 |   0.1700 |   0.9045
  L 26 |   0.8863 |   0.2211 |   0.1056 |   0.9195
  L 28 |   0.8537 |   0.3874 |   0.0728 |   0.9403
  L 30 |  -0.8325 |  -0.4523 |  -0.0664 |   0.9498
  L 32 |  -0.8047 |  -0.5039 |  -0.0165 |   0.9496
  L 34 |  -0.7536 |  -0.5914 |   0.0272 |   0.9583
  L 36 |  -0.6799 |  -0.6606 |   0.0777 |   0.9511
  L 38 |  -0.3967 |  -0.6665 |   0.2612 |   0.8185
  L 39 |  -0.3750 |  -0.5640 |   0.1680 |   0.6978

============================================================
S4: PC2/PC3螺旋分析
============================================================

  PC2轨迹矩阵: shape=(21, 4096)
  PC2前3奇异值: [3.1997125148773193, 1.5198302268981934, 1.286497712135315]
  PC2前2奇异值累计: 30.5%

  PC3轨迹矩阵: shape=(21, 4096)
  PC3前3奇异值: [2.748737335205078, 1.8912097215652466, 1.3291568756103516]
  PC3前2奇异值累计: 27.9%

  --- PC1/PC2/PC3螺旋耦合分析 ---
  L0→L2: |cos(PC1,PC1)|=0.094, |cos(PC2,PC2)|=0.034, |cos(PC1→PC2)|=0.063, |cos(PC2→PC1)|=0.096
  L2→L4: |cos(PC1,PC1)|=0.634, |cos(PC2,PC2)|=0.536, |cos(PC1→PC2)|=0.599, |cos(PC2→PC1)|=0.510
  L4→L6: |cos(PC1,PC1)|=0.757, |cos(PC2,PC2)|=0.583, |cos(PC1→PC2)|=0.123, |cos(PC2→PC1)|=0.071
  L6→L8: |cos(PC1,PC1)|=0.798, |cos(PC2,PC2)|=0.804, |cos(PC1→PC2)|=0.067, |cos(PC2→PC1)|=0.011
  L8→L10: |cos(PC1,PC1)|=0.848, |cos(PC2,PC2)|=0.829, |cos(PC1→PC2)|=0.003, |cos(PC2→PC1)|=0.067
  L10→L12: |cos(PC1,PC1)|=0.904, |cos(PC2,PC2)|=0.883, |cos(PC1→PC2)|=0.000, |cos(PC2→PC1)|=0.028
  L12→L14: |cos(PC1,PC1)|=0.908, |cos(PC2,PC2)|=0.891, |cos(PC1→PC2)|=0.008, |cos(PC2→PC1)|=0.039
  L14→L16: |cos(PC1,PC1)|=0.896, |cos(PC2,PC2)|=0.900, |cos(PC1→PC2)|=0.096, |cos(PC2→PC1)|=0.066

  --- 子空间旋转分析 ---
  L0→L2: 子空间对齐SVD=[0.16599999368190765, 0.13199999928474426, 0.061000000685453415]
  L2→L4: 子空间对齐SVD=[0.8730000257492065, 0.7739999890327454, 0.4580000042915344]
  L4→L6: 子空间对齐SVD=[0.8069999814033508, 0.7289999723434448, 0.5590000152587891]
  L6→L8: 子空间对齐SVD=[0.8640000224113464, 0.7929999828338623, 0.7649999856948853]
  L8→L10: 子空间对齐SVD=[0.8790000081062317, 0.8399999737739563, 0.8209999799728394]

============================================================
S5: 残差分解 — 旋转vs缩放
============================================================
  分析hidden state层间变化的旋转/缩放分量
  处理 10/40 个句子
  处理 20/40 个句子
  处理 30/40 个句子
  处理 40/40 个句子

  --- 残差分解结果 ---
     层 |       旋转分量 |     ||Δh|| |      ||h|| | ||Δh||/||h||
  ---- | ---------- | ---------- | ---------- | ------------
  L  4 |     0.9608 |     0.5749 |       0.97 |     0.590071
  L  8 |     0.9974 |     1.3799 |       2.28 |     0.605129
  L 12 |     0.9959 |     1.6623 |       3.77 |     0.441488
  L 16 |     0.9901 |     1.9196 |       5.40 |     0.355780
  L 20 |     0.9941 |     2.7193 |       8.81 |     0.308565
  L 24 |     0.8921 |     7.4775 |      16.33 |     0.457902
  L 28 |     0.8442 |    13.7559 |      39.78 |     0.345774
  L 32 |     0.8270 |    17.9794 |      78.14 |     0.230100
  L 36 |     0.7736 |    22.9420 |     115.95 |     0.197865
  L 39 |     0.6459 |   130.0786 |     181.28 |     0.717558

  旋转分量趋势:
    早期层: 0.9747
    中间层: 0.9489
    晚期层: 0.8042
  → 早期层旋转更强 → 残差连接在早期产生更多旋转

============================================================
S6: 跨特征螺旋一致性
============================================================

  各特征PC1在全局螺旋平面上的投影:
                    特征 |     2D累计占比 |         角度范围 |     半径CV
  -------------------- | ---------- | ------------ | --------
                 tense |       1.0% |       177.5° |    86.4%
              polarity |       1.3% |       188.7° |    80.4%
                 voice |      16.4% |       260.2° |    41.8%
      semantic_valence |       1.3% |      -175.6° |    57.8%
        semantic_topic |       2.2% |      -829.7° |    48.0%

============================================================
S7: 螺旋结构与SVD[0]的关系
============================================================
  SVD[0]方差: 1.2%
  SVD[1]方差: 0.3%

  螺旋平面与SVD[0]的对齐:
    cos(V1, SVD[0])=0.0332
    cos(V2, SVD[0])=0.0905
    cos(轴V3, SVD[0])=0.0906
    cos(轴V3, SVD[1])=0.1924
  → 螺旋结构与SVD[0]近似正交 → PC1螺旋独立于输出方向

  各层PC1与SVD[0]的对齐:
    L0: |cos(PC1, SVD[0])|=0.0100
    L4: |cos(PC1, SVD[0])|=0.0248
    L8: |cos(PC1, SVD[0])|=0.0468
    L12: |cos(PC1, SVD[0])|=0.0741
    L16: |cos(PC1, SVD[0])|=0.0555
    L20: |cos(PC1, SVD[0])|=0.0564
    L24: |cos(PC1, SVD[0])|=0.0420
    L28: |cos(PC1, SVD[0])|=0.0082
    L32: |cos(PC1, SVD[0])|=0.0091
    L36: |cos(PC1, SVD[0])|=0.0474
    L39: |cos(PC1, SVD[0])|=0.0402

============================================================
S8: 汇总
============================================================

  1. 螺旋类型: 高维空间曲线(前3PC=44%)
  2. 前2奇异值占比: 35.8%
  3. 前3奇异值占比: 44.4%
  4. 总旋转角: 79.5° (0.22圈)
  5. 半径CV: 26.9% (越低越均匀)
  6. 旋转分量: 早期=0.975, 中期=0.949, 晚期=0.804
  7. 螺旋轴-SVD[0]对齐: cos=0.0906
  8. 螺旋平面-SVD[0]对齐: max(cos(V1,V2),SVD[0])=0.0905

  结果已保存到 results/causal_fiber/glm4_ccxxviii/results.json

======================================================================
CCXXVIII 完成 — GLM4-9B-Chat
======================================================================
