======================================================================
Phase CCXXVI: 多层语义轨迹 — GLM4-9B-Chat
  n_pairs=100, n_test=30, 时间=2026-04-24 00:10:40
======================================================================

--- S1: 加载模型 ---
  加载完成: 13s
  n_layers=40, d_model=4096, vocab_size=151343

============================================================
S2: 逐层PC1方差轨迹
============================================================
  采样层: [0, 4, 8, 12, 16, 20, 24, 28, 32, 36, 39]
  收集 tense (49对)...
    tense: 25/49
  收集 polarity (50对)...
    polarity: 25/50
    polarity: 50/50
  收集 voice (50对)...
    voice: 25/50
    voice: 50/50
  收集 semantic_valence (49对)...
    semantic_valence: 25/49
  收集 semantic_topic (49对)...
    semantic_topic: 25/49

  --- 每层PC1方差轨迹 ---

  === PC1方差轨迹 ===
   Layer |   Global |    tense | polarity |    voice | semantic_valence | semantic_topic
  ------ | -------- | -------- | -------- | -------- | -------- | --------
       0 |     5.5% |   100.0% |     4.9% |    15.3% |     5.3% |     3.6% | 
       4 |     6.4% |     9.3% |     5.6% |    10.0% |     5.2% |     4.2% | 
       8 |     9.4% |     6.4% |     5.4% |    10.7% |     5.1% |     4.8% | 
      12 |     8.8% |     5.7% |     6.1% |    11.7% |     4.7% |     4.7% | 
      16 |     9.2% |     5.4% |     6.0% |    11.1% |     5.2% |     5.1% | 
      20 |    10.7% |     5.8% |     5.8% |    12.4% |     5.4% |     5.9% | 
      24 |    10.0% |     6.7% |     6.2% |    13.3% |     5.7% |     5.3% | 
      28 |     8.6% |     7.9% |     5.9% |    17.1% |     5.8% |     4.3% | 
      32 |     8.9% |     6.9% |     5.5% |    21.7% |     5.5% |     4.2% | 
      36 |    10.1% |     7.7% |     5.6% |    26.3% |     6.3% |     4.6% | 
      39 |     8.1% |    11.1% |     7.4% |    20.3% |     7.3% |     5.8% | 

============================================================
S3: 跨层PC1对齐分析
============================================================

  --- 全局PC1跨层cos对齐矩阵 ---
  相邻层对齐:
    Layer 0 → 4: cos=-0.2878
    Layer 4 → 8: cos=0.6118
    Layer 8 → 12: cos=-0.7599
    Layer 12 → 16: cos=-0.8308
    Layer 16 → 20: cos=-0.7907
    Layer 20 → 24: cos=0.7628
    Layer 24 → 28: cos=0.7855
    Layer 28 → 32: cos=0.8231
    Layer 32 → 36: cos=0.8612
    Layer 36 → 39: cos=0.5807

  最后一层(L=39) vs 各层:
    vs Layer 0: cos=0.0498
    vs Layer 4: cos=-0.0785
    vs Layer 8: cos=-0.0812
    vs Layer 12: cos=0.0991
    vs Layer 16: cos=-0.1195
    vs Layer 20: cos=0.1701
    vs Layer 24: cos=0.2808
    vs Layer 28: cos=0.4383
    vs Layer 32: cos=0.5572
    vs Layer 36: cos=0.5807
    vs Layer 39: cos=1.0000

  --- 特征PC1跨层对齐 (第一层→最后一层) ---
    tense: L0→L39 cos=0.0217
    polarity: L0→L39 cos=-0.0106
    voice: L0→L39 cos=-0.0208
    semantic_valence: L0→L39 cos=-0.0264
    semantic_topic: L0→L39 cos=0.0443

============================================================
S4: PC1信息流分析 — 各层PC1与最后一层PC1的对齐
============================================================
  最后一层全局PC1方向与各层的cos对齐:
    Layer 0: cos=0.0498
    Layer 4: cos=-0.0785
    Layer 8: cos=-0.0812
    Layer 12: cos=0.0991
    Layer 16: cos=-0.1195
    Layer 20: cos=0.1701
    Layer 24: cos=0.2808
    Layer 28: cos=0.4383
    Layer 32: cos=0.5572
    Layer 36: cos=0.5807
    Layer 39: cos=1.0000

  对齐跳变分析:
    L0→L4: Δcos=-0.1283
    L4→L8: Δcos=-0.0027
    L8→L12: Δcos=+0.1803
    L12→L16: Δcos=-0.2186
    L16→L20: Δcos=+0.2896
    L20→L24: Δcos=+0.1107
    L24→L28: Δcos=+0.1574
    L28→L32: Δcos=+0.1189
    L32→L36: Δcos=+0.0235
    L36→L39: Δcos=+0.4193

============================================================
S5: 逐层PC1的logit效应
============================================================
  从model.lm_head提取失败: Cannot copy out of meta tensor; no data!
  尝试从safetensors加载...
    加载 model-00004-of-00004.safetensors (含lm_head)...
    找到权重: lm_head.weight, shape=torch.Size([151552, 4096]), dtype=torch.bfloat16
  lm_head权重形状: (151552, 4096)

  --- 各层全局PC1的logit指纹强度 ---
    Layer 0: PC1方差=5.5%, |logit_fp|均值=0.0087, max=0.0557
    Layer 4: PC1方差=6.4%, |logit_fp|均值=0.0107, max=0.0722
    Layer 8: PC1方差=9.4%, |logit_fp|均值=0.0106, max=0.0677
    Layer 12: PC1方差=8.8%, |logit_fp|均值=0.0116, max=0.0657
    Layer 16: PC1方差=9.2%, |logit_fp|均值=0.0142, max=0.0788
    Layer 20: PC1方差=10.7%, |logit_fp|均值=0.0101, max=0.0710
    Layer 24: PC1方差=10.0%, |logit_fp|均值=0.0100, max=0.0812
    Layer 28: PC1方差=8.6%, |logit_fp|均值=0.0087, max=0.0833
    Layer 32: PC1方差=8.9%, |logit_fp|均值=0.0104, max=0.0932
    Layer 36: PC1方差=10.1%, |logit_fp|均值=0.0185, max=0.0996
    Layer 39: PC1方差=8.1%, |logit_fp|均值=0.0080, max=0.0719

  SVD[0]参考: |logit_fp|均值=0.1538

============================================================
S6: 最后一层PC1直接perturbation — 因果验证
============================================================

  --- tense @ L39 PC1 perturbation (||PC1||=1.00, var=11.1%) ---
    平均|logit shift|=0.0209, |h shift|=0.0089

  --- polarity @ L39 PC1 perturbation (||PC1||=1.00, var=7.4%) ---
    平均|logit shift|=0.0127, |h shift|=0.0107

  --- voice @ L39 PC1 perturbation (||PC1||=1.00, var=20.3%) ---
    平均|logit shift|=0.0099, |h shift|=0.0117

  --- semantic_valence @ L39 PC1 perturbation (||PC1||=1.00, var=7.3%) ---
    平均|logit shift|=0.0212, |h shift|=0.0095

  --- semantic_topic @ L39 PC1 perturbation (||PC1||=1.00, var=5.8%) ---
    平均|logit shift|=0.0248, |h shift|=0.0097

  --- global @ L39 PC1 perturbation (||PC1||=1.00, var=8.1%) ---
    平均|logit shift|=0.0080, |h shift|=0.0119

============================================================
S7: 逐层PC1信息流传播分析
============================================================
  分析各层hidden state沿最后一层PC1方向的投影...

  差分向量在最后一层PC1上的投影轨迹 (均值±标准差):
    Layer 0: proj=-0.0005 ± 0.0023 (n=10)
    Layer 4: proj=-0.0065 ± 0.0195 (n=10)
    Layer 8: proj=-0.0138 ± 0.0295 (n=10)
    Layer 12: proj=-0.0287 ± 0.0363 (n=10)
    Layer 16: proj=-0.0224 ± 0.0419 (n=10)
    Layer 20: proj=-0.0855 ± 0.0343 (n=10)
    Layer 24: proj=-0.1825 ± 0.1325 (n=10)
    Layer 28: proj=-0.3763 ± 0.3091 (n=10)
    Layer 32: proj=-0.6365 ± 0.5035 (n=10)
    Layer 36: proj=-0.8315 ± 0.5013 (n=10)
    Layer 39: proj=-3.7563 ± 2.5485 (n=10)

  归一化投影 (以最后一层=1.0):
    Layer 0: 0.000
    Layer 4: 0.002
    Layer 8: 0.004
    Layer 12: 0.008
    Layer 16: 0.006
    Layer 20: 0.023
    Layer 24: 0.049
    Layer 28: 0.100
    Layer 32: 0.169
    Layer 36: 0.221
    Layer 39: 1.000

============================================================
S7b: 对比分析
============================================================

  --- Perturbation效应汇总 ---
                    特征 |    PC1方差 |  |logit shift| | PC1/SVD[0]
  -------------------- | -------- | -------------- | ----------
                global |     8.1% |         0.0080 |     0.0519
              polarity |     7.4% |         0.0127 |     0.0827
        semantic_topic |     5.8% |         0.0248 |     0.1610
      semantic_valence |     7.3% |         0.0212 |     0.1377
                 tense |    11.1% |         0.0209 |     0.1357
                 voice |    20.3% |         0.0099 |     0.0642

============================================================
S8: 汇总与判断
============================================================

  === PC1方差轨迹汇总 ===
  PC1方差最高层: Layer 20 (10.7%)
  PC1方差最低层: Layer 0 (5.5%)
  方差变化范围: 5.5% → 10.7%

  === 跨层PC1对齐汇总 ===
  首层→末层PC1对齐: cos=0.0498
  → PC1方向在层间变化显著, 不同层编码不同信息

  === Perturbation效应汇总 ===
  global: |logit shift|=0.0080, PC1方差=8.1%
  polarity: |logit shift|=0.0127, PC1方差=7.4%
  semantic_topic: |logit shift|=0.0248, PC1方差=5.8%
  semantic_valence: |logit shift|=0.0212, PC1方差=7.3%
  tense: |logit shift|=0.0209, PC1方差=11.1%
  voice: |logit shift|=0.0099, PC1方差=20.3%

  === logit效应轨迹 ===
  logit效应最强层: Layer 36 (|fp|均值=0.0185)
  最后一层: |fp|均值=0.0080
  ★ 关键发现: PC1的logit效应在中间层(#36)最强, 最后一层反而减弱!
  → PC1编码的信息在向输出层传播时被稀释

  ★ CCXXVI结论: 多层语义轨迹分析完成

结果已保存到 results/causal_fiber/glm4_ccxxvi/results.json
完成时间: 2026-04-24 00:15:35
