=== Phase CCXLII: Curvature Panorama ===
Model: GLM4-9B-Chat, n_pairs: 15
Start: 2026-04-25 01:04:14
  Loading: GLM4-9B-Chat (8bit)
Model loaded successfully
Grid: 16 points
  L1=6, L2=8, dist=2
  L1=6, L2=16, dist=10
  L1=6, L2=27, dist=21
  L1=6, L2=38, dist=32
  L1=13, L2=15, dist=2
  L1=13, L2=21, dist=8
  L1=13, L2=29, dist=16
  L1=13, L2=38, dist=25
  L1=20, L2=22, dist=2
  L1=20, L2=26, dist=6
  L1=20, L2=32, dist=12
  L1=20, L2=38, dist=18
  L1=26, L2=28, dist=2
  L1=26, L2=30, dist=4
  L1=26, L2=34, dist=8
  L1=26, L2=38, dist=12

--- tense_x_question (tense x question), n=15 ---
  Grid points: 16
  Collecting baseline hidden states...
  Measuring curvature at 16 grid points...
  Done 4/16 grid points
  Done 8/16 grid points
  Done 12/16 grid points
  Done 16/16 grid points

  === Curvature Panorama: tense_x_question ===
   L1\L2  L 6  L13  L20  L26
  L   6  1.33  1.33  1.50  1.47
  L  13   --  1.11  1.11  1.45
  L  20   --   --  1.23  1.23
  L  26   --   --   --  0.55

  Detailed curvature values:
    L1   L2 Dist  ||[A,B]||   Rel.Curv    A_eff    B_eff
  L 6 L 8    2      23.39     1.3306    16.20    18.96
  L 6 L16   10      38.62     1.5010    16.20    35.26
  L 6 L27   21      64.71     1.4739    16.20    71.61
  L 6 L38   32      50.15     1.5098    16.20    50.24
  L13 L15    2      31.42     1.1095    20.48    36.16
  L13 L21    8      56.24     1.4493    20.48    57.13
  L13 L29   16      67.28     1.3936    20.48    76.08
  L13 L38   25      53.54     1.5141    20.48    50.24
  L20 L22    2      49.82     1.2346    24.52    56.19
  L20 L26    6      55.72     1.1559    24.52    71.89
  L20 L32   12      74.45     1.3466    24.52    86.06
  L20 L38   18      63.61     1.7018    24.52    50.24
  L26 L28    2      33.55     0.5521    44.50    77.03
  L26 L30    4      45.89     0.7376    44.50    79.92
  L26 L34    8      64.97     0.9736    44.50    88.98
  L26 L38   12      61.62     1.3010    44.50    50.24

  === Pattern Analysis ===
  Best L1 (max mean Rel.Curv): L6 = 1.454
    L6: mean Rel.Curv = 1.454
    L13: mean Rel.Curv = 1.367
    L20: mean Rel.Curv = 1.360
    L26: mean Rel.Curv = 0.891

  Peak curvature: L1=20, L2=38, dist=18
    ||[A,B]|| = 63.61, Rel.Curv = 1.702

  Correlations:
    Corr(dist, ||[A,B]||) = 0.465
    Corr(dist, Rel.Curv) = 0.639
    Corr(L1, ||[A,B]||) = 0.257
    Corr(L1, Rel.Curv) = -0.630
