=== Phase CCXLII: Curvature Panorama ===
Model: GLM4-9B-Chat, n_pairs: 15
Start: 2026-04-25 01:04:14
Model loaded successfully
Grid: 16 points
  L1=6, L2=8, dist=2
  L1=6, L2=16, dist=10
  L1=6, L2=27, dist=21
  L1=6, L2=38, dist=32
  L1=13, L2=15, dist=2
  L1=13, L2=21, dist=8
  L1=13, L2=29, dist=16
  L1=13, L2=38, dist=25
  L1=20, L2=22, dist=2
  L1=20, L2=26, dist=6
  L1=20, L2=32, dist=12
  L1=20, L2=38, dist=18
  L1=26, L2=28, dist=2
  L1=26, L2=30, dist=4
  L1=26, L2=34, dist=8
  L1=26, L2=38, dist=12
