=== Phase CCXLI: Reverse Propagation Experiment ===
Model: GLM4-9B-Chat, n_pairs: 25
Start: 2026-04-25 00:36:51
  Loading: GLM4-9B-Chat (8bit)
Model loaded successfully

--- tense_x_question (tense x question), n=25 ---
  L2_fixed=30, l1_values=[1, 5, 9, 13, 17, 21, 25, 28]
  Collecting baseline hidden states...
  Collected 10/25 baseline states
  Collected 20/25 baseline states
  Measuring curvature at 8 l1 values...
  Done 3/8 l1 values
  Done 6/8 l1 values

  === Reverse Propagation Profile for tense_x_question (L2=30) ===
    L1 | Dist |  ||[A,B]|| |   Rel.Curv |    A_eff |    B_eff
  L 1 |   29 |    65.1543 |     1.5822 |  14.4987 |  67.8630
  L 5 |   25 |    68.0025 |     1.6074 |  16.7481 |  67.8630
  L 9 |   21 |    71.4897 |     1.6297 |  19.8720 |  67.8630
  L13 |   17 |    75.4662 |     1.7076 |  20.5240 |  67.8630
  L17 |   13 |    70.9381 |     1.5513 |  23.5946 |  67.8630
  L21 |    9 |    79.3782 |     1.6587 |  27.8493 |  67.8630
  L25 |    5 |    51.0683 |     0.9395 |  40.8541 |  67.8630
  L28 |    2 |    34.3193 |     0.5891 |  48.6500 |  67.8630

--- voice_x_question (voice x question), n=25 ---
  L2_fixed=30, l1_values=[1, 5, 9, 13, 17, 21, 25, 28]
  Collecting baseline hidden states...
  Collected 10/25 baseline states
  Collected 20/25 baseline states
  Measuring curvature at 8 l1 values...
  Done 3/8 l1 values
  Done 6/8 l1 values

  === Reverse Propagation Profile for voice_x_question (L2=30) ===
    L1 | Dist |  ||[A,B]|| |   Rel.Curv |    A_eff |    B_eff
  L 1 |   29 |   134.5121 |     2.7654 |  28.2803 |  69.0023
  L 5 |   25 |   154.9474 |     1.8187 | 101.3868 |  69.0023
  L 9 |   21 |   161.5520 |     1.7444 | 116.2203 |  69.0023
  L13 |   17 |   139.9242 |     2.1615 |  60.4653 |  69.0023
  L17 |   13 |   169.9803 |     1.9334 | 106.8317 |  69.0023
  L21 |    9 |   177.5258 |     2.0305 | 105.8591 |  69.0023
  L25 |    5 |   140.8774 |     1.5005 | 118.7753 |  69.0023
  L28 |    2 |    84.2671 |     0.8984 | 118.5880 |  69.0023

======================================================================
SUMMARY: GLM4-9B-Chat
======================================================================

  Pair: tense_x_question
    Corr(dist, ||[A,B]||) = 0.5352
    Corr(dist, Rel.Curv) = 0.7207
    Corr(L1, ||[A,B]||) = -0.5352
    Absolute curvature INCREASES with distance (larger gap = more curvature)
