Phase CCLVIII: Curvature Structure and Linear Range Analysis
Model: glm4, Experiments: ['1', '2', '3']
Start: 2026-04-26 00:49:43
Loading model...
Loaded: GLM4-9B-Chat, 40L, d=4096, dev=cuda:0, bf16=False
Layers: [6, 16, 27, 38]

======================================================================
EXPERIMENT 1: Linear Range Quantification
Find eps where ||Dlogits||/eps deviates >10% from baseline
======================================================================

--- TENSE ---
  L6 P1 feat: linear_range=0.005 (0.5%)
  L6 P2 feat: linear_range=0.005 (0.5%)
  L6 P3 feat: linear_range=0.005 (0.5%)
  => L6: feat_LR=0.005, rand_LR=0.005±0.000, ratio=1.00
  Response curve (first pair):
       eps   feat_eff   feat/eps   feat_dev   rand_eff   rand/eps   rand_dev
     0.002    43.3125   21656.25      0.000    46.3563   23178.12      0.000
     0.005    45.4688    9093.75      0.580    43.8125    8762.50      0.621
     0.010    47.5312    4753.12      0.781    44.9562    4495.62      0.806
     0.020    47.7500    2387.50      0.890    45.3500    2267.50      0.902
     0.030    46.1875    1539.58      0.929    45.5438    1518.13      0.934
     0.050    45.8125     916.25      0.958    46.0938     921.88      0.960
     0.080    42.1250     526.56      0.976    47.3375     591.72      0.974
     0.100    43.1562     431.56      0.980    45.8813     458.81      0.980
     0.150    45.6250     304.17      0.986    50.3125     335.42      0.986
     0.200    57.3750     286.88      0.987    52.5125     262.56      0.989
  L16 P1 feat: linear_range=0.005 (0.5%)
  L16 P2 feat: linear_range=0.005 (0.5%)
  L16 P3 feat: linear_range=0.005 (0.5%)
  => L16: feat_LR=0.005, rand_LR=0.005±0.000, ratio=1.00
  Response curve (first pair):
       eps   feat_eff   feat/eps   feat_dev   rand_eff   rand/eps   rand_dev
     0.002    35.7188   17859.38      0.000    39.7437   19871.88      0.000
     0.005    37.4375    7487.50      0.581    38.1375    7627.50      0.616
     0.010    44.7188    4471.88      0.750    38.8687    3886.88      0.804
     0.020    39.3125    1965.62      0.890    38.2812    1914.06      0.904
     0.030    39.7188    1323.96      0.926    40.3375    1344.58      0.932
     0.050    44.2188     884.38      0.950    41.6250     832.50      0.958
     0.080    50.9375     636.72      0.964    44.0938     551.17      0.972
     0.100    54.6875     546.88      0.969    45.2062     452.06      0.977
     0.150    63.8438     425.62      0.976    53.8687     359.12      0.982
     0.200    81.5000     407.50      0.977    58.8563     294.28      0.985
  L27 P1 feat: linear_range=0.005 (0.5%)
  L27 P2 feat: linear_range=0.005 (0.5%)
  L27 P3 feat: linear_range=0.005 (0.5%)
  => L27: feat_LR=0.005, rand_LR=0.005±0.000, ratio=1.00
  Response curve (first pair):
       eps   feat_eff   feat/eps   feat_dev   rand_eff   rand/eps   rand_dev
     0.002    24.6406   12320.31      0.000    23.4563   11728.12      0.000
     0.005    24.7969    4959.38      0.597    23.5719    4714.38      0.596
     0.010    26.5156    2651.56      0.785    23.8156    2381.56      0.796
     0.020    30.5000    1525.00      0.876    27.6406    1382.03      0.882
     0.030    37.0625    1235.42      0.900    30.9406    1031.35      0.912
     0.050    49.9688     999.38      0.919    38.1000     762.00      0.935
     0.080    68.6875     858.59      0.930    50.1938     627.42      0.946
     0.100    84.7500     847.50      0.931    58.8062     588.06      0.950
     0.150   126.6875     844.58      0.931    81.9125     546.08      0.953
     0.200   165.2500     826.25      0.933   105.2250     526.12      0.955
  L38 P1 feat: linear_range=0.005 (0.5%)
  L38 P2 feat: linear_range=0.005 (0.5%)
  L38 P3 feat: linear_range=0.005 (0.5%)
  => L38: feat_LR=0.005, rand_LR=0.005±0.000, ratio=1.00
  Response curve (first pair):
       eps   feat_eff   feat/eps   feat_dev   rand_eff   rand/eps   rand_dev
     0.002     3.4199    1709.96      0.000     3.5086    1754.30      0.000
     0.005     6.4609    1292.19      0.244     7.1234    1424.69      0.188
     0.010    11.4141    1141.41      0.332    12.8172    1281.72      0.269
     0.020    22.0469    1102.34      0.355    24.6562    1232.81      0.297
     0.030    32.9062    1096.88      0.359    36.7375    1224.58      0.301
     0.050    55.8750    1117.50      0.346    60.8687    1217.38      0.306
     0.080    89.7500    1121.88      0.344    97.1000    1213.75      0.308
     0.100   113.1250    1131.25      0.338   120.6000    1206.00      0.312
     0.150   172.0000    1146.67      0.329   179.2250    1194.83      0.319
     0.200   229.5000    1147.50      0.329   236.2250    1181.12      0.326

--- QUESTION ---
  L6 P1 feat: linear_range=0.005 (0.5%)
  L6 P2 feat: linear_range=0.005 (0.5%)
  L6 P3 feat: linear_range=0.005 (0.5%)
  => L6: feat_LR=0.005, rand_LR=0.005±0.000, ratio=1.00
  Response curve (first pair):
       eps   feat_eff   feat/eps   feat_dev   rand_eff   rand/eps   rand_dev
     0.002    42.6562   21328.12      0.000    43.1250   21562.50      0.000
     0.005    43.3750    8675.00      0.593    43.4188    8683.75      0.597
     0.010    46.1562    4615.62      0.784    45.2313    4523.12      0.790
     0.020    42.9375    2146.88      0.899    44.1938    2209.69      0.897
     0.030    43.3125    1443.75      0.932    44.6938    1489.79      0.931
     0.050    43.6562     873.12      0.959    45.8250     916.50      0.957
     0.080    46.8438     585.55      0.973    47.4125     592.66      0.973
     0.100    48.4688     484.69      0.977    47.5000     475.00      0.978
     0.150    49.6562     331.04      0.984    50.6562     337.71      0.984
     0.200    53.8438     269.22      0.987    51.8750     259.38      0.988
  L16 P1 feat: linear_range=0.005 (0.5%)
  L16 P2 feat: linear_range=0.005 (0.5%)
  L16 P3 feat: linear_range=0.005 (0.5%)
  => L16: feat_LR=0.005, rand_LR=0.005±0.000, ratio=1.00
  Response curve (first pair):
       eps   feat_eff   feat/eps   feat_dev   rand_eff   rand/eps   rand_dev
     0.002    37.6250   18812.50      0.000    39.7812   19890.62      0.000
     0.005    41.6875    8337.50      0.557    39.9875    7997.50      0.597
     0.010    37.6562    3765.62      0.800    38.9375    3893.75      0.804
     0.020    38.4688    1923.44      0.898    39.9312    1996.56      0.900
     0.030    38.3750    1279.17      0.932    40.4312    1347.71      0.932
     0.050    41.5312     830.62      0.956    45.6250     912.50      0.954
     0.080    51.9688     649.61      0.965    46.0187     575.23      0.971
     0.100    52.7812     527.81      0.972    48.5688     485.69      0.976
     0.150    71.1875     474.58      0.975    54.7687     365.12      0.982
     0.200    87.6250     438.12      0.977    62.6688     313.34      0.984
  L27 P1 feat: linear_range=0.005 (0.5%)
  L27 P2 feat: linear_range=0.005 (0.5%)
  L27 P3 feat: linear_range=0.005 (0.5%)
  => L27: feat_LR=0.005, rand_LR=0.005±0.000, ratio=1.00
  Response curve (first pair):
       eps   feat_eff   feat/eps   feat_dev   rand_eff   rand/eps   rand_dev
     0.002    21.4375   10718.75      0.000    21.9281   10964.06      0.000
     0.005    22.0625    4412.50      0.588    23.2906    4658.12      0.574
     0.010    23.3125    2331.25      0.783    25.0719    2507.19      0.770
     0.020    31.0781    1553.91      0.855    27.2094    1360.47      0.875
     0.030    35.4688    1182.29      0.890    31.3531    1045.10      0.904
     0.050    48.8438     976.88      0.909    38.3062     766.12      0.930
     0.080    68.3125     853.91      0.920    50.8188     635.23      0.942
     0.100    86.5000     865.00      0.919    59.2500     592.50      0.946
     0.150   124.6250     830.83      0.922    80.8125     538.75      0.951
     0.200   167.5000     837.50      0.922   102.9625     514.81      0.953
  L38 P1 feat: linear_range=0.005 (0.5%)
  L38 P2 feat: linear_range=0.005 (0.5%)
  L38 P3 feat: linear_range=0.005 (0.5%)
  => L38: feat_LR=0.005, rand_LR=0.005±0.000, ratio=1.00
  Response curve (first pair):
       eps   feat_eff   feat/eps   feat_dev   rand_eff   rand/eps   rand_dev
     0.002     2.9668    1483.40      0.000     3.4156    1707.81      0.000
     0.005     5.6836    1136.72      0.234     6.5758    1315.16      0.230
     0.010     9.8281     982.81      0.337    12.2219    1222.19      0.284
     0.020    20.1094    1005.47      0.322    23.6156    1180.78      0.308
     0.030    30.2500    1008.33      0.320    35.2500    1175.00      0.311
     0.050    50.8125    1016.25      0.315    58.4062    1168.12      0.315
     0.080    84.8125    1060.16      0.285    93.2000    1165.00      0.317
     0.100   108.1875    1081.88      0.271   116.1625    1161.62      0.319
     0.150   166.3750    1109.17      0.252   173.2500    1155.00      0.323
     0.200   227.7500    1138.75      0.232   229.1500    1145.75      0.329

  EXP1 SUMMARY: Linear Range (eps at 10% deviation)
      Feat    L    feat_LR    rand_LR    ratio       Interpretation
     tense    6      0.005      0.005     1.00                equal
     tense   16      0.005      0.005     1.00                equal
     tense   27      0.005      0.005     1.00                equal
     tense   38      0.005      0.005     1.00                equal
  question    6      0.005      0.005     1.00                equal
  question   16      0.005      0.005     1.00                equal
  question   27      0.005      0.005     1.00                equal
  question   38      0.005      0.005     1.00                equal

======================================================================
EXPERIMENT 2: Directional Hessian (Curvature Analysis)
Measure d^T H d = [D(2e) - 2*D(e)] / e^2 along directions
======================================================================

--- TENSE ---
  L6 P1 feat: hess=119089.55, linear=47.5312, rel_curv=65.4268
  L6 P2 feat: hess=157480.73, linear=49.6875, rel_curv=74.7786
  L6 P3 feat: hess=135113.62, linear=52.3750, rel_curv=68.5242
  => L6: feat_hess=137227.97, rand_hess=134490.26±22983.69, ratio=1.020, rel_curv: feat=2751.5528 rand=67.3988
  L16 P1 feat: hess=13095.01, linear=44.7188, rel_curv=21.7678
  L16 P2 feat: hess=13582.01, linear=42.5312, rel_curv=23.6637
  L16 P3 feat: hess=12715.53, linear=44.3438, rel_curv=22.0886
  => L16: feat_hess=13130.85, rand_hess=12951.16±1242.50, ratio=1.014, rel_curv: feat=299.6405 rand=22.7592
  L27 P1 feat: hess=252.43, linear=26.5156, rel_curv=4.0877
  L27 P2 feat: hess=326.07, linear=29.8906, rel_curv=4.2579
  L27 P3 feat: hess=314.93, linear=30.2812, rel_curv=4.0886
  => L27: feat_hess=297.81, rand_hess=281.58±46.49, ratio=1.058, rel_curv: feat=10.2764 rand=4.1155
  L38 P1 feat: hess=0.63, linear=11.4141, rel_curv=0.1645
  L38 P2 feat: hess=1.42, linear=13.5312, rel_curv=0.2645
  L38 P3 feat: hess=1.21, linear=12.6094, rel_curv=0.2452
  => L38: feat_hess=1.08, rand_hess=1.06±0.23, ratio=1.018, rel_curv: feat=0.0850 rand=0.2140

--- QUESTION ---
  L6 P1 feat: hess=118460.19, linear=46.1562, rel_curv=67.0198
  L6 P2 feat: hess=150415.17, linear=48.2188, rel_curv=73.5991
  L6 P3 feat: hess=123429.86, linear=51.4375, rel_curv=63.7396
  => L6: feat_hess=130768.40, rand_hess=133102.68±23566.03, ratio=0.982, rel_curv: feat=2695.1818 rand=67.8269
  L16 P1 feat: hess=11267.08, linear=37.6562, rel_curv=22.2420
  L16 P2 feat: hess=14046.41, linear=46.5312, rel_curv=22.3691
  L16 P3 feat: hess=11930.18, linear=41.2188, rel_curv=22.2956
  => L16: feat_hess=12414.56, rand_hess=13008.08±1257.19, ratio=0.954, rel_curv: feat=296.8383 rand=22.7937
  L27 P1 feat: hess=232.58, linear=23.3125, rel_curv=4.2837
  L27 P2 feat: hess=304.34, linear=29.5469, rel_curv=4.0204
  L27 P3 feat: hess=314.56, linear=30.2500, rel_curv=4.0880
  => L27: feat_hess=283.83, rand_hess=283.54±43.98, ratio=1.001, rel_curv: feat=10.2253 rand=4.1554
  L38 P1 feat: hess=0.69, linear=9.8281, rel_curv=0.2107
  L38 P2 feat: hess=1.30, linear=17.9062, rel_curv=0.1827
  L38 P3 feat: hess=1.32, linear=17.7969, rel_curv=0.1900
  => L38: feat_hess=1.10, rand_hess=1.06±0.28, ratio=1.043, rel_curv: feat=0.0722 rand=0.2108

  EXP2 SUMMARY: Directional Hessian
      Feat    L     feat_H     rand_H    H_ratio    feat_RC    rand_RC          Interp
     tense    6  137227.97  134490.26      1.020  2751.5528    67.3988           equal
     tense   16   13130.85   12951.16      1.014   299.6405    22.7592           equal
     tense   27     297.81     281.58      1.058    10.2764     4.1155           equal
     tense   38       1.08       1.06      1.018     0.0850     0.2140           equal
  question    6  130768.40  133102.68      0.982  2695.1818    67.8269           equal
  question   16   12414.56   13008.08      0.954   296.8383    22.7937           equal
  question   27     283.83     283.54      1.001    10.2253     4.1554           equal
  question   38       1.10       1.06      1.043     0.0722     0.2108           equal

======================================================================
EXPERIMENT 3: SA Verification with 400 Random Samples
======================================================================

--- TENSE ---
  L6: Running 400 random samples...
  => L6: feat=47.5312, max_rand=53.3125, SA=0.892, E/R=1.07, avg_top10=51.4688
  L16: Running 400 random samples...
  => L16: feat=44.7188, max_rand=47.8125, SA=0.935, E/R=1.15, avg_top10=44.9813
  L27: Running 400 random samples...
  => L27: feat=26.5156, max_rand=29.1719, SA=0.909, E/R=1.08, avg_top10=28.2703
  L38: Running 400 random samples...
  => L38: feat=11.4141, max_rand=14.5781, SA=0.783, E/R=0.92, avg_top10=14.0602

--- QUESTION ---
  L6: Running 400 random samples...
  => L6: feat=46.1562, max_rand=56.7812, SA=0.813, E/R=1.04, avg_top10=51.5531
  L16: Running 400 random samples...
  => L16: feat=37.6562, max_rand=47.1562, SA=0.799, E/R=0.96, avg_top10=44.8719
  L27: Running 400 random samples...
  => L27: feat=23.3125, max_rand=28.8125, SA=0.809, E/R=0.95, avg_top10=28.1781
  L38: Running 400 random samples...
  => L38: feat=9.8281, max_rand=14.5547, SA=0.675, E/R=0.79, avg_top10=14.1281

  EXP3 SUMMARY: SA with Large Sampling
      Feat    L   feat_eff   max_rand  avg_top10       SA      E/R      n
     tense    6    47.5312    53.3125    51.4688    0.892     1.07    400
     tense   16    44.7188    47.8125    44.9813    0.935     1.15    400
     tense   27    26.5156    29.1719    28.2703    0.909     1.08    400
     tense   38    11.4141    14.5781    14.0602    0.783     0.92    400
  question    6    46.1562    56.7812    51.5531    0.813     1.04    400
  question   16    37.6562    47.1562    44.8719    0.799     0.96    400
  question   27    23.3125    28.8125    28.1781    0.809     0.95    400
  question   38     9.8281    14.5547    14.1281    0.675     0.79    400

All experiments done: 2026-04-26 02:31:22
