
============================================================
Phase CCXII: glm4 (n_pairs=180, 6 syn + 6 sem)
Path: D:/develop/model/hub/modelscope_cache/ZhipuAI/glm-4-9b-chat-hf
============================================================
[22:00:58] Loading model...
[22:01:10] Loaded in 12.3s: n_layers=40, device=cuda:0
Resid layers (6): [0, 7, 15, 23, 31, 39]

============================================================
S1: Residual全层扫描 (12 features x 6 layers x 180 pairs)
============================================================
  L0 [2393s]: tense=56(n=180), polarity=53(n=180), number=56(n=180), negation=54(n=180), question=54(n=180), person=53(n=180), sentiment=322(n=180), semantic_topic=442(n=180), voice=642(n=180), formality=390(n=180), definiteness=54(n=180), info_structure=56(n=180)
  L7 [2401s]: tense=93(n=180), polarity=102(n=180), number=78(n=180), negation=104(n=180), question=102(n=180), person=91(n=180), sentiment=340(n=180), semantic_topic=445(n=180), voice=566(n=180), formality=323(n=180), definiteness=70(n=180), info_structure=90(n=180)
  L15 [2382s]: tense=121(n=180), polarity=179(n=180), number=119(n=180), negation=180(n=180), question=166(n=180), person=169(n=180), sentiment=309(n=180), semantic_topic=448(n=180), voice=511(n=180), formality=362(n=180), definiteness=107(n=180), info_structure=146(n=180)
  L23 [2333s]: tense=152(n=180), polarity=215(n=180), number=182(n=180), negation=235(n=180), question=347(n=180), person=240(n=180), sentiment=329(n=180), semantic_topic=488(n=180), voice=488(n=180), formality=409(n=180), definiteness=171(n=180), info_structure=206(n=180)
  L31 [2330s]: tense=165(n=180), polarity=244(n=180), number=202(n=180), negation=259(n=180), question=373(n=180), person=258(n=180), sentiment=345(n=180), semantic_topic=526(n=180), voice=488(n=180), formality=442(n=180), definiteness=194(n=180), info_structure=235(n=180)
  L39 [2298s]: tense=179(n=180), polarity=258(n=180), number=233(n=180), negation=277(n=180), question=411(n=180), person=291(n=180), sentiment=362(n=180), semantic_topic=539(n=180), voice=513(n=180), formality=459(n=180), definiteness=207(n=180), info_structure=270(n=180)

============================================================
S2: Attn vs MLP
============================================================
  L0 tense: attn=55.9(50%), mlp=56.0(50%)
  L0 person: attn=53.6(50%), mlp=53.4(50%)
  L0 sentiment: attn=63.0(15%), mlp=366.2(85%)
  L0 voice: attn=74.3(10%), mlp=683.6(90%)
  L0 formality: attn=71.7(14%), mlp=430.9(86%)
  L0 definiteness: attn=54.6(51%), mlp=53.3(49%)
  L39 tense: attn=23.3(21%), mlp=87.7(79%)
  L39 person: attn=53.0(24%), mlp=165.8(76%)
  L39 sentiment: attn=43.9(23%), mlp=143.9(77%)
  L39 voice: attn=62.4(20%), mlp=255.0(80%)
  L39 formality: attn=59.7(22%), mlp=215.9(78%)
  L39 definiteness: attn=34.7(23%), mlp=114.6(77%)

============================================================
S3: 代数拟合 + 对偶验证
============================================================
  tense: power_law R2=0.985, L0=56, L_final=179, growth=3.20x, relative_growth=0.0462 => SYNTACTIC
  polarity: power_law R2=0.982, L0=53, L_final=258, growth=4.89x, relative_growth=0.0753 => SYNTACTIC
  number: linear R2=0.980, L0=56, L_final=233, growth=4.19x, relative_growth=0.0915 => SYNTACTIC
  negation: power_law R2=0.980, L0=54, L_final=277, growth=5.17x, relative_growth=0.0836 => SYNTACTIC
  question: linear R2=0.941, L0=54, L_final=411, growth=7.64x, relative_growth=0.2090 => SYNTACTIC
  person: linear R2=0.960, L0=53, L_final=291, growth=5.47x, relative_growth=0.1047 => SYNTACTIC
  sentiment: exponential R2=0.471, L0=322, L_final=362, growth=1.13x, relative_growth=0.0027 => SEMANTIC
  semantic_topic: exponential R2=0.921, L0=442, L_final=539, growth=1.22x, relative_growth=0.0065 => SEMANTIC
  voice: power_law R2=0.923, L0=642, L_final=513, growth=0.80x, relative_growth=-0.0054 => SEMANTIC
  formality: exponential R2=0.664, L0=390, L_final=459, growth=1.18x, relative_growth=0.0080 => SEMANTIC
  definiteness: linear R2=0.961, L0=54, L_final=207, growth=3.83x, relative_growth=0.0873 => SYNTACTIC
  info_structure: linear R2=0.987, L0=56, L_final=270, growth=4.79x, relative_growth=0.0968 => SYNTACTIC

============================================================
S4: 对偶假设统计检验 (6 syn vs 6 sem)
============================================================
  Syntactic growth_ratios: ['3.20', '4.89', '4.19', '5.17', '7.64', '5.47']
  Semantic growth_ratios: ['1.13', '1.22', '0.80', '1.18', '3.83', '4.79']
  Syntactic L0: ['56', '53', '56', '54', '54', '53']
  Semantic L0: ['322', '442', '642', '390', '54', '56']
  Syntactic relative_growth: ['0.0462', '0.0753', '0.0915', '0.0836', '0.2090', '0.1047']
  Semantic relative_growth: ['0.0027', '0.0065', '-0.0054', '0.0080', '0.0873', '0.0968']
  Growth ratio (Mann-Whitney): U=33.0, p=0.0076
  L0 value (Mann-Whitney): U=34.0, p=0.0043
  Growth ratio (Permutation, 10k): p=0.0077
  L0 value (Permutation, 10k): p=0.0042

============================================================
FINAL: glm4
============================================================

Residual median_l2:
  L0: tense=56, polarity=53, number=56, negation=54, question=54, person=53, sentiment=322, semantic_topic=442, voice=642, formality=390, definiteness=54, info_structure=56
  L15: tense=121, polarity=179, number=119, negation=180, question=166, person=169, sentiment=309, semantic_topic=448, voice=511, formality=362, definiteness=107, info_structure=146
  L23: tense=152, polarity=215, number=182, negation=235, question=347, person=240, sentiment=329, semantic_topic=488, voice=488, formality=409, definiteness=171, info_structure=206
  L31: tense=165, polarity=244, number=202, negation=259, question=373, person=258, sentiment=345, semantic_topic=526, voice=488, formality=442, definiteness=194, info_structure=235
  L39: tense=179, polarity=258, number=233, negation=277, question=411, person=291, sentiment=362, semantic_topic=539, voice=513, formality=459, definiteness=207, info_structure=270
  L7: tense=93, polarity=102, number=78, negation=104, question=102, person=91, sentiment=340, semantic_topic=445, voice=566, formality=323, definiteness=70, info_structure=90

Duality Classification (6 syn vs 6 sem):
  tense [SYN]: growth=3.20x, L0=56, best=power_law(R2=0.985) => SYNTACTIC OK
  polarity [SYN]: growth=4.89x, L0=53, best=power_law(R2=0.982) => SYNTACTIC OK
  number [SYN]: growth=4.19x, L0=56, best=linear(R2=0.980) => SYNTACTIC OK
  negation [SYN]: growth=5.17x, L0=54, best=power_law(R2=0.980) => SYNTACTIC OK
  question [SYN]: growth=7.64x, L0=54, best=linear(R2=0.941) => SYNTACTIC OK
  person [SYN]: growth=5.47x, L0=53, best=linear(R2=0.960) => SYNTACTIC OK
  sentiment [SEM]: growth=1.13x, L0=322, best=exponential(R2=0.471) => SEMANTIC OK
  semantic_topic [SEM]: growth=1.22x, L0=442, best=exponential(R2=0.921) => SEMANTIC OK
  voice [SEM]: growth=0.80x, L0=642, best=power_law(R2=0.923) => SEMANTIC OK
  formality [SEM]: growth=1.18x, L0=390, best=exponential(R2=0.664) => SEMANTIC OK
  definiteness [SEM]: growth=3.83x, L0=54, best=linear(R2=0.961) => SYNTACTIC MISMATCH!
  info_structure [SEM]: growth=4.79x, L0=56, best=linear(R2=0.987) => SYNTACTIC MISMATCH!

DONE! Saved to results\causal_fiber\glm4_ccxii
