
============================================================
Phase CCX: glm4 (n_pairs=120)
Path: D:/develop/model/hub/modelscope_cache/ZhipuAI/glm-4-9b-chat-hf
============================================================
[04:12:37] Loading model...
[04:12:49] Loaded in 12.1s: n_layers=40, device=cuda:0
Resid layers: [0, 5, 11, 16, 22, 27, 33, 39]

============================================================
S1: Residual全层扫描 (7 features x 8 layers x 120 pairs)
============================================================
  L0 [943s]: tense=53(n=120), polarity=54(n=120), number=54(n=120), negation=53(n=120), question=53(n=120), sentiment=418(n=120), semantic_topic=501(n=120)
  L5 [940s]: tense=83(n=120), polarity=79(n=120), number=69(n=120), negation=84(n=120), question=76(n=120), sentiment=410(n=120), semantic_topic=512(n=120)
  L11 [939s]: tense=109(n=120), polarity=133(n=120), number=102(n=120), negation=138(n=120), question=131(n=120), sentiment=386(n=120), semantic_topic=520(n=120)
  L16 [950s]: tense=123(n=120), polarity=163(n=120), number=129(n=120), negation=177(n=120), question=196(n=120), sentiment=356(n=120), semantic_topic=517(n=120)
  L22 [951s]: tense=148(n=120), polarity=209(n=120), number=182(n=120), negation=228(n=120), question=343(n=120), sentiment=368(n=120), semantic_topic=532(n=120)
  L27 [957s]: tense=159(n=120), polarity=223(n=120), number=206(n=120), negation=238(n=120), question=366(n=120), sentiment=383(n=120), semantic_topic=555(n=120)
  L33 [957s]: tense=166(n=120), polarity=228(n=120), number=220(n=120), negation=242(n=120), question=378(n=120), sentiment=391(n=120), semantic_topic=563(n=120)
  L39 [984s]: tense=180(n=120), polarity=249(n=120), number=251(n=120), negation=260(n=120), question=412(n=120), sentiment=407(n=120), semantic_topic=576(n=120)

============================================================
S2: Attn vs MLP
============================================================
  L0 tense: attn=53.8(49%), mlp=55.7(51%)
  L0 polarity: attn=54.0(50%), mlp=54.6(50%)
  L0 number: attn=52.7(49%), mlp=53.9(51%)
  L0 sentiment: attn=63.0(13%), mlp=420.0(87%)
  L39 tense: attn=25.5(23%), mlp=87.6(77%)
  L39 polarity: attn=33.6(22%), mlp=121.0(78%)
  L39 number: attn=36.5(24%), mlp=117.4(76%)
  L39 sentiment: attn=43.6(21%), mlp=161.9(79%)

============================================================
S3: 代数拟合 + 对偶验证
============================================================
  tense: power_law R2=0.987, L0=53, L_final=180, growth=3.38x, relative_growth=0.0471 => SYNTACTIC
  polarity: power_law R2=0.974, L0=54, L_final=249, growth=4.63x, relative_growth=0.0760 => SYNTACTIC
  number: linear R2=0.984, L0=54, L_final=251, growth=4.63x, relative_growth=0.1081 => SYNTACTIC
  negation: power_law R2=0.969, L0=53, L_final=260, growth=4.89x, relative_growth=0.0774 => SYNTACTIC
  question: linear R2=0.937, L0=53, L_final=412, growth=7.83x, relative_growth=0.2315 => SYNTACTIC
  sentiment: power_law R2=0.273, L0=418, L_final=407, growth=0.97x, relative_growth=-0.0009 => SEMANTIC
  semantic_topic: exponential R2=0.947, L0=501, L_final=576, growth=1.15x, relative_growth=0.0039 => SEMANTIC

============================================================
S4: 对偶假设统计检验
============================================================
  Syntactic growth_ratios: [3.378883445347882, 4.631905062244521, 4.633548975232925, 4.892250552241865, 7.826875138866409]
  Semantic growth_ratios: [0.9743166345885134, 1.1498519953087512]
  Syntactic L0: [53.34376907348633, 53.84130096435547, 54.198509216308594, 53.22349548339844, 52.605560302734375]
  Semantic L0: [418.0235595703125, 501.31781005859375]
  Syntactic relative_growth: [0.047085078021857685, 0.07603270208868762, 0.10812134395199488, 0.07736897926207609, 0.23147512903976292]
  Semantic relative_growth: [-0.0008592363128265004, 0.0038644234286730893]
  Growth ratio: U=10.0, p=0.0476 (syntactic > semantic?)
  L0 value: U=10.0, p=0.0476 (semantic > syntactic?)

============================================================
FINAL: glm4
============================================================

Residual median_l2:
  L0: tense=53(n=120), polarity=54(n=120), number=54(n=120), negation=53(n=120), question=53(n=120), sentiment=418(n=120), semantic_topic=501(n=120)
  L11: tense=109(n=120), polarity=133(n=120), number=102(n=120), negation=138(n=120), question=131(n=120), sentiment=386(n=120), semantic_topic=520(n=120)
  L16: tense=123(n=120), polarity=163(n=120), number=129(n=120), negation=177(n=120), question=196(n=120), sentiment=356(n=120), semantic_topic=517(n=120)
  L22: tense=148(n=120), polarity=209(n=120), number=182(n=120), negation=228(n=120), question=343(n=120), sentiment=368(n=120), semantic_topic=532(n=120)
  L27: tense=159(n=120), polarity=223(n=120), number=206(n=120), negation=238(n=120), question=366(n=120), sentiment=383(n=120), semantic_topic=555(n=120)
  L33: tense=166(n=120), polarity=228(n=120), number=220(n=120), negation=242(n=120), question=378(n=120), sentiment=391(n=120), semantic_topic=563(n=120)
  L39: tense=180(n=120), polarity=249(n=120), number=251(n=120), negation=260(n=120), question=412(n=120), sentiment=407(n=120), semantic_topic=576(n=120)
  L5: tense=83(n=120), polarity=79(n=120), number=69(n=120), negation=84(n=120), question=76(n=120), sentiment=410(n=120), semantic_topic=512(n=120)

Duality Classification:
  tense: growth=3.38x, L0=53, best=power_law(R2=0.987) => SYNTACTIC
  polarity: growth=4.63x, L0=54, best=power_law(R2=0.974) => SYNTACTIC
  number: growth=4.63x, L0=54, best=linear(R2=0.984) => SYNTACTIC
  negation: growth=4.89x, L0=53, best=power_law(R2=0.969) => SYNTACTIC
  question: growth=7.83x, L0=53, best=linear(R2=0.937) => SYNTACTIC
  sentiment: growth=0.97x, L0=418, best=power_law(R2=0.273) => SEMANTIC
  semantic_topic: growth=1.15x, L0=501, best=exponential(R2=0.947) => SEMANTIC

DONE! Saved to results\causal_fiber\glm4_ccx
