=== Phase CCXLVIII: Hessian Directional Spectrum ===
Model: GLM4-9B-Chat, n_samples: 6, n_dirs: 25, eps_rel: 0.05
Start: 2026-04-25 03:26:21
  Loading: GLM4-9B-Chat (8bit)
Model loaded successfully
  L 5: ||h||=2.0, curv_mean=13.9803, CV=0.232, skew=-0.00, kurt=-1.64, P90/P10=1.9
  L10: ||h||=4.0, curv_mean=5.0368, CV=0.256, skew=0.57, kurt=-1.15, P90/P10=2.0
  L20: ||h||=10.6, curv_mean=1.3646, CV=0.132, skew=1.14, kurt=-0.07, P90/P10=1.4
  L30: ||h||=54.9, curv_mean=0.2091, CV=0.139, skew=-0.02, kurt=0.06, P90/P10=1.5
  L38: ||h||=141.2, curv_mean=0.0362, CV=0.120, skew=0.05, kurt=-0.92, P90/P10=1.4

======================================================================
ANALYSIS
======================================================================

  Correlation with Layer Depth:
                Metric Corr(L, metric)                           Interpretation
             curv_mean          -0.841         Mean curvature (confirm CCXLVII)
               curv_CV          -0.872        Curvature variability across dirs
             curv_skew          -0.217              Asymmetry of curvature dist
         curv_kurtosis           0.567            Heavy tails of curvature dist
            curv_range          -0.430                  Max/Min curvature ratio
          curv_P90/P10          -0.854                Interquartile range ratio

  Layer-by-Layer Distribution Summary:
     L    ||h||     mean     CV   skew   kurt  P90/P10  max/min
     5      2.0  13.9803  0.232  -0.00  -1.64      1.9      2.0
    10      4.0   5.0368  0.256   0.57  -1.15      2.0      2.2
    20     10.6   1.3646  0.132   1.14  -0.07      1.4      1.5
    30     54.9   0.2091  0.139  -0.02   0.06      1.5      2.0
    38    141.2   0.0362  0.120   0.05  -0.92      1.4      1.8

  INTERPRETATION:
  CV (curvature variability) DECREASES with depth => shallow curvature is MORE ANISOTROPIC
  Shallow layers: curvature concentrated in specific directions
  Deep layers: curvature more uniform across directions
  Kurtosis INCREASES with depth => deep layers have heavier tails (more extreme curvatures)

  Key Question: Is shallow curvature isotropic or anisotropic?
  Shallow L5: CV=0.232, P90/P10=1.9, range=2.0
  Deep    L38: CV=0.120, P90/P10=1.4, range=1.8
  => Shallow curvature MORE anisotropic (concentrated in specific directions)

End: 2026-04-25 03:36:28
