=== Phase CCXXXVIII: Commutator/Curvature Experiment ===
Model: GLM4-9B-Chat, n_pairs: 30
Start: 2026-04-24 22:33:16
  Loading: GLM4-9B-Chat (8bit)
Model loaded successfully

--- tense_x_question (tense x question), n=30 ---
  L1=10, L2=20
  Collected 10/30 baseline hidden states
  Collected 20/30 baseline hidden states
  Collected 30/30 baseline hidden states
  PC1 at L1: cos(A,B)=0.0524
  PC1 at L2: cos(A,B)=-0.0006
  PC1 at last: cos(A,B)=0.6246
  Interventions done for 10/30 samples
  Interventions done for 20/30 samples
  Interventions done for 30/30 samples

  === Commutator Results for tense_x_question ===
   Alpha |  ||[A,B]|| |   curv¡¤A |   curv¡¤B |   cos(A) |   cos(B) |   Rel.Curv
     1.0 |    67.5699 | -27.0987 | -19.8915 |  -0.3996 |  -0.2975 |     2.2129
     2.0 |   124.2048 | -49.3662 | -39.3455 |  -0.3966 |  -0.3178 |     2.2264

--- tense_x_polarity (tense x polarity), n=30 ---
  L1=10, L2=20
  Collected 10/30 baseline hidden states
  Collected 20/30 baseline hidden states
  Collected 30/30 baseline hidden states
  PC1 at L1: cos(A,B)=0.1668
  PC1 at L2: cos(A,B)=0.1890
  PC1 at last: cos(A,B)=0.1369
  Interventions done for 10/30 samples
  Interventions done for 20/30 samples
  Interventions done for 30/30 samples

  === Commutator Results for tense_x_polarity ===
   Alpha |  ||[A,B]|| |   curv¡¤A |   curv¡¤B |   cos(A) |   cos(B) |   Rel.Curv
     1.0 |    66.7034 |   7.8137 | -21.3441 |   0.1045 |  -0.3228 |     1.9957
     2.0 |   107.5970 |   7.3652 | -37.2498 |   0.0664 |  -0.3459 |     1.8805

--- voice_x_question (voice x question), n=30 ---
  L1=10, L2=20
  Collected 10/30 baseline hidden states
  Collected 20/30 baseline hidden states
  Collected 30/30 baseline hidden states
  PC1 at L1: cos(A,B)=0.0160
  PC1 at L2: cos(A,B)=-0.0387
  PC1 at last: cos(A,B)=0.2907
  Interventions done for 10/30 samples
  Interventions done for 20/30 samples
  Interventions done for 30/30 samples

  === Commutator Results for voice_x_question ===
   Alpha |  ||[A,B]|| |   curv¡¤A |   curv¡¤B |   cos(A) |   cos(B) |   Rel.Curv
     1.0 |   103.2367 |  19.2636 |  42.8480 |   0.1807 |   0.4064 |     1.3235
     2.0 |   166.0185 |  32.5495 |  64.0080 |   0.1949 |   0.3851 |     1.3318

======================================================================
SUMMARY: GLM4-9B-Chat
======================================================================

  Pair: tense_x_question
    ¦Á=1.0: ||[A,B]||=67.5699, rel_curv=2.2129, cos(curv,A)=-0.3996, cos(curv,B)=-0.2975
    ¦Á=2.0: ||[A,B]||=124.2048, rel_curv=2.2264, cos(curv,A)=-0.3966, cos(curv,B)=-0.3178

  Pair: tense_x_polarity
    ¦Á=1.0: ||[A,B]||=66.7034, rel_curv=1.9957, cos(curv,A)=0.1045, cos(curv,B)=-0.3228
    ¦Á=2.0: ||[A,B]||=107.5970, rel_curv=1.8805, cos(curv,A)=0.0664, cos(curv,B)=-0.3459

  Pair: voice_x_question
    ¦Á=1.0: ||[A,B]||=103.2367, rel_curv=1.3235, cos(curv,A)=0.1807, cos(curv,B)=0.4064
    ¦Á=2.0: ||[A,B]||=166.0185, rel_curv=1.3318, cos(curv,A)=0.1949, cos(curv,B)=0.3851

  VERDICT:
    Average Relative Curvature: 1.8285
    ¡ú H3_CURVED: Significant curvature! Non-trivial connection/fiber bundle structure!
    ¡ú Order of feature perturbation matters ¡ú features are geometrically coupled

End: 2026-04-24 22:42:23
