=== Phase CCXXXVIII: Commutator/Curvature Experiment ===
Model: GLM4-9B-Chat, n_pairs: 30
Start: 2026-04-24 22:33:16
Model loaded successfully

======================================================================
SUMMARY: GLM4-9B-Chat
======================================================================

  Pair: tense_x_question
    α=1.0: ||[A,B]||=67.5699, rel_curv=2.2129, cos(curv,A)=-0.3996, cos(curv,B)=-0.2975
    α=2.0: ||[A,B]||=124.2048, rel_curv=2.2264, cos(curv,A)=-0.3966, cos(curv,B)=-0.3178

  Pair: tense_x_polarity
    α=1.0: ||[A,B]||=66.7034, rel_curv=1.9957, cos(curv,A)=0.1045, cos(curv,B)=-0.3228
    α=2.0: ||[A,B]||=107.5970, rel_curv=1.8805, cos(curv,A)=0.0664, cos(curv,B)=-0.3459

  Pair: voice_x_question
    α=1.0: ||[A,B]||=103.2367, rel_curv=1.3235, cos(curv,A)=0.1807, cos(curv,B)=0.4064
    α=2.0: ||[A,B]||=166.0185, rel_curv=1.3318, cos(curv,A)=0.1949, cos(curv,B)=0.3851

  VERDICT:
    Average Relative Curvature: 1.8285
    → H3_CURVED: Significant curvature! Non-trivial connection/fiber bundle structure!
    → Order of feature perturbation matters → features are geometrically coupled

End: 2026-04-24 22:42:23
