=== Phase CCXXXVII: Orthogonalized Causal Experiment ===
Model: GLM4-9B-Chat, n_pairs: 40
Start: 2026-04-24 21:57:20
  Loading: GLM4-9B-Chat (8bit)
Model loaded successfully

--- tense_x_question (tense x question), n=40 ---
  Collected 10/40 4-way hidden states
  Collected 20/40 4-way hidden states
  Collected 30/40 4-way hidden states
  Collected 40/40 4-way hidden states

  Symplectic form ¦Ø(PC1_A, PC1_B) across layers:
    L0: ¦Ø = 1.0000
    L6: ¦Ø = -0.0712
    L13: ¦Ø = -0.0199
    L20: ¦Ø = -0.1822
    L27: ¦Ø = -0.2172
    L33: ¦Ø = 0.2309
    L39: ¦Ø = 0.6512
    L40: ¦Ø = 0.5837

  Orthogonal Decomposition (mid layer L20):
    PC1_A overlap with PC1_B: 0.1822 (3.3% energy)
    PC1_B overlap with PC1_A: 0.1822 (3.3% energy)
    ||PC1_A_¡Í|| = 0.9833
    ||PC1_B_¡Í|| = 0.9833
    Verification: cos(PC1_A_¡Í, PC1_B_mid) = 0.000000
  Interventions done for 10/40 samples
  Interventions done for 20/40 samples
  Interventions done for 30/40 samples
  Interventions done for 40/40 samples

  === Orthogonalized Causal Results for tense_x_question ===
   Alpha |  A_full¡úB |     A_¡Í¡úB |     A_¡Î¡úB |  A_full¡úA |  EntanglePurity
     1.0 |    0.3281 |    0.2891 |    0.1561 |    0.4556 |          0.6494
     2.0 |    0.3682 |    0.3074 |    0.2555 |    0.4870 |          0.5461

--- tense_x_polarity (tense x polarity), n=40 ---
  Collected 10/40 4-way hidden states
  Collected 20/40 4-way hidden states
  Collected 30/40 4-way hidden states
  Collected 40/40 4-way hidden states

  Symplectic form ¦Ø(PC1_A, PC1_B) across layers:
    L0: ¦Ø = 1.0000
    L6: ¦Ø = 0.0849
    L13: ¦Ø = 0.1120
    L20: ¦Ø = -0.1581
    L27: ¦Ø = 0.2242
    L33: ¦Ø = -0.1882
    L39: ¦Ø = 0.4181
    L40: ¦Ø = 0.7522

  Orthogonal Decomposition (mid layer L20):
    PC1_A overlap with PC1_B: 0.1581 (2.5% energy)
    PC1_B overlap with PC1_A: 0.1581 (2.5% energy)
    ||PC1_A_¡Í|| = 0.9874
    ||PC1_B_¡Í|| = 0.9874
    Verification: cos(PC1_A_¡Í, PC1_B_mid) = 0.000000
  Interventions done for 10/40 samples
  Interventions done for 20/40 samples
  Interventions done for 30/40 samples
  Interventions done for 40/40 samples

  === Orthogonalized Causal Results for tense_x_polarity ===
   Alpha |  A_full¡úB |     A_¡Í¡úB |     A_¡Î¡úB |  A_full¡úA |  EntanglePurity
     1.0 |   -0.1204 |   -0.1112 |   -0.0527 |   -0.2004 |          0.6785
     2.0 |   -0.1470 |   -0.1443 |   -0.0466 |   -0.2224 |          0.7557

--- voice_x_question (voice x question), n=40 ---
  Collected 10/40 4-way hidden states
  Collected 20/40 4-way hidden states
  Collected 30/40 4-way hidden states
  Collected 40/40 4-way hidden states

  Symplectic form ¦Ø(PC1_A, PC1_B) across layers:
    L0: ¦Ø = -0.0101
    L6: ¦Ø = 0.0598
    L13: ¦Ø = 0.0286
    L20: ¦Ø = -0.0063
    L27: ¦Ø = 0.0044
    L33: ¦Ø = 0.1129
    L39: ¦Ø = -0.0990
    L40: ¦Ø = 0.2848

  Orthogonal Decomposition (mid layer L20):
    PC1_A overlap with PC1_B: 0.0063 (0.0% energy)
    PC1_B overlap with PC1_A: 0.0063 (0.0% energy)
    ||PC1_A_¡Í|| = 1.0000
    ||PC1_B_¡Í|| = 1.0000
    Verification: cos(PC1_A_¡Í, PC1_B_mid) = 0.000000
  Interventions done for 10/40 samples
  Interventions done for 20/40 samples
  Interventions done for 30/40 samples
  Interventions done for 40/40 samples

  === Orthogonalized Causal Results for voice_x_question ===
   Alpha |  A_full¡úB |     A_¡Í¡úB |     A_¡Î¡úB |  A_full¡úA |  EntanglePurity
     1.0 |   -0.2229 |   -0.2193 |    0.0025 |   -0.1030 |          0.9889
     2.0 |   -0.0611 |   -0.0589 |   -0.0510 |   -0.0335 |          0.5358

======================================================================
SUMMARY: GLM4-9B-Chat
======================================================================

  Pair: tense_x_question
  PC1_A overlap on PC1_B: 0.1822 (3.3% energy)
    ¦Á=1.0:
      A_full¡úB: 0.3281
      A_¡Í¡úB (entangled): 0.2891
      A_¡Î¡úB (geometric): 0.1561
      Entanglement Purity: 0.6494
      Perp/Full ratio: 0.8812
    ¦Á=2.0:
      A_full¡úB: 0.3682
      A_¡Í¡úB (entangled): 0.3074
      A_¡Î¡úB (geometric): 0.2555
      Entanglement Purity: 0.5461
      Perp/Full ratio: 0.8350

  Pair: tense_x_polarity
  PC1_A overlap on PC1_B: 0.1581 (2.5% energy)
    ¦Á=1.0:
      A_full¡úB: -0.1204
      A_¡Í¡úB (entangled): -0.1112
      A_¡Î¡úB (geometric): -0.0527
      Entanglement Purity: 0.6785
      Perp/Full ratio: 0.9239
    ¦Á=2.0:
      A_full¡úB: -0.1470
      A_¡Í¡úB (entangled): -0.1443
      A_¡Î¡úB (geometric): -0.0466
      Entanglement Purity: 0.7557
      Perp/Full ratio: 0.9811

  Pair: voice_x_question
  PC1_A overlap on PC1_B: 0.0063 (0.0% energy)
    ¦Á=1.0:
      A_full¡úB: -0.2229
      A_¡Í¡úB (entangled): -0.2193
      A_¡Î¡úB (geometric): 0.0025
      Entanglement Purity: 0.9889
      Perp/Full ratio: 0.9834
    ¦Á=2.0:
      A_full¡úB: -0.0611
      A_¡Í¡úB (entangled): -0.0589
      A_¡Î¡úB (geometric): -0.0510
      Entanglement Purity: 0.5358
      Perp/Full ratio: 0.9632

  Symplectic Form ¦Ø(PC1_A, PC1_B) Conservation:
    tense_x_question:
      Coefficient of variation: 1.1386
        L0: ¦Ø = 1.0000
        L6: ¦Ø = -0.0712
        L13: ¦Ø = -0.0199
        L20: ¦Ø = -0.1822
        L27: ¦Ø = -0.2172
        L33: ¦Ø = 0.2309
        L39: ¦Ø = 0.6512
        L40: ¦Ø = 0.5837
    tense_x_polarity:
      Coefficient of variation: 1.0726
        L0: ¦Ø = 1.0000
        L6: ¦Ø = 0.0849
        L13: ¦Ø = 0.1120
        L20: ¦Ø = -0.1581
        L27: ¦Ø = 0.2242
        L33: ¦Ø = -0.1882
        L39: ¦Ø = 0.4181
        L40: ¦Ø = 0.7522
    voice_x_question:
      Coefficient of variation: 1.4054
        L0: ¦Ø = -0.0101
        L6: ¦Ø = 0.0598
        L13: ¦Ø = 0.0286
        L20: ¦Ø = -0.0063
        L27: ¦Ø = 0.0044
        L33: ¦Ø = 0.1129
        L39: ¦Ø = -0.0990
        L40: ¦Ø = 0.2848

  VERDICT:
    Average Entanglement Purity: 0.6924
    ¡ú H3_SYMPLECTIC SUPPORTED: Perpendicular component leaks as much as parallel!
    ¡ú True symplectic entanglement detected, not just geometric overlap!

End: 2026-04-24 22:11:27
