=== Phase CCXXXVII: Orthogonalized Causal Experiment ===
Model: GLM4-9B-Chat, n_pairs: 40
Start: 2026-04-24 21:57:20
Model loaded successfully

======================================================================
SUMMARY: GLM4-9B-Chat
======================================================================

  Pair: tense_x_question
  PC1_A overlap on PC1_B: 0.1822 (3.3% energy)
    α=1.0:
      A_full→B: 0.3281
      A_⊥→B (entangled): 0.2891
      A_∥→B (geometric): 0.1561
      Entanglement Purity: 0.6494
      Perp/Full ratio: 0.8812
    α=2.0:
      A_full→B: 0.3682
      A_⊥→B (entangled): 0.3074
      A_∥→B (geometric): 0.2555
      Entanglement Purity: 0.5461
      Perp/Full ratio: 0.8350

  Pair: tense_x_polarity
  PC1_A overlap on PC1_B: 0.1581 (2.5% energy)
    α=1.0:
      A_full→B: -0.1204
      A_⊥→B (entangled): -0.1112
      A_∥→B (geometric): -0.0527
      Entanglement Purity: 0.6785
      Perp/Full ratio: 0.9239
    α=2.0:
      A_full→B: -0.1470
      A_⊥→B (entangled): -0.1443
      A_∥→B (geometric): -0.0466
      Entanglement Purity: 0.7557
      Perp/Full ratio: 0.9811

  Pair: voice_x_question
  PC1_A overlap on PC1_B: 0.0063 (0.0% energy)
    α=1.0:
      A_full→B: -0.2229
      A_⊥→B (entangled): -0.2193
      A_∥→B (geometric): 0.0025
      Entanglement Purity: 0.9889
      Perp/Full ratio: 0.9834
    α=2.0:
      A_full→B: -0.0611
      A_⊥→B (entangled): -0.0589
      A_∥→B (geometric): -0.0510
      Entanglement Purity: 0.5358
      Perp/Full ratio: 0.9632

  Symplectic Form ω(PC1_A, PC1_B) Conservation:
    tense_x_question:
      Coefficient of variation: 1.1386
        L0: ω = 1.0000
        L6: ω = -0.0712
        L13: ω = -0.0199
        L20: ω = -0.1822
        L27: ω = -0.2172
        L33: ω = 0.2309
        L39: ω = 0.6512
        L40: ω = 0.5837
    tense_x_polarity:
      Coefficient of variation: 1.0726
        L0: ω = 1.0000
        L6: ω = 0.0849
        L13: ω = 0.1120
        L20: ω = -0.1581
        L27: ω = 0.2242
        L33: ω = -0.1882
        L39: ω = 0.4181
        L40: ω = 0.7522
    voice_x_question:
      Coefficient of variation: 1.4054
        L0: ω = -0.0101
        L6: ω = 0.0598
        L13: ω = 0.0286
        L20: ω = -0.0063
        L27: ω = 0.0044
        L33: ω = 0.1129
        L39: ω = -0.0990
        L40: ω = 0.2848

  VERDICT:
    Average Entanglement Purity: 0.6924
    → H3_SYMPLECTIC SUPPORTED: Perpendicular component leaks as much as parallel!
    → True symplectic entanglement detected, not just geometric overlap!

End: 2026-04-24 22:11:27
