
======================================================================
Phase CCXXII: 全层因果扫描 — glm4
======================================================================
  时间: 2026-04-23 08:34:58
  模型: GLM4-9B-Chat
  采样层: [0, 4, 8, 12, 16, 20, 24, 28, 32, 36, 39]
  特征: ['tense', 'polarity', 'voice', 'semantic_valence', 'semantic_topic']
  样本对数: 100

--- 加载模型 ---
  加载完成: 13s
  n_layers=40, d_model=4096, device=cuda:0
  实际采样层: [0, 4, 8, 12, 16, 20, 24, 28, 32, 36, 39]

============================================================
S1: 逐层收集差分向量 (100对/特征 × 11层)
============================================================
  收集 tense (100对)...
    tense: 20/100
    tense: 40/100
    tense: 60/100
    tense: 80/100
    tense: 100/100
  收集 polarity (100对)...
    polarity: 20/100
    polarity: 40/100
    polarity: 60/100
    polarity: 80/100
    polarity: 100/100
  收集 voice (100对)...
    voice: 20/100
    voice: 40/100
    voice: 60/100
    voice: 80/100
    voice: 100/100
  收集 semantic_valence (100对)...
    semantic_valence: 20/100
    semantic_valence: 40/100
    semantic_valence: 60/100
    semantic_valence: 80/100
    semantic_valence: 100/100
  收集 semantic_topic (99对)...
    semantic_topic: 20/99
    semantic_topic: 40/99
    semantic_topic: 60/99
    semantic_topic: 80/99

  收集完成!
    L0: {'tense': 100, 'polarity': 100, 'voice': 100, 'semantic_valence': 100, 'semantic_topic': 99}
    L4: {'tense': 100, 'polarity': 100, 'voice': 100, 'semantic_valence': 100, 'semantic_topic': 99}
    L8: {'tense': 100, 'polarity': 100, 'voice': 100, 'semantic_valence': 100, 'semantic_topic': 99}
    L12: {'tense': 100, 'polarity': 100, 'voice': 100, 'semantic_valence': 100, 'semantic_topic': 99}
    L16: {'tense': 100, 'polarity': 100, 'voice': 100, 'semantic_valence': 100, 'semantic_topic': 99}
    L20: {'tense': 100, 'polarity': 100, 'voice': 100, 'semantic_valence': 100, 'semantic_topic': 99}
    L24: {'tense': 100, 'polarity': 100, 'voice': 100, 'semantic_valence': 100, 'semantic_topic': 99}
    L28: {'tense': 100, 'polarity': 100, 'voice': 100, 'semantic_valence': 100, 'semantic_topic': 99}
    L32: {'tense': 100, 'polarity': 100, 'voice': 100, 'semantic_valence': 100, 'semantic_topic': 99}
    L36: {'tense': 100, 'polarity': 100, 'voice': 100, 'semantic_valence': 100, 'semantic_topic': 99}
    L39: {'tense': 100, 'polarity': 100, 'voice': 100, 'semantic_valence': 100, 'semantic_topic': 99}

============================================================
S2: 逐层Per-feature PCA + 差分投影比
============================================================

  === Layer 0 ===
  Feature             PC1_var% PC1_proj%   Rand%   PC1/R
  -------------------------------------------------------
  tense                  23.0%     2.90%   1.23%   2.36x
  polarity               10.2%    18.89%   1.33%  14.15x
  voice                   6.0%    11.64%   1.34%   8.66x
  semantic_valence        4.9%    13.98%   1.07%  13.09x
  semantic_topic          9.3%    23.63%   1.31%  18.07x
  AVG                    10.7%                    11.27x

  === Layer 4 ===
  Feature             PC1_var% PC1_proj%   Rand%   PC1/R
  -------------------------------------------------------
  tense                  15.5%     3.53%   1.31%   2.69x
  polarity               12.9%    23.35%   1.19%  19.56x
  voice                   5.9%    20.55%   1.32%  15.62x
  semantic_valence        3.6%    13.59%   1.01%  13.47x
  semantic_topic          7.8%    24.17%   1.22%  19.76x
  AVG                     9.1%                    14.22x

  === Layer 8 ===
  Feature             PC1_var% PC1_proj%   Rand%   PC1/R
  -------------------------------------------------------
  tense                  14.0%     5.36%   1.31%   4.10x
  polarity                7.7%    19.48%   0.95%  20.46x
  voice                   7.9%    23.95%   1.46%  16.45x
  semantic_valence        4.4%    14.36%   1.23%  11.71x
  semantic_topic          7.0%    22.61%   1.08%  20.87x
  AVG                     8.2%                    14.72x

  === Layer 12 ===
  Feature             PC1_var% PC1_proj%   Rand%   PC1/R
  -------------------------------------------------------
  tense                  10.8%     5.93%   1.21%   4.89x
  polarity                6.8%    17.98%   1.08%  16.63x
  voice                   7.7%    23.79%   1.42%  16.75x
  semantic_valence        4.5%    14.33%   1.22%  11.77x
  semantic_topic          6.2%    21.04%   1.29%  16.30x
  AVG                     7.2%                    13.27x

  === Layer 16 ===
  Feature             PC1_var% PC1_proj%   Rand%   PC1/R
  -------------------------------------------------------
  tense                   9.3%     6.09%   1.16%   5.23x
  polarity                6.9%    19.34%   0.99%  19.51x
  voice                   8.8%    25.02%   1.31%  19.11x
  semantic_valence        5.1%    15.44%   1.27%  12.17x
  semantic_topic          6.7%    21.65%   1.32%  16.38x
  AVG                     7.3%                    14.48x

  === Layer 20 ===
  Feature             PC1_var% PC1_proj%   Rand%   PC1/R
  -------------------------------------------------------
  tense                  10.0%     7.55%   1.43%   5.27x
  polarity                7.7%    19.54%   0.88%  22.17x
  voice                   9.0%    25.22%   1.14%  22.11x
  semantic_valence        5.7%    15.17%   1.20%  12.60x
  semantic_topic          7.0%    22.12%   1.14%  19.37x
  AVG                     7.9%                    16.30x

  === Layer 24 ===
  Feature             PC1_var% PC1_proj%   Rand%   PC1/R
  -------------------------------------------------------
  tense                  12.1%     8.26%   1.89%   4.38x
  polarity                8.9%    21.62%   0.92%  23.52x
  voice                   8.9%    25.21%   1.05%  23.94x
  semantic_valence        4.4%    13.35%   1.20%  11.10x
  semantic_topic          8.1%    22.09%   1.05%  21.09x
  AVG                     8.5%                    16.80x

  === Layer 28 ===
  Feature             PC1_var% PC1_proj%   Rand%   PC1/R
  -------------------------------------------------------
  tense                   9.1%     8.36%   1.86%   4.50x
  polarity                7.8%    21.06%   1.18%  17.91x
  voice                   8.3%    24.32%   1.15%  21.11x
  semantic_valence        4.1%    11.96%   1.22%   9.84x
  semantic_topic          7.3%    20.92%   1.13%  18.49x
  AVG                     7.3%                    14.37x

  === Layer 32 ===
  Feature             PC1_var% PC1_proj%   Rand%   PC1/R
  -------------------------------------------------------
  tense                   8.2%     9.48%   1.65%   5.74x
  polarity                7.9%    19.17%   1.37%  14.02x
  voice                   7.5%    23.14%   1.28%  18.12x
  semantic_valence        3.8%    11.45%   1.33%   8.63x
  semantic_topic          6.7%    20.58%   1.17%  17.61x
  AVG                     6.8%                    12.82x

  === Layer 36 ===
  Feature             PC1_var% PC1_proj%   Rand%   PC1/R
  -------------------------------------------------------
  tense                   8.2%    16.30%   1.50%  10.87x
  polarity                7.6%    15.88%   1.43%  11.12x
  voice                   7.4%    23.09%   1.29%  17.89x
  semantic_valence        4.0%    14.81%   1.35%  10.98x
  semantic_topic          6.8%    20.41%   1.09%  18.78x
  AVG                     6.8%                    13.93x

  === Layer 39 ===
  Feature             PC1_var% PC1_proj%   Rand%   PC1/R
  -------------------------------------------------------
  tense                  12.6%    23.98%   1.42%  16.84x
  polarity                9.1%    20.70%   1.26%  16.42x
  voice                  14.4%    24.02%   1.47%  16.33x
  semantic_valence        6.1%    18.53%   1.44%  12.85x
  semantic_topic         10.3%    25.37%   1.49%  17.03x
  AVG                    10.5%                    15.89x

============================================================
S3: 逐层跨特征PC1对齐度
============================================================

  === Layer 0 ===
  跨特征PC1对齐度 (cosine):
    tense            <-> polarity        : 0.0510 
    tense            <-> voice           : 0.0556 
    tense            <-> semantic_topic  : 0.0816 
    polarity         <-> voice           : 0.0760 
  对齐度统计: mean=0.1846, min=0.0510, max=0.4359

  === Layer 4 ===
  跨特征PC1对齐度 (cosine):
    tense            <-> polarity        : 0.0395 
    tense            <-> voice           : 0.0025 
    tense            <-> semantic_valence: 0.0006 
    tense            <-> semantic_topic  : 0.0198 
    polarity         <-> voice           : 0.0263 
    polarity         <-> semantic_valence: 0.0696 
    voice            <-> semantic_topic  : 0.0052 
    semantic_valence <-> semantic_topic  : 0.0252 
  对齐度统计: mean=0.0603, min=0.0006, max=0.3140

  === Layer 8 ===
  跨特征PC1对齐度 (cosine):
    tense            <-> polarity        : 0.0423 
    tense            <-> voice           : 0.0635 
    tense            <-> semantic_valence: 0.0257 
    tense            <-> semantic_topic  : 0.0073 
    polarity         <-> voice           : 0.0112 
    polarity         <-> semantic_valence: 0.0276 
    polarity         <-> semantic_topic  : 0.0864 
    voice            <-> semantic_topic  : 0.0027 
    semantic_valence <-> semantic_topic  : 0.0753 
  对齐度统计: mean=0.0604, min=0.0027, max=0.2617

  === Layer 12 ===
  跨特征PC1对齐度 (cosine):
    tense            <-> polarity        : 0.0586 
    tense            <-> voice           : 0.0377 
    tense            <-> semantic_valence: 0.0706 
    tense            <-> semantic_topic  : 0.0347 
    polarity         <-> voice           : 0.0110 
    polarity         <-> semantic_valence: 0.0077 
    polarity         <-> semantic_topic  : 0.0742 
    voice            <-> semantic_topic  : 0.0055 
    semantic_valence <-> semantic_topic  : 0.0596 
  对齐度统计: mean=0.0627, min=0.0055, max=0.2677

  === Layer 16 ===
  跨特征PC1对齐度 (cosine):
    tense            <-> polarity        : 0.0547 
    tense            <-> voice           : 0.0498 
    tense            <-> semantic_valence: 0.0614 
    tense            <-> semantic_topic  : 0.0367 
    polarity         <-> voice           : 0.0398 
    polarity         <-> semantic_valence: 0.0073 
    polarity         <-> semantic_topic  : 0.0886 
    voice            <-> semantic_topic  : 0.0216 
    semantic_valence <-> semantic_topic  : 0.0122 
  对齐度统计: mean=0.0506, min=0.0073, max=0.1336

  === Layer 20 ===
  跨特征PC1对齐度 (cosine):
    tense            <-> polarity        : 0.0419 
    tense            <-> voice           : 0.0350 
    tense            <-> semantic_valence: 0.0472 
    tense            <-> semantic_topic  : 0.0065 
    polarity         <-> voice           : 0.0183 
    polarity         <-> semantic_valence: 0.0054 
    polarity         <-> semantic_topic  : 0.0853 
    voice            <-> semantic_topic  : 0.0270 
    semantic_valence <-> semantic_topic  : 0.0040 
  对齐度统计: mean=0.0430, min=0.0040, max=0.1591

  === Layer 24 ===
  跨特征PC1对齐度 (cosine):
    tense            <-> polarity        : 0.0088 
    tense            <-> voice           : 0.0645 
    tense            <-> semantic_valence: 0.0350 
    tense            <-> semantic_topic  : 0.0222 
    polarity         <-> voice           : 0.0002 
    polarity         <-> semantic_valence: 0.0023 
    polarity         <-> semantic_topic  : 0.0689 
    voice            <-> semantic_topic  : 0.0162 
    semantic_valence <-> semantic_topic  : 0.0409 
  对齐度统计: mean=0.0401, min=0.0002, max=0.1417

  === Layer 28 ===
  跨特征PC1对齐度 (cosine):
    tense            <-> polarity        : 0.0057 
    tense            <-> voice           : 0.0722 
    tense            <-> semantic_valence: 0.0621 
    tense            <-> semantic_topic  : 0.0343 
    polarity         <-> voice           : 0.0105 
    polarity         <-> semantic_valence: 0.0111 
    polarity         <-> semantic_topic  : 0.0464 
    voice            <-> semantic_topic  : 0.0372 
    semantic_valence <-> semantic_topic  : 0.0324 
  对齐度统计: mean=0.0446, min=0.0057, max=0.1342

  === Layer 32 ===
  跨特征PC1对齐度 (cosine):
    tense            <-> polarity        : 0.0391 
    tense            <-> semantic_valence: 0.0622 
    polarity         <-> voice           : 0.0359 
    polarity         <-> semantic_valence: 0.0397 
    polarity         <-> semantic_topic  : 0.0460 
    voice            <-> semantic_valence: 0.0887 
    voice            <-> semantic_topic  : 0.0724 
    semantic_valence <-> semantic_topic  : 0.0455 
  对齐度统计: mean=0.0656, min=0.0359, max=0.1180

  === Layer 36 ===
  跨特征PC1对齐度 (cosine):
  对齐度统计: mean=0.2942, min=0.1084, max=0.4982

  === Layer 39 ===
  跨特征PC1对齐度 (cosine):
    polarity         <-> voice           : 0.0908 
    voice            <-> semantic_topic  : 0.0888 
  对齐度统计: mean=0.4489, min=0.0888, max=0.7774

============================================================
S4: 层间PC1方向旋转分析
============================================================

  === tense ===
   Layer ->   Next   cos(PC1)  rotation°
  ----------------------------------------
  L   0 -> L   4     0.3053      72.2°
  L   4 -> L   8     0.5437      57.1°
  L   8 -> L  12     0.6718      47.8°
  L  12 -> L  16     0.7223      43.8°
  L  16 -> L  20     0.7489      41.5°
  L  20 -> L  24     0.7145      44.4°
  L  24 -> L  28     0.7793      38.8°
  L  28 -> L  32     0.8552      31.2°
  L  32 -> L  36     0.7530      41.2°
  L  36 -> L  39     0.5088      59.4°

  === polarity ===
   Layer ->   Next   cos(PC1)  rotation°
  ----------------------------------------
  L   0 -> L   4     0.2690      74.4°
  L   4 -> L   8     0.4254      64.8°
  L   8 -> L  12     0.6505      49.4°
  L  12 -> L  16     0.7236      43.6°
  L  16 -> L  20     0.7626      40.3°
  L  20 -> L  24     0.6158      52.0°
  L  24 -> L  28     0.7545      41.0°
  L  28 -> L  32     0.7358      42.6°
  L  32 -> L  36     0.3420      70.0°
  L  36 -> L  39     0.5144      59.0°

  === voice ===
   Layer ->   Next   cos(PC1)  rotation°
  ----------------------------------------
  L   0 -> L   4     0.2295      76.7°
  L   4 -> L   8     0.6654      48.3°
  L   8 -> L  12     0.8062      36.3°
  L  12 -> L  16     0.7913      37.7°
  L  16 -> L  20     0.8295      34.0°
  L  20 -> L  24     0.7772      39.0°
  L  24 -> L  28     0.8267      34.2°
  L  28 -> L  32     0.9004      25.8°
  L  32 -> L  36     0.8883      27.3°
  L  36 -> L  39     0.3714      68.2°

  === semantic_valence ===
   Layer ->   Next   cos(PC1)  rotation°
  ----------------------------------------
  L   0 -> L   4     0.0850      85.1°
  L   4 -> L   8     0.6763      47.4°
  L   8 -> L  12     0.7936      37.5°
  L  12 -> L  16     0.8285      34.1°
  L  16 -> L  20     0.8265      34.3°
  L  20 -> L  24     0.7782      38.9°
  L  24 -> L  28     0.7869      38.1°
  L  28 -> L  32     0.8868      27.5°
  L  32 -> L  36     0.3282      70.8°
  L  36 -> L  39     0.4414      63.8°

  === semantic_topic ===
   Layer ->   Next   cos(PC1)  rotation°
  ----------------------------------------
  L   0 -> L   4     0.1920      78.9°
  L   4 -> L   8     0.6094      52.5°
  L   8 -> L  12     0.7491      41.5°
  L  12 -> L  16     0.7623      40.3°
  L  16 -> L  20     0.8013      36.7°
  L  20 -> L  24     0.6953      45.9°
  L  24 -> L  28     0.8055      36.3°
  L  28 -> L  32     0.8745      29.0°
  L  32 -> L  36     0.8256      34.4°
  L  36 -> L  39     0.5286      58.1°

============================================================
S5: 全层汇总 — PC1因果效应曲线
============================================================

  === Per-feature PC1方差曲线 ===
   Layer   tense  polari   voice  semant  semant     AVG
  L   0    23.0    10.2     6.0     4.9     9.3    10.7
  L   4    15.5    12.9     5.9     3.6     7.8     9.1
  L   8    14.0     7.7     7.9     4.4     7.0     8.2
  L  12    10.8     6.8     7.7     4.5     6.2     7.2
  L  16     9.3     6.9     8.8     5.1     6.7     7.3
  L  20    10.0     7.7     9.0     5.7     7.0     7.9
  L  24    12.1     8.9     8.9     4.4     8.1     8.5
  L  28     9.1     7.8     8.3     4.1     7.3     7.3
  L  32     8.2     7.9     7.5     3.8     6.7     6.8
  L  36     8.2     7.6     7.4     4.0     6.8     6.8
  L  39    12.6     9.1    14.4     6.1    10.3    10.5

  === PC1/Random 因果效应曲线 ===
   Layer   tense  polari   voice  semant  semant     AVG
  L   0    2.36   14.15    8.66   13.09   18.07   11.27
  L   4    2.69   19.56   15.62   13.47   19.76   14.22
  L   8    4.10   20.46   16.45   11.71   20.87   14.72
  L  12    4.89   16.63   16.75   11.77   16.30   13.27
  L  16    5.23   19.51   19.11   12.17   16.38   14.48
  L  20    5.27   22.17   22.11   12.60   19.37   16.30
  L  24    4.38   23.52   23.94   11.10   21.09   16.80
  L  28    4.50   17.91   21.11    9.84   18.49   14.37
  L  32    5.74   14.02   18.12    8.63   17.61   12.82
  L  36   10.87   11.12   17.89   10.98   18.78   13.93
  L  39   16.84   16.42   16.33   12.85   17.03   15.89

  === 跨特征PC1对齐度曲线 ===
   Layer   mean_cos    min_cos
  ------------------------------
  L   0     0.1846     0.0510
  L   4     0.0603     0.0006
  L   8     0.0604     0.0027
  L  12     0.0627     0.0055
  L  16     0.0506     0.0073
  L  20     0.0430     0.0040
  L  24     0.0401     0.0002
  L  28     0.0446     0.0057
  L  32     0.0656     0.0359
  L  36     0.2942     0.1084
  L  39     0.4489     0.0888

============================================================
S6: 关键发现汇总
============================================================

  PC1方差峰值层: L0 (avg=10.7%)
  PC1/Random峰值层: L24 (avg=16.80x)
  跨特征对齐度峰值层: L39 (mean_cos=0.4489)

  === 1D流形判断 ===
  无层满足1D流形条件 (var>0.5, causal>10x, align>0.8)

  结果已保存到 results/causal_fiber/glm4_ccxxii/results.json

======================================================================
CCXXII 完成! glm4
======================================================================
