=== Phase CCXLVII: Relative Curvature & Multi-eps Verification ===
Model: GLM4-9B-Chat, n_samples: 8, n_dirs: 3
Start: 2026-04-25 02:58:29
  Loading: GLM4-9B-Chat (8bit)
Model loaded successfully
  Layer  5: ||h||=1.98, ||J||=2.3004, H(1%)=301.4811, kn=66.346881, rc=269.896344, H(5%)=16.1799, kn=3.560700, rc=14.480713, H(10%)=4.7293, kn=1.040785, rc=4.228360, H(20%)=1.4310, kn=0.314920, rc=1.280238
  Layer 10: ||h||=3.95, ||J||=1.6743, H(1%)=101.3929, kn=15.334466, rc=96.621532, H(5%)=5.4169, kn=0.819247, rc=5.162012, H(10%)=1.4940, kn=0.225943, rc=1.423539, H(20%)=0.4745, kn=0.071769, rc=0.452519
  Layer 20: ||h||=10.70, ||J||=1.4271, H(1%)=26.9773, kn=1.767093, rc=23.666457, H(5%)=1.4344, kn=0.093959, rc=1.258460, H(10%)=0.4100, kn=0.026858, rc=0.359723, H(20%)=0.1342, kn=0.008790, rc=0.117729
  Layer 30: ||h||=54.34, ||J||=1.2812, H(1%)=3.6658, kn=0.052656, rc=3.260342, H(5%)=0.2302, kn=0.003307, rc=0.204749, H(10%)=0.0727, kn=0.001044, rc=0.064626, H(20%)=0.0250, kn=0.000360, rc=0.022273
  Layer 38: ||h||=139.12, ||J||=1.9232, H(1%)=1.4973, kn=0.005596, rc=0.734371, H(5%)=0.0688, kn=0.000257, rc=0.033753, H(10%)=0.0239, kn=0.000089, rc=0.011716, H(20%)=0.0166, kn=0.000062, rc=0.008119

======================================================================
ANALYSIS
======================================================================

  Multi-eps Correlation Analysis:
   eps_rel  Corr(L,H_abs)  Corr(L,kappa)   Corr(L,kn)   Corr(L,rc)  Stability
      0.01         -0.829         -0.886       -0.769       -0.838 ratio=18.77
      0.05         -0.828         -0.885       -0.769       -0.837 ratio=3.32
      0.10         -0.819         -0.876       -0.762       -0.828 ratio=2.77
      0.20         -0.825         -0.883       -0.768       -0.835        N/A

  KEY COMPARISON (using eps_rel=5%):
  Corr(layer, ||H||)        =  -0.828  [Absolute Hessian ˇŞ CCXLV]
  Corr(layer, kappa=H/J)    =  -0.885  [Curvature density ˇŞ CCXLV]
  Corr(layer, H/(J*h))     =  -0.769  [Normalized ˇŞ CCXLVI]
  Corr(layer, rel_curv)    =  -0.837  [Relative curvature ˇŞ CCXLVII]

  INTERPRETATION:
  Both normalized metrics agree: SHALLOW layers have higher intrinsic nonlinearity!
  The 'deep nonlinearity' from CCXLV was entirely an activation norm artifact.

  Layer-by-Layer (eps_rel=5%):
     L    ||h||    ||J||      ||H||    kappa    kappa_n      rel_c
     5     1.98   2.3004    16.1799   7.0335   3.560700  14.480713
    10     3.95   1.6743     5.4169   3.2354   0.819247   5.162012
    20    10.70   1.4271     1.4344   1.0051   0.093959   1.258460
    30    54.34   1.2812     0.2302   0.1797   0.003307   0.204749
    38   139.12   1.9232     0.0688   0.0358   0.000257   0.033753

End: 2026-04-25 03:06:55
