=== Phase CCXLVII: Relative Curvature & Multi-eps Verification ===
Model: GLM4-9B-Chat, n_samples: 8, n_dirs: 3
Start: 2026-04-25 02:58:29
Model loaded successfully

======================================================================
ANALYSIS
======================================================================

  Multi-eps Correlation Analysis:
   eps_rel  Corr(L,H_abs)  Corr(L,kappa)   Corr(L,kn)   Corr(L,rc)  Stability
      0.01         -0.829         -0.886       -0.769       -0.838 ratio=18.77
      0.05         -0.828         -0.885       -0.769       -0.837 ratio=3.32
      0.10         -0.819         -0.876       -0.762       -0.828 ratio=2.77
      0.20         -0.825         -0.883       -0.768       -0.835        N/A

  KEY COMPARISON (using eps_rel=5%):
  Corr(layer, ||H||)        =  -0.828  [Absolute Hessian — CCXLV]
  Corr(layer, kappa=H/J)    =  -0.885  [Curvature density — CCXLV]
  Corr(layer, H/(J*h))     =  -0.769  [Normalized — CCXLVI]
  Corr(layer, rel_curv)    =  -0.837  [Relative curvature — CCXLVII]

  INTERPRETATION:
  Both normalized metrics agree: SHALLOW layers have higher intrinsic nonlinearity!
  The 'deep nonlinearity' from CCXLV was entirely an activation norm artifact.

  Layer-by-Layer (eps_rel=5%):
     L    ||h||    ||J||      ||H||    kappa    kappa_n      rel_c
     5     1.98   2.3004    16.1799   7.0335   3.560700  14.480713
    10     3.95   1.6743     5.4169   3.2354   0.819247   5.162012
    20    10.70   1.4271     1.4344   1.0051   0.093959   1.258460
    30    54.34   1.2812     0.2302   0.1797   0.003307   0.204749
    38   139.12   1.9232     0.0688   0.0358   0.000257   0.033753

End: 2026-04-25 03:06:55
