Phase CCXXXV: Fine Structure + Info Bottleneck + Topology - GLM4-9B-Chat
Time: 2026-04-24 12:04:13
Pairs: 6, sentences/pair: 50
======================================================================
Key layers: [1, 20, 40]

S1: Loading model
  Loading: GLM4-9B-Chat (8bit)
  Model loaded: n_layers=40, d_model=4096

S2: Collecting 4-way minimal pair hidden states

--- Pair: tense_x_question ---
  Processed 10/49
  Processed 20/49
  Processed 30/49
  Processed 40/49
  Done: 49 sentences

--- Pair: tense_x_voice ---
  Processed 10/49
  Processed 20/49
  Processed 30/49
  Processed 40/49
  Done: 49 sentences

--- Pair: tense_x_polarity ---
  Processed 10/49
  Processed 20/49
  Processed 30/49
  Processed 40/49
  Done: 49 sentences

--- Pair: voice_x_polarity ---
  Processed 10/49
  Processed 20/49
  Processed 30/49
  Processed 40/49
  Done: 49 sentences

--- Pair: voice_x_question ---
  Processed 10/49
  Processed 20/49
  Processed 30/49
  Processed 40/49
  Done: 49 sentences

--- Pair: question_x_polarity ---
  Processed 10/49
  Processed 20/49
  Processed 30/49
  Processed 40/49
  Done: 49 sentences

======================================================================
S3: Sample-Level Fine Structure Analysis
======================================================================

--- tense_x_question ---
  L1: cos(int,A)=-0.848+-0.085 neg=1.00 int_ratio=1.261+-0.491 corr(cosA,ratio)=-0.447
  L20: cos(int,A)=-0.551+-0.099 neg=1.00 int_ratio=0.703+-0.085 corr(cosA,ratio)=-0.115
  L40: cos(int,A)=-0.510+-0.146 neg=1.00 int_ratio=0.653+-0.117 corr(cosA,ratio)=-0.179

--- tense_x_voice ---
  L1: cos(int,A)=-0.750+-0.334 neg=0.94 int_ratio=0.257+-0.202 corr(cosA,ratio)=-0.257
  L20: cos(int,A)=-0.514+-0.225 neg=0.98 int_ratio=0.436+-0.192 corr(cosA,ratio)=-0.597
  L40: cos(int,A)=-0.479+-0.259 neg=0.98 int_ratio=0.506+-0.221 corr(cosA,ratio)=-0.400

--- tense_x_polarity ---
  L1: cos(int,A)=-0.887+-0.065 neg=1.00 int_ratio=0.967+-0.254 corr(cosA,ratio)=0.078
  L20: cos(int,A)=-0.575+-0.140 neg=1.00 int_ratio=0.578+-0.107 corr(cosA,ratio)=0.196
  L40: cos(int,A)=-0.587+-0.148 neg=1.00 int_ratio=0.579+-0.131 corr(cosA,ratio)=0.019

--- voice_x_polarity ---
  L1: cos(int,A)=-0.210+-0.153 neg=0.92 int_ratio=0.221+-0.048 corr(cosA,ratio)=-0.057
  L20: cos(int,A)=-0.327+-0.064 neg=1.00 int_ratio=0.527+-0.074 corr(cosA,ratio)=-0.729
  L40: cos(int,A)=-0.530+-0.138 neg=1.00 int_ratio=0.643+-0.151 corr(cosA,ratio)=-0.654

--- voice_x_question ---
  L1: cos(int,A)=-0.252+-0.128 neg=0.96 int_ratio=0.258+-0.092 corr(cosA,ratio)=0.137
  L20: cos(int,A)=-0.361+-0.062 neg=1.00 int_ratio=0.624+-0.081 corr(cosA,ratio)=-0.718
  L40: cos(int,A)=-0.405+-0.153 neg=0.98 int_ratio=0.816+-0.164 corr(cosA,ratio)=-0.720

--- question_x_polarity ---
  L1: cos(int,A)=-0.817+-0.091 neg=1.00 int_ratio=0.844+-0.129 corr(cosA,ratio)=0.113
  L20: cos(int,A)=-0.655+-0.072 neg=1.00 int_ratio=1.066+-0.207 corr(cosA,ratio)=-0.222
  L40: cos(int,A)=-0.528+-0.134 neg=1.00 int_ratio=0.867+-0.154 corr(cosA,ratio)=-0.587

======================================================================
S4: Information Bottleneck Analysis
======================================================================

--- tense_x_question ---
  L1: MI(A)=1.241 MI(B)=4.509 MI(A,B)=9.987 InteractInfo=-4.237 Eff=1.737 Redund=4.237 Synergy=0.000 PCA50=0.972
  L20: MI(A)=1.929 MI(B)=3.902 MI(A,B)=15.008 InteractInfo=-9.176 Eff=2.574 Redund=9.176 Synergy=0.000 PCA50=0.923
  L40: MI(A)=1.920 MI(B)=4.926 MI(A,B)=22.814 InteractInfo=-15.968 Eff=3.333 Redund=15.968 Synergy=0.000 PCA50=0.912

--- tense_x_voice ---
  L1: MI(A)=7.647 MI(B)=51.234 MI(A,B)=69.610 InteractInfo=-10.729 Eff=1.182 Redund=10.729 Synergy=0.000 PCA50=0.936
  L20: MI(A)=3.929 MI(B)=23.940 MI(A,B)=49.213 InteractInfo=-21.345 Eff=1.766 Redund=21.345 Synergy=0.000 PCA50=0.843
  L40: MI(A)=2.970 MI(B)=13.899 MI(A,B)=41.049 InteractInfo=-24.181 Eff=2.433 Redund=24.181 Synergy=0.000 PCA50=0.876

--- tense_x_polarity ---
  L1: MI(A)=1.177 MI(B)=4.634 MI(A,B)=6.591 InteractInfo=-0.780 Eff=1.134 Redund=0.780 Synergy=0.000 PCA50=0.960
  L20: MI(A)=1.721 MI(B)=4.232 MI(A,B)=14.663 InteractInfo=-8.710 Eff=2.463 Redund=8.710 Synergy=0.000 PCA50=0.901
  L40: MI(A)=1.328 MI(B)=3.827 MI(A,B)=20.492 InteractInfo=-15.337 Eff=3.975 Redund=15.337 Synergy=0.000 PCA50=0.913

--- voice_x_polarity ---
  L1: MI(A)=71.795 MI(B)=0.000 MI(A,B)=73.386 InteractInfo=-1.590 Eff=1.022 Redund=1.590 Synergy=0.000 PCA50=0.921
  L20: MI(A)=37.576 MI(B)=3.036 MI(A,B)=54.852 InteractInfo=-14.239 Eff=1.351 Redund=14.239 Synergy=0.000 PCA50=0.817
  L40: MI(A)=21.708 MI(B)=4.279 MI(A,B)=47.574 InteractInfo=-21.588 Eff=1.831 Redund=21.588 Synergy=0.000 PCA50=0.850

--- voice_x_question ---
  L1: MI(A)=72.058 MI(B)=0.000 MI(A,B)=74.362 InteractInfo=-2.304 Eff=1.032 Redund=2.304 Synergy=0.000 PCA50=0.916
  L20: MI(A)=38.472 MI(B)=3.565 MI(A,B)=57.784 InteractInfo=-15.747 Eff=1.375 Redund=15.747 Synergy=0.000 PCA50=0.815
  L40: MI(A)=20.837 MI(B)=5.257 MI(A,B)=48.570 InteractInfo=-22.476 Eff=1.861 Redund=22.476 Synergy=0.000 PCA50=0.839

--- question_x_polarity ---
  L1: MI(A)=0.460 MI(B)=3.639 MI(A,B)=6.571 InteractInfo=-2.473 Eff=1.603 Redund=2.473 Synergy=0.000 PCA50=0.968
  L20: MI(A)=2.890 MI(B)=2.730 MI(A,B)=14.506 InteractInfo=-8.885 Eff=2.581 Redund=8.885 Synergy=0.000 PCA50=0.897
  L40: MI(A)=4.114 MI(B)=2.524 MI(A,B)=23.216 InteractInfo=-16.579 Eff=3.498 Redund=16.579 Synergy=0.000 PCA50=0.908

======================================================================
S5: Topological Analysis (Simplified Persistence)
======================================================================

--- tense_x_question ---
  L1: Betti0(A0B0=1, A1B0=1, A0B1=1, A1B1=1) MaxH1(A0B0=1010, A1B0=1010, A0B1=1010, A1B1=1010) MeanDist(A0B0=0.9886, A1B1=0.9828)
  L20: Betti0(A0B0=1, A1B0=1, A0B1=1, A1B1=1) MaxH1(A0B0=1010, A1B0=1010, A0B1=1010, A1B1=1010) MeanDist(A0B0=0.9829, A1B1=0.9746)
  L40: Betti0(A0B0=1, A1B0=1, A0B1=1, A1B1=1) MaxH1(A0B0=1010, A1B0=1010, A0B1=1010, A1B1=1010) MeanDist(A0B0=0.8970, A1B1=0.8275)

--- tense_x_voice ---
  L1: Betti0(A0B0=1, A1B0=1, A0B1=1, A1B1=1) MaxH1(A0B0=1010, A1B0=1010, A0B1=1010, A1B1=1010) MeanDist(A0B0=0.7808, A1B1=0.8324)
  L20: Betti0(A0B0=1, A1B0=1, A0B1=1, A1B1=1) MaxH1(A0B0=1010, A1B0=1010, A0B1=1010, A1B1=1010) MeanDist(A0B0=0.7217, A1B1=0.7624)
  L40: Betti0(A0B0=1, A1B0=1, A0B1=1, A1B1=1) MaxH1(A0B0=1010, A1B0=1010, A0B1=1010, A1B1=1010) MeanDist(A0B0=0.8091, A1B1=0.8810)

--- tense_x_polarity ---
  L1: Betti0(A0B0=1, A1B0=1, A0B1=1, A1B1=1) MaxH1(A0B0=1010, A1B0=1010, A0B1=1010, A1B1=1010) MeanDist(A0B0=0.9903, A1B1=0.9828)
  L20: Betti0(A0B0=1, A1B0=1, A0B1=1, A1B1=1) MaxH1(A0B0=1010, A1B0=1010, A0B1=1010, A1B1=1010) MeanDist(A0B0=0.9905, A1B1=0.9890)
  L40: Betti0(A0B0=1, A1B0=1, A0B1=1, A1B1=1) MaxH1(A0B0=1010, A1B0=1010, A0B1=1010, A1B1=1010) MeanDist(A0B0=0.9772, A1B1=0.9328)

--- voice_x_polarity ---
  L1: Betti0(A0B0=1, A1B0=1, A0B1=1, A1B1=1) MaxH1(A0B0=1010, A1B0=1010, A0B1=1010, A1B1=1010) MeanDist(A0B0=0.8016, A1B1=0.8287)
  L20: Betti0(A0B0=1, A1B0=1, A0B1=1, A1B1=1) MaxH1(A0B0=1010, A1B0=1010, A0B1=1010, A1B1=1010) MeanDist(A0B0=0.7154, A1B1=0.6895)
  L40: Betti0(A0B0=1, A1B0=1, A0B1=1, A1B1=1) MaxH1(A0B0=1010, A1B0=1010, A0B1=1010, A1B1=1010) MeanDist(A0B0=0.7665, A1B1=0.7637)

--- voice_x_question ---
  L1: Betti0(A0B0=1, A1B0=1, A0B1=1, A1B1=1) MaxH1(A0B0=1010, A1B0=1010, A0B1=1010, A1B1=1010) MeanDist(A0B0=0.8387, A1B1=0.8061)
  L20: Betti0(A0B0=1, A1B0=1, A0B1=1, A1B1=1) MaxH1(A0B0=1010, A1B0=1010, A0B1=1010, A1B1=1010) MeanDist(A0B0=0.7177, A1B1=0.6769)
  L40: Betti0(A0B0=1, A1B0=1, A0B1=1, A1B1=1) MaxH1(A0B0=1010, A1B0=1010, A0B1=1010, A1B1=1010) MeanDist(A0B0=0.7205, A1B1=0.7595)

--- question_x_polarity ---
  L1: Betti0(A0B0=1, A1B0=1, A0B1=1, A1B1=1) MaxH1(A0B0=1010, A1B0=1010, A0B1=1010, A1B1=1010) MeanDist(A0B0=0.9924, A1B1=0.9858)
  L20: Betti0(A0B0=1, A1B0=1, A0B1=1, A1B1=1) MaxH1(A0B0=1010, A1B0=1010, A0B1=1010, A1B1=1010) MeanDist(A0B0=0.9903, A1B1=1.0025)
  L40: Betti0(A0B0=1, A1B0=1, A0B1=1, A1B1=1) MaxH1(A0B0=1010, A1B0=1010, A0B1=1010, A1B1=1010) MeanDist(A0B0=0.8862, A1B1=0.8924)

======================================================================
S6: Summary
======================================================================

Fine Structure Summary (last layer):
  cos(int,A): mean=-0.506, range=[-0.587, -0.405]
  frac_negative(cos_int_A): mean=0.993
  int_ratio: mean=0.677, range=[0.506, 0.867]

Information Bottleneck Summary (last layer):
  MI(A): mean=8.813
  MI(B): mean=5.785
  MI(A,B): mean=33.953
  Efficiency: mean=2.822
  Synergy: mean=0.000

Topology Summary (last layer):
  tense_x_question: Betti0=1/1, MaxH1=1010/1010, MeanDist(A0B0)=0.8970, MeanDist(A1B1)=0.8275
  tense_x_voice: Betti0=1/1, MaxH1=1010/1010, MeanDist(A0B0)=0.8091, MeanDist(A1B1)=0.8810
  tense_x_polarity: Betti0=1/1, MaxH1=1010/1010, MeanDist(A0B0)=0.9772, MeanDist(A1B1)=0.9328
  voice_x_polarity: Betti0=1/1, MaxH1=1010/1010, MeanDist(A0B0)=0.7665, MeanDist(A1B1)=0.7637
  voice_x_question: Betti0=1/1, MaxH1=1010/1010, MeanDist(A0B0)=0.7205, MeanDist(A1B1)=0.7595
  question_x_polarity: Betti0=1/1, MaxH1=1010/1010, MeanDist(A0B0)=0.8862, MeanDist(A1B1)=0.8924

Results saved to results/causal_fiber/glm4_ccxxxv/results.json
Total time: 2026-04-24 12:12:37
